<?xml version="1.0" encoding="utf-8"?>
<TestRun id="f288d29b-53bb-47ed-be2a-f42613527838" name="@wkuerzdoelbt01 2023-11-22 15:52:54" xmlns="http://microsoft.com/schemas/VisualStudio/TeamTest/2010">
  <Times creation="2023-11-22T15:52:54.8670906+01:00" queuing="2023-11-22T15:52:54.8670907+01:00" start="2023-11-22T15:52:51.0351802+01:00" finish="2023-11-22T15:52:54.8817019+01:00" />
  <TestSettings name="default" id="14176f2a-7295-4011-87b9-e949fd3fb39a">
    <Deployment runDeploymentRoot="_wkuerzdoelbt01_2023-11-22_15_52_54" />
  </TestSettings>
  <Results>
    <UnitTestResult executionId="26dc69f6-b515-496d-b3a0-35e1f7709f1a" testId="93111ae8-a813-921b-bac9-d7e10b374e84" testName="CurrencyValueShouldSerializeCorrectly" computerName="wkuerzdoelbt01" duration="00:00:00.0005530" startTime="2023-11-22T15:52:54.5121633+01:00" endTime="2023-11-22T15:52:54.5127165+01:00" testType="13cdc9d9-ddb5-4fa4-a97d-d965ccfc6d4b" outcome="Passed" testListId="8c84fa94-04c1-424b-9868-57a2d4851a1d" relativeResultsDirectory="26dc69f6-b515-496d-b3a0-35e1f7709f1a" />
    <UnitTestResult executionId="6c8c0acc-a2e8-4997-87f1-ca154177aca2" testId="9e0656ea-abfa-799d-4231-159befa13a16" testName="CurrencyValueEuroWorksAsExpected" computerName="wkuerzdoelbt01" duration="00:00:00.0030810" startTime="2023-11-22T15:52:54.5090412+01:00" endTime="2023-11-22T15:52:54.5121217+01:00" testType="13cdc9d9-ddb5-4fa4-a97d-d965ccfc6d4b" outcome="Passed" testListId="8c84fa94-04c1-424b-9868-57a2d4851a1d" relativeResultsDirectory="6c8c0acc-a2e8-4997-87f1-ca154177aca2" />
    <UnitTestResult executionId="f7156bf2-06f8-4827-92ca-d26273af2442" testId="23aebff4-3c00-30e0-3eb7-2a6c4a65bf57" testName="CustomQuantityInitConstructorShouldWorkCorrectly" computerName="wkuerzdoelbt01" duration="00:00:00.0005870" startTime="2023-11-22T15:52:54.4987886+01:00" endTime="2023-11-22T15:52:54.4993753+01:00" testType="13cdc9d9-ddb5-4fa4-a97d-d965ccfc6d4b" outcome="Passed" testListId="8c84fa94-04c1-424b-9868-57a2d4851a1d" relativeResultsDirectory="f7156bf2-06f8-4827-92ca-d26273af2442" />
    <UnitTestResult executionId="0626b8f7-7fb6-4885-85a6-8b0907629ab2" testId="4d97af37-e396-982e-31aa-590b99e9ecbf" testName="CountQuantityShouldSerializeCorrectly" computerName="wkuerzdoelbt01" duration="00:00:00.0432400" startTime="2023-11-22T15:52:54.4555065+01:00" endTime="2023-11-22T15:52:54.4987458+01:00" testType="13cdc9d9-ddb5-4fa4-a97d-d965ccfc6d4b" outcome="Passed" testListId="8c84fa94-04c1-424b-9868-57a2d4851a1d" relativeResultsDirectory="0626b8f7-7fb6-4885-85a6-8b0907629ab2" />
    <UnitTestResult executionId="501b17cb-bcb0-4432-9c1c-15bdd4f1b7d7" testId="1b2f3db8-eee5-ad55-2a5e-499c6e1f10d3" testName="CurrencyValueDollarWorksAsExpected" computerName="wkuerzdoelbt01" duration="00:00:00.0635970" startTime="2023-11-22T15:52:54.4454047+01:00" endTime="2023-11-22T15:52:54.5090006+01:00" testType="13cdc9d9-ddb5-4fa4-a97d-d965ccfc6d4b" outcome="Passed" testListId="8c84fa94-04c1-424b-9868-57a2d4851a1d" relativeResultsDirectory="501b17cb-bcb0-4432-9c1c-15bdd4f1b7d7" />
    <UnitTestResult executionId="a9797c27-ccf8-4e6b-aa71-fb7640658392" testId="591bbeba-ef44-085e-cb98-ed6aca057ab6" testName="CountQuantityShouldEnforceUnitCount" computerName="wkuerzdoelbt01" duration="00:00:00.0092100" startTime="2023-11-22T15:52:54.4454054+01:00" endTime="2023-11-22T15:52:54.4545791+01:00" testType="13cdc9d9-ddb5-4fa4-a97d-d965ccfc6d4b" outcome="Passed" testListId="8c84fa94-04c1-424b-9868-57a2d4851a1d" relativeResultsDirectory="a9797c27-ccf8-4e6b-aa71-fb7640658392" />
  </Results>
  <TestDefinitions>
    <UnitTest name="CountQuantityShouldSerializeCorrectly" storage="/home/lukas/development/github.com/sia-digital/pibox/pibox.extensions/abstractions/test/pibox.extensions.abstractions.tests/bin/release/net8.0/pibox.extensions.abstractions.tests.dll" id="4d97af37-e396-982e-31aa-590b99e9ecbf">
      <Execution id="0626b8f7-7fb6-4885-85a6-8b0907629ab2" />
      <TestMethod codeBase="/home/lukas/Development/github.com/sia-digital/pibox/PiBox.Extensions/Abstractions/test/PiBox.Extensions.Abstractions.Tests/bin/Release/net8.0/PiBox.Extensions.Abstractions.Tests.dll" adapterTypeName="executor://nunit3testexecutor/" className="PiBox.Extensions.Abstractions.Tests.QuantityTests" name="CountQuantityShouldSerializeCorrectly" />
    </UnitTest>
    <UnitTest name="CountQuantityShouldEnforceUnitCount" storage="/home/lukas/development/github.com/sia-digital/pibox/pibox.extensions/abstractions/test/pibox.extensions.abstractions.tests/bin/release/net8.0/pibox.extensions.abstractions.tests.dll" id="591bbeba-ef44-085e-cb98-ed6aca057ab6">
      <Execution id="a9797c27-ccf8-4e6b-aa71-fb7640658392" />
      <TestMethod codeBase="/home/lukas/Development/github.com/sia-digital/pibox/PiBox.Extensions/Abstractions/test/PiBox.Extensions.Abstractions.Tests/bin/Release/net8.0/PiBox.Extensions.Abstractions.Tests.dll" adapterTypeName="executor://nunit3testexecutor/" className="PiBox.Extensions.Abstractions.Tests.QuantityTests" name="CountQuantityShouldEnforceUnitCount" />
    </UnitTest>
    <UnitTest name="CurrencyValueShouldSerializeCorrectly" storage="/home/lukas/development/github.com/sia-digital/pibox/pibox.extensions/abstractions/test/pibox.extensions.abstractions.tests/bin/release/net8.0/pibox.extensions.abstractions.tests.dll" id="93111ae8-a813-921b-bac9-d7e10b374e84">
      <Execution id="26dc69f6-b515-496d-b3a0-35e1f7709f1a" />
      <TestMethod codeBase="/home/lukas/Development/github.com/sia-digital/pibox/PiBox.Extensions/Abstractions/test/PiBox.Extensions.Abstractions.Tests/bin/Release/net8.0/PiBox.Extensions.Abstractions.Tests.dll" adapterTypeName="executor://nunit3testexecutor/" className="PiBox.Extensions.Abstractions.Tests.CurrencyValueTests" name="CurrencyValueShouldSerializeCorrectly" />
    </UnitTest>
    <UnitTest name="CurrencyValueDollarWorksAsExpected" storage="/home/lukas/development/github.com/sia-digital/pibox/pibox.extensions/abstractions/test/pibox.extensions.abstractions.tests/bin/release/net8.0/pibox.extensions.abstractions.tests.dll" id="1b2f3db8-eee5-ad55-2a5e-499c6e1f10d3">
      <Execution id="501b17cb-bcb0-4432-9c1c-15bdd4f1b7d7" />
      <TestMethod codeBase="/home/lukas/Development/github.com/sia-digital/pibox/PiBox.Extensions/Abstractions/test/PiBox.Extensions.Abstractions.Tests/bin/Release/net8.0/PiBox.Extensions.Abstractions.Tests.dll" adapterTypeName="executor://nunit3testexecutor/" className="PiBox.Extensions.Abstractions.Tests.CurrencyValueTests" name="CurrencyValueDollarWorksAsExpected" />
    </UnitTest>
    <UnitTest name="CurrencyValueEuroWorksAsExpected" storage="/home/lukas/development/github.com/sia-digital/pibox/pibox.extensions/abstractions/test/pibox.extensions.abstractions.tests/bin/release/net8.0/pibox.extensions.abstractions.tests.dll" id="9e0656ea-abfa-799d-4231-159befa13a16">
      <Execution id="6c8c0acc-a2e8-4997-87f1-ca154177aca2" />
      <TestMethod codeBase="/home/lukas/Development/github.com/sia-digital/pibox/PiBox.Extensions/Abstractions/test/PiBox.Extensions.Abstractions.Tests/bin/Release/net8.0/PiBox.Extensions.Abstractions.Tests.dll" adapterTypeName="executor://nunit3testexecutor/" className="PiBox.Extensions.Abstractions.Tests.CurrencyValueTests" name="CurrencyValueEuroWorksAsExpected" />
    </UnitTest>
    <UnitTest name="CustomQuantityInitConstructorShouldWorkCorrectly" storage="/home/lukas/development/github.com/sia-digital/pibox/pibox.extensions/abstractions/test/pibox.extensions.abstractions.tests/bin/release/net8.0/pibox.extensions.abstractions.tests.dll" id="23aebff4-3c00-30e0-3eb7-2a6c4a65bf57">
      <Execution id="f7156bf2-06f8-4827-92ca-d26273af2442" />
      <TestMethod codeBase="/home/lukas/Development/github.com/sia-digital/pibox/PiBox.Extensions/Abstractions/test/PiBox.Extensions.Abstractions.Tests/bin/Release/net8.0/PiBox.Extensions.Abstractions.Tests.dll" adapterTypeName="executor://nunit3testexecutor/" className="PiBox.Extensions.Abstractions.Tests.QuantityTests" name="CustomQuantityInitConstructorShouldWorkCorrectly" />
    </UnitTest>
  </TestDefinitions>
  <TestEntries>
    <TestEntry testId="93111ae8-a813-921b-bac9-d7e10b374e84" executionId="26dc69f6-b515-496d-b3a0-35e1f7709f1a" testListId="8c84fa94-04c1-424b-9868-57a2d4851a1d" />
    <TestEntry testId="9e0656ea-abfa-799d-4231-159befa13a16" executionId="6c8c0acc-a2e8-4997-87f1-ca154177aca2" testListId="8c84fa94-04c1-424b-9868-57a2d4851a1d" />
    <TestEntry testId="23aebff4-3c00-30e0-3eb7-2a6c4a65bf57" executionId="f7156bf2-06f8-4827-92ca-d26273af2442" testListId="8c84fa94-04c1-424b-9868-57a2d4851a1d" />
    <TestEntry testId="4d97af37-e396-982e-31aa-590b99e9ecbf" executionId="0626b8f7-7fb6-4885-85a6-8b0907629ab2" testListId="8c84fa94-04c1-424b-9868-57a2d4851a1d" />
    <TestEntry testId="1b2f3db8-eee5-ad55-2a5e-499c6e1f10d3" executionId="501b17cb-bcb0-4432-9c1c-15bdd4f1b7d7" testListId="8c84fa94-04c1-424b-9868-57a2d4851a1d" />
    <TestEntry testId="591bbeba-ef44-085e-cb98-ed6aca057ab6" executionId="a9797c27-ccf8-4e6b-aa71-fb7640658392" testListId="8c84fa94-04c1-424b-9868-57a2d4851a1d" />
  </TestEntries>
  <TestLists>
    <TestList name="Results Not in a List" id="8c84fa94-04c1-424b-9868-57a2d4851a1d" />
    <TestList name="All Loaded Results" id="19431567-8539-422a-85d7-44ee4e166bda" />
  </TestLists>
  <ResultSummary outcome="Completed">
    <Counters total="6" executed="6" passed="6" failed="0" error="0" timeout="0" aborted="0" inconclusive="0" passedButRunAborted="0" notRunnable="0" notExecuted="0" disconnected="0" warning="0" completed="0" inProgress="0" pending="0" />
    <Output>
      <StdOut>NUnit Adapter 4.5.0.0: Test execution started
Running all tests in /home/lukas/Development/github.com/sia-digital/pibox/PiBox.Extensions/Abstractions/test/PiBox.Extensions.Abstractions.Tests/bin/Release/net8.0/PiBox.Extensions.Abstractions.Tests.dll
   NUnit3TestExecutor discovered 6 of 6 NUnit test cases using Current Discovery mode, Non-Explicit run
NUnit Adapter 4.5.0.0: Test execution complete
</StdOut>
    </Output>
  </ResultSummary>
</TestRun>