<?xml version="1.0" encoding="utf-8"?>
<TestRun id="e30f56f2-a53d-4da2-96b9-0f34ce03f79d" name="@wkuerzdoelbt01 2023-11-22 15:52:54" xmlns="http://microsoft.com/schemas/VisualStudio/TeamTest/2010">
  <Times creation="2023-11-22T15:52:54.7169080+01:00" queuing="2023-11-22T15:52:54.7169083+01:00" start="2023-11-22T15:52:51.2695398+01:00" finish="2023-11-22T15:52:55.0113273+01:00" />
  <TestSettings name="default" id="eea174d9-008e-4414-97a9-cc6b5db9e5ed">
    <Deployment runDeploymentRoot="_wkuerzdoelbt01_2023-11-22_15_52_54" />
  </TestSettings>
  <Results>
    <UnitTestResult executionId="497c104e-e472-49ab-94a4-f20a3a2b1967" testId="62f062b0-e70d-c045-4461-c15a95869c52" testName="SwaggerUiUsesExampleDesignByDefault" computerName="wkuerzdoelbt01" duration="00:00:00.0015140" startTime="2023-11-22T15:52:54.6317600+01:00" endTime="2023-11-22T15:52:54.6332733+01:00" testType="13cdc9d9-ddb5-4fa4-a97d-d965ccfc6d4b" outcome="Passed" testListId="8c84fa94-04c1-424b-9868-57a2d4851a1d" relativeResultsDirectory="497c104e-e472-49ab-94a4-f20a3a2b1967" />
    <UnitTestResult executionId="deb6ff31-c235-4992-8375-9050247c4fd5" testId="f2ba03b5-e7b3-b53a-a1a2-83f03dafe000" testName="OpenApiSchemaGetsOnlyChangedForValueObjects" computerName="wkuerzdoelbt01" duration="00:00:00.0012489" startTime="2023-11-22T15:52:54.4820488+01:00" endTime="2023-11-22T15:52:54.4832977+01:00" testType="13cdc9d9-ddb5-4fa4-a97d-d965ccfc6d4b" outcome="Passed" testListId="8c84fa94-04c1-424b-9868-57a2d4851a1d" relativeResultsDirectory="deb6ff31-c235-4992-8375-9050247c4fd5" />
    <UnitTestResult executionId="616d69bd-b4ec-4ed9-be28-d00b7f58b4a0" testId="1c871a89-a4c9-8b3e-cce4-f972519a88f1" testName="SetFormFilter" computerName="wkuerzdoelbt01" duration="00:00:00.0170039" startTime="2023-11-22T15:52:54.4634025+01:00" endTime="2023-11-22T15:52:54.4804065+01:00" testType="13cdc9d9-ddb5-4fa4-a97d-d965ccfc6d4b" outcome="Passed" testListId="8c84fa94-04c1-424b-9868-57a2d4851a1d" relativeResultsDirectory="616d69bd-b4ec-4ed9-be28-d00b7f58b4a0" />
    <UnitTestResult executionId="70b8e892-7ef1-4959-bb9e-75343d2f18bf" testId="fed0e90c-902a-d800-043d-ae8d3485ae83" testName="AdjustsSchemaForValueObjects" computerName="wkuerzdoelbt01" duration="00:00:00.0199210" startTime="2023-11-22T15:52:54.4633730+01:00" endTime="2023-11-22T15:52:54.4832948+01:00" testType="13cdc9d9-ddb5-4fa4-a97d-d965ccfc6d4b" outcome="Passed" testListId="8c84fa94-04c1-424b-9868-57a2d4851a1d" relativeResultsDirectory="70b8e892-7ef1-4959-bb9e-75343d2f18bf" />
    <UnitTestResult executionId="9e51a832-894a-46c6-8374-c1e5cbdd431c" testId="21f64cbb-4c24-17a7-a1bc-84170c0e40fa" testName="AuthenticationCanBeEnabledAndUsed" computerName="wkuerzdoelbt01" duration="00:00:00.0614480" startTime="2023-11-22T15:52:54.5531753+01:00" endTime="2023-11-22T15:52:54.6146237+01:00" testType="13cdc9d9-ddb5-4fa4-a97d-d965ccfc6d4b" outcome="Passed" testListId="8c84fa94-04c1-424b-9868-57a2d4851a1d" relativeResultsDirectory="9e51a832-894a-46c6-8374-c1e5cbdd431c" />
    <UnitTestResult executionId="e7eba60c-7e66-4854-a920-bc2c18528497" testId="0b5450bf-a86d-7d90-5056-789180b44f6b" testName="SetsOpenApiSchemaToReadOnly" computerName="wkuerzdoelbt01" duration="00:00:00.0092360" startTime="2023-11-22T15:52:54.4632763+01:00" endTime="2023-11-22T15:52:54.4724718+01:00" testType="13cdc9d9-ddb5-4fa4-a97d-d965ccfc6d4b" outcome="Passed" testListId="8c84fa94-04c1-424b-9868-57a2d4851a1d" relativeResultsDirectory="e7eba60c-7e66-4854-a920-bc2c18528497" />
    <UnitTestResult executionId="51b6505c-3b38-4426-b6e5-0e85bd1ded38" testId="93762157-b1a6-a15b-0495-3070d7bb6d43" testName="SwaggerUiCanServeWithoutExampleCss" computerName="wkuerzdoelbt01" duration="00:00:00.0170820" startTime="2023-11-22T15:52:54.6146577+01:00" endTime="2023-11-22T15:52:54.6317388+01:00" testType="13cdc9d9-ddb5-4fa4-a97d-d965ccfc6d4b" outcome="Passed" testListId="8c84fa94-04c1-424b-9868-57a2d4851a1d" relativeResultsDirectory="51b6505c-3b38-4426-b6e5-0e85bd1ded38" />
    <UnitTestResult executionId="2f3f03e6-73ed-4634-ab50-1d8ffb2db067" testId="d8f579c9-2d87-d7a2-c6e6-bb9b158a6d5f" testName="SpecifiesTheRemoveFlagForValueObjects" computerName="wkuerzdoelbt01" duration="00:00:00.0030170" startTime="2023-11-22T15:52:54.5372701+01:00" endTime="2023-11-22T15:52:54.5402869+01:00" testType="13cdc9d9-ddb5-4fa4-a97d-d965ccfc6d4b" outcome="Passed" testListId="8c84fa94-04c1-424b-9868-57a2d4851a1d" relativeResultsDirectory="2f3f03e6-73ed-4634-ab50-1d8ffb2db067" />
    <UnitTestResult executionId="f6374aa6-4862-4b8a-8901-3b01c99848f9" testId="597a6894-07f1-d5eb-3940-a9d088cf8d00" testName="SwashbuckleIsSetupCorrectly" computerName="wkuerzdoelbt01" duration="00:00:00.0098830" startTime="2023-11-22T15:52:54.6332893+01:00" endTime="2023-11-22T15:52:54.6431714+01:00" testType="13cdc9d9-ddb5-4fa4-a97d-d965ccfc6d4b" outcome="Passed" testListId="8c84fa94-04c1-424b-9868-57a2d4851a1d" relativeResultsDirectory="f6374aa6-4862-4b8a-8901-3b01c99848f9" />
    <UnitTestResult executionId="6fda5075-07a6-4ec6-a7ad-aac3ab1c74a9" testId="4b2ccda5-8526-3095-8a59-d28bc81a0b98" testName="SetFormFilterWithoutFormFile" computerName="wkuerzdoelbt01" duration="00:00:00.0003790" startTime="2023-11-22T15:52:54.4804297+01:00" endTime="2023-11-22T15:52:54.4808086+01:00" testType="13cdc9d9-ddb5-4fa4-a97d-d965ccfc6d4b" outcome="Passed" testListId="8c84fa94-04c1-424b-9868-57a2d4851a1d" relativeResultsDirectory="6fda5075-07a6-4ec6-a7ad-aac3ab1c74a9" />
    <UnitTestResult executionId="bd417b79-1c45-4fdd-afdd-9bf2d37f117d" testId="619d3bd2-e46a-96fd-d03c-076a483d91c1" testName="DontApplyFilterWithNonValueObjects" computerName="wkuerzdoelbt01" duration="00:00:00.0016160" startTime="2023-11-22T15:52:54.4804178+01:00" endTime="2023-11-22T15:52:54.4820335+01:00" testType="13cdc9d9-ddb5-4fa4-a97d-d965ccfc6d4b" outcome="Passed" testListId="8c84fa94-04c1-424b-9868-57a2d4851a1d" relativeResultsDirectory="bd417b79-1c45-4fdd-afdd-9bf2d37f117d" />
    <UnitTestResult executionId="250ea937-2a86-4a2f-8096-8bfcecf8f0c9" testId="1d381a4c-5c0d-1d56-67d4-b5029fe99105" testName="OpenApiSchemaGetsOnlyChangedForValueObjectsWithinAClass" computerName="wkuerzdoelbt01" duration="00:00:00.0539210" startTime="2023-11-22T15:52:54.4833190+01:00" endTime="2023-11-22T15:52:54.5372391+01:00" testType="13cdc9d9-ddb5-4fa4-a97d-d965ccfc6d4b" outcome="Passed" testListId="8c84fa94-04c1-424b-9868-57a2d4851a1d" relativeResultsDirectory="250ea937-2a86-4a2f-8096-8bfcecf8f0c9" />
  </Results>
  <TestDefinitions>
    <UnitTest name="SetFormFilterWithoutFormFile" storage="/home/lukas/development/github.com/sia-digital/pibox/pibox.api/openapi/test/pibox.api.openapi.tests/bin/release/net8.0/pibox.api.openapi.tests.dll" id="4b2ccda5-8526-3095-8a59-d28bc81a0b98">
      <Execution id="6fda5075-07a6-4ec6-a7ad-aac3ab1c74a9" />
      <TestMethod codeBase="/home/lukas/Development/github.com/sia-digital/pibox/PiBox.Api/OpenApi/test/PiBox.Api.OpenApi.Tests/bin/Release/net8.0/PiBox.Api.OpenApi.Tests.dll" adapterTypeName="executor://nunit3testexecutor/" className="PiBox.Api.OpenApi.Tests.Filters.Operation.FormFileFilterTests" name="SetFormFilterWithoutFormFile" />
    </UnitTest>
    <UnitTest name="SwaggerUiUsesExampleDesignByDefault" storage="/home/lukas/development/github.com/sia-digital/pibox/pibox.api/openapi/test/pibox.api.openapi.tests/bin/release/net8.0/pibox.api.openapi.tests.dll" id="62f062b0-e70d-c045-4461-c15a95869c52">
      <Execution id="497c104e-e472-49ab-94a4-f20a3a2b1967" />
      <TestMethod codeBase="/home/lukas/Development/github.com/sia-digital/pibox/PiBox.Api/OpenApi/test/PiBox.Api.OpenApi.Tests/bin/Release/net8.0/PiBox.Api.OpenApi.Tests.dll" adapterTypeName="executor://nunit3testexecutor/" className="PiBox.Api.OpenApi.Tests.OpenApiPluginTest" name="SwaggerUiUsesExampleDesignByDefault" />
    </UnitTest>
    <UnitTest name="SwaggerUiCanServeWithoutExampleCss" storage="/home/lukas/development/github.com/sia-digital/pibox/pibox.api/openapi/test/pibox.api.openapi.tests/bin/release/net8.0/pibox.api.openapi.tests.dll" id="93762157-b1a6-a15b-0495-3070d7bb6d43">
      <Execution id="51b6505c-3b38-4426-b6e5-0e85bd1ded38" />
      <TestMethod codeBase="/home/lukas/Development/github.com/sia-digital/pibox/PiBox.Api/OpenApi/test/PiBox.Api.OpenApi.Tests/bin/Release/net8.0/PiBox.Api.OpenApi.Tests.dll" adapterTypeName="executor://nunit3testexecutor/" className="PiBox.Api.OpenApi.Tests.OpenApiPluginTest" name="SwaggerUiCanServeWithoutExampleCss" />
    </UnitTest>
    <UnitTest name="SpecifiesTheRemoveFlagForValueObjects" storage="/home/lukas/development/github.com/sia-digital/pibox/pibox.api/openapi/test/pibox.api.openapi.tests/bin/release/net8.0/pibox.api.openapi.tests.dll" id="d8f579c9-2d87-d7a2-c6e6-bb9b158a6d5f">
      <Execution id="2f3f03e6-73ed-4634-ab50-1d8ffb2db067" />
      <TestMethod codeBase="/home/lukas/Development/github.com/sia-digital/pibox/PiBox.Api/OpenApi/test/PiBox.Api.OpenApi.Tests/bin/Release/net8.0/PiBox.Api.OpenApi.Tests.dll" adapterTypeName="executor://nunit3testexecutor/" className="PiBox.Api.OpenApi.Tests.Filters.Schema.ValueObjectFilterTests" name="SpecifiesTheRemoveFlagForValueObjects" />
    </UnitTest>
    <UnitTest name="SetsOpenApiSchemaToReadOnly" storage="/home/lukas/development/github.com/sia-digital/pibox/pibox.api/openapi/test/pibox.api.openapi.tests/bin/release/net8.0/pibox.api.openapi.tests.dll" id="0b5450bf-a86d-7d90-5056-789180b44f6b">
      <Execution id="e7eba60c-7e66-4854-a920-bc2c18528497" />
      <TestMethod codeBase="/home/lukas/Development/github.com/sia-digital/pibox/PiBox.Api/OpenApi/test/PiBox.Api.OpenApi.Tests/bin/Release/net8.0/PiBox.Api.OpenApi.Tests.dll" adapterTypeName="executor://nunit3testexecutor/" className="PiBox.Api.OpenApi.Tests.Filters.Schema.ReadOnlyPropertyFilterTests" name="SetsOpenApiSchemaToReadOnly" />
    </UnitTest>
    <UnitTest name="DontApplyFilterWithNonValueObjects" storage="/home/lukas/development/github.com/sia-digital/pibox/pibox.api/openapi/test/pibox.api.openapi.tests/bin/release/net8.0/pibox.api.openapi.tests.dll" id="619d3bd2-e46a-96fd-d03c-076a483d91c1">
      <Execution id="bd417b79-1c45-4fdd-afdd-9bf2d37f117d" />
      <TestMethod codeBase="/home/lukas/Development/github.com/sia-digital/pibox/PiBox.Api/OpenApi/test/PiBox.Api.OpenApi.Tests/bin/Release/net8.0/PiBox.Api.OpenApi.Tests.dll" adapterTypeName="executor://nunit3testexecutor/" className="PiBox.Api.OpenApi.Tests.Filters.Schema.ValueObjectFilterTests" name="DontApplyFilterWithNonValueObjects" />
    </UnitTest>
    <UnitTest name="SetFormFilter" storage="/home/lukas/development/github.com/sia-digital/pibox/pibox.api/openapi/test/pibox.api.openapi.tests/bin/release/net8.0/pibox.api.openapi.tests.dll" id="1c871a89-a4c9-8b3e-cce4-f972519a88f1">
      <Execution id="616d69bd-b4ec-4ed9-be28-d00b7f58b4a0" />
      <TestMethod codeBase="/home/lukas/Development/github.com/sia-digital/pibox/PiBox.Api/OpenApi/test/PiBox.Api.OpenApi.Tests/bin/Release/net8.0/PiBox.Api.OpenApi.Tests.dll" adapterTypeName="executor://nunit3testexecutor/" className="PiBox.Api.OpenApi.Tests.Filters.Operation.FormFileFilterTests" name="SetFormFilter" />
    </UnitTest>
    <UnitTest name="OpenApiSchemaGetsOnlyChangedForValueObjects" storage="/home/lukas/development/github.com/sia-digital/pibox/pibox.api/openapi/test/pibox.api.openapi.tests/bin/release/net8.0/pibox.api.openapi.tests.dll" id="f2ba03b5-e7b3-b53a-a1a2-83f03dafe000">
      <Execution id="deb6ff31-c235-4992-8375-9050247c4fd5" />
      <TestMethod codeBase="/home/lukas/Development/github.com/sia-digital/pibox/PiBox.Api/OpenApi/test/PiBox.Api.OpenApi.Tests/bin/Release/net8.0/PiBox.Api.OpenApi.Tests.dll" adapterTypeName="executor://nunit3testexecutor/" className="PiBox.Api.OpenApi.Tests.Filters.Schema.ValueObjectFilterTests" name="OpenApiSchemaGetsOnlyChangedForValueObjects" />
    </UnitTest>
    <UnitTest name="OpenApiSchemaGetsOnlyChangedForValueObjectsWithinAClass" storage="/home/lukas/development/github.com/sia-digital/pibox/pibox.api/openapi/test/pibox.api.openapi.tests/bin/release/net8.0/pibox.api.openapi.tests.dll" id="1d381a4c-5c0d-1d56-67d4-b5029fe99105">
      <Execution id="250ea937-2a86-4a2f-8096-8bfcecf8f0c9" />
      <TestMethod codeBase="/home/lukas/Development/github.com/sia-digital/pibox/PiBox.Api/OpenApi/test/PiBox.Api.OpenApi.Tests/bin/Release/net8.0/PiBox.Api.OpenApi.Tests.dll" adapterTypeName="executor://nunit3testexecutor/" className="PiBox.Api.OpenApi.Tests.Filters.Schema.ValueObjectFilterTests" name="OpenApiSchemaGetsOnlyChangedForValueObjectsWithinAClass" />
    </UnitTest>
    <UnitTest name="SwashbuckleIsSetupCorrectly" storage="/home/lukas/development/github.com/sia-digital/pibox/pibox.api/openapi/test/pibox.api.openapi.tests/bin/release/net8.0/pibox.api.openapi.tests.dll" id="597a6894-07f1-d5eb-3940-a9d088cf8d00">
      <Execution id="f6374aa6-4862-4b8a-8901-3b01c99848f9" />
      <TestMethod codeBase="/home/lukas/Development/github.com/sia-digital/pibox/PiBox.Api/OpenApi/test/PiBox.Api.OpenApi.Tests/bin/Release/net8.0/PiBox.Api.OpenApi.Tests.dll" adapterTypeName="executor://nunit3testexecutor/" className="PiBox.Api.OpenApi.Tests.OpenApiPluginTest" name="SwashbuckleIsSetupCorrectly" />
    </UnitTest>
    <UnitTest name="AdjustsSchemaForValueObjects" storage="/home/lukas/development/github.com/sia-digital/pibox/pibox.api/openapi/test/pibox.api.openapi.tests/bin/release/net8.0/pibox.api.openapi.tests.dll" id="fed0e90c-902a-d800-043d-ae8d3485ae83">
      <Execution id="70b8e892-7ef1-4959-bb9e-75343d2f18bf" />
      <TestMethod codeBase="/home/lukas/Development/github.com/sia-digital/pibox/PiBox.Api/OpenApi/test/PiBox.Api.OpenApi.Tests/bin/Release/net8.0/PiBox.Api.OpenApi.Tests.dll" adapterTypeName="executor://nunit3testexecutor/" className="PiBox.Api.OpenApi.Tests.Filters.Document.ValueObjectDocumentFilterTests" name="AdjustsSchemaForValueObjects" />
    </UnitTest>
    <UnitTest name="AuthenticationCanBeEnabledAndUsed" storage="/home/lukas/development/github.com/sia-digital/pibox/pibox.api/openapi/test/pibox.api.openapi.tests/bin/release/net8.0/pibox.api.openapi.tests.dll" id="21f64cbb-4c24-17a7-a1bc-84170c0e40fa">
      <Execution id="9e51a832-894a-46c6-8374-c1e5cbdd431c" />
      <TestMethod codeBase="/home/lukas/Development/github.com/sia-digital/pibox/PiBox.Api/OpenApi/test/PiBox.Api.OpenApi.Tests/bin/Release/net8.0/PiBox.Api.OpenApi.Tests.dll" adapterTypeName="executor://nunit3testexecutor/" className="PiBox.Api.OpenApi.Tests.OpenApiPluginTest" name="AuthenticationCanBeEnabledAndUsed" />
    </UnitTest>
  </TestDefinitions>
  <TestEntries>
    <TestEntry testId="62f062b0-e70d-c045-4461-c15a95869c52" executionId="497c104e-e472-49ab-94a4-f20a3a2b1967" testListId="8c84fa94-04c1-424b-9868-57a2d4851a1d" />
    <TestEntry testId="f2ba03b5-e7b3-b53a-a1a2-83f03dafe000" executionId="deb6ff31-c235-4992-8375-9050247c4fd5" testListId="8c84fa94-04c1-424b-9868-57a2d4851a1d" />
    <TestEntry testId="1c871a89-a4c9-8b3e-cce4-f972519a88f1" executionId="616d69bd-b4ec-4ed9-be28-d00b7f58b4a0" testListId="8c84fa94-04c1-424b-9868-57a2d4851a1d" />
    <TestEntry testId="fed0e90c-902a-d800-043d-ae8d3485ae83" executionId="70b8e892-7ef1-4959-bb9e-75343d2f18bf" testListId="8c84fa94-04c1-424b-9868-57a2d4851a1d" />
    <TestEntry testId="21f64cbb-4c24-17a7-a1bc-84170c0e40fa" executionId="9e51a832-894a-46c6-8374-c1e5cbdd431c" testListId="8c84fa94-04c1-424b-9868-57a2d4851a1d" />
    <TestEntry testId="0b5450bf-a86d-7d90-5056-789180b44f6b" executionId="e7eba60c-7e66-4854-a920-bc2c18528497" testListId="8c84fa94-04c1-424b-9868-57a2d4851a1d" />
    <TestEntry testId="93762157-b1a6-a15b-0495-3070d7bb6d43" executionId="51b6505c-3b38-4426-b6e5-0e85bd1ded38" testListId="8c84fa94-04c1-424b-9868-57a2d4851a1d" />
    <TestEntry testId="d8f579c9-2d87-d7a2-c6e6-bb9b158a6d5f" executionId="2f3f03e6-73ed-4634-ab50-1d8ffb2db067" testListId="8c84fa94-04c1-424b-9868-57a2d4851a1d" />
    <TestEntry testId="597a6894-07f1-d5eb-3940-a9d088cf8d00" executionId="f6374aa6-4862-4b8a-8901-3b01c99848f9" testListId="8c84fa94-04c1-424b-9868-57a2d4851a1d" />
    <TestEntry testId="4b2ccda5-8526-3095-8a59-d28bc81a0b98" executionId="6fda5075-07a6-4ec6-a7ad-aac3ab1c74a9" testListId="8c84fa94-04c1-424b-9868-57a2d4851a1d" />
    <TestEntry testId="619d3bd2-e46a-96fd-d03c-076a483d91c1" executionId="bd417b79-1c45-4fdd-afdd-9bf2d37f117d" testListId="8c84fa94-04c1-424b-9868-57a2d4851a1d" />
    <TestEntry testId="1d381a4c-5c0d-1d56-67d4-b5029fe99105" executionId="250ea937-2a86-4a2f-8096-8bfcecf8f0c9" testListId="8c84fa94-04c1-424b-9868-57a2d4851a1d" />
  </TestEntries>
  <TestLists>
    <TestList name="Results Not in a List" id="8c84fa94-04c1-424b-9868-57a2d4851a1d" />
    <TestList name="All Loaded Results" id="19431567-8539-422a-85d7-44ee4e166bda" />
  </TestLists>
  <ResultSummary outcome="Completed">
    <Counters total="12" executed="12" passed="12" failed="0" error="0" timeout="0" aborted="0" inconclusive="0" passedButRunAborted="0" notRunnable="0" notExecuted="0" disconnected="0" warning="0" completed="0" inProgress="0" pending="0" />
    <Output>
      <StdOut>NUnit Adapter 4.5.0.0: Test execution started
Running all tests in /home/lukas/Development/github.com/sia-digital/pibox/PiBox.Api/OpenApi/test/PiBox.Api.OpenApi.Tests/bin/Release/net8.0/PiBox.Api.OpenApi.Tests.dll
   NUnit3TestExecutor discovered 12 of 12 NUnit test cases using Current Discovery mode, Non-Explicit run
NUnit Adapter 4.5.0.0: Test execution complete
</StdOut>
    </Output>
  </ResultSummary>
</TestRun>