<?xml version="1.0" encoding="utf-8"?>
<TestRun id="0dc850e9-4747-4f79-8271-ce526960c56e" name="@wkuerzdoelbt01 2023-11-22 15:52:52" xmlns="http://microsoft.com/schemas/VisualStudio/TeamTest/2010">
  <Times creation="2023-11-22T15:52:52.3951222+01:00" queuing="2023-11-22T15:52:52.3951224+01:00" start="2023-11-22T15:52:48.7927936+01:00" finish="2023-11-22T15:52:52.5715675+01:00" />
  <TestSettings name="default" id="b587e75b-92c1-4127-8cfc-7f715bc3049d">
    <Deployment runDeploymentRoot="_wkuerzdoelbt01_2023-11-22_15_52_52" />
  </TestSettings>
  <Results>
    <UnitTestResult executionId="fda53195-2b20-4c9e-9dd4-1760e3841cb6" testId="6a07db1f-eb8a-22ad-0e09-e6c06dd0e384" testName="ForAllRegisterEveryPossibleRoute" computerName="wkuerzdoelbt01" duration="00:00:00.0140690" startTime="2023-11-22T15:52:52.3235718+01:00" endTime="2023-11-22T15:52:52.3376404+01:00" testType="13cdc9d9-ddb5-4fa4-a97d-d965ccfc6d4b" outcome="Passed" testListId="8c84fa94-04c1-424b-9868-57a2d4851a1d" relativeResultsDirectory="fda53195-2b20-4c9e-9dd4-1760e3841cb6" />
    <UnitTestResult executionId="5b6aec87-5af8-4a49-9907-1476d90e3e38" testId="03562c42-5547-400b-d2bf-c8a7abee974c" testName="CanAddGetRoute" computerName="wkuerzdoelbt01" duration="00:00:00.0059300" startTime="2023-11-22T15:52:52.3035291+01:00" endTime="2023-11-22T15:52:52.3094581+01:00" testType="13cdc9d9-ddb5-4fa4-a97d-d965ccfc6d4b" outcome="Passed" testListId="8c84fa94-04c1-424b-9868-57a2d4851a1d" relativeResultsDirectory="5b6aec87-5af8-4a49-9907-1476d90e3e38" />
    <UnitTestResult executionId="bc7d29d3-992f-43c7-bb58-677020373a65" testId="c3fd2585-9bea-0a22-d046-7dd31a14ba62" testName="RegistersRequiredServices" computerName="wkuerzdoelbt01" duration="00:00:00.0239470" startTime="2023-11-22T15:52:52.0436012+01:00" endTime="2023-11-22T15:52:52.0675480+01:00" testType="13cdc9d9-ddb5-4fa4-a97d-d965ccfc6d4b" outcome="Passed" testListId="8c84fa94-04c1-424b-9868-57a2d4851a1d" relativeResultsDirectory="bc7d29d3-992f-43c7-bb58-677020373a65" />
    <UnitTestResult executionId="820c03dd-83f4-4e3b-b01e-47882b5dc67f" testId="dd65a546-ba9d-917d-b2ea-9fe613f12b3f" testName="GetListAsyncReturnsResultAsHttpResult" computerName="wkuerzdoelbt01" duration="00:00:00.0412099" startTime="2023-11-22T15:52:52.3008374+01:00" endTime="2023-11-22T15:52:52.3420468+01:00" testType="13cdc9d9-ddb5-4fa4-a97d-d965ccfc6d4b" outcome="Passed" testListId="8c84fa94-04c1-424b-9868-57a2d4851a1d" relativeResultsDirectory="820c03dd-83f4-4e3b-b01e-47882b5dc67f" />
    <UnitTestResult executionId="ba03f33a-4b56-44d9-8f9e-18f70ed04536" testId="70a9d484-2e38-5a2f-d182-608aeefc6aaf" testName="CanAddDeleteRoute" computerName="wkuerzdoelbt01" duration="00:00:00.2421080" startTime="2023-11-22T15:52:52.0436461+01:00" endTime="2023-11-22T15:52:52.2857529+01:00" testType="13cdc9d9-ddb5-4fa4-a97d-d965ccfc6d4b" outcome="Passed" testListId="8c84fa94-04c1-424b-9868-57a2d4851a1d" relativeResultsDirectory="ba03f33a-4b56-44d9-8f9e-18f70ed04536" />
    <UnitTestResult executionId="a93a8817-45fe-40e4-afe8-9c052962fc9a" testId="50b53367-cd6b-48a0-8b2b-6b050117d728" testName="CanAddPutRoute" computerName="wkuerzdoelbt01" duration="00:00:00.0061529" startTime="2023-11-22T15:52:52.3173935+01:00" endTime="2023-11-22T15:52:52.3235461+01:00" testType="13cdc9d9-ddb5-4fa4-a97d-d965ccfc6d4b" outcome="Passed" testListId="8c84fa94-04c1-424b-9868-57a2d4851a1d" relativeResultsDirectory="a93a8817-45fe-40e4-afe8-9c052962fc9a" />
    <UnitTestResult executionId="7c5db0bf-a94b-498e-aecc-ff15a923e956" testId="b6e9624f-c9f6-3a1c-34c4-1e187c6c4f2f" testName="CanAddPostRoute" computerName="wkuerzdoelbt01" duration="00:00:00.0078730" startTime="2023-11-22T15:52:52.3094908+01:00" endTime="2023-11-22T15:52:52.3173626+01:00" testType="13cdc9d9-ddb5-4fa4-a97d-d965ccfc6d4b" outcome="Passed" testListId="8c84fa94-04c1-424b-9868-57a2d4851a1d" relativeResultsDirectory="7c5db0bf-a94b-498e-aecc-ff15a923e956" />
    <UnitTestResult executionId="1e959def-96c5-48d7-ac0e-93f7f1ce0a63" testId="ef88dcb6-5b5f-df6d-68ed-490d5a9fb0ca" testName="HasInitialDataSetup" computerName="wkuerzdoelbt01" duration="00:00:00.0005120" startTime="2023-11-22T15:52:52.0638395+01:00" endTime="2023-11-22T15:52:52.0643519+01:00" testType="13cdc9d9-ddb5-4fa4-a97d-d965ccfc6d4b" outcome="Passed" testListId="8c84fa94-04c1-424b-9868-57a2d4851a1d" relativeResultsDirectory="1e959def-96c5-48d7-ac0e-93f7f1ce0a63" />
    <UnitTestResult executionId="15aed14b-06d9-4428-8dfb-6a9399433174" testId="61796e7d-6413-4f97-a55f-3fc1be2e4c78" testName="AddSimpleRestResourceWorks" computerName="wkuerzdoelbt01" duration="00:00:00.1568130" startTime="2023-11-22T15:52:52.0435904+01:00" endTime="2023-11-22T15:52:52.2004037+01:00" testType="13cdc9d9-ddb5-4fa4-a97d-d965ccfc6d4b" outcome="Passed" testListId="8c84fa94-04c1-424b-9868-57a2d4851a1d" relativeResultsDirectory="15aed14b-06d9-4428-8dfb-6a9399433174" />
    <UnitTestResult executionId="5481b400-1ee3-4449-9367-2dbfd396c9c8" testId="4db1914a-06d8-573a-c938-efb0662d2472" testName="CanEditTheGlobalResponseOptions" computerName="wkuerzdoelbt01" duration="00:00:00.0188210" startTime="2023-11-22T15:52:52.0435897+01:00" endTime="2023-11-22T15:52:52.0623674+01:00" testType="13cdc9d9-ddb5-4fa4-a97d-d965ccfc6d4b" outcome="Passed" testListId="8c84fa94-04c1-424b-9868-57a2d4851a1d" relativeResultsDirectory="5481b400-1ee3-4449-9367-2dbfd396c9c8" />
    <UnitTestResult executionId="e05b5f6b-7349-4902-9003-c016f66050a0" testId="e2027329-e80c-344d-c606-d753e528abef" testName="ResponsesCanBeDisabled" computerName="wkuerzdoelbt01" duration="00:00:00.0055909" startTime="2023-11-22T15:52:52.3376758+01:00" endTime="2023-11-22T15:52:52.3432666+01:00" testType="13cdc9d9-ddb5-4fa4-a97d-d965ccfc6d4b" outcome="Passed" testListId="8c84fa94-04c1-424b-9868-57a2d4851a1d" relativeResultsDirectory="e05b5f6b-7349-4902-9003-c016f66050a0" />
    <UnitTestResult executionId="0f0a7e3b-7bff-40b5-baca-e212389c0ff8" testId="43f21a76-e937-3189-f12d-d7e689f5c7a7" testName="CreateAsyncReturnsResultAsHttpResult" computerName="wkuerzdoelbt01" duration="00:00:00.2394000" startTime="2023-11-22T15:52:52.0436502+01:00" endTime="2023-11-22T15:52:52.2830501+01:00" testType="13cdc9d9-ddb5-4fa4-a97d-d965ccfc6d4b" outcome="Passed" testListId="8c84fa94-04c1-424b-9868-57a2d4851a1d" relativeResultsDirectory="0f0a7e3b-7bff-40b5-baca-e212389c0ff8" />
    <UnitTestResult executionId="f8fd065a-a671-4d55-89d6-eccb88392a54" testId="78e4fb61-85de-b284-2139-0b0b5c1f5851" testName="GetAsyncReturnsResultAsHttpResult" computerName="wkuerzdoelbt01" duration="00:00:00.0093480" startTime="2023-11-22T15:52:52.2914380+01:00" endTime="2023-11-22T15:52:52.3007850+01:00" testType="13cdc9d9-ddb5-4fa4-a97d-d965ccfc6d4b" outcome="Passed" testListId="8c84fa94-04c1-424b-9868-57a2d4851a1d" relativeResultsDirectory="f8fd065a-a671-4d55-89d6-eccb88392a54" />
    <UnitTestResult executionId="b15b703d-d4ef-40f5-b91d-4eb8bd313bc5" testId="72efa39e-eff6-4912-b45f-47848f53b2c3" testName="CanAddGetListRoute" computerName="wkuerzdoelbt01" duration="00:00:00.0177200" startTime="2023-11-22T15:52:52.2857826+01:00" endTime="2023-11-22T15:52:52.3035020+01:00" testType="13cdc9d9-ddb5-4fa4-a97d-d965ccfc6d4b" outcome="Passed" testListId="8c84fa94-04c1-424b-9868-57a2d4851a1d" relativeResultsDirectory="b15b703d-d4ef-40f5-b91d-4eb8bd313bc5" />
    <UnitTestResult executionId="f5ce0e6b-384a-4f01-992b-3a0138ccc9c9" testId="1aed07bd-4aac-0bd1-4e5f-0c333ee68f63" testName="DeleteAsyncReturnsResultAsHttpResult" computerName="wkuerzdoelbt01" duration="00:00:00.0083070" startTime="2023-11-22T15:52:52.2831003+01:00" endTime="2023-11-22T15:52:52.2914072+01:00" testType="13cdc9d9-ddb5-4fa4-a97d-d965ccfc6d4b" outcome="Passed" testListId="8c84fa94-04c1-424b-9868-57a2d4851a1d" relativeResultsDirectory="f5ce0e6b-384a-4f01-992b-3a0138ccc9c9" />
    <UnitTestResult executionId="231e38c7-0f40-4206-b237-8524470df8dc" testId="e5b41a91-f621-b63d-8fde-26a3a29f2ffa" testName="UpdateAsyncReturnsResultAsHttpResult" computerName="wkuerzdoelbt01" duration="00:00:00.0067650" startTime="2023-11-22T15:52:52.3420769+01:00" endTime="2023-11-22T15:52:52.3488418+01:00" testType="13cdc9d9-ddb5-4fa4-a97d-d965ccfc6d4b" outcome="Passed" testListId="8c84fa94-04c1-424b-9868-57a2d4851a1d" relativeResultsDirectory="231e38c7-0f40-4206-b237-8524470df8dc" />
  </Results>
  <TestDefinitions>
    <UnitTest name="CreateAsyncReturnsResultAsHttpResult" storage="/home/lukas/development/github.com/sia-digital/pibox/pibox.plugins/endpoints/restresourceentity/test/pibox.plugins.endpoints.restresourceentity.tests/bin/release/net8.0/pibox.plugins.endpoints.restresourceentity.tests.dll" id="43f21a76-e937-3189-f12d-d7e689f5c7a7">
      <Execution id="0f0a7e3b-7bff-40b5-baca-e212389c0ff8" />
      <TestMethod codeBase="/home/lukas/Development/github.com/sia-digital/pibox/PiBox.Plugins/Endpoints/RestResourceEntity/test/PiBox.Plugins.Endpoints.RestResourceEntity.Tests/bin/Release/net8.0/PiBox.Plugins.Endpoints.RestResourceEntity.Tests.dll" adapterTypeName="executor://nunit3testexecutor/" className="PiBox.Plugins.Endpoints.RestResourceEntity.Tests.Endpoints.RestActionsTests" name="CreateAsyncReturnsResultAsHttpResult" />
    </UnitTest>
    <UnitTest name="GetAsyncReturnsResultAsHttpResult" storage="/home/lukas/development/github.com/sia-digital/pibox/pibox.plugins/endpoints/restresourceentity/test/pibox.plugins.endpoints.restresourceentity.tests/bin/release/net8.0/pibox.plugins.endpoints.restresourceentity.tests.dll" id="78e4fb61-85de-b284-2139-0b0b5c1f5851">
      <Execution id="f8fd065a-a671-4d55-89d6-eccb88392a54" />
      <TestMethod codeBase="/home/lukas/Development/github.com/sia-digital/pibox/PiBox.Plugins/Endpoints/RestResourceEntity/test/PiBox.Plugins.Endpoints.RestResourceEntity.Tests/bin/Release/net8.0/PiBox.Plugins.Endpoints.RestResourceEntity.Tests.dll" adapterTypeName="executor://nunit3testexecutor/" className="PiBox.Plugins.Endpoints.RestResourceEntity.Tests.Endpoints.RestActionsTests" name="GetAsyncReturnsResultAsHttpResult" />
    </UnitTest>
    <UnitTest name="CanAddDeleteRoute" storage="/home/lukas/development/github.com/sia-digital/pibox/pibox.plugins/endpoints/restresourceentity/test/pibox.plugins.endpoints.restresourceentity.tests/bin/release/net8.0/pibox.plugins.endpoints.restresourceentity.tests.dll" id="70a9d484-2e38-5a2f-d182-608aeefc6aaf">
      <Execution id="ba03f33a-4b56-44d9-8f9e-18f70ed04536" />
      <TestMethod codeBase="/home/lukas/Development/github.com/sia-digital/pibox/PiBox.Plugins/Endpoints/RestResourceEntity/test/PiBox.Plugins.Endpoints.RestResourceEntity.Tests/bin/Release/net8.0/PiBox.Plugins.Endpoints.RestResourceEntity.Tests.dll" adapterTypeName="executor://nunit3testexecutor/" className="PiBox.Plugins.Endpoints.RestResourceEntity.Tests.Endpoints.RestSimpleResourceEndpointBuilderTests" name="CanAddDeleteRoute" />
    </UnitTest>
    <UnitTest name="CanEditTheGlobalResponseOptions" storage="/home/lukas/development/github.com/sia-digital/pibox/pibox.plugins/endpoints/restresourceentity/test/pibox.plugins.endpoints.restresourceentity.tests/bin/release/net8.0/pibox.plugins.endpoints.restresourceentity.tests.dll" id="4db1914a-06d8-573a-c938-efb0662d2472">
      <Execution id="5481b400-1ee3-4449-9367-2dbfd396c9c8" />
      <TestMethod codeBase="/home/lukas/Development/github.com/sia-digital/pibox/PiBox.Plugins/Endpoints/RestResourceEntity/test/PiBox.Plugins.Endpoints.RestResourceEntity.Tests/bin/Release/net8.0/PiBox.Plugins.Endpoints.RestResourceEntity.Tests.dll" adapterTypeName="executor://nunit3testexecutor/" className="PiBox.Plugins.Endpoints.RestResourceEntity.Tests.GlobalResponseOptionsTests" name="CanEditTheGlobalResponseOptions" />
    </UnitTest>
    <UnitTest name="HasInitialDataSetup" storage="/home/lukas/development/github.com/sia-digital/pibox/pibox.plugins/endpoints/restresourceentity/test/pibox.plugins.endpoints.restresourceentity.tests/bin/release/net8.0/pibox.plugins.endpoints.restresourceentity.tests.dll" id="ef88dcb6-5b5f-df6d-68ed-490d5a9fb0ca">
      <Execution id="1e959def-96c5-48d7-ac0e-93f7f1ce0a63" />
      <TestMethod codeBase="/home/lukas/Development/github.com/sia-digital/pibox/PiBox.Plugins/Endpoints/RestResourceEntity/test/PiBox.Plugins.Endpoints.RestResourceEntity.Tests/bin/Release/net8.0/PiBox.Plugins.Endpoints.RestResourceEntity.Tests.dll" adapterTypeName="executor://nunit3testexecutor/" className="PiBox.Plugins.Endpoints.RestResourceEntity.Tests.GlobalResponseOptionsTests" name="HasInitialDataSetup" />
    </UnitTest>
    <UnitTest name="AddSimpleRestResourceWorks" storage="/home/lukas/development/github.com/sia-digital/pibox/pibox.plugins/endpoints/restresourceentity/test/pibox.plugins.endpoints.restresourceentity.tests/bin/release/net8.0/pibox.plugins.endpoints.restresourceentity.tests.dll" id="61796e7d-6413-4f97-a55f-3fc1be2e4c78">
      <Execution id="15aed14b-06d9-4428-8dfb-6a9399433174" />
      <TestMethod codeBase="/home/lukas/Development/github.com/sia-digital/pibox/PiBox.Plugins/Endpoints/RestResourceEntity/test/PiBox.Plugins.Endpoints.RestResourceEntity.Tests/bin/Release/net8.0/PiBox.Plugins.Endpoints.RestResourceEntity.Tests.dll" adapterTypeName="executor://nunit3testexecutor/" className="PiBox.Plugins.Endpoints.RestResourceEntity.Tests.Extensions.RestSimpleResourceEntityEndpointExtensionsTests" name="AddSimpleRestResourceWorks" />
    </UnitTest>
    <UnitTest name="GetListAsyncReturnsResultAsHttpResult" storage="/home/lukas/development/github.com/sia-digital/pibox/pibox.plugins/endpoints/restresourceentity/test/pibox.plugins.endpoints.restresourceentity.tests/bin/release/net8.0/pibox.plugins.endpoints.restresourceentity.tests.dll" id="dd65a546-ba9d-917d-b2ea-9fe613f12b3f">
      <Execution id="820c03dd-83f4-4e3b-b01e-47882b5dc67f" />
      <TestMethod codeBase="/home/lukas/Development/github.com/sia-digital/pibox/PiBox.Plugins/Endpoints/RestResourceEntity/test/PiBox.Plugins.Endpoints.RestResourceEntity.Tests/bin/Release/net8.0/PiBox.Plugins.Endpoints.RestResourceEntity.Tests.dll" adapterTypeName="executor://nunit3testexecutor/" className="PiBox.Plugins.Endpoints.RestResourceEntity.Tests.Endpoints.RestActionsTests" name="GetListAsyncReturnsResultAsHttpResult" />
    </UnitTest>
    <UnitTest name="ForAllRegisterEveryPossibleRoute" storage="/home/lukas/development/github.com/sia-digital/pibox/pibox.plugins/endpoints/restresourceentity/test/pibox.plugins.endpoints.restresourceentity.tests/bin/release/net8.0/pibox.plugins.endpoints.restresourceentity.tests.dll" id="6a07db1f-eb8a-22ad-0e09-e6c06dd0e384">
      <Execution id="fda53195-2b20-4c9e-9dd4-1760e3841cb6" />
      <TestMethod codeBase="/home/lukas/Development/github.com/sia-digital/pibox/PiBox.Plugins/Endpoints/RestResourceEntity/test/PiBox.Plugins.Endpoints.RestResourceEntity.Tests/bin/Release/net8.0/PiBox.Plugins.Endpoints.RestResourceEntity.Tests.dll" adapterTypeName="executor://nunit3testexecutor/" className="PiBox.Plugins.Endpoints.RestResourceEntity.Tests.Endpoints.RestSimpleResourceEndpointBuilderTests" name="ForAllRegisterEveryPossibleRoute" />
    </UnitTest>
    <UnitTest name="CanAddGetListRoute" storage="/home/lukas/development/github.com/sia-digital/pibox/pibox.plugins/endpoints/restresourceentity/test/pibox.plugins.endpoints.restresourceentity.tests/bin/release/net8.0/pibox.plugins.endpoints.restresourceentity.tests.dll" id="72efa39e-eff6-4912-b45f-47848f53b2c3">
      <Execution id="b15b703d-d4ef-40f5-b91d-4eb8bd313bc5" />
      <TestMethod codeBase="/home/lukas/Development/github.com/sia-digital/pibox/PiBox.Plugins/Endpoints/RestResourceEntity/test/PiBox.Plugins.Endpoints.RestResourceEntity.Tests/bin/Release/net8.0/PiBox.Plugins.Endpoints.RestResourceEntity.Tests.dll" adapterTypeName="executor://nunit3testexecutor/" className="PiBox.Plugins.Endpoints.RestResourceEntity.Tests.Endpoints.RestSimpleResourceEndpointBuilderTests" name="CanAddGetListRoute" />
    </UnitTest>
    <UnitTest name="DeleteAsyncReturnsResultAsHttpResult" storage="/home/lukas/development/github.com/sia-digital/pibox/pibox.plugins/endpoints/restresourceentity/test/pibox.plugins.endpoints.restresourceentity.tests/bin/release/net8.0/pibox.plugins.endpoints.restresourceentity.tests.dll" id="1aed07bd-4aac-0bd1-4e5f-0c333ee68f63">
      <Execution id="f5ce0e6b-384a-4f01-992b-3a0138ccc9c9" />
      <TestMethod codeBase="/home/lukas/Development/github.com/sia-digital/pibox/PiBox.Plugins/Endpoints/RestResourceEntity/test/PiBox.Plugins.Endpoints.RestResourceEntity.Tests/bin/Release/net8.0/PiBox.Plugins.Endpoints.RestResourceEntity.Tests.dll" adapterTypeName="executor://nunit3testexecutor/" className="PiBox.Plugins.Endpoints.RestResourceEntity.Tests.Endpoints.RestActionsTests" name="DeleteAsyncReturnsResultAsHttpResult" />
    </UnitTest>
    <UnitTest name="CanAddPutRoute" storage="/home/lukas/development/github.com/sia-digital/pibox/pibox.plugins/endpoints/restresourceentity/test/pibox.plugins.endpoints.restresourceentity.tests/bin/release/net8.0/pibox.plugins.endpoints.restresourceentity.tests.dll" id="50b53367-cd6b-48a0-8b2b-6b050117d728">
      <Execution id="a93a8817-45fe-40e4-afe8-9c052962fc9a" />
      <TestMethod codeBase="/home/lukas/Development/github.com/sia-digital/pibox/PiBox.Plugins/Endpoints/RestResourceEntity/test/PiBox.Plugins.Endpoints.RestResourceEntity.Tests/bin/Release/net8.0/PiBox.Plugins.Endpoints.RestResourceEntity.Tests.dll" adapterTypeName="executor://nunit3testexecutor/" className="PiBox.Plugins.Endpoints.RestResourceEntity.Tests.Endpoints.RestSimpleResourceEndpointBuilderTests" name="CanAddPutRoute" />
    </UnitTest>
    <UnitTest name="CanAddPostRoute" storage="/home/lukas/development/github.com/sia-digital/pibox/pibox.plugins/endpoints/restresourceentity/test/pibox.plugins.endpoints.restresourceentity.tests/bin/release/net8.0/pibox.plugins.endpoints.restresourceentity.tests.dll" id="b6e9624f-c9f6-3a1c-34c4-1e187c6c4f2f">
      <Execution id="7c5db0bf-a94b-498e-aecc-ff15a923e956" />
      <TestMethod codeBase="/home/lukas/Development/github.com/sia-digital/pibox/PiBox.Plugins/Endpoints/RestResourceEntity/test/PiBox.Plugins.Endpoints.RestResourceEntity.Tests/bin/Release/net8.0/PiBox.Plugins.Endpoints.RestResourceEntity.Tests.dll" adapterTypeName="executor://nunit3testexecutor/" className="PiBox.Plugins.Endpoints.RestResourceEntity.Tests.Endpoints.RestSimpleResourceEndpointBuilderTests" name="CanAddPostRoute" />
    </UnitTest>
    <UnitTest name="RegistersRequiredServices" storage="/home/lukas/development/github.com/sia-digital/pibox/pibox.plugins/endpoints/restresourceentity/test/pibox.plugins.endpoints.restresourceentity.tests/bin/release/net8.0/pibox.plugins.endpoints.restresourceentity.tests.dll" id="c3fd2585-9bea-0a22-d046-7dd31a14ba62">
      <Execution id="bc7d29d3-992f-43c7-bb58-677020373a65" />
      <TestMethod codeBase="/home/lukas/Development/github.com/sia-digital/pibox/PiBox.Plugins/Endpoints/RestResourceEntity/test/PiBox.Plugins.Endpoints.RestResourceEntity.Tests/bin/Release/net8.0/PiBox.Plugins.Endpoints.RestResourceEntity.Tests.dll" adapterTypeName="executor://nunit3testexecutor/" className="PiBox.Plugins.Endpoints.RestResourceEntity.Tests.RestResourceEntityPluginTests" name="RegistersRequiredServices" />
    </UnitTest>
    <UnitTest name="CanAddGetRoute" storage="/home/lukas/development/github.com/sia-digital/pibox/pibox.plugins/endpoints/restresourceentity/test/pibox.plugins.endpoints.restresourceentity.tests/bin/release/net8.0/pibox.plugins.endpoints.restresourceentity.tests.dll" id="03562c42-5547-400b-d2bf-c8a7abee974c">
      <Execution id="5b6aec87-5af8-4a49-9907-1476d90e3e38" />
      <TestMethod codeBase="/home/lukas/Development/github.com/sia-digital/pibox/PiBox.Plugins/Endpoints/RestResourceEntity/test/PiBox.Plugins.Endpoints.RestResourceEntity.Tests/bin/Release/net8.0/PiBox.Plugins.Endpoints.RestResourceEntity.Tests.dll" adapterTypeName="executor://nunit3testexecutor/" className="PiBox.Plugins.Endpoints.RestResourceEntity.Tests.Endpoints.RestSimpleResourceEndpointBuilderTests" name="CanAddGetRoute" />
    </UnitTest>
    <UnitTest name="ResponsesCanBeDisabled" storage="/home/lukas/development/github.com/sia-digital/pibox/pibox.plugins/endpoints/restresourceentity/test/pibox.plugins.endpoints.restresourceentity.tests/bin/release/net8.0/pibox.plugins.endpoints.restresourceentity.tests.dll" id="e2027329-e80c-344d-c606-d753e528abef">
      <Execution id="e05b5f6b-7349-4902-9003-c016f66050a0" />
      <TestMethod codeBase="/home/lukas/Development/github.com/sia-digital/pibox/PiBox.Plugins/Endpoints/RestResourceEntity/test/PiBox.Plugins.Endpoints.RestResourceEntity.Tests/bin/Release/net8.0/PiBox.Plugins.Endpoints.RestResourceEntity.Tests.dll" adapterTypeName="executor://nunit3testexecutor/" className="PiBox.Plugins.Endpoints.RestResourceEntity.Tests.Endpoints.RestSimpleResourceEndpointBuilderTests" name="ResponsesCanBeDisabled" />
    </UnitTest>
    <UnitTest name="UpdateAsyncReturnsResultAsHttpResult" storage="/home/lukas/development/github.com/sia-digital/pibox/pibox.plugins/endpoints/restresourceentity/test/pibox.plugins.endpoints.restresourceentity.tests/bin/release/net8.0/pibox.plugins.endpoints.restresourceentity.tests.dll" id="e5b41a91-f621-b63d-8fde-26a3a29f2ffa">
      <Execution id="231e38c7-0f40-4206-b237-8524470df8dc" />
      <TestMethod codeBase="/home/lukas/Development/github.com/sia-digital/pibox/PiBox.Plugins/Endpoints/RestResourceEntity/test/PiBox.Plugins.Endpoints.RestResourceEntity.Tests/bin/Release/net8.0/PiBox.Plugins.Endpoints.RestResourceEntity.Tests.dll" adapterTypeName="executor://nunit3testexecutor/" className="PiBox.Plugins.Endpoints.RestResourceEntity.Tests.Endpoints.RestActionsTests" name="UpdateAsyncReturnsResultAsHttpResult" />
    </UnitTest>
  </TestDefinitions>
  <TestEntries>
    <TestEntry testId="6a07db1f-eb8a-22ad-0e09-e6c06dd0e384" executionId="fda53195-2b20-4c9e-9dd4-1760e3841cb6" testListId="8c84fa94-04c1-424b-9868-57a2d4851a1d" />
    <TestEntry testId="03562c42-5547-400b-d2bf-c8a7abee974c" executionId="5b6aec87-5af8-4a49-9907-1476d90e3e38" testListId="8c84fa94-04c1-424b-9868-57a2d4851a1d" />
    <TestEntry testId="c3fd2585-9bea-0a22-d046-7dd31a14ba62" executionId="bc7d29d3-992f-43c7-bb58-677020373a65" testListId="8c84fa94-04c1-424b-9868-57a2d4851a1d" />
    <TestEntry testId="dd65a546-ba9d-917d-b2ea-9fe613f12b3f" executionId="820c03dd-83f4-4e3b-b01e-47882b5dc67f" testListId="8c84fa94-04c1-424b-9868-57a2d4851a1d" />
    <TestEntry testId="70a9d484-2e38-5a2f-d182-608aeefc6aaf" executionId="ba03f33a-4b56-44d9-8f9e-18f70ed04536" testListId="8c84fa94-04c1-424b-9868-57a2d4851a1d" />
    <TestEntry testId="50b53367-cd6b-48a0-8b2b-6b050117d728" executionId="a93a8817-45fe-40e4-afe8-9c052962fc9a" testListId="8c84fa94-04c1-424b-9868-57a2d4851a1d" />
    <TestEntry testId="b6e9624f-c9f6-3a1c-34c4-1e187c6c4f2f" executionId="7c5db0bf-a94b-498e-aecc-ff15a923e956" testListId="8c84fa94-04c1-424b-9868-57a2d4851a1d" />
    <TestEntry testId="ef88dcb6-5b5f-df6d-68ed-490d5a9fb0ca" executionId="1e959def-96c5-48d7-ac0e-93f7f1ce0a63" testListId="8c84fa94-04c1-424b-9868-57a2d4851a1d" />
    <TestEntry testId="61796e7d-6413-4f97-a55f-3fc1be2e4c78" executionId="15aed14b-06d9-4428-8dfb-6a9399433174" testListId="8c84fa94-04c1-424b-9868-57a2d4851a1d" />
    <TestEntry testId="4db1914a-06d8-573a-c938-efb0662d2472" executionId="5481b400-1ee3-4449-9367-2dbfd396c9c8" testListId="8c84fa94-04c1-424b-9868-57a2d4851a1d" />
    <TestEntry testId="e2027329-e80c-344d-c606-d753e528abef" executionId="e05b5f6b-7349-4902-9003-c016f66050a0" testListId="8c84fa94-04c1-424b-9868-57a2d4851a1d" />
    <TestEntry testId="43f21a76-e937-3189-f12d-d7e689f5c7a7" executionId="0f0a7e3b-7bff-40b5-baca-e212389c0ff8" testListId="8c84fa94-04c1-424b-9868-57a2d4851a1d" />
    <TestEntry testId="78e4fb61-85de-b284-2139-0b0b5c1f5851" executionId="f8fd065a-a671-4d55-89d6-eccb88392a54" testListId="8c84fa94-04c1-424b-9868-57a2d4851a1d" />
    <TestEntry testId="72efa39e-eff6-4912-b45f-47848f53b2c3" executionId="b15b703d-d4ef-40f5-b91d-4eb8bd313bc5" testListId="8c84fa94-04c1-424b-9868-57a2d4851a1d" />
    <TestEntry testId="1aed07bd-4aac-0bd1-4e5f-0c333ee68f63" executionId="f5ce0e6b-384a-4f01-992b-3a0138ccc9c9" testListId="8c84fa94-04c1-424b-9868-57a2d4851a1d" />
    <TestEntry testId="e5b41a91-f621-b63d-8fde-26a3a29f2ffa" executionId="231e38c7-0f40-4206-b237-8524470df8dc" testListId="8c84fa94-04c1-424b-9868-57a2d4851a1d" />
  </TestEntries>
  <TestLists>
    <TestList name="Results Not in a List" id="8c84fa94-04c1-424b-9868-57a2d4851a1d" />
    <TestList name="All Loaded Results" id="19431567-8539-422a-85d7-44ee4e166bda" />
  </TestLists>
  <ResultSummary outcome="Completed">
    <Counters total="16" executed="16" passed="16" failed="0" error="0" timeout="0" aborted="0" inconclusive="0" passedButRunAborted="0" notRunnable="0" notExecuted="0" disconnected="0" warning="0" completed="0" inProgress="0" pending="0" />
    <Output>
      <StdOut>NUnit Adapter 4.5.0.0: Test execution started
Running all tests in /home/lukas/Development/github.com/sia-digital/pibox/PiBox.Plugins/Endpoints/RestResourceEntity/test/PiBox.Plugins.Endpoints.RestResourceEntity.Tests/bin/Release/net8.0/PiBox.Plugins.Endpoints.RestResourceEntity.Tests.dll
   NUnit3TestExecutor discovered 16 of 16 NUnit test cases using Current Discovery mode, Non-Explicit run
NUnit Adapter 4.5.0.0: Test execution complete
</StdOut>
    </Output>
  </ResultSummary>
</TestRun>