<?xml version="1.0" encoding="utf-8"?>
<TestRun id="44c3e5e1-6171-4d49-9a5c-db801bcd8813" name="@wkuerzdoelbt01 2023-11-22 15:52:46" xmlns="http://microsoft.com/schemas/VisualStudio/TeamTest/2010">
  <Times creation="2023-11-22T15:52:46.4354801+01:00" queuing="2023-11-22T15:52:46.4354804+01:00" start="2023-11-22T15:52:41.1176037+01:00" finish="2023-11-22T15:52:47.1823958+01:00" />
  <TestSettings name="default" id="ae086795-4694-4e5e-a823-513cf607e067">
    <Deployment runDeploymentRoot="_wkuerzdoelbt01_2023-11-22_15_52_46" />
  </TestSettings>
  <Results>
    <UnitTestResult executionId="57222820-2df2-40ff-935b-3ae8d3245b7d" testId="aff150ed-df34-9087-6b7d-ad8d257b4704" testName="BuilderCanAddDltMessageConsumers" computerName="wkuerzdoelbt01" duration="00:00:00.0187820" startTime="2023-11-22T15:52:46.2708614+01:00" endTime="2023-11-22T15:52:46.2896424+01:00" testType="13cdc9d9-ddb5-4fa4-a97d-d965ccfc6d4b" outcome="Passed" testListId="8c84fa94-04c1-424b-9868-57a2d4851a1d" relativeResultsDirectory="57222820-2df2-40ff-935b-3ae8d3245b7d" />
    <UnitTestResult executionId="5e261d8f-80f5-42a0-8742-f590ec56da3f" testId="f1e7c4f5-a536-532d-c4d3-f0058c5fb524" testName="ProtobufTypeNameResolverFindsTypeWithCSharpOption" computerName="wkuerzdoelbt01" duration="00:00:01.0742900" startTime="2023-11-22T15:52:45.7397415+01:00" endTime="2023-11-22T15:52:46.8140319+01:00" testType="13cdc9d9-ddb5-4fa4-a97d-d965ccfc6d4b" outcome="Passed" testListId="8c84fa94-04c1-424b-9868-57a2d4851a1d" relativeResultsDirectory="5e261d8f-80f5-42a0-8742-f590ec56da3f" />
    <UnitTestResult executionId="2e6ecdf2-f053-49f9-bdf6-079c0fea48fd" testId="534fffe3-8080-36d0-ddf6-9bb68ae3e64c" testName="HealthyWhenOneServerIsUp" computerName="wkuerzdoelbt01" duration="00:00:00.8501290" startTime="2023-11-22T15:52:45.7397958+01:00" endTime="2023-11-22T15:52:46.5899246+01:00" testType="13cdc9d9-ddb5-4fa4-a97d-d965ccfc6d4b" outcome="Passed" testListId="8c84fa94-04c1-424b-9868-57a2d4851a1d" relativeResultsDirectory="2e6ecdf2-f053-49f9-bdf6-079c0fea48fd" />
    <UnitTestResult executionId="2de93b41-3843-48c8-93ea-d0e68b0a98c6" testId="736eddf3-94b9-eaf6-05e1-5642e26e2e70" testName="UnhealthyWhenServersAreDown" computerName="wkuerzdoelbt01" duration="00:00:00.0049400" startTime="2023-11-22T15:52:46.6054346+01:00" endTime="2023-11-22T15:52:46.6103748+01:00" testType="13cdc9d9-ddb5-4fa4-a97d-d965ccfc6d4b" outcome="Passed" testListId="8c84fa94-04c1-424b-9868-57a2d4851a1d" relativeResultsDirectory="2de93b41-3843-48c8-93ea-d0e68b0a98c6" />
    <UnitTestResult executionId="72f49047-cc9f-49aa-8320-fa3c1a5b313c" testId="1b610a6a-3c1f-6735-dbec-19e3c79d4c88" testName="ProtobufTypeNameResolverResolvesMessageTypes" computerName="wkuerzdoelbt01" duration="00:00:00.0040920" startTime="2023-11-22T15:52:46.8157642+01:00" endTime="2023-11-22T15:52:46.8198555+01:00" testType="13cdc9d9-ddb5-4fa4-a97d-d965ccfc6d4b" outcome="Passed" testListId="8c84fa94-04c1-424b-9868-57a2d4851a1d" relativeResultsDirectory="72f49047-cc9f-49aa-8320-fa3c1a5b313c" />
    <UnitTestResult executionId="46c5bb83-a4c2-4cad-9332-60841dfcf111" testId="1ff94d01-8114-c466-1923-41c8e7f4cdc6" testName="DefaultConfigsShouldOverwriteClientConfig" computerName="wkuerzdoelbt01" duration="00:00:00.4486240" startTime="2023-11-22T15:52:45.7398203+01:00" endTime="2023-11-22T15:52:46.1884437+01:00" testType="13cdc9d9-ddb5-4fa4-a97d-d965ccfc6d4b" outcome="Passed" testListId="8c84fa94-04c1-424b-9868-57a2d4851a1d" relativeResultsDirectory="46c5bb83-a4c2-4cad-9332-60841dfcf111" />
    <UnitTestResult executionId="d73d944b-4df3-4dca-abe3-c0ec808c2349" testId="00ce5021-c86d-b184-995a-45b943d13e67" testName="BuilderAddsOneConsumerAndOneProducer" computerName="wkuerzdoelbt01" duration="00:00:00.5219160" startTime="2023-11-22T15:52:45.7397116+01:00" endTime="2023-11-22T15:52:46.2616273+01:00" testType="13cdc9d9-ddb5-4fa4-a97d-d965ccfc6d4b" outcome="Passed" testListId="8c84fa94-04c1-424b-9868-57a2d4851a1d" relativeResultsDirectory="d73d944b-4df3-4dca-abe3-c0ec808c2349" />
    <UnitTestResult executionId="8a1d43eb-c9ee-465d-98ac-20b8e19414fd" testId="45fe5801-0887-1ab2-78ee-681abcc4e871" testName="BuilderAddsOneTypedProducer" computerName="wkuerzdoelbt01" duration="00:00:00.0016590" startTime="2023-11-22T15:52:46.2691505+01:00" endTime="2023-11-22T15:52:46.2708094+01:00" testType="13cdc9d9-ddb5-4fa4-a97d-d965ccfc6d4b" outcome="Passed" testListId="8c84fa94-04c1-424b-9868-57a2d4851a1d" relativeResultsDirectory="8a1d43eb-c9ee-465d-98ac-20b8e19414fd" />
    <UnitTestResult executionId="c229fea8-ba91-41ae-ad7f-1c757655b0b7" testId="b3bd6cc3-37fe-2f9a-1557-4ac36526da70" testName="CanHandleMessagesError" computerName="wkuerzdoelbt01" duration="00:00:00.7905780" startTime="2023-11-22T15:52:45.7398040+01:00" endTime="2023-11-22T15:52:46.5303813+01:00" testType="13cdc9d9-ddb5-4fa4-a97d-d965ccfc6d4b" outcome="Passed" testListId="8c84fa94-04c1-424b-9868-57a2d4851a1d" relativeResultsDirectory="c229fea8-ba91-41ae-ad7f-1c757655b0b7" />
    <UnitTestResult executionId="ffc34831-4c29-4194-8d7e-2c1686dbb47e" testId="3800a8aa-018a-72c4-e70c-fd83a78e3b2a" testName="CanHandleMessagesSuccess" computerName="wkuerzdoelbt01" duration="00:00:00.0029420" startTime="2023-11-22T15:52:46.5304304+01:00" endTime="2023-11-22T15:52:46.5333717+01:00" testType="13cdc9d9-ddb5-4fa4-a97d-d965ccfc6d4b" outcome="Passed" testListId="8c84fa94-04c1-424b-9868-57a2d4851a1d" relativeResultsDirectory="ffc34831-4c29-4194-8d7e-2c1686dbb47e" />
    <UnitTestResult executionId="a70eafd8-6383-4303-af08-56901111bc5a" testId="0afd410a-4f11-d577-0c6b-fe0b8c3195d0" testName="ProtobufTypeNameResolverFindsTypeWithoutCSharpOption" computerName="wkuerzdoelbt01" duration="00:00:00.0016540" startTime="2023-11-22T15:52:46.8140760+01:00" endTime="2023-11-22T15:52:46.8157297+01:00" testType="13cdc9d9-ddb5-4fa4-a97d-d965ccfc6d4b" outcome="Passed" testListId="8c84fa94-04c1-424b-9868-57a2d4851a1d" relativeResultsDirectory="a70eafd8-6383-4303-af08-56901111bc5a" />
    <UnitTestResult executionId="19c7a47a-610f-490d-969a-9982059d1438" testId="b55ef2cb-1586-7276-8e0a-674aff3e013c" testName="WhenIClusterConfigurationBuilderExtensionIsOnlyExecutedOnTruePredicate" computerName="wkuerzdoelbt01" duration="00:00:00.0096410" startTime="2023-11-22T15:52:46.3029323+01:00" endTime="2023-11-22T15:52:46.3125739+01:00" testType="13cdc9d9-ddb5-4fa4-a97d-d965ccfc6d4b" outcome="Passed" testListId="8c84fa94-04c1-424b-9868-57a2d4851a1d" relativeResultsDirectory="19c7a47a-610f-490d-969a-9982059d1438" />
    <UnitTestResult executionId="2b482818-95e4-46c3-adcf-e2e0cca3285c" testId="3ed489b4-5898-c106-152b-88ee8cb5e68b" testName="EmptyBuilderAddsNoConsumersNorProducers" computerName="wkuerzdoelbt01" duration="00:00:00.0093240" startTime="2023-11-22T15:52:46.2914484+01:00" endTime="2023-11-22T15:52:46.3007711+01:00" testType="13cdc9d9-ddb5-4fa4-a97d-d965ccfc6d4b" outcome="Passed" testListId="8c84fa94-04c1-424b-9868-57a2d4851a1d" relativeResultsDirectory="2b482818-95e4-46c3-adcf-e2e0cca3285c" />
    <UnitTestResult executionId="2289d132-c904-4b84-9aec-97adf6bf728b" testId="60221ef3-b516-c8b5-9930-97a83d79d405" testName="CollectDataSetsTheCurrentGaugeValue" computerName="wkuerzdoelbt01" duration="00:00:00.6264260" startTime="2023-11-22T15:52:45.9055611+01:00" endTime="2023-11-22T15:52:46.5319875+01:00" testType="13cdc9d9-ddb5-4fa4-a97d-d965ccfc6d4b" outcome="Passed" testListId="8c84fa94-04c1-424b-9868-57a2d4851a1d" relativeResultsDirectory="2289d132-c904-4b84-9aec-97adf6bf728b" />
    <UnitTestResult executionId="b590d11a-76bf-428a-874e-abc250b5e1b2" testId="48accc5d-27ce-0616-43ff-2928d2f8b35e" testName="Works" computerName="wkuerzdoelbt01" duration="00:00:00.6524730" startTime="2023-11-22T15:52:45.7395877+01:00" endTime="2023-11-22T15:52:46.3920603+01:00" testType="13cdc9d9-ddb5-4fa4-a97d-d965ccfc6d4b" outcome="Passed" testListId="8c84fa94-04c1-424b-9868-57a2d4851a1d" relativeResultsDirectory="b590d11a-76bf-428a-874e-abc250b5e1b2" />
    <UnitTestResult executionId="d78d2c97-2c66-4c0b-a583-5d61328502b0" testId="be13e5df-72fe-67ce-c9a7-876bb048b68d" testName="HealthyWhenServerIsUp" computerName="wkuerzdoelbt01" duration="00:00:00.0071730" startTime="2023-11-22T15:52:46.5899672+01:00" endTime="2023-11-22T15:52:46.5971393+01:00" testType="13cdc9d9-ddb5-4fa4-a97d-d965ccfc6d4b" outcome="Passed" testListId="8c84fa94-04c1-424b-9868-57a2d4851a1d" relativeResultsDirectory="d78d2c97-2c66-4c0b-a583-5d61328502b0" />
    <UnitTestResult executionId="c5f0ec12-c5a2-4251-a015-ca2da942f301" testId="39399670-690c-7d55-1406-6751957e071f" testName="WhenIConsumerConfigurationBuilderExtensionIsOnlyExecutedOnTruePredicate" computerName="wkuerzdoelbt01" duration="00:00:00.0150580" startTime="2023-11-22T15:52:46.3153438+01:00" endTime="2023-11-22T15:52:46.3304033+01:00" testType="13cdc9d9-ddb5-4fa4-a97d-d965ccfc6d4b" outcome="Passed" testListId="8c84fa94-04c1-424b-9868-57a2d4851a1d" relativeResultsDirectory="c5f0ec12-c5a2-4251-a015-ca2da942f301" />
    <UnitTestResult executionId="2ce3a654-e978-43e8-91ad-2d4022caf0b1" testId="001b57ab-916c-90c1-104c-ed4ab4b4a929" testName="CollectDataSetsLogsException" computerName="wkuerzdoelbt01" duration="00:00:00.1342700" startTime="2023-11-22T15:52:45.7397209+01:00" endTime="2023-11-22T15:52:45.8738732+01:00" testType="13cdc9d9-ddb5-4fa4-a97d-d965ccfc6d4b" outcome="Passed" testListId="8c84fa94-04c1-424b-9868-57a2d4851a1d" relativeResultsDirectory="2ce3a654-e978-43e8-91ad-2d4022caf0b1" />
    <UnitTestResult executionId="c0bd9092-a117-4801-b0e7-cb9d9f52dc79" testId="ca8d9b2c-7e04-1503-2eb4-544702bd105b" testName="ProtobufTypeNameResolverReturnsNullOnNotExistingTypes" computerName="wkuerzdoelbt01" duration="00:00:00.0559250" startTime="2023-11-22T15:52:46.8198954+01:00" endTime="2023-11-22T15:52:46.8758188+01:00" testType="13cdc9d9-ddb5-4fa4-a97d-d965ccfc6d4b" outcome="Passed" testListId="8c84fa94-04c1-424b-9868-57a2d4851a1d" relativeResultsDirectory="c0bd9092-a117-4801-b0e7-cb9d9f52dc79" />
    <UnitTestResult executionId="5cf3b477-dd40-4df3-be4f-d4fad308ff13" testId="b86d0275-178a-8d21-0e3d-58f292c9f62c" testName="UnhealthyOnException" computerName="wkuerzdoelbt01" duration="00:00:00.0082070" startTime="2023-11-22T15:52:46.5971801+01:00" endTime="2023-11-22T15:52:46.6053867+01:00" testType="13cdc9d9-ddb5-4fa4-a97d-d965ccfc6d4b" outcome="Passed" testListId="8c84fa94-04c1-424b-9868-57a2d4851a1d" relativeResultsDirectory="5cf3b477-dd40-4df3-be4f-d4fad308ff13" />
  </Results>
  <TestDefinitions>
    <UnitTest name="BuilderCanAddDltMessageConsumers" storage="/home/lukas/development/github.com/sia-digital/pibox/pibox.plugins/messaging/kafka/flow/tests/pibox.plugins.messaging.kafka.flow.tests/bin/release/net8.0/pibox.plugins.messaging.kafka.flow.tests.dll" id="aff150ed-df34-9087-6b7d-ad8d257b4704">
      <Execution id="57222820-2df2-40ff-935b-3ae8d3245b7d" />
      <TestMethod codeBase="/home/lukas/Development/github.com/sia-digital/pibox/PiBox.Plugins/Messaging/Kafka/Flow/tests/PiBox.Plugins.Messaging.Kafka.Flow.Tests/bin/Release/net8.0/PiBox.Plugins.Messaging.Kafka.Flow.Tests.dll" adapterTypeName="executor://nunit3testexecutor/" className="PiBox.Plugins.Messaging.Kafka.Flow.Tests.KafkaFlowBuilderTests" name="BuilderCanAddDltMessageConsumers" />
    </UnitTest>
    <UnitTest name="UnhealthyOnException" storage="/home/lukas/development/github.com/sia-digital/pibox/pibox.plugins/messaging/kafka/flow/tests/pibox.plugins.messaging.kafka.flow.tests/bin/release/net8.0/pibox.plugins.messaging.kafka.flow.tests.dll" id="b86d0275-178a-8d21-0e3d-58f292c9f62c">
      <Execution id="5cf3b477-dd40-4df3-be4f-d4fad308ff13" />
      <TestMethod codeBase="/home/lukas/Development/github.com/sia-digital/pibox/PiBox.Plugins/Messaging/Kafka/Flow/tests/PiBox.Plugins.Messaging.Kafka.Flow.Tests/bin/Release/net8.0/PiBox.Plugins.Messaging.Kafka.Flow.Tests.dll" adapterTypeName="executor://nunit3testexecutor/" className="PiBox.Plugins.Messaging.Kafka.Flow.Tests.KafkaHealthCheckTests" name="UnhealthyOnException" />
    </UnitTest>
    <UnitTest name="CollectDataSetsLogsException" storage="/home/lukas/development/github.com/sia-digital/pibox/pibox.plugins/messaging/kafka/flow/tests/pibox.plugins.messaging.kafka.flow.tests/bin/release/net8.0/pibox.plugins.messaging.kafka.flow.tests.dll" id="001b57ab-916c-90c1-104c-ed4ab4b4a929">
      <Execution id="2ce3a654-e978-43e8-91ad-2d4022caf0b1" />
      <TestMethod codeBase="/home/lukas/Development/github.com/sia-digital/pibox/PiBox.Plugins/Messaging/Kafka/Flow/tests/PiBox.Plugins.Messaging.Kafka.Flow.Tests/bin/Release/net8.0/PiBox.Plugins.Messaging.Kafka.Flow.Tests.dll" adapterTypeName="executor://nunit3testexecutor/" className="PiBox.Plugins.Messaging.Kafka.Flow.Tests.KafkaFlowStatisticsMetricsReporterTest" name="CollectDataSetsLogsException" />
    </UnitTest>
    <UnitTest name="CollectDataSetsTheCurrentGaugeValue" storage="/home/lukas/development/github.com/sia-digital/pibox/pibox.plugins/messaging/kafka/flow/tests/pibox.plugins.messaging.kafka.flow.tests/bin/release/net8.0/pibox.plugins.messaging.kafka.flow.tests.dll" id="60221ef3-b516-c8b5-9930-97a83d79d405">
      <Execution id="2289d132-c904-4b84-9aec-97adf6bf728b" />
      <TestMethod codeBase="/home/lukas/Development/github.com/sia-digital/pibox/PiBox.Plugins/Messaging/Kafka/Flow/tests/PiBox.Plugins.Messaging.Kafka.Flow.Tests/bin/Release/net8.0/PiBox.Plugins.Messaging.Kafka.Flow.Tests.dll" adapterTypeName="executor://nunit3testexecutor/" className="PiBox.Plugins.Messaging.Kafka.Flow.Tests.KafkaFlowStatisticsMetricsReporterTest" name="CollectDataSetsTheCurrentGaugeValue" />
    </UnitTest>
    <UnitTest name="ProtobufTypeNameResolverReturnsNullOnNotExistingTypes" storage="/home/lukas/development/github.com/sia-digital/pibox/pibox.plugins/messaging/kafka/flow/tests/pibox.plugins.messaging.kafka.flow.tests/bin/release/net8.0/pibox.plugins.messaging.kafka.flow.tests.dll" id="ca8d9b2c-7e04-1503-2eb4-544702bd105b">
      <Execution id="c0bd9092-a117-4801-b0e7-cb9d9f52dc79" />
      <TestMethod codeBase="/home/lukas/Development/github.com/sia-digital/pibox/PiBox.Plugins/Messaging/Kafka/Flow/tests/PiBox.Plugins.Messaging.Kafka.Flow.Tests/bin/Release/net8.0/PiBox.Plugins.Messaging.Kafka.Flow.Tests.dll" adapterTypeName="executor://nunit3testexecutor/" className="PiBox.Plugins.Messaging.Kafka.Flow.Tests.ProtobufTypeNameResolverTests" name="ProtobufTypeNameResolverReturnsNullOnNotExistingTypes" />
    </UnitTest>
    <UnitTest name="BuilderAddsOneTypedProducer" storage="/home/lukas/development/github.com/sia-digital/pibox/pibox.plugins/messaging/kafka/flow/tests/pibox.plugins.messaging.kafka.flow.tests/bin/release/net8.0/pibox.plugins.messaging.kafka.flow.tests.dll" id="45fe5801-0887-1ab2-78ee-681abcc4e871">
      <Execution id="8a1d43eb-c9ee-465d-98ac-20b8e19414fd" />
      <TestMethod codeBase="/home/lukas/Development/github.com/sia-digital/pibox/PiBox.Plugins/Messaging/Kafka/Flow/tests/PiBox.Plugins.Messaging.Kafka.Flow.Tests/bin/Release/net8.0/PiBox.Plugins.Messaging.Kafka.Flow.Tests.dll" adapterTypeName="executor://nunit3testexecutor/" className="PiBox.Plugins.Messaging.Kafka.Flow.Tests.KafkaFlowBuilderTests" name="BuilderAddsOneTypedProducer" />
    </UnitTest>
    <UnitTest name="ProtobufTypeNameResolverFindsTypeWithoutCSharpOption" storage="/home/lukas/development/github.com/sia-digital/pibox/pibox.plugins/messaging/kafka/flow/tests/pibox.plugins.messaging.kafka.flow.tests/bin/release/net8.0/pibox.plugins.messaging.kafka.flow.tests.dll" id="0afd410a-4f11-d577-0c6b-fe0b8c3195d0">
      <Execution id="a70eafd8-6383-4303-af08-56901111bc5a" />
      <TestMethod codeBase="/home/lukas/Development/github.com/sia-digital/pibox/PiBox.Plugins/Messaging/Kafka/Flow/tests/PiBox.Plugins.Messaging.Kafka.Flow.Tests/bin/Release/net8.0/PiBox.Plugins.Messaging.Kafka.Flow.Tests.dll" adapterTypeName="executor://nunit3testexecutor/" className="PiBox.Plugins.Messaging.Kafka.Flow.Tests.ProtobufTypeNameResolverTests" name="ProtobufTypeNameResolverFindsTypeWithoutCSharpOption" />
    </UnitTest>
    <UnitTest name="ProtobufTypeNameResolverFindsTypeWithCSharpOption" storage="/home/lukas/development/github.com/sia-digital/pibox/pibox.plugins/messaging/kafka/flow/tests/pibox.plugins.messaging.kafka.flow.tests/bin/release/net8.0/pibox.plugins.messaging.kafka.flow.tests.dll" id="f1e7c4f5-a536-532d-c4d3-f0058c5fb524">
      <Execution id="5e261d8f-80f5-42a0-8742-f590ec56da3f" />
      <TestMethod codeBase="/home/lukas/Development/github.com/sia-digital/pibox/PiBox.Plugins/Messaging/Kafka/Flow/tests/PiBox.Plugins.Messaging.Kafka.Flow.Tests/bin/Release/net8.0/PiBox.Plugins.Messaging.Kafka.Flow.Tests.dll" adapterTypeName="executor://nunit3testexecutor/" className="PiBox.Plugins.Messaging.Kafka.Flow.Tests.ProtobufTypeNameResolverTests" name="ProtobufTypeNameResolverFindsTypeWithCSharpOption" />
    </UnitTest>
    <UnitTest name="CanHandleMessagesError" storage="/home/lukas/development/github.com/sia-digital/pibox/pibox.plugins/messaging/kafka/flow/tests/pibox.plugins.messaging.kafka.flow.tests/bin/release/net8.0/pibox.plugins.messaging.kafka.flow.tests.dll" id="b3bd6cc3-37fe-2f9a-1557-4ac36526da70">
      <Execution id="c229fea8-ba91-41ae-ad7f-1c757655b0b7" />
      <TestMethod codeBase="/home/lukas/Development/github.com/sia-digital/pibox/PiBox.Plugins/Messaging/Kafka/Flow/tests/PiBox.Plugins.Messaging.Kafka.Flow.Tests/bin/Release/net8.0/PiBox.Plugins.Messaging.Kafka.Flow.Tests.dll" adapterTypeName="executor://nunit3testexecutor/" className="PiBox.Plugins.Messaging.Kafka.Flow.Tests.Handlers.DltMessageHandlerTests" name="CanHandleMessagesError" />
    </UnitTest>
    <UnitTest name="WhenIClusterConfigurationBuilderExtensionIsOnlyExecutedOnTruePredicate" storage="/home/lukas/development/github.com/sia-digital/pibox/pibox.plugins/messaging/kafka/flow/tests/pibox.plugins.messaging.kafka.flow.tests/bin/release/net8.0/pibox.plugins.messaging.kafka.flow.tests.dll" id="b55ef2cb-1586-7276-8e0a-674aff3e013c">
      <Execution id="19c7a47a-610f-490d-969a-9982059d1438" />
      <TestMethod codeBase="/home/lukas/Development/github.com/sia-digital/pibox/PiBox.Plugins/Messaging/Kafka/Flow/tests/PiBox.Plugins.Messaging.Kafka.Flow.Tests/bin/Release/net8.0/PiBox.Plugins.Messaging.Kafka.Flow.Tests.dll" adapterTypeName="executor://nunit3testexecutor/" className="PiBox.Plugins.Messaging.Kafka.Flow.Tests.KafkaFlowBuilderTests" name="WhenIClusterConfigurationBuilderExtensionIsOnlyExecutedOnTruePredicate" />
    </UnitTest>
    <UnitTest name="CanHandleMessagesSuccess" storage="/home/lukas/development/github.com/sia-digital/pibox/pibox.plugins/messaging/kafka/flow/tests/pibox.plugins.messaging.kafka.flow.tests/bin/release/net8.0/pibox.plugins.messaging.kafka.flow.tests.dll" id="3800a8aa-018a-72c4-e70c-fd83a78e3b2a">
      <Execution id="ffc34831-4c29-4194-8d7e-2c1686dbb47e" />
      <TestMethod codeBase="/home/lukas/Development/github.com/sia-digital/pibox/PiBox.Plugins/Messaging/Kafka/Flow/tests/PiBox.Plugins.Messaging.Kafka.Flow.Tests/bin/Release/net8.0/PiBox.Plugins.Messaging.Kafka.Flow.Tests.dll" adapterTypeName="executor://nunit3testexecutor/" className="PiBox.Plugins.Messaging.Kafka.Flow.Tests.Handlers.DltMessageHandlerTests" name="CanHandleMessagesSuccess" />
    </UnitTest>
    <UnitTest name="UnhealthyWhenServersAreDown" storage="/home/lukas/development/github.com/sia-digital/pibox/pibox.plugins/messaging/kafka/flow/tests/pibox.plugins.messaging.kafka.flow.tests/bin/release/net8.0/pibox.plugins.messaging.kafka.flow.tests.dll" id="736eddf3-94b9-eaf6-05e1-5642e26e2e70">
      <Execution id="2de93b41-3843-48c8-93ea-d0e68b0a98c6" />
      <TestMethod codeBase="/home/lukas/Development/github.com/sia-digital/pibox/PiBox.Plugins/Messaging/Kafka/Flow/tests/PiBox.Plugins.Messaging.Kafka.Flow.Tests/bin/Release/net8.0/PiBox.Plugins.Messaging.Kafka.Flow.Tests.dll" adapterTypeName="executor://nunit3testexecutor/" className="PiBox.Plugins.Messaging.Kafka.Flow.Tests.KafkaHealthCheckTests" name="UnhealthyWhenServersAreDown" />
    </UnitTest>
    <UnitTest name="DefaultConfigsShouldOverwriteClientConfig" storage="/home/lukas/development/github.com/sia-digital/pibox/pibox.plugins/messaging/kafka/flow/tests/pibox.plugins.messaging.kafka.flow.tests/bin/release/net8.0/pibox.plugins.messaging.kafka.flow.tests.dll" id="1ff94d01-8114-c466-1923-41c8e7f4cdc6">
      <Execution id="46c5bb83-a4c2-4cad-9332-60841dfcf111" />
      <TestMethod codeBase="/home/lukas/Development/github.com/sia-digital/pibox/PiBox.Plugins/Messaging/Kafka/Flow/tests/PiBox.Plugins.Messaging.Kafka.Flow.Tests/bin/Release/net8.0/PiBox.Plugins.Messaging.Kafka.Flow.Tests.dll" adapterTypeName="executor://nunit3testexecutor/" className="PiBox.Plugins.Messaging.Kafka.Flow.Tests.ConfigTests" name="DefaultConfigsShouldOverwriteClientConfig" />
    </UnitTest>
    <UnitTest name="EmptyBuilderAddsNoConsumersNorProducers" storage="/home/lukas/development/github.com/sia-digital/pibox/pibox.plugins/messaging/kafka/flow/tests/pibox.plugins.messaging.kafka.flow.tests/bin/release/net8.0/pibox.plugins.messaging.kafka.flow.tests.dll" id="3ed489b4-5898-c106-152b-88ee8cb5e68b">
      <Execution id="2b482818-95e4-46c3-adcf-e2e0cca3285c" />
      <TestMethod codeBase="/home/lukas/Development/github.com/sia-digital/pibox/PiBox.Plugins/Messaging/Kafka/Flow/tests/PiBox.Plugins.Messaging.Kafka.Flow.Tests/bin/Release/net8.0/PiBox.Plugins.Messaging.Kafka.Flow.Tests.dll" adapterTypeName="executor://nunit3testexecutor/" className="PiBox.Plugins.Messaging.Kafka.Flow.Tests.KafkaFlowBuilderTests" name="EmptyBuilderAddsNoConsumersNorProducers" />
    </UnitTest>
    <UnitTest name="ProtobufTypeNameResolverResolvesMessageTypes" storage="/home/lukas/development/github.com/sia-digital/pibox/pibox.plugins/messaging/kafka/flow/tests/pibox.plugins.messaging.kafka.flow.tests/bin/release/net8.0/pibox.plugins.messaging.kafka.flow.tests.dll" id="1b610a6a-3c1f-6735-dbec-19e3c79d4c88">
      <Execution id="72f49047-cc9f-49aa-8320-fa3c1a5b313c" />
      <TestMethod codeBase="/home/lukas/Development/github.com/sia-digital/pibox/PiBox.Plugins/Messaging/Kafka/Flow/tests/PiBox.Plugins.Messaging.Kafka.Flow.Tests/bin/Release/net8.0/PiBox.Plugins.Messaging.Kafka.Flow.Tests.dll" adapterTypeName="executor://nunit3testexecutor/" className="PiBox.Plugins.Messaging.Kafka.Flow.Tests.ProtobufTypeNameResolverTests" name="ProtobufTypeNameResolverResolvesMessageTypes" />
    </UnitTest>
    <UnitTest name="HealthyWhenServerIsUp" storage="/home/lukas/development/github.com/sia-digital/pibox/pibox.plugins/messaging/kafka/flow/tests/pibox.plugins.messaging.kafka.flow.tests/bin/release/net8.0/pibox.plugins.messaging.kafka.flow.tests.dll" id="be13e5df-72fe-67ce-c9a7-876bb048b68d">
      <Execution id="d78d2c97-2c66-4c0b-a583-5d61328502b0" />
      <TestMethod codeBase="/home/lukas/Development/github.com/sia-digital/pibox/PiBox.Plugins/Messaging/Kafka/Flow/tests/PiBox.Plugins.Messaging.Kafka.Flow.Tests/bin/Release/net8.0/PiBox.Plugins.Messaging.Kafka.Flow.Tests.dll" adapterTypeName="executor://nunit3testexecutor/" className="PiBox.Plugins.Messaging.Kafka.Flow.Tests.KafkaHealthCheckTests" name="HealthyWhenServerIsUp" />
    </UnitTest>
    <UnitTest name="Works" storage="/home/lukas/development/github.com/sia-digital/pibox/pibox.plugins/messaging/kafka/flow/tests/pibox.plugins.messaging.kafka.flow.tests/bin/release/net8.0/pibox.plugins.messaging.kafka.flow.tests.dll" id="48accc5d-27ce-0616-43ff-2928d2f8b35e">
      <Execution id="b590d11a-76bf-428a-874e-abc250b5e1b2" />
      <TestMethod codeBase="/home/lukas/Development/github.com/sia-digital/pibox/PiBox.Plugins/Messaging/Kafka/Flow/tests/PiBox.Plugins.Messaging.Kafka.Flow.Tests/bin/Release/net8.0/PiBox.Plugins.Messaging.Kafka.Flow.Tests.dll" adapterTypeName="executor://nunit3testexecutor/" className="PiBox.Plugins.Messaging.Kafka.Flow.Tests.KafkaFlowServiceExtensionsTests" name="Works" />
    </UnitTest>
    <UnitTest name="HealthyWhenOneServerIsUp" storage="/home/lukas/development/github.com/sia-digital/pibox/pibox.plugins/messaging/kafka/flow/tests/pibox.plugins.messaging.kafka.flow.tests/bin/release/net8.0/pibox.plugins.messaging.kafka.flow.tests.dll" id="534fffe3-8080-36d0-ddf6-9bb68ae3e64c">
      <Execution id="2e6ecdf2-f053-49f9-bdf6-079c0fea48fd" />
      <TestMethod codeBase="/home/lukas/Development/github.com/sia-digital/pibox/PiBox.Plugins/Messaging/Kafka/Flow/tests/PiBox.Plugins.Messaging.Kafka.Flow.Tests/bin/Release/net8.0/PiBox.Plugins.Messaging.Kafka.Flow.Tests.dll" adapterTypeName="executor://nunit3testexecutor/" className="PiBox.Plugins.Messaging.Kafka.Flow.Tests.KafkaHealthCheckTests" name="HealthyWhenOneServerIsUp" />
    </UnitTest>
    <UnitTest name="WhenIConsumerConfigurationBuilderExtensionIsOnlyExecutedOnTruePredicate" storage="/home/lukas/development/github.com/sia-digital/pibox/pibox.plugins/messaging/kafka/flow/tests/pibox.plugins.messaging.kafka.flow.tests/bin/release/net8.0/pibox.plugins.messaging.kafka.flow.tests.dll" id="39399670-690c-7d55-1406-6751957e071f">
      <Execution id="c5f0ec12-c5a2-4251-a015-ca2da942f301" />
      <TestMethod codeBase="/home/lukas/Development/github.com/sia-digital/pibox/PiBox.Plugins/Messaging/Kafka/Flow/tests/PiBox.Plugins.Messaging.Kafka.Flow.Tests/bin/Release/net8.0/PiBox.Plugins.Messaging.Kafka.Flow.Tests.dll" adapterTypeName="executor://nunit3testexecutor/" className="PiBox.Plugins.Messaging.Kafka.Flow.Tests.KafkaFlowBuilderTests" name="WhenIConsumerConfigurationBuilderExtensionIsOnlyExecutedOnTruePredicate" />
    </UnitTest>
    <UnitTest name="BuilderAddsOneConsumerAndOneProducer" storage="/home/lukas/development/github.com/sia-digital/pibox/pibox.plugins/messaging/kafka/flow/tests/pibox.plugins.messaging.kafka.flow.tests/bin/release/net8.0/pibox.plugins.messaging.kafka.flow.tests.dll" id="00ce5021-c86d-b184-995a-45b943d13e67">
      <Execution id="d73d944b-4df3-4dca-abe3-c0ec808c2349" />
      <TestMethod codeBase="/home/lukas/Development/github.com/sia-digital/pibox/PiBox.Plugins/Messaging/Kafka/Flow/tests/PiBox.Plugins.Messaging.Kafka.Flow.Tests/bin/Release/net8.0/PiBox.Plugins.Messaging.Kafka.Flow.Tests.dll" adapterTypeName="executor://nunit3testexecutor/" className="PiBox.Plugins.Messaging.Kafka.Flow.Tests.KafkaFlowBuilderTests" name="BuilderAddsOneConsumerAndOneProducer" />
    </UnitTest>
  </TestDefinitions>
  <TestEntries>
    <TestEntry testId="aff150ed-df34-9087-6b7d-ad8d257b4704" executionId="57222820-2df2-40ff-935b-3ae8d3245b7d" testListId="8c84fa94-04c1-424b-9868-57a2d4851a1d" />
    <TestEntry testId="f1e7c4f5-a536-532d-c4d3-f0058c5fb524" executionId="5e261d8f-80f5-42a0-8742-f590ec56da3f" testListId="8c84fa94-04c1-424b-9868-57a2d4851a1d" />
    <TestEntry testId="534fffe3-8080-36d0-ddf6-9bb68ae3e64c" executionId="2e6ecdf2-f053-49f9-bdf6-079c0fea48fd" testListId="8c84fa94-04c1-424b-9868-57a2d4851a1d" />
    <TestEntry testId="736eddf3-94b9-eaf6-05e1-5642e26e2e70" executionId="2de93b41-3843-48c8-93ea-d0e68b0a98c6" testListId="8c84fa94-04c1-424b-9868-57a2d4851a1d" />
    <TestEntry testId="1b610a6a-3c1f-6735-dbec-19e3c79d4c88" executionId="72f49047-cc9f-49aa-8320-fa3c1a5b313c" testListId="8c84fa94-04c1-424b-9868-57a2d4851a1d" />
    <TestEntry testId="1ff94d01-8114-c466-1923-41c8e7f4cdc6" executionId="46c5bb83-a4c2-4cad-9332-60841dfcf111" testListId="8c84fa94-04c1-424b-9868-57a2d4851a1d" />
    <TestEntry testId="00ce5021-c86d-b184-995a-45b943d13e67" executionId="d73d944b-4df3-4dca-abe3-c0ec808c2349" testListId="8c84fa94-04c1-424b-9868-57a2d4851a1d" />
    <TestEntry testId="45fe5801-0887-1ab2-78ee-681abcc4e871" executionId="8a1d43eb-c9ee-465d-98ac-20b8e19414fd" testListId="8c84fa94-04c1-424b-9868-57a2d4851a1d" />
    <TestEntry testId="b3bd6cc3-37fe-2f9a-1557-4ac36526da70" executionId="c229fea8-ba91-41ae-ad7f-1c757655b0b7" testListId="8c84fa94-04c1-424b-9868-57a2d4851a1d" />
    <TestEntry testId="3800a8aa-018a-72c4-e70c-fd83a78e3b2a" executionId="ffc34831-4c29-4194-8d7e-2c1686dbb47e" testListId="8c84fa94-04c1-424b-9868-57a2d4851a1d" />
    <TestEntry testId="0afd410a-4f11-d577-0c6b-fe0b8c3195d0" executionId="a70eafd8-6383-4303-af08-56901111bc5a" testListId="8c84fa94-04c1-424b-9868-57a2d4851a1d" />
    <TestEntry testId="b55ef2cb-1586-7276-8e0a-674aff3e013c" executionId="19c7a47a-610f-490d-969a-9982059d1438" testListId="8c84fa94-04c1-424b-9868-57a2d4851a1d" />
    <TestEntry testId="3ed489b4-5898-c106-152b-88ee8cb5e68b" executionId="2b482818-95e4-46c3-adcf-e2e0cca3285c" testListId="8c84fa94-04c1-424b-9868-57a2d4851a1d" />
    <TestEntry testId="60221ef3-b516-c8b5-9930-97a83d79d405" executionId="2289d132-c904-4b84-9aec-97adf6bf728b" testListId="8c84fa94-04c1-424b-9868-57a2d4851a1d" />
    <TestEntry testId="48accc5d-27ce-0616-43ff-2928d2f8b35e" executionId="b590d11a-76bf-428a-874e-abc250b5e1b2" testListId="8c84fa94-04c1-424b-9868-57a2d4851a1d" />
    <TestEntry testId="be13e5df-72fe-67ce-c9a7-876bb048b68d" executionId="d78d2c97-2c66-4c0b-a583-5d61328502b0" testListId="8c84fa94-04c1-424b-9868-57a2d4851a1d" />
    <TestEntry testId="39399670-690c-7d55-1406-6751957e071f" executionId="c5f0ec12-c5a2-4251-a015-ca2da942f301" testListId="8c84fa94-04c1-424b-9868-57a2d4851a1d" />
    <TestEntry testId="001b57ab-916c-90c1-104c-ed4ab4b4a929" executionId="2ce3a654-e978-43e8-91ad-2d4022caf0b1" testListId="8c84fa94-04c1-424b-9868-57a2d4851a1d" />
    <TestEntry testId="ca8d9b2c-7e04-1503-2eb4-544702bd105b" executionId="c0bd9092-a117-4801-b0e7-cb9d9f52dc79" testListId="8c84fa94-04c1-424b-9868-57a2d4851a1d" />
    <TestEntry testId="b86d0275-178a-8d21-0e3d-58f292c9f62c" executionId="5cf3b477-dd40-4df3-be4f-d4fad308ff13" testListId="8c84fa94-04c1-424b-9868-57a2d4851a1d" />
  </TestEntries>
  <TestLists>
    <TestList name="Results Not in a List" id="8c84fa94-04c1-424b-9868-57a2d4851a1d" />
    <TestList name="All Loaded Results" id="19431567-8539-422a-85d7-44ee4e166bda" />
  </TestLists>
  <ResultSummary outcome="Completed">
    <Counters total="20" executed="20" passed="20" failed="0" error="0" timeout="0" aborted="0" inconclusive="0" passedButRunAborted="0" notRunnable="0" notExecuted="0" disconnected="0" warning="0" completed="0" inProgress="0" pending="0" />
    <Output>
      <StdOut>NUnit Adapter 4.5.0.0: Test execution started
Running all tests in /home/lukas/Development/github.com/sia-digital/pibox/PiBox.Plugins/Messaging/Kafka/Flow/tests/PiBox.Plugins.Messaging.Kafka.Flow.Tests/bin/Release/net8.0/PiBox.Plugins.Messaging.Kafka.Flow.Tests.dll
   NUnit3TestExecutor discovered 20 of 20 NUnit test cases using Current Discovery mode, Non-Explicit run
NUnit Adapter 4.5.0.0: Test execution complete
</StdOut>
    </Output>
  </ResultSummary>
</TestRun>