<?xml version="1.0" encoding="utf-8"?>
<TestRun id="29c3031a-75a3-4d71-a322-43485726bcb5" name="@wkuerzdoelbt01 2023-11-22 15:52:46" xmlns="http://microsoft.com/schemas/VisualStudio/TeamTest/2010">
  <Times creation="2023-11-22T15:52:46.2994206+01:00" queuing="2023-11-22T15:52:46.2994209+01:00" start="2023-11-22T15:52:41.0630711+01:00" finish="2023-11-22T15:52:46.8959141+01:00" />
  <TestSettings name="default" id="cee7f418-5bd7-4351-8208-25e01aa07728">
    <Deployment runDeploymentRoot="_wkuerzdoelbt01_2023-11-22_15_52_46" />
  </TestSettings>
  <Results>
    <UnitTestResult executionId="97765f35-c8b6-4906-9f70-e7d59d89c902" testId="9d0ae91e-b7d3-c0e1-f61e-f5ee8a028d35" testName="MiddlewareWritesInternalServerErrorOnExceptions" computerName="wkuerzdoelbt01" duration="00:00:00.0061410" startTime="2023-11-22T15:52:46.3818431+01:00" endTime="2023-11-22T15:52:46.3879842+01:00" testType="13cdc9d9-ddb5-4fa4-a97d-d965ccfc6d4b" outcome="Passed" testListId="8c84fa94-04c1-424b-9868-57a2d4851a1d" relativeResultsDirectory="97765f35-c8b6-4906-9f70-e7d59d89c902" />
    <UnitTestResult executionId="fd3a6fc6-a12a-430e-a527-df6e63317802" testId="caf750f1-3898-ece7-fbe3-2b0d05cf2a47" testName="CanGetConfigWithDoubleUnderscores" computerName="wkuerzdoelbt01" duration="00:00:00.0646120" startTime="2023-11-22T15:52:45.6372138+01:00" endTime="2023-11-22T15:52:45.7018261+01:00" testType="13cdc9d9-ddb5-4fa4-a97d-d965ccfc6d4b" outcome="Passed" testListId="8c84fa94-04c1-424b-9868-57a2d4851a1d" relativeResultsDirectory="fd3a6fc6-a12a-430e-a527-df6e63317802" />
    <UnitTestResult executionId="b0c94277-2710-4210-a96e-d4ae169fe8f5" testId="1130beb9-aa3e-7968-8b21-7d6094204951" testName="CanInitEmpty" computerName="wkuerzdoelbt01" duration="00:00:00.0357110" startTime="2023-11-22T15:52:45.6396636+01:00" endTime="2023-11-22T15:52:45.6753747+01:00" testType="13cdc9d9-ddb5-4fa4-a97d-d965ccfc6d4b" outcome="Passed" testListId="8c84fa94-04c1-424b-9868-57a2d4851a1d" relativeResultsDirectory="b0c94277-2710-4210-a96e-d4ae169fe8f5" />
    <UnitTestResult executionId="9733d18f-6542-4d64-a430-c8501f394ddb" testId="3d8a19d2-c1ec-58ea-74e2-22dd1b9cc5b4" testName="MiddlewareDoesNothingWhenResponseStarted" computerName="wkuerzdoelbt01" duration="00:00:00.2098210" startTime="2023-11-22T15:52:46.0984781+01:00" endTime="2023-11-22T15:52:46.3082985+01:00" testType="13cdc9d9-ddb5-4fa4-a97d-d965ccfc6d4b" outcome="Passed" testListId="8c84fa94-04c1-424b-9868-57a2d4851a1d" relativeResultsDirectory="9733d18f-6542-4d64-a430-c8501f394ddb" />
    <UnitTestResult executionId="0c6d65de-751b-4588-b7b1-6ff88aac8103" testId="219c0066-f108-8048-1374-fdd6e42937d1" testName="CanHandleAttributes" computerName="wkuerzdoelbt01" duration="00:00:00.0212140" startTime="2023-11-22T15:52:45.6775501+01:00" endTime="2023-11-22T15:52:45.6987642+01:00" testType="13cdc9d9-ddb5-4fa4-a97d-d965ccfc6d4b" outcome="Passed" testListId="8c84fa94-04c1-424b-9868-57a2d4851a1d" relativeResultsDirectory="0c6d65de-751b-4588-b7b1-6ff88aac8103" />
    <UnitTestResult executionId="7a299be5-7bf6-4089-b44d-7b0c98bf5c2f" testId="d6084c80-7088-1a33-e68f-c509bf39ed69" testName="CanInitWithMessageAndValidationErrors" computerName="wkuerzdoelbt01" duration="00:00:00.0083510" startTime="2023-11-22T15:52:45.6913395+01:00" endTime="2023-11-22T15:52:45.6996901+01:00" testType="13cdc9d9-ddb5-4fa4-a97d-d965ccfc6d4b" outcome="Passed" testListId="8c84fa94-04c1-424b-9868-57a2d4851a1d" relativeResultsDirectory="7a299be5-7bf6-4089-b44d-7b0c98bf5c2f" />
    <UnitTestResult executionId="b68abcb2-47cc-4cd9-902e-0a2a7e612632" testId="d4c2bbb8-dd71-458e-8bd3-aac189dce869" testName="MiddlewareHandlesValidationPiBoxException" computerName="wkuerzdoelbt01" duration="00:00:00.0117710" startTime="2023-11-22T15:52:46.3553529+01:00" endTime="2023-11-22T15:52:46.3671237+01:00" testType="13cdc9d9-ddb5-4fa4-a97d-d965ccfc6d4b" outcome="Passed" testListId="8c84fa94-04c1-424b-9868-57a2d4851a1d" relativeResultsDirectory="b68abcb2-47cc-4cd9-902e-0a2a7e612632" />
    <UnitTestResult executionId="5649a3c5-6d9f-4ef0-afcd-bc0696de4ad6" testId="4df0ebd9-1459-e9f1-a8ec-605e10483dbb" testName="CanInitWithMessageAndException" computerName="wkuerzdoelbt01" duration="00:00:00.0044220" startTime="2023-11-22T15:52:45.6876638+01:00" endTime="2023-11-22T15:52:45.6920860+01:00" testType="13cdc9d9-ddb5-4fa4-a97d-d965ccfc6d4b" outcome="Passed" testListId="8c84fa94-04c1-424b-9868-57a2d4851a1d" relativeResultsDirectory="5649a3c5-6d9f-4ef0-afcd-bc0696de4ad6" />
    <UnitTestResult executionId="c02d9859-c0eb-42ca-89f2-4bfe35748cb4" testId="f9446bc3-f9e8-b22e-3500-1c8bc6225ab6" testName="CanInitWithStatus" computerName="wkuerzdoelbt01" duration="00:00:00.0019000" startTime="2023-11-22T15:52:45.6988205+01:00" endTime="2023-11-22T15:52:45.7007199+01:00" testType="13cdc9d9-ddb5-4fa4-a97d-d965ccfc6d4b" outcome="Passed" testListId="8c84fa94-04c1-424b-9868-57a2d4851a1d" relativeResultsDirectory="c02d9859-c0eb-42ca-89f2-4bfe35748cb4" />
    <UnitTestResult executionId="4bc54d18-2b9b-4641-901e-5c6ef8553238" testId="c3f4c471-2e5b-6b7a-ef39-5ad6b9a62c43" testName="MiddlewareHandlesUnauthorized" computerName="wkuerzdoelbt01" duration="00:00:00.0017430" startTime="2023-11-22T15:52:46.3533280+01:00" endTime="2023-11-22T15:52:46.3550712+01:00" testType="13cdc9d9-ddb5-4fa4-a97d-d965ccfc6d4b" outcome="Passed" testListId="8c84fa94-04c1-424b-9868-57a2d4851a1d" relativeResultsDirectory="4bc54d18-2b9b-4641-901e-5c6ef8553238" />
    <UnitTestResult executionId="421adb63-9a32-40e5-ae0e-f18620a030de" testId="5bb7db08-6b1c-889d-cfdb-07d75567bfc9" testName="MiddlewareHandlesTeaPot" computerName="wkuerzdoelbt01" duration="00:00:00.0041740" startTime="2023-11-22T15:52:46.3491130+01:00" endTime="2023-11-22T15:52:46.3532870+01:00" testType="13cdc9d9-ddb5-4fa4-a97d-d965ccfc6d4b" outcome="Passed" testListId="8c84fa94-04c1-424b-9868-57a2d4851a1d" relativeResultsDirectory="421adb63-9a32-40e5-ae0e-f18620a030de" />
    <UnitTestResult executionId="12201cf4-ce8d-4954-b8f9-b12553756068" testId="fccbbe8a-464e-82a5-24a1-63ef8d465296" testName="CreateObservableCounterListMeasurementContainsMetric" computerName="wkuerzdoelbt01" duration="00:00:00.0018770" startTime="2023-11-22T15:52:46.0080055+01:00" endTime="2023-11-22T15:52:46.0098824+01:00" testType="13cdc9d9-ddb5-4fa4-a97d-d965ccfc6d4b" outcome="Passed" testListId="8c84fa94-04c1-424b-9868-57a2d4851a1d" relativeResultsDirectory="12201cf4-ce8d-4954-b8f9-b12553756068" />
    <UnitTestResult executionId="7a8d1164-d17f-4935-9196-2aaa9d00e605" testId="87dc9d74-88b8-3853-23f4-1cb97fc13109" testName="CreateObservableCounterMeasurementContainsMetric" computerName="wkuerzdoelbt01" duration="00:00:00.0010940" startTime="2023-11-22T15:52:46.0099203+01:00" endTime="2023-11-22T15:52:46.0110136+01:00" testType="13cdc9d9-ddb5-4fa4-a97d-d965ccfc6d4b" outcome="Passed" testListId="8c84fa94-04c1-424b-9868-57a2d4851a1d" relativeResultsDirectory="7a8d1164-d17f-4935-9196-2aaa9d00e605" />
    <UnitTestResult executionId="93c8b044-c556-4984-8a0b-f0a684702d1b" testId="453fe9ba-2c15-7761-aef1-8b36e5296fbd" testName="ReadinessCheckCanBeInitialized" computerName="wkuerzdoelbt01" duration="00:00:00.0017040" startTime="2023-11-22T15:52:45.7080649+01:00" endTime="2023-11-22T15:52:45.7097686+01:00" testType="13cdc9d9-ddb5-4fa4-a97d-d965ccfc6d4b" outcome="Passed" testListId="8c84fa94-04c1-424b-9868-57a2d4851a1d" relativeResultsDirectory="93c8b044-c556-4984-8a0b-f0a684702d1b" />
    <UnitTestResult executionId="8a83fd85-09a1-49f6-a83a-e8792a23a683" testId="0861ee16-17c6-5364-32e6-2d0e5ad29317" testName="CanGetConfigWithSingleUnderscores" computerName="wkuerzdoelbt01" duration="00:00:00.0023120" startTime="2023-11-22T15:52:45.7018538+01:00" endTime="2023-11-22T15:52:45.7041654+01:00" testType="13cdc9d9-ddb5-4fa4-a97d-d965ccfc6d4b" outcome="Passed" testListId="8c84fa94-04c1-424b-9868-57a2d4851a1d" relativeResultsDirectory="8a83fd85-09a1-49f6-a83a-e8792a23a683" />
    <UnitTestResult executionId="7be8bdcb-e96c-4e35-87a5-0d2036107362" testId="f89fc4b3-3019-a3be-75eb-02fc406fb25a" testName="MiddlewareSuccess" computerName="wkuerzdoelbt01" duration="00:00:00.0025910" startTime="2023-11-22T15:52:46.3379082+01:00" endTime="2023-11-22T15:52:46.3404989+01:00" testType="13cdc9d9-ddb5-4fa4-a97d-d965ccfc6d4b" outcome="Passed" testListId="8c84fa94-04c1-424b-9868-57a2d4851a1d" relativeResultsDirectory="7be8bdcb-e96c-4e35-87a5-0d2036107362" />
    <UnitTestResult executionId="fe180cd0-ae41-4433-a6e9-9d471392536d" testId="b09eac48-8f78-406d-405c-bb7de3a9caf5" testName="CanSerializeAndDeserializeJson" computerName="wkuerzdoelbt01" duration="00:00:00.5721619" startTime="2023-11-22T15:52:45.6403824+01:00" endTime="2023-11-22T15:52:46.2125439+01:00" testType="13cdc9d9-ddb5-4fa4-a97d-d965ccfc6d4b" outcome="Passed" testListId="8c84fa94-04c1-424b-9868-57a2d4851a1d" relativeResultsDirectory="fe180cd0-ae41-4433-a6e9-9d471392536d" />
    <UnitTestResult executionId="baf19155-0c34-405a-90cc-0c028edcd164" testId="7e12c849-c1c6-bef1-b12b-c3888cf4ad86" testName="CreateObservableCounterContainsMetric" computerName="wkuerzdoelbt01" duration="00:00:00.0034120" startTime="2023-11-22T15:52:46.0045583+01:00" endTime="2023-11-22T15:52:46.0079690+01:00" testType="13cdc9d9-ddb5-4fa4-a97d-d965ccfc6d4b" outcome="Passed" testListId="8c84fa94-04c1-424b-9868-57a2d4851a1d" relativeResultsDirectory="baf19155-0c34-405a-90cc-0c028edcd164" />
    <UnitTestResult executionId="4a38ea11-7738-4462-ace3-2439fe26bbd6" testId="fe7e5b64-bcf1-6ecf-f947-cec721e580e4" testName="CanInitWithEntityAndId" computerName="wkuerzdoelbt01" duration="00:00:00.0421210" startTime="2023-11-22T15:52:45.6325734+01:00" endTime="2023-11-22T15:52:45.6743733+01:00" testType="13cdc9d9-ddb5-4fa4-a97d-d965ccfc6d4b" outcome="Passed" testListId="8c84fa94-04c1-424b-9868-57a2d4851a1d" relativeResultsDirectory="4a38ea11-7738-4462-ace3-2439fe26bbd6" />
    <UnitTestResult executionId="08aac2fb-f645-473b-a771-7a70363693b9" testId="b64c4f25-a689-5da2-71de-48176c041751" testName="CanInitWithMessage" computerName="wkuerzdoelbt01" duration="00:00:00.0523170" startTime="2023-11-22T15:52:45.6386159+01:00" endTime="2023-11-22T15:52:45.6909331+01:00" testType="13cdc9d9-ddb5-4fa4-a97d-d965ccfc6d4b" outcome="Passed" testListId="8c84fa94-04c1-424b-9868-57a2d4851a1d" relativeResultsDirectory="08aac2fb-f645-473b-a771-7a70363693b9" />
    <UnitTestResult executionId="f9d17e31-eef4-46eb-9adf-41c5c6147060" testId="51cfad42-4cf7-cbc0-b7e9-1817e7dc236d" testName="MiddlewareHandlesPiBoxException" computerName="wkuerzdoelbt01" duration="00:00:00.0019430" startTime="2023-11-22T15:52:46.3471275+01:00" endTime="2023-11-22T15:52:46.3490701+01:00" testType="13cdc9d9-ddb5-4fa4-a97d-d965ccfc6d4b" outcome="Passed" testListId="8c84fa94-04c1-424b-9868-57a2d4851a1d" relativeResultsDirectory="f9d17e31-eef4-46eb-9adf-41c5c6147060" />
    <UnitTestResult executionId="ca732932-350d-4b7e-ad81-9dd914f0c292" testId="81ace087-5afc-0d16-f375-c30b0638b29e" testName="MetricsAreOnlyCreatedOnce" computerName="wkuerzdoelbt01" duration="00:00:00.0131690" startTime="2023-11-22T15:52:46.0280731+01:00" endTime="2023-11-22T15:52:46.0412420+01:00" testType="13cdc9d9-ddb5-4fa4-a97d-d965ccfc6d4b" outcome="Passed" testListId="8c84fa94-04c1-424b-9868-57a2d4851a1d" relativeResultsDirectory="ca732932-350d-4b7e-ad81-9dd914f0c292" />
    <UnitTestResult executionId="a26b7117-b4ad-412a-8e22-68db84f0fbe7" testId="c8e4a85c-743b-da9d-b991-9c3965fe69bb" testName="CanInitWithMessageAndStatus" computerName="wkuerzdoelbt01" duration="00:00:00.0059320" startTime="2023-11-22T15:52:45.6921131+01:00" endTime="2023-11-22T15:52:45.6980446+01:00" testType="13cdc9d9-ddb5-4fa4-a97d-d965ccfc6d4b" outcome="Passed" testListId="8c84fa94-04c1-424b-9868-57a2d4851a1d" relativeResultsDirectory="a26b7117-b4ad-412a-8e22-68db84f0fbe7" />
    <UnitTestResult executionId="276fb8f2-7759-4dd1-b9a2-44aa3d208112" testId="94e60393-cd13-83ec-df6f-06421b2a5e43" testName="MiddlewareFailure" computerName="wkuerzdoelbt01" duration="00:00:00.2366970" startTime="2023-11-22T15:52:46.1011522+01:00" endTime="2023-11-22T15:52:46.3378494+01:00" testType="13cdc9d9-ddb5-4fa4-a97d-d965ccfc6d4b" outcome="Passed" testListId="8c84fa94-04c1-424b-9868-57a2d4851a1d" relativeResultsDirectory="276fb8f2-7759-4dd1-b9a2-44aa3d208112" />
    <UnitTestResult executionId="bbfe2ad0-449c-451c-9977-fc67d92f860a" testId="2a3f22d1-eb3b-94c4-a261-8f54970b44ae" testName="CreateObservableGaugeContainsMetric" computerName="wkuerzdoelbt01" duration="00:00:00.0018640" startTime="2023-11-22T15:52:46.0110564+01:00" endTime="2023-11-22T15:52:46.0129180+01:00" testType="13cdc9d9-ddb5-4fa4-a97d-d965ccfc6d4b" outcome="Passed" testListId="8c84fa94-04c1-424b-9868-57a2d4851a1d" relativeResultsDirectory="bbfe2ad0-449c-451c-9977-fc67d92f860a" />
    <UnitTestResult executionId="fb7eade0-33a0-4027-a1e9-9c9fe0d43ef2" testId="ec9169a3-cc6a-8c9c-6d36-f268d99ac842" testName="CreateHistogramContainsMetric" computerName="wkuerzdoelbt01" duration="00:00:00.0019090" startTime="2023-11-22T15:52:46.0026152+01:00" endTime="2023-11-22T15:52:46.0045236+01:00" testType="13cdc9d9-ddb5-4fa4-a97d-d965ccfc6d4b" outcome="Passed" testListId="8c84fa94-04c1-424b-9868-57a2d4851a1d" relativeResultsDirectory="fb7eade0-33a0-4027-a1e9-9c9fe0d43ef2" />
    <UnitTestResult executionId="566cb3b3-17a2-48ef-9434-d0219c1a5b41" testId="9278e837-6a39-501a-9f06-ca87842bf6f5" testName="MiddlewareSuccess" computerName="wkuerzdoelbt01" duration="00:00:00.0146430" startTime="2023-11-22T15:52:46.3671681+01:00" endTime="2023-11-22T15:52:46.3818102+01:00" testType="13cdc9d9-ddb5-4fa4-a97d-d965ccfc6d4b" outcome="Passed" testListId="8c84fa94-04c1-424b-9868-57a2d4851a1d" relativeResultsDirectory="566cb3b3-17a2-48ef-9434-d0219c1a5b41" />
    <UnitTestResult executionId="d0421bce-3d1c-403f-ab92-aaef91d76ea3" testId="b50f1ea9-b35e-6392-f4e7-80e35306e24f" testName="MiddlewareHandlesForbidden" computerName="wkuerzdoelbt01" duration="00:00:00.0370020" startTime="2023-11-22T15:52:46.3083767+01:00" endTime="2023-11-22T15:52:46.3453785+01:00" testType="13cdc9d9-ddb5-4fa4-a97d-d965ccfc6d4b" outcome="Passed" testListId="8c84fa94-04c1-424b-9868-57a2d4851a1d" relativeResultsDirectory="d0421bce-3d1c-403f-ab92-aaef91d76ea3" />
    <UnitTestResult executionId="1a02023c-2708-4e76-bdbb-74fae4a8adde" testId="b7ad144e-6137-b751-0a77-a5153199de4d" testName="CanInitWithMessageAndStatusAndException" computerName="wkuerzdoelbt01" duration="00:00:00.0007110" startTime="2023-11-22T15:52:45.6980818+01:00" endTime="2023-11-22T15:52:45.6987925+01:00" testType="13cdc9d9-ddb5-4fa4-a97d-d965ccfc6d4b" outcome="Passed" testListId="8c84fa94-04c1-424b-9868-57a2d4851a1d" relativeResultsDirectory="1a02023c-2708-4e76-bdbb-74fae4a8adde" />
    <UnitTestResult executionId="93e1e72a-d064-402e-9fce-3c1e3686851e" testId="ca238b34-edeb-7e09-b77b-e3653ed149e5" testName="MiddlewareHandlesNone" computerName="wkuerzdoelbt01" duration="00:00:00.0016620" startTime="2023-11-22T15:52:46.3454275+01:00" endTime="2023-11-22T15:52:46.3470893+01:00" testType="13cdc9d9-ddb5-4fa4-a97d-d965ccfc6d4b" outcome="Passed" testListId="8c84fa94-04c1-424b-9868-57a2d4851a1d" relativeResultsDirectory="93e1e72a-d064-402e-9fce-3c1e3686851e" />
    <UnitTestResult executionId="2d1a7a2b-872c-4e7b-be86-4ac564dc6ed2" testId="62616075-6ee7-2d8d-3c91-88bf723f09bd" testName="CanInitWithMessage" computerName="wkuerzdoelbt01" duration="00:00:00.0109560" startTime="2023-11-22T15:52:45.6799134+01:00" endTime="2023-11-22T15:52:45.6908688+01:00" testType="13cdc9d9-ddb5-4fa4-a97d-d965ccfc6d4b" outcome="Passed" testListId="8c84fa94-04c1-424b-9868-57a2d4851a1d" relativeResultsDirectory="2d1a7a2b-872c-4e7b-be86-4ac564dc6ed2" />
    <UnitTestResult executionId="e7ab5538-b259-465d-bc68-f2e58fa4d536" testId="73147384-3525-d599-854d-c22092200b17" testName="CreateCounterContainsMetric" computerName="wkuerzdoelbt01" duration="00:00:00.3641090" startTime="2023-11-22T15:52:45.6384618+01:00" endTime="2023-11-22T15:52:46.0025699+01:00" testType="13cdc9d9-ddb5-4fa4-a97d-d965ccfc6d4b" outcome="Passed" testListId="8c84fa94-04c1-424b-9868-57a2d4851a1d" relativeResultsDirectory="e7ab5538-b259-465d-bc68-f2e58fa4d536" />
    <UnitTestResult executionId="17d86e4f-8b6b-41d5-a29b-8f4402fab0be" testId="9d64c099-4124-a8a3-3674-9a7e966176e7" testName="CanCheckForGenericImplementations" computerName="wkuerzdoelbt01" duration="00:00:00.0361090" startTime="2023-11-22T15:52:45.6383327+01:00" endTime="2023-11-22T15:52:45.6742975+01:00" testType="13cdc9d9-ddb5-4fa4-a97d-d965ccfc6d4b" outcome="Passed" testListId="8c84fa94-04c1-424b-9868-57a2d4851a1d" relativeResultsDirectory="17d86e4f-8b6b-41d5-a29b-8f4402fab0be" />
    <UnitTestResult executionId="30098bfa-2fa1-48c3-99ce-9884fddae1df" testId="ff1a4d93-cc3a-0395-63de-b20d2de35dc8" testName="CanSerializeAndDeserializeYaml" computerName="wkuerzdoelbt01" duration="00:00:00.2011340" startTime="2023-11-22T15:52:46.2301826+01:00" endTime="2023-11-22T15:52:46.4313173+01:00" testType="13cdc9d9-ddb5-4fa4-a97d-d965ccfc6d4b" outcome="Passed" testListId="8c84fa94-04c1-424b-9868-57a2d4851a1d" relativeResultsDirectory="30098bfa-2fa1-48c3-99ce-9884fddae1df" />
    <UnitTestResult executionId="53267bb7-5875-4cac-8cd7-fb8b2d6870a8" testId="4fa7d2e6-d3b1-657d-ea81-01623934de76" testName="CanInitWithMessage" computerName="wkuerzdoelbt01" duration="00:00:00.0413400" startTime="2023-11-22T15:52:45.6369905+01:00" endTime="2023-11-22T15:52:45.6783311+01:00" testType="13cdc9d9-ddb5-4fa4-a97d-d965ccfc6d4b" outcome="Passed" testListId="8c84fa94-04c1-424b-9868-57a2d4851a1d" relativeResultsDirectory="53267bb7-5875-4cac-8cd7-fb8b2d6870a8" />
    <UnitTestResult executionId="02b091dc-3d16-4659-8457-f395ea751145" testId="3cb5cd83-92da-23e4-4069-6461b7adae82" testName="CreateObservableGaugeMeasurementContainsMetric" computerName="wkuerzdoelbt01" duration="00:00:00.0012650" startTime="2023-11-22T15:52:46.0170789+01:00" endTime="2023-11-22T15:52:46.0183434+01:00" testType="13cdc9d9-ddb5-4fa4-a97d-d965ccfc6d4b" outcome="Passed" testListId="8c84fa94-04c1-424b-9868-57a2d4851a1d" relativeResultsDirectory="02b091dc-3d16-4659-8457-f395ea751145" />
    <UnitTestResult executionId="8c1f3156-0dd1-4e34-88de-387921ff5212" testId="ed91d5f7-3f6d-ea6a-a8fd-cae951bf7829" testName="LivenessCheckCanBeInitialized" computerName="wkuerzdoelbt01" duration="00:00:00.0755140" startTime="2023-11-22T15:52:45.6325164+01:00" endTime="2023-11-22T15:52:45.7080297+01:00" testType="13cdc9d9-ddb5-4fa4-a97d-d965ccfc6d4b" outcome="Passed" testListId="8c84fa94-04c1-424b-9868-57a2d4851a1d" relativeResultsDirectory="8c1f3156-0dd1-4e34-88de-387921ff5212" />
    <UnitTestResult executionId="26a22adb-d9af-4ae1-9908-cc4cceb29a0c" testId="8e9636e3-c152-5216-089c-873e28d75706" testName="CanSpecifyMiddlewareOrder" computerName="wkuerzdoelbt01" duration="00:00:00.0461430" startTime="2023-11-22T15:52:45.6320758+01:00" endTime="2023-11-22T15:52:45.6782191+01:00" testType="13cdc9d9-ddb5-4fa4-a97d-d965ccfc6d4b" outcome="Passed" testListId="8c84fa94-04c1-424b-9868-57a2d4851a1d" relativeResultsDirectory="26a22adb-d9af-4ae1-9908-cc4cceb29a0c" />
    <UnitTestResult executionId="e6aa20dc-4097-49df-bcef-a55851817567" testId="73b8ebb5-c953-bb0f-f411-2f568d679415" testName="CanInitWithMessage" computerName="wkuerzdoelbt01" duration="00:00:00.0100280" startTime="2023-11-22T15:52:45.6776025+01:00" endTime="2023-11-22T15:52:45.6876303+01:00" testType="13cdc9d9-ddb5-4fa4-a97d-d965ccfc6d4b" outcome="Passed" testListId="8c84fa94-04c1-424b-9868-57a2d4851a1d" relativeResultsDirectory="e6aa20dc-4097-49df-bcef-a55851817567" />
    <UnitTestResult executionId="1c28b6d3-cd48-4e0e-a118-41b275349e1b" testId="505ad78a-1bda-5aed-f57f-a60c0c7e6650" testName="CreateObservableGaugeListMeasurementContainsMetric" computerName="wkuerzdoelbt01" duration="00:00:00.0012370" startTime="2023-11-22T15:52:46.0158033+01:00" endTime="2023-11-22T15:52:46.0170402+01:00" testType="13cdc9d9-ddb5-4fa4-a97d-d965ccfc6d4b" outcome="Passed" testListId="8c84fa94-04c1-424b-9868-57a2d4851a1d" relativeResultsDirectory="1c28b6d3-cd48-4e0e-a118-41b275349e1b" />
  </Results>
  <TestDefinitions>
    <UnitTest name="MiddlewareHandlesNone" storage="/home/lukas/development/github.com/sia-digital/pibox/pibox.hosting/abstractions/test/pibox.hosting.abstractions.tests/bin/release/net8.0/pibox.hosting.abstractions.tests.dll" id="ca238b34-edeb-7e09-b77b-e3653ed149e5">
      <Execution id="93e1e72a-d064-402e-9fce-3c1e3686851e" />
      <TestMethod codeBase="/home/lukas/Development/github.com/sia-digital/pibox/PiBox.Hosting/Abstractions/test/PiBox.Hosting.Abstractions.Tests/bin/Release/net8.0/PiBox.Hosting.Abstractions.Tests.dll" adapterTypeName="executor://nunit3testexecutor/" className="PiBox.Hosting.Abstractions.Tests.Middlewares.ExceptionMiddlewareTests" name="MiddlewareHandlesNone" />
    </UnitTest>
    <UnitTest name="MetricsAreOnlyCreatedOnce" storage="/home/lukas/development/github.com/sia-digital/pibox/pibox.hosting/abstractions/test/pibox.hosting.abstractions.tests/bin/release/net8.0/pibox.hosting.abstractions.tests.dll" id="81ace087-5afc-0d16-f375-c30b0638b29e">
      <Execution id="ca732932-350d-4b7e-ad81-9dd914f0c292" />
      <TestMethod codeBase="/home/lukas/Development/github.com/sia-digital/pibox/PiBox.Hosting/Abstractions/test/PiBox.Hosting.Abstractions.Tests/bin/Release/net8.0/PiBox.Hosting.Abstractions.Tests.dll" adapterTypeName="executor://nunit3testexecutor/" className="PiBox.Hosting.Abstractions.Tests.Metrics.MetricsTests" name="MetricsAreOnlyCreatedOnce" />
    </UnitTest>
    <UnitTest name="MiddlewareHandlesForbidden" storage="/home/lukas/development/github.com/sia-digital/pibox/pibox.hosting/abstractions/test/pibox.hosting.abstractions.tests/bin/release/net8.0/pibox.hosting.abstractions.tests.dll" id="b50f1ea9-b35e-6392-f4e7-80e35306e24f">
      <Execution id="d0421bce-3d1c-403f-ab92-aaef91d76ea3" />
      <TestMethod codeBase="/home/lukas/Development/github.com/sia-digital/pibox/PiBox.Hosting/Abstractions/test/PiBox.Hosting.Abstractions.Tests/bin/Release/net8.0/PiBox.Hosting.Abstractions.Tests.dll" adapterTypeName="executor://nunit3testexecutor/" className="PiBox.Hosting.Abstractions.Tests.Middlewares.ExceptionMiddlewareTests" name="MiddlewareHandlesForbidden" />
    </UnitTest>
    <UnitTest name="ReadinessCheckCanBeInitialized" storage="/home/lukas/development/github.com/sia-digital/pibox/pibox.hosting/abstractions/test/pibox.hosting.abstractions.tests/bin/release/net8.0/pibox.hosting.abstractions.tests.dll" id="453fe9ba-2c15-7761-aef1-8b36e5296fbd">
      <Execution id="93c8b044-c556-4984-8a0b-f0a684702d1b" />
      <TestMethod codeBase="/home/lukas/Development/github.com/sia-digital/pibox/PiBox.Hosting/Abstractions/test/PiBox.Hosting.Abstractions.Tests/bin/Release/net8.0/PiBox.Hosting.Abstractions.Tests.dll" adapterTypeName="executor://nunit3testexecutor/" className="PiBox.Hosting.Abstractions.Tests.Attributes.HealthCheckAttributesTest" name="ReadinessCheckCanBeInitialized" />
    </UnitTest>
    <UnitTest name="CanGetConfigWithDoubleUnderscores" storage="/home/lukas/development/github.com/sia-digital/pibox/pibox.hosting/abstractions/test/pibox.hosting.abstractions.tests/bin/release/net8.0/pibox.hosting.abstractions.tests.dll" id="caf750f1-3898-ece7-fbe3-2b0d05cf2a47">
      <Execution id="fd3a6fc6-a12a-430e-a527-df6e63317802" />
      <TestMethod codeBase="/home/lukas/Development/github.com/sia-digital/pibox/PiBox.Hosting/Abstractions/test/PiBox.Hosting.Abstractions.Tests/bin/Release/net8.0/PiBox.Hosting.Abstractions.Tests.dll" adapterTypeName="executor://nunit3testexecutor/" className="PiBox.Hosting.Abstractions.Tests.Configuration.EnvConfigurationTest" name="CanGetConfigWithDoubleUnderscores" />
    </UnitTest>
    <UnitTest name="CanInitWithMessage" storage="/home/lukas/development/github.com/sia-digital/pibox/pibox.hosting/abstractions/test/pibox.hosting.abstractions.tests/bin/release/net8.0/pibox.hosting.abstractions.tests.dll" id="73b8ebb5-c953-bb0f-f411-2f568d679415">
      <Execution id="e6aa20dc-4097-49df-bcef-a55851817567" />
      <TestMethod codeBase="/home/lukas/Development/github.com/sia-digital/pibox/PiBox.Hosting/Abstractions/test/PiBox.Hosting.Abstractions.Tests/bin/Release/net8.0/PiBox.Hosting.Abstractions.Tests.dll" adapterTypeName="executor://nunit3testexecutor/" className="PiBox.Hosting.Abstractions.Tests.Exceptions.PiBoxExceptionTests" name="CanInitWithMessage" />
    </UnitTest>
    <UnitTest name="CanInitWithMessage" storage="/home/lukas/development/github.com/sia-digital/pibox/pibox.hosting/abstractions/test/pibox.hosting.abstractions.tests/bin/release/net8.0/pibox.hosting.abstractions.tests.dll" id="62616075-6ee7-2d8d-3c91-88bf723f09bd">
      <Execution id="2d1a7a2b-872c-4e7b-be86-4ac564dc6ed2" />
      <TestMethod codeBase="/home/lukas/Development/github.com/sia-digital/pibox/PiBox.Hosting/Abstractions/test/PiBox.Hosting.Abstractions.Tests/bin/Release/net8.0/PiBox.Hosting.Abstractions.Tests.dll" adapterTypeName="executor://nunit3testexecutor/" className="PiBox.Hosting.Abstractions.Tests.Exceptions.NotFoundPiBoxExceptionTests" name="CanInitWithMessage" />
    </UnitTest>
    <UnitTest name="CanInitWithMessageAndStatus" storage="/home/lukas/development/github.com/sia-digital/pibox/pibox.hosting/abstractions/test/pibox.hosting.abstractions.tests/bin/release/net8.0/pibox.hosting.abstractions.tests.dll" id="c8e4a85c-743b-da9d-b991-9c3965fe69bb">
      <Execution id="a26b7117-b4ad-412a-8e22-68db84f0fbe7" />
      <TestMethod codeBase="/home/lukas/Development/github.com/sia-digital/pibox/PiBox.Hosting/Abstractions/test/PiBox.Hosting.Abstractions.Tests/bin/Release/net8.0/PiBox.Hosting.Abstractions.Tests.dll" adapterTypeName="executor://nunit3testexecutor/" className="PiBox.Hosting.Abstractions.Tests.Exceptions.PiBoxExceptionTests" name="CanInitWithMessageAndStatus" />
    </UnitTest>
    <UnitTest name="CanInitWithMessageAndStatusAndException" storage="/home/lukas/development/github.com/sia-digital/pibox/pibox.hosting/abstractions/test/pibox.hosting.abstractions.tests/bin/release/net8.0/pibox.hosting.abstractions.tests.dll" id="b7ad144e-6137-b751-0a77-a5153199de4d">
      <Execution id="1a02023c-2708-4e76-bdbb-74fae4a8adde" />
      <TestMethod codeBase="/home/lukas/Development/github.com/sia-digital/pibox/PiBox.Hosting/Abstractions/test/PiBox.Hosting.Abstractions.Tests/bin/Release/net8.0/PiBox.Hosting.Abstractions.Tests.dll" adapterTypeName="executor://nunit3testexecutor/" className="PiBox.Hosting.Abstractions.Tests.Exceptions.PiBoxExceptionTests" name="CanInitWithMessageAndStatusAndException" />
    </UnitTest>
    <UnitTest name="CanInitWithMessageAndValidationErrors" storage="/home/lukas/development/github.com/sia-digital/pibox/pibox.hosting/abstractions/test/pibox.hosting.abstractions.tests/bin/release/net8.0/pibox.hosting.abstractions.tests.dll" id="d6084c80-7088-1a33-e68f-c509bf39ed69">
      <Execution id="7a299be5-7bf6-4089-b44d-7b0c98bf5c2f" />
      <TestMethod codeBase="/home/lukas/Development/github.com/sia-digital/pibox/PiBox.Hosting/Abstractions/test/PiBox.Hosting.Abstractions.Tests/bin/Release/net8.0/PiBox.Hosting.Abstractions.Tests.dll" adapterTypeName="executor://nunit3testexecutor/" className="PiBox.Hosting.Abstractions.Tests.Exceptions.ValidationPiBoxExceptionTests" name="CanInitWithMessageAndValidationErrors" />
    </UnitTest>
    <UnitTest name="CanSpecifyMiddlewareOrder" storage="/home/lukas/development/github.com/sia-digital/pibox/pibox.hosting/abstractions/test/pibox.hosting.abstractions.tests/bin/release/net8.0/pibox.hosting.abstractions.tests.dll" id="8e9636e3-c152-5216-089c-873e28d75706">
      <Execution id="26a22adb-d9af-4ae1-9908-cc4cceb29a0c" />
      <TestMethod codeBase="/home/lukas/Development/github.com/sia-digital/pibox/PiBox.Hosting/Abstractions/test/PiBox.Hosting.Abstractions.Tests/bin/Release/net8.0/PiBox.Hosting.Abstractions.Tests.dll" adapterTypeName="executor://nunit3testexecutor/" className="PiBox.Hosting.Abstractions.Tests.Attributes.MiddlewareAttributeTests" name="CanSpecifyMiddlewareOrder" />
    </UnitTest>
    <UnitTest name="CanSerializeAndDeserializeYaml" storage="/home/lukas/development/github.com/sia-digital/pibox/pibox.hosting/abstractions/test/pibox.hosting.abstractions.tests/bin/release/net8.0/pibox.hosting.abstractions.tests.dll" id="ff1a4d93-cc3a-0395-63de-b20d2de35dc8">
      <Execution id="30098bfa-2fa1-48c3-99ce-9884fddae1df" />
      <TestMethod codeBase="/home/lukas/Development/github.com/sia-digital/pibox/PiBox.Hosting/Abstractions/test/PiBox.Hosting.Abstractions.Tests/bin/Release/net8.0/PiBox.Hosting.Abstractions.Tests.dll" adapterTypeName="executor://nunit3testexecutor/" className="PiBox.Hosting.Abstractions.Tests.Extensions.SerializationExtensionTests" name="CanSerializeAndDeserializeYaml" />
    </UnitTest>
    <UnitTest name="CanInitWithStatus" storage="/home/lukas/development/github.com/sia-digital/pibox/pibox.hosting/abstractions/test/pibox.hosting.abstractions.tests/bin/release/net8.0/pibox.hosting.abstractions.tests.dll" id="f9446bc3-f9e8-b22e-3500-1c8bc6225ab6">
      <Execution id="c02d9859-c0eb-42ca-89f2-4bfe35748cb4" />
      <TestMethod codeBase="/home/lukas/Development/github.com/sia-digital/pibox/PiBox.Hosting/Abstractions/test/PiBox.Hosting.Abstractions.Tests/bin/Release/net8.0/PiBox.Hosting.Abstractions.Tests.dll" adapterTypeName="executor://nunit3testexecutor/" className="PiBox.Hosting.Abstractions.Tests.Exceptions.PiBoxExceptionTests" name="CanInitWithStatus" />
    </UnitTest>
    <UnitTest name="CreateObservableCounterListMeasurementContainsMetric" storage="/home/lukas/development/github.com/sia-digital/pibox/pibox.hosting/abstractions/test/pibox.hosting.abstractions.tests/bin/release/net8.0/pibox.hosting.abstractions.tests.dll" id="fccbbe8a-464e-82a5-24a1-63ef8d465296">
      <Execution id="12201cf4-ce8d-4954-b8f9-b12553756068" />
      <TestMethod codeBase="/home/lukas/Development/github.com/sia-digital/pibox/PiBox.Hosting/Abstractions/test/PiBox.Hosting.Abstractions.Tests/bin/Release/net8.0/PiBox.Hosting.Abstractions.Tests.dll" adapterTypeName="executor://nunit3testexecutor/" className="PiBox.Hosting.Abstractions.Tests.Metrics.MetricsTests" name="CreateObservableCounterListMeasurementContainsMetric" />
    </UnitTest>
    <UnitTest name="MiddlewareHandlesValidationPiBoxException" storage="/home/lukas/development/github.com/sia-digital/pibox/pibox.hosting/abstractions/test/pibox.hosting.abstractions.tests/bin/release/net8.0/pibox.hosting.abstractions.tests.dll" id="d4c2bbb8-dd71-458e-8bd3-aac189dce869">
      <Execution id="b68abcb2-47cc-4cd9-902e-0a2a7e612632" />
      <TestMethod codeBase="/home/lukas/Development/github.com/sia-digital/pibox/PiBox.Hosting/Abstractions/test/PiBox.Hosting.Abstractions.Tests/bin/Release/net8.0/PiBox.Hosting.Abstractions.Tests.dll" adapterTypeName="executor://nunit3testexecutor/" className="PiBox.Hosting.Abstractions.Tests.Middlewares.ExceptionMiddlewareTests" name="MiddlewareHandlesValidationPiBoxException" />
    </UnitTest>
    <UnitTest name="CreateObservableCounterContainsMetric" storage="/home/lukas/development/github.com/sia-digital/pibox/pibox.hosting/abstractions/test/pibox.hosting.abstractions.tests/bin/release/net8.0/pibox.hosting.abstractions.tests.dll" id="7e12c849-c1c6-bef1-b12b-c3888cf4ad86">
      <Execution id="baf19155-0c34-405a-90cc-0c028edcd164" />
      <TestMethod codeBase="/home/lukas/Development/github.com/sia-digital/pibox/PiBox.Hosting/Abstractions/test/PiBox.Hosting.Abstractions.Tests/bin/Release/net8.0/PiBox.Hosting.Abstractions.Tests.dll" adapterTypeName="executor://nunit3testexecutor/" className="PiBox.Hosting.Abstractions.Tests.Metrics.MetricsTests" name="CreateObservableCounterContainsMetric" />
    </UnitTest>
    <UnitTest name="MiddlewareSuccess" storage="/home/lukas/development/github.com/sia-digital/pibox/pibox.hosting/abstractions/test/pibox.hosting.abstractions.tests/bin/release/net8.0/pibox.hosting.abstractions.tests.dll" id="9278e837-6a39-501a-9f06-ca87842bf6f5">
      <Execution id="566cb3b3-17a2-48ef-9434-d0219c1a5b41" />
      <TestMethod codeBase="/home/lukas/Development/github.com/sia-digital/pibox/PiBox.Hosting/Abstractions/test/PiBox.Hosting.Abstractions.Tests/bin/Release/net8.0/PiBox.Hosting.Abstractions.Tests.dll" adapterTypeName="executor://nunit3testexecutor/" className="PiBox.Hosting.Abstractions.Tests.Middlewares.ExceptionMiddlewareTests" name="MiddlewareSuccess" />
    </UnitTest>
    <UnitTest name="CanInitWithEntityAndId" storage="/home/lukas/development/github.com/sia-digital/pibox/pibox.hosting/abstractions/test/pibox.hosting.abstractions.tests/bin/release/net8.0/pibox.hosting.abstractions.tests.dll" id="fe7e5b64-bcf1-6ecf-f947-cec721e580e4">
      <Execution id="4a38ea11-7738-4462-ace3-2439fe26bbd6" />
      <TestMethod codeBase="/home/lukas/Development/github.com/sia-digital/pibox/PiBox.Hosting/Abstractions/test/PiBox.Hosting.Abstractions.Tests/bin/Release/net8.0/PiBox.Hosting.Abstractions.Tests.dll" adapterTypeName="executor://nunit3testexecutor/" className="PiBox.Hosting.Abstractions.Tests.Exceptions.NotFoundPiBoxExceptionTests" name="CanInitWithEntityAndId" />
    </UnitTest>
    <UnitTest name="MiddlewareHandlesUnauthorized" storage="/home/lukas/development/github.com/sia-digital/pibox/pibox.hosting/abstractions/test/pibox.hosting.abstractions.tests/bin/release/net8.0/pibox.hosting.abstractions.tests.dll" id="c3f4c471-2e5b-6b7a-ef39-5ad6b9a62c43">
      <Execution id="4bc54d18-2b9b-4641-901e-5c6ef8553238" />
      <TestMethod codeBase="/home/lukas/Development/github.com/sia-digital/pibox/PiBox.Hosting/Abstractions/test/PiBox.Hosting.Abstractions.Tests/bin/Release/net8.0/PiBox.Hosting.Abstractions.Tests.dll" adapterTypeName="executor://nunit3testexecutor/" className="PiBox.Hosting.Abstractions.Tests.Middlewares.ExceptionMiddlewareTests" name="MiddlewareHandlesUnauthorized" />
    </UnitTest>
    <UnitTest name="CreateObservableGaugeContainsMetric" storage="/home/lukas/development/github.com/sia-digital/pibox/pibox.hosting/abstractions/test/pibox.hosting.abstractions.tests/bin/release/net8.0/pibox.hosting.abstractions.tests.dll" id="2a3f22d1-eb3b-94c4-a261-8f54970b44ae">
      <Execution id="bbfe2ad0-449c-451c-9977-fc67d92f860a" />
      <TestMethod codeBase="/home/lukas/Development/github.com/sia-digital/pibox/PiBox.Hosting/Abstractions/test/PiBox.Hosting.Abstractions.Tests/bin/Release/net8.0/PiBox.Hosting.Abstractions.Tests.dll" adapterTypeName="executor://nunit3testexecutor/" className="PiBox.Hosting.Abstractions.Tests.Metrics.MetricsTests" name="CreateObservableGaugeContainsMetric" />
    </UnitTest>
    <UnitTest name="MiddlewareSuccess" storage="/home/lukas/development/github.com/sia-digital/pibox/pibox.hosting/abstractions/test/pibox.hosting.abstractions.tests/bin/release/net8.0/pibox.hosting.abstractions.tests.dll" id="f89fc4b3-3019-a3be-75eb-02fc406fb25a">
      <Execution id="7be8bdcb-e96c-4e35-87a5-0d2036107362" />
      <TestMethod codeBase="/home/lukas/Development/github.com/sia-digital/pibox/PiBox.Hosting/Abstractions/test/PiBox.Hosting.Abstractions.Tests/bin/Release/net8.0/PiBox.Hosting.Abstractions.Tests.dll" adapterTypeName="executor://nunit3testexecutor/" className="PiBox.Hosting.Abstractions.Tests.Middlewares.RequestContentLengthLimitMiddlewareTests" name="MiddlewareSuccess" />
    </UnitTest>
    <UnitTest name="MiddlewareHandlesTeaPot" storage="/home/lukas/development/github.com/sia-digital/pibox/pibox.hosting/abstractions/test/pibox.hosting.abstractions.tests/bin/release/net8.0/pibox.hosting.abstractions.tests.dll" id="5bb7db08-6b1c-889d-cfdb-07d75567bfc9">
      <Execution id="421adb63-9a32-40e5-ae0e-f18620a030de" />
      <TestMethod codeBase="/home/lukas/Development/github.com/sia-digital/pibox/PiBox.Hosting/Abstractions/test/PiBox.Hosting.Abstractions.Tests/bin/Release/net8.0/PiBox.Hosting.Abstractions.Tests.dll" adapterTypeName="executor://nunit3testexecutor/" className="PiBox.Hosting.Abstractions.Tests.Middlewares.ExceptionMiddlewareTests" name="MiddlewareHandlesTeaPot" />
    </UnitTest>
    <UnitTest name="CreateObservableGaugeMeasurementContainsMetric" storage="/home/lukas/development/github.com/sia-digital/pibox/pibox.hosting/abstractions/test/pibox.hosting.abstractions.tests/bin/release/net8.0/pibox.hosting.abstractions.tests.dll" id="3cb5cd83-92da-23e4-4069-6461b7adae82">
      <Execution id="02b091dc-3d16-4659-8457-f395ea751145" />
      <TestMethod codeBase="/home/lukas/Development/github.com/sia-digital/pibox/PiBox.Hosting/Abstractions/test/PiBox.Hosting.Abstractions.Tests/bin/Release/net8.0/PiBox.Hosting.Abstractions.Tests.dll" adapterTypeName="executor://nunit3testexecutor/" className="PiBox.Hosting.Abstractions.Tests.Metrics.MetricsTests" name="CreateObservableGaugeMeasurementContainsMetric" />
    </UnitTest>
    <UnitTest name="MiddlewareWritesInternalServerErrorOnExceptions" storage="/home/lukas/development/github.com/sia-digital/pibox/pibox.hosting/abstractions/test/pibox.hosting.abstractions.tests/bin/release/net8.0/pibox.hosting.abstractions.tests.dll" id="9d0ae91e-b7d3-c0e1-f61e-f5ee8a028d35">
      <Execution id="97765f35-c8b6-4906-9f70-e7d59d89c902" />
      <TestMethod codeBase="/home/lukas/Development/github.com/sia-digital/pibox/PiBox.Hosting/Abstractions/test/PiBox.Hosting.Abstractions.Tests/bin/Release/net8.0/PiBox.Hosting.Abstractions.Tests.dll" adapterTypeName="executor://nunit3testexecutor/" className="PiBox.Hosting.Abstractions.Tests.Middlewares.ExceptionMiddlewareTests" name="MiddlewareWritesInternalServerErrorOnExceptions" />
    </UnitTest>
    <UnitTest name="CreateHistogramContainsMetric" storage="/home/lukas/development/github.com/sia-digital/pibox/pibox.hosting/abstractions/test/pibox.hosting.abstractions.tests/bin/release/net8.0/pibox.hosting.abstractions.tests.dll" id="ec9169a3-cc6a-8c9c-6d36-f268d99ac842">
      <Execution id="fb7eade0-33a0-4027-a1e9-9c9fe0d43ef2" />
      <TestMethod codeBase="/home/lukas/Development/github.com/sia-digital/pibox/PiBox.Hosting/Abstractions/test/PiBox.Hosting.Abstractions.Tests/bin/Release/net8.0/PiBox.Hosting.Abstractions.Tests.dll" adapterTypeName="executor://nunit3testexecutor/" className="PiBox.Hosting.Abstractions.Tests.Metrics.MetricsTests" name="CreateHistogramContainsMetric" />
    </UnitTest>
    <UnitTest name="MiddlewareFailure" storage="/home/lukas/development/github.com/sia-digital/pibox/pibox.hosting/abstractions/test/pibox.hosting.abstractions.tests/bin/release/net8.0/pibox.hosting.abstractions.tests.dll" id="94e60393-cd13-83ec-df6f-06421b2a5e43">
      <Execution id="276fb8f2-7759-4dd1-b9a2-44aa3d208112" />
      <TestMethod codeBase="/home/lukas/Development/github.com/sia-digital/pibox/PiBox.Hosting/Abstractions/test/PiBox.Hosting.Abstractions.Tests/bin/Release/net8.0/PiBox.Hosting.Abstractions.Tests.dll" adapterTypeName="executor://nunit3testexecutor/" className="PiBox.Hosting.Abstractions.Tests.Middlewares.RequestContentLengthLimitMiddlewareTests" name="MiddlewareFailure" />
    </UnitTest>
    <UnitTest name="CreateCounterContainsMetric" storage="/home/lukas/development/github.com/sia-digital/pibox/pibox.hosting/abstractions/test/pibox.hosting.abstractions.tests/bin/release/net8.0/pibox.hosting.abstractions.tests.dll" id="73147384-3525-d599-854d-c22092200b17">
      <Execution id="e7ab5538-b259-465d-bc68-f2e58fa4d536" />
      <TestMethod codeBase="/home/lukas/Development/github.com/sia-digital/pibox/PiBox.Hosting/Abstractions/test/PiBox.Hosting.Abstractions.Tests/bin/Release/net8.0/PiBox.Hosting.Abstractions.Tests.dll" adapterTypeName="executor://nunit3testexecutor/" className="PiBox.Hosting.Abstractions.Tests.Metrics.MetricsTests" name="CreateCounterContainsMetric" />
    </UnitTest>
    <UnitTest name="LivenessCheckCanBeInitialized" storage="/home/lukas/development/github.com/sia-digital/pibox/pibox.hosting/abstractions/test/pibox.hosting.abstractions.tests/bin/release/net8.0/pibox.hosting.abstractions.tests.dll" id="ed91d5f7-3f6d-ea6a-a8fd-cae951bf7829">
      <Execution id="8c1f3156-0dd1-4e34-88de-387921ff5212" />
      <TestMethod codeBase="/home/lukas/Development/github.com/sia-digital/pibox/PiBox.Hosting/Abstractions/test/PiBox.Hosting.Abstractions.Tests/bin/Release/net8.0/PiBox.Hosting.Abstractions.Tests.dll" adapterTypeName="executor://nunit3testexecutor/" className="PiBox.Hosting.Abstractions.Tests.Attributes.HealthCheckAttributesTest" name="LivenessCheckCanBeInitialized" />
    </UnitTest>
    <UnitTest name="CanGetConfigWithSingleUnderscores" storage="/home/lukas/development/github.com/sia-digital/pibox/pibox.hosting/abstractions/test/pibox.hosting.abstractions.tests/bin/release/net8.0/pibox.hosting.abstractions.tests.dll" id="0861ee16-17c6-5364-32e6-2d0e5ad29317">
      <Execution id="8a83fd85-09a1-49f6-a83a-e8792a23a683" />
      <TestMethod codeBase="/home/lukas/Development/github.com/sia-digital/pibox/PiBox.Hosting/Abstractions/test/PiBox.Hosting.Abstractions.Tests/bin/Release/net8.0/PiBox.Hosting.Abstractions.Tests.dll" adapterTypeName="executor://nunit3testexecutor/" className="PiBox.Hosting.Abstractions.Tests.Configuration.EnvConfigurationTest" name="CanGetConfigWithSingleUnderscores" />
    </UnitTest>
    <UnitTest name="CanInitWithMessageAndException" storage="/home/lukas/development/github.com/sia-digital/pibox/pibox.hosting/abstractions/test/pibox.hosting.abstractions.tests/bin/release/net8.0/pibox.hosting.abstractions.tests.dll" id="4df0ebd9-1459-e9f1-a8ec-605e10483dbb">
      <Execution id="5649a3c5-6d9f-4ef0-afcd-bc0696de4ad6" />
      <TestMethod codeBase="/home/lukas/Development/github.com/sia-digital/pibox/PiBox.Hosting/Abstractions/test/PiBox.Hosting.Abstractions.Tests/bin/Release/net8.0/PiBox.Hosting.Abstractions.Tests.dll" adapterTypeName="executor://nunit3testexecutor/" className="PiBox.Hosting.Abstractions.Tests.Exceptions.PiBoxExceptionTests" name="CanInitWithMessageAndException" />
    </UnitTest>
    <UnitTest name="CreateObservableGaugeListMeasurementContainsMetric" storage="/home/lukas/development/github.com/sia-digital/pibox/pibox.hosting/abstractions/test/pibox.hosting.abstractions.tests/bin/release/net8.0/pibox.hosting.abstractions.tests.dll" id="505ad78a-1bda-5aed-f57f-a60c0c7e6650">
      <Execution id="1c28b6d3-cd48-4e0e-a118-41b275349e1b" />
      <TestMethod codeBase="/home/lukas/Development/github.com/sia-digital/pibox/PiBox.Hosting/Abstractions/test/PiBox.Hosting.Abstractions.Tests/bin/Release/net8.0/PiBox.Hosting.Abstractions.Tests.dll" adapterTypeName="executor://nunit3testexecutor/" className="PiBox.Hosting.Abstractions.Tests.Metrics.MetricsTests" name="CreateObservableGaugeListMeasurementContainsMetric" />
    </UnitTest>
    <UnitTest name="CreateObservableCounterMeasurementContainsMetric" storage="/home/lukas/development/github.com/sia-digital/pibox/pibox.hosting/abstractions/test/pibox.hosting.abstractions.tests/bin/release/net8.0/pibox.hosting.abstractions.tests.dll" id="87dc9d74-88b8-3853-23f4-1cb97fc13109">
      <Execution id="7a8d1164-d17f-4935-9196-2aaa9d00e605" />
      <TestMethod codeBase="/home/lukas/Development/github.com/sia-digital/pibox/PiBox.Hosting/Abstractions/test/PiBox.Hosting.Abstractions.Tests/bin/Release/net8.0/PiBox.Hosting.Abstractions.Tests.dll" adapterTypeName="executor://nunit3testexecutor/" className="PiBox.Hosting.Abstractions.Tests.Metrics.MetricsTests" name="CreateObservableCounterMeasurementContainsMetric" />
    </UnitTest>
    <UnitTest name="CanInitEmpty" storage="/home/lukas/development/github.com/sia-digital/pibox/pibox.hosting/abstractions/test/pibox.hosting.abstractions.tests/bin/release/net8.0/pibox.hosting.abstractions.tests.dll" id="1130beb9-aa3e-7968-8b21-7d6094204951">
      <Execution id="b0c94277-2710-4210-a96e-d4ae169fe8f5" />
      <TestMethod codeBase="/home/lukas/Development/github.com/sia-digital/pibox/PiBox.Hosting/Abstractions/test/PiBox.Hosting.Abstractions.Tests/bin/Release/net8.0/PiBox.Hosting.Abstractions.Tests.dll" adapterTypeName="executor://nunit3testexecutor/" className="PiBox.Hosting.Abstractions.Tests.Exceptions.PiBoxExceptionTests" name="CanInitEmpty" />
    </UnitTest>
    <UnitTest name="CanHandleAttributes" storage="/home/lukas/development/github.com/sia-digital/pibox/pibox.hosting/abstractions/test/pibox.hosting.abstractions.tests/bin/release/net8.0/pibox.hosting.abstractions.tests.dll" id="219c0066-f108-8048-1374-fdd6e42937d1">
      <Execution id="0c6d65de-751b-4588-b7b1-6ff88aac8103" />
      <TestMethod codeBase="/home/lukas/Development/github.com/sia-digital/pibox/PiBox.Hosting/Abstractions/test/PiBox.Hosting.Abstractions.Tests/bin/Release/net8.0/PiBox.Hosting.Abstractions.Tests.dll" adapterTypeName="executor://nunit3testexecutor/" className="PiBox.Hosting.Abstractions.Tests.Extensions.TypeExtensionTests" name="CanHandleAttributes" />
    </UnitTest>
    <UnitTest name="MiddlewareHandlesPiBoxException" storage="/home/lukas/development/github.com/sia-digital/pibox/pibox.hosting/abstractions/test/pibox.hosting.abstractions.tests/bin/release/net8.0/pibox.hosting.abstractions.tests.dll" id="51cfad42-4cf7-cbc0-b7e9-1817e7dc236d">
      <Execution id="f9d17e31-eef4-46eb-9adf-41c5c6147060" />
      <TestMethod codeBase="/home/lukas/Development/github.com/sia-digital/pibox/PiBox.Hosting/Abstractions/test/PiBox.Hosting.Abstractions.Tests/bin/Release/net8.0/PiBox.Hosting.Abstractions.Tests.dll" adapterTypeName="executor://nunit3testexecutor/" className="PiBox.Hosting.Abstractions.Tests.Middlewares.ExceptionMiddlewareTests" name="MiddlewareHandlesPiBoxException" />
    </UnitTest>
    <UnitTest name="CanSerializeAndDeserializeJson" storage="/home/lukas/development/github.com/sia-digital/pibox/pibox.hosting/abstractions/test/pibox.hosting.abstractions.tests/bin/release/net8.0/pibox.hosting.abstractions.tests.dll" id="b09eac48-8f78-406d-405c-bb7de3a9caf5">
      <Execution id="fe180cd0-ae41-4433-a6e9-9d471392536d" />
      <TestMethod codeBase="/home/lukas/Development/github.com/sia-digital/pibox/PiBox.Hosting/Abstractions/test/PiBox.Hosting.Abstractions.Tests/bin/Release/net8.0/PiBox.Hosting.Abstractions.Tests.dll" adapterTypeName="executor://nunit3testexecutor/" className="PiBox.Hosting.Abstractions.Tests.Extensions.SerializationExtensionTests" name="CanSerializeAndDeserializeJson" />
    </UnitTest>
    <UnitTest name="CanCheckForGenericImplementations" storage="/home/lukas/development/github.com/sia-digital/pibox/pibox.hosting/abstractions/test/pibox.hosting.abstractions.tests/bin/release/net8.0/pibox.hosting.abstractions.tests.dll" id="9d64c099-4124-a8a3-3674-9a7e966176e7">
      <Execution id="17d86e4f-8b6b-41d5-a29b-8f4402fab0be" />
      <TestMethod codeBase="/home/lukas/Development/github.com/sia-digital/pibox/PiBox.Hosting/Abstractions/test/PiBox.Hosting.Abstractions.Tests/bin/Release/net8.0/PiBox.Hosting.Abstractions.Tests.dll" adapterTypeName="executor://nunit3testexecutor/" className="PiBox.Hosting.Abstractions.Tests.Extensions.TypeExtensionTests" name="CanCheckForGenericImplementations" />
    </UnitTest>
    <UnitTest name="CanInitWithMessage" storage="/home/lukas/development/github.com/sia-digital/pibox/pibox.hosting/abstractions/test/pibox.hosting.abstractions.tests/bin/release/net8.0/pibox.hosting.abstractions.tests.dll" id="4fa7d2e6-d3b1-657d-ea81-01623934de76">
      <Execution id="53267bb7-5875-4cac-8cd7-fb8b2d6870a8" />
      <TestMethod codeBase="/home/lukas/Development/github.com/sia-digital/pibox/PiBox.Hosting/Abstractions/test/PiBox.Hosting.Abstractions.Tests/bin/Release/net8.0/PiBox.Hosting.Abstractions.Tests.dll" adapterTypeName="executor://nunit3testexecutor/" className="PiBox.Hosting.Abstractions.Tests.Exceptions.ConflictPiBoxExceptionTests" name="CanInitWithMessage" />
    </UnitTest>
    <UnitTest name="MiddlewareDoesNothingWhenResponseStarted" storage="/home/lukas/development/github.com/sia-digital/pibox/pibox.hosting/abstractions/test/pibox.hosting.abstractions.tests/bin/release/net8.0/pibox.hosting.abstractions.tests.dll" id="3d8a19d2-c1ec-58ea-74e2-22dd1b9cc5b4">
      <Execution id="9733d18f-6542-4d64-a430-c8501f394ddb" />
      <TestMethod codeBase="/home/lukas/Development/github.com/sia-digital/pibox/PiBox.Hosting/Abstractions/test/PiBox.Hosting.Abstractions.Tests/bin/Release/net8.0/PiBox.Hosting.Abstractions.Tests.dll" adapterTypeName="executor://nunit3testexecutor/" className="PiBox.Hosting.Abstractions.Tests.Middlewares.ExceptionMiddlewareTests" name="MiddlewareDoesNothingWhenResponseStarted" />
    </UnitTest>
    <UnitTest name="CanInitWithMessage" storage="/home/lukas/development/github.com/sia-digital/pibox/pibox.hosting/abstractions/test/pibox.hosting.abstractions.tests/bin/release/net8.0/pibox.hosting.abstractions.tests.dll" id="b64c4f25-a689-5da2-71de-48176c041751">
      <Execution id="08aac2fb-f645-473b-a771-7a70363693b9" />
      <TestMethod codeBase="/home/lukas/Development/github.com/sia-digital/pibox/PiBox.Hosting/Abstractions/test/PiBox.Hosting.Abstractions.Tests/bin/Release/net8.0/PiBox.Hosting.Abstractions.Tests.dll" adapterTypeName="executor://nunit3testexecutor/" className="PiBox.Hosting.Abstractions.Tests.Exceptions.ValidationPiBoxExceptionTests" name="CanInitWithMessage" />
    </UnitTest>
  </TestDefinitions>
  <TestEntries>
    <TestEntry testId="9d0ae91e-b7d3-c0e1-f61e-f5ee8a028d35" executionId="97765f35-c8b6-4906-9f70-e7d59d89c902" testListId="8c84fa94-04c1-424b-9868-57a2d4851a1d" />
    <TestEntry testId="caf750f1-3898-ece7-fbe3-2b0d05cf2a47" executionId="fd3a6fc6-a12a-430e-a527-df6e63317802" testListId="8c84fa94-04c1-424b-9868-57a2d4851a1d" />
    <TestEntry testId="1130beb9-aa3e-7968-8b21-7d6094204951" executionId="b0c94277-2710-4210-a96e-d4ae169fe8f5" testListId="8c84fa94-04c1-424b-9868-57a2d4851a1d" />
    <TestEntry testId="3d8a19d2-c1ec-58ea-74e2-22dd1b9cc5b4" executionId="9733d18f-6542-4d64-a430-c8501f394ddb" testListId="8c84fa94-04c1-424b-9868-57a2d4851a1d" />
    <TestEntry testId="219c0066-f108-8048-1374-fdd6e42937d1" executionId="0c6d65de-751b-4588-b7b1-6ff88aac8103" testListId="8c84fa94-04c1-424b-9868-57a2d4851a1d" />
    <TestEntry testId="d6084c80-7088-1a33-e68f-c509bf39ed69" executionId="7a299be5-7bf6-4089-b44d-7b0c98bf5c2f" testListId="8c84fa94-04c1-424b-9868-57a2d4851a1d" />
    <TestEntry testId="d4c2bbb8-dd71-458e-8bd3-aac189dce869" executionId="b68abcb2-47cc-4cd9-902e-0a2a7e612632" testListId="8c84fa94-04c1-424b-9868-57a2d4851a1d" />
    <TestEntry testId="4df0ebd9-1459-e9f1-a8ec-605e10483dbb" executionId="5649a3c5-6d9f-4ef0-afcd-bc0696de4ad6" testListId="8c84fa94-04c1-424b-9868-57a2d4851a1d" />
    <TestEntry testId="f9446bc3-f9e8-b22e-3500-1c8bc6225ab6" executionId="c02d9859-c0eb-42ca-89f2-4bfe35748cb4" testListId="8c84fa94-04c1-424b-9868-57a2d4851a1d" />
    <TestEntry testId="c3f4c471-2e5b-6b7a-ef39-5ad6b9a62c43" executionId="4bc54d18-2b9b-4641-901e-5c6ef8553238" testListId="8c84fa94-04c1-424b-9868-57a2d4851a1d" />
    <TestEntry testId="5bb7db08-6b1c-889d-cfdb-07d75567bfc9" executionId="421adb63-9a32-40e5-ae0e-f18620a030de" testListId="8c84fa94-04c1-424b-9868-57a2d4851a1d" />
    <TestEntry testId="fccbbe8a-464e-82a5-24a1-63ef8d465296" executionId="12201cf4-ce8d-4954-b8f9-b12553756068" testListId="8c84fa94-04c1-424b-9868-57a2d4851a1d" />
    <TestEntry testId="87dc9d74-88b8-3853-23f4-1cb97fc13109" executionId="7a8d1164-d17f-4935-9196-2aaa9d00e605" testListId="8c84fa94-04c1-424b-9868-57a2d4851a1d" />
    <TestEntry testId="453fe9ba-2c15-7761-aef1-8b36e5296fbd" executionId="93c8b044-c556-4984-8a0b-f0a684702d1b" testListId="8c84fa94-04c1-424b-9868-57a2d4851a1d" />
    <TestEntry testId="0861ee16-17c6-5364-32e6-2d0e5ad29317" executionId="8a83fd85-09a1-49f6-a83a-e8792a23a683" testListId="8c84fa94-04c1-424b-9868-57a2d4851a1d" />
    <TestEntry testId="f89fc4b3-3019-a3be-75eb-02fc406fb25a" executionId="7be8bdcb-e96c-4e35-87a5-0d2036107362" testListId="8c84fa94-04c1-424b-9868-57a2d4851a1d" />
    <TestEntry testId="b09eac48-8f78-406d-405c-bb7de3a9caf5" executionId="fe180cd0-ae41-4433-a6e9-9d471392536d" testListId="8c84fa94-04c1-424b-9868-57a2d4851a1d" />
    <TestEntry testId="7e12c849-c1c6-bef1-b12b-c3888cf4ad86" executionId="baf19155-0c34-405a-90cc-0c028edcd164" testListId="8c84fa94-04c1-424b-9868-57a2d4851a1d" />
    <TestEntry testId="fe7e5b64-bcf1-6ecf-f947-cec721e580e4" executionId="4a38ea11-7738-4462-ace3-2439fe26bbd6" testListId="8c84fa94-04c1-424b-9868-57a2d4851a1d" />
    <TestEntry testId="b64c4f25-a689-5da2-71de-48176c041751" executionId="08aac2fb-f645-473b-a771-7a70363693b9" testListId="8c84fa94-04c1-424b-9868-57a2d4851a1d" />
    <TestEntry testId="51cfad42-4cf7-cbc0-b7e9-1817e7dc236d" executionId="f9d17e31-eef4-46eb-9adf-41c5c6147060" testListId="8c84fa94-04c1-424b-9868-57a2d4851a1d" />
    <TestEntry testId="81ace087-5afc-0d16-f375-c30b0638b29e" executionId="ca732932-350d-4b7e-ad81-9dd914f0c292" testListId="8c84fa94-04c1-424b-9868-57a2d4851a1d" />
    <TestEntry testId="c8e4a85c-743b-da9d-b991-9c3965fe69bb" executionId="a26b7117-b4ad-412a-8e22-68db84f0fbe7" testListId="8c84fa94-04c1-424b-9868-57a2d4851a1d" />
    <TestEntry testId="94e60393-cd13-83ec-df6f-06421b2a5e43" executionId="276fb8f2-7759-4dd1-b9a2-44aa3d208112" testListId="8c84fa94-04c1-424b-9868-57a2d4851a1d" />
    <TestEntry testId="2a3f22d1-eb3b-94c4-a261-8f54970b44ae" executionId="bbfe2ad0-449c-451c-9977-fc67d92f860a" testListId="8c84fa94-04c1-424b-9868-57a2d4851a1d" />
    <TestEntry testId="ec9169a3-cc6a-8c9c-6d36-f268d99ac842" executionId="fb7eade0-33a0-4027-a1e9-9c9fe0d43ef2" testListId="8c84fa94-04c1-424b-9868-57a2d4851a1d" />
    <TestEntry testId="9278e837-6a39-501a-9f06-ca87842bf6f5" executionId="566cb3b3-17a2-48ef-9434-d0219c1a5b41" testListId="8c84fa94-04c1-424b-9868-57a2d4851a1d" />
    <TestEntry testId="b50f1ea9-b35e-6392-f4e7-80e35306e24f" executionId="d0421bce-3d1c-403f-ab92-aaef91d76ea3" testListId="8c84fa94-04c1-424b-9868-57a2d4851a1d" />
    <TestEntry testId="b7ad144e-6137-b751-0a77-a5153199de4d" executionId="1a02023c-2708-4e76-bdbb-74fae4a8adde" testListId="8c84fa94-04c1-424b-9868-57a2d4851a1d" />
    <TestEntry testId="ca238b34-edeb-7e09-b77b-e3653ed149e5" executionId="93e1e72a-d064-402e-9fce-3c1e3686851e" testListId="8c84fa94-04c1-424b-9868-57a2d4851a1d" />
    <TestEntry testId="62616075-6ee7-2d8d-3c91-88bf723f09bd" executionId="2d1a7a2b-872c-4e7b-be86-4ac564dc6ed2" testListId="8c84fa94-04c1-424b-9868-57a2d4851a1d" />
    <TestEntry testId="73147384-3525-d599-854d-c22092200b17" executionId="e7ab5538-b259-465d-bc68-f2e58fa4d536" testListId="8c84fa94-04c1-424b-9868-57a2d4851a1d" />
    <TestEntry testId="9d64c099-4124-a8a3-3674-9a7e966176e7" executionId="17d86e4f-8b6b-41d5-a29b-8f4402fab0be" testListId="8c84fa94-04c1-424b-9868-57a2d4851a1d" />
    <TestEntry testId="ff1a4d93-cc3a-0395-63de-b20d2de35dc8" executionId="30098bfa-2fa1-48c3-99ce-9884fddae1df" testListId="8c84fa94-04c1-424b-9868-57a2d4851a1d" />
    <TestEntry testId="4fa7d2e6-d3b1-657d-ea81-01623934de76" executionId="53267bb7-5875-4cac-8cd7-fb8b2d6870a8" testListId="8c84fa94-04c1-424b-9868-57a2d4851a1d" />
    <TestEntry testId="3cb5cd83-92da-23e4-4069-6461b7adae82" executionId="02b091dc-3d16-4659-8457-f395ea751145" testListId="8c84fa94-04c1-424b-9868-57a2d4851a1d" />
    <TestEntry testId="ed91d5f7-3f6d-ea6a-a8fd-cae951bf7829" executionId="8c1f3156-0dd1-4e34-88de-387921ff5212" testListId="8c84fa94-04c1-424b-9868-57a2d4851a1d" />
    <TestEntry testId="8e9636e3-c152-5216-089c-873e28d75706" executionId="26a22adb-d9af-4ae1-9908-cc4cceb29a0c" testListId="8c84fa94-04c1-424b-9868-57a2d4851a1d" />
    <TestEntry testId="73b8ebb5-c953-bb0f-f411-2f568d679415" executionId="e6aa20dc-4097-49df-bcef-a55851817567" testListId="8c84fa94-04c1-424b-9868-57a2d4851a1d" />
    <TestEntry testId="505ad78a-1bda-5aed-f57f-a60c0c7e6650" executionId="1c28b6d3-cd48-4e0e-a118-41b275349e1b" testListId="8c84fa94-04c1-424b-9868-57a2d4851a1d" />
  </TestEntries>
  <TestLists>
    <TestList name="Results Not in a List" id="8c84fa94-04c1-424b-9868-57a2d4851a1d" />
    <TestList name="All Loaded Results" id="19431567-8539-422a-85d7-44ee4e166bda" />
  </TestLists>
  <ResultSummary outcome="Completed">
    <Counters total="40" executed="40" passed="40" failed="0" error="0" timeout="0" aborted="0" inconclusive="0" passedButRunAborted="0" notRunnable="0" notExecuted="0" disconnected="0" warning="0" completed="0" inProgress="0" pending="0" />
    <Output>
      <StdOut>NUnit Adapter 4.5.0.0: Test execution started
Running all tests in /home/lukas/Development/github.com/sia-digital/pibox/PiBox.Hosting/Abstractions/test/PiBox.Hosting.Abstractions.Tests/bin/Release/net8.0/PiBox.Hosting.Abstractions.Tests.dll
   NUnit3TestExecutor discovered 40 of 40 NUnit test cases using Current Discovery mode, Non-Explicit run
NUnit Adapter 4.5.0.0: Test execution complete
</StdOut>
    </Output>
  </ResultSummary>
</TestRun>