<?xml version="1.0" encoding="utf-8"?>
<TestRun id="010fab08-fa43-4ec2-8f21-a6657f6ae1fc" name="@wkuerzdoelbt01 2023-11-22 15:52:46" xmlns="http://microsoft.com/schemas/VisualStudio/TeamTest/2010">
  <Times creation="2023-11-22T15:52:46.3381192+01:00" queuing="2023-11-22T15:52:46.3381194+01:00" start="2023-11-22T15:52:40.6770859+01:00" finish="2023-11-22T15:52:46.7724811+01:00" />
  <TestSettings name="default" id="4a758100-a53e-4036-91a9-21c979c97c66">
    <Deployment runDeploymentRoot="_wkuerzdoelbt01_2023-11-22_15_52_46" />
  </TestSettings>
  <Results>
    <UnitTestResult executionId="2a262d33-1693-4c1d-9646-5f1fd6b7dcdc" testId="f245cee0-8b62-3f7c-1754-0e355786c3e0" testName="GuidIdentifierNewShouldNotBeEqualToGuidIdentifierNew" computerName="wkuerzdoelbt01" duration="00:00:00.0044680" startTime="2023-11-22T15:52:45.6987452+01:00" endTime="2023-11-22T15:52:45.7032129+01:00" testType="13cdc9d9-ddb5-4fa4-a97d-d965ccfc6d4b" outcome="Passed" testListId="8c84fa94-04c1-424b-9868-57a2d4851a1d" relativeResultsDirectory="2a262d33-1693-4c1d-9646-5f1fd6b7dcdc" />
    <UnitTestResult executionId="c8d0678b-f480-49fe-bdbd-14e687a041ae" testId="10b100c5-2b32-b7e5-7d2f-453de2597755" testName="SimpleResourceHandlersAreRegistered" computerName="wkuerzdoelbt01" duration="00:00:00.0105570" startTime="2023-11-22T15:52:46.2859502+01:00" endTime="2023-11-22T15:52:46.2965060+01:00" testType="13cdc9d9-ddb5-4fa4-a97d-d965ccfc6d4b" outcome="Passed" testListId="8c84fa94-04c1-424b-9868-57a2d4851a1d" relativeResultsDirectory="c8d0678b-f480-49fe-bdbd-14e687a041ae" />
    <UnitTestResult executionId="d4597eca-ffee-405a-acfe-feabc582803b" testId="b78bc482-7e74-76f6-4c4e-84f2c642eece" testName="UpdateWorks" computerName="wkuerzdoelbt01" duration="00:00:00.0024600" startTime="2023-11-22T15:52:46.2715389+01:00" endTime="2023-11-22T15:52:46.2739993+01:00" testType="13cdc9d9-ddb5-4fa4-a97d-d965ccfc6d4b" outcome="Passed" testListId="8c84fa94-04c1-424b-9868-57a2d4851a1d" relativeResultsDirectory="d4597eca-ffee-405a-acfe-feabc582803b" />
    <UnitTestResult executionId="daa913cf-ae67-42e2-be23-d931a96d8043" testId="16067e87-a3a5-4ccd-a93a-dae9d6fb57b1" testName="ReturnsAValidationErrorWhenTheRequestIsInvalid" computerName="wkuerzdoelbt01" duration="00:00:00.0332630" startTime="2023-11-22T15:52:46.2319191+01:00" endTime="2023-11-22T15:52:46.2651815+01:00" testType="13cdc9d9-ddb5-4fa4-a97d-d965ccfc6d4b" outcome="Passed" testListId="8c84fa94-04c1-424b-9868-57a2d4851a1d" relativeResultsDirectory="daa913cf-ae67-42e2-be23-d931a96d8043" />
    <UnitTestResult executionId="02812589-ccc2-499b-80f7-0f415b99a103" testId="c362b99e-0fe0-b929-fb7e-0698c52326a7" testName="ReturnsErrorWhenTheRequestCanBeParsedAsQueryOptions" computerName="wkuerzdoelbt01" duration="00:00:00.0154290" startTime="2023-11-22T15:52:46.4401690+01:00" endTime="2023-11-22T15:52:46.4555982+01:00" testType="13cdc9d9-ddb5-4fa4-a97d-d965ccfc6d4b" outcome="Passed" testListId="8c84fa94-04c1-424b-9868-57a2d4851a1d" relativeResultsDirectory="02812589-ccc2-499b-80f7-0f415b99a103" />
    <UnitTestResult executionId="d3b66dc4-d8ab-4367-8b38-11c787ed0878" testId="6d327418-875d-5be0-b8be-6eacc8149b4c" testName="ReturnsTheErrorIfTheIdDoesNotExists" computerName="wkuerzdoelbt01" duration="00:00:00.0045240" startTime="2023-11-22T15:52:46.2659667+01:00" endTime="2023-11-22T15:52:46.2704905+01:00" testType="13cdc9d9-ddb5-4fa4-a97d-d965ccfc6d4b" outcome="Passed" testListId="8c84fa94-04c1-424b-9868-57a2d4851a1d" relativeResultsDirectory="d3b66dc4-d8ab-4367-8b38-11c787ed0878" />
    <UnitTestResult executionId="c5fd92c8-5ec1-4b41-bca4-428c20cdf82f" testId="fad078eb-8add-e27c-68c5-c10ed2ebcfad" testName="PagingRequestValidatorWorks(null,null,&quot;&quot;,null,False)" computerName="wkuerzdoelbt01" duration="00:00:00.0061810" startTime="2023-11-22T15:52:46.2691593+01:00" endTime="2023-11-22T15:52:46.2753397+01:00" testType="13cdc9d9-ddb5-4fa4-a97d-d965ccfc6d4b" outcome="Passed" testListId="8c84fa94-04c1-424b-9868-57a2d4851a1d" relativeResultsDirectory="c5fd92c8-5ec1-4b41-bca4-428c20cdf82f" />
    <UnitTestResult executionId="c28845e2-07d5-49e0-9b61-e5371dab80a3" testId="8e4c3e56-7e43-4eb4-32c2-263d2d983098" testName="GetListWorks" computerName="wkuerzdoelbt01" duration="00:00:00.0240090" startTime="2023-11-22T15:52:46.4150769+01:00" endTime="2023-11-22T15:52:46.4390856+01:00" testType="13cdc9d9-ddb5-4fa4-a97d-d965ccfc6d4b" outcome="Passed" testListId="8c84fa94-04c1-424b-9868-57a2d4851a1d" relativeResultsDirectory="c28845e2-07d5-49e0-9b61-e5371dab80a3" />
    <UnitTestResult executionId="ff9d667a-e8b8-4dcc-a608-bb146276e4b1" testId="e71e47e6-5c70-b1f3-9af8-698cf97993d4" testName="GetListFailsWhenCountDoesNotWork" computerName="wkuerzdoelbt01" duration="00:00:00.1357950" startTime="2023-11-22T15:52:46.2705575+01:00" endTime="2023-11-22T15:52:46.4063520+01:00" testType="13cdc9d9-ddb5-4fa4-a97d-d965ccfc6d4b" outcome="Passed" testListId="8c84fa94-04c1-424b-9868-57a2d4851a1d" relativeResultsDirectory="ff9d667a-e8b8-4dcc-a608-bb146276e4b1" />
    <UnitTestResult executionId="8ac7227a-da0f-40ad-b98e-03e1bebb2e5e" testId="9b8cc5ee-467d-9548-8c49-4d208d00d862" testName="ThrowsWhenValidationIsInvalid" computerName="wkuerzdoelbt01" duration="00:00:00.2619430" startTime="2023-11-22T15:52:46.0099714+01:00" endTime="2023-11-22T15:52:46.2719147+01:00" testType="13cdc9d9-ddb5-4fa4-a97d-d965ccfc6d4b" outcome="Passed" testListId="8c84fa94-04c1-424b-9868-57a2d4851a1d" relativeResultsDirectory="8ac7227a-da0f-40ad-b98e-03e1bebb2e5e" />
    <UnitTestResult executionId="64898552-a1cf-4b16-93f1-7870271855a1" testId="947ff04c-b52e-e27e-4d25-093b81b6be34" testName="HandlerCanBeOverriden" computerName="wkuerzdoelbt01" duration="00:00:00.6172250" startTime="2023-11-22T15:52:45.6675429+01:00" endTime="2023-11-22T15:52:46.2847678+01:00" testType="13cdc9d9-ddb5-4fa4-a97d-d965ccfc6d4b" outcome="Passed" testListId="8c84fa94-04c1-424b-9868-57a2d4851a1d" relativeResultsDirectory="64898552-a1cf-4b16-93f1-7870271855a1" />
    <UnitTestResult executionId="402a6bda-81f0-48ce-8c93-599285a92b5a" testId="c6630af9-cd86-132e-efc7-f5303c15cbf6" testName="PagingRequestValidatorWorks(null,-1,null,null,False)" computerName="wkuerzdoelbt01" duration="00:00:00.0007090" startTime="2023-11-22T15:52:46.2684248+01:00" endTime="2023-11-22T15:52:46.2691333+01:00" testType="13cdc9d9-ddb5-4fa4-a97d-d965ccfc6d4b" outcome="Passed" testListId="8c84fa94-04c1-424b-9868-57a2d4851a1d" relativeResultsDirectory="402a6bda-81f0-48ce-8c93-599285a92b5a" />
    <UnitTestResult executionId="7c20c0ad-3ef3-4bcd-9bdc-cc7e45cd64d3" testId="5884c84e-c04d-ef9e-1f68-6d5eb5c8f171" testName="PagingRequestValidatorWorks(0,null,null,null,False)" computerName="wkuerzdoelbt01" duration="00:00:00.4001570" startTime="2023-11-22T15:52:45.8676192+01:00" endTime="2023-11-22T15:52:46.2677759+01:00" testType="13cdc9d9-ddb5-4fa4-a97d-d965ccfc6d4b" outcome="Passed" testListId="8c84fa94-04c1-424b-9868-57a2d4851a1d" relativeResultsDirectory="7c20c0ad-3ef3-4bcd-9bdc-cc7e45cd64d3" />
    <UnitTestResult executionId="8dc9eeb5-0ef3-497b-9ec6-124a8c2bca78" testId="b3ffb439-d7df-e80e-5b2e-2aae6dd83954" testName="ThrowsWhenRequestIsNull" computerName="wkuerzdoelbt01" duration="00:00:00.0914150" startTime="2023-11-22T15:52:45.9184717+01:00" endTime="2023-11-22T15:52:46.0098864+01:00" testType="13cdc9d9-ddb5-4fa4-a97d-d965ccfc6d4b" outcome="Passed" testListId="8c84fa94-04c1-424b-9868-57a2d4851a1d" relativeResultsDirectory="8dc9eeb5-0ef3-497b-9ec6-124a8c2bca78" />
    <UnitTestResult executionId="ed97826a-6753-435b-a561-8b7bfe1b6483" testId="180f424c-044d-09a1-4c38-1e07096a2ccc" testName="ReturnsAValidationErrorIfRequestIsInvalid" computerName="wkuerzdoelbt01" duration="00:00:00.5979150" startTime="2023-11-22T15:52:45.6676857+01:00" endTime="2023-11-22T15:52:46.2656008+01:00" testType="13cdc9d9-ddb5-4fa4-a97d-d965ccfc6d4b" outcome="Passed" testListId="8c84fa94-04c1-424b-9868-57a2d4851a1d" relativeResultsDirectory="ed97826a-6753-435b-a561-8b7bfe1b6483" />
    <UnitTestResult executionId="e8565291-0d30-4b86-af2b-af35a7c3235b" testId="4730c50b-c998-84eb-e1f0-384ae37574ba" testName="DoesNothingWhenEverythingIsGood" computerName="wkuerzdoelbt01" duration="00:00:00.1370589" startTime="2023-11-22T15:52:45.7756484+01:00" endTime="2023-11-22T15:52:45.9127070+01:00" testType="13cdc9d9-ddb5-4fa4-a97d-d965ccfc6d4b" outcome="Passed" testListId="8c84fa94-04c1-424b-9868-57a2d4851a1d" relativeResultsDirectory="e8565291-0d30-4b86-af2b-af35a7c3235b" />
    <UnitTestResult executionId="0ad05041-2d9a-4baf-bc1b-ae584daa935f" testId="8072ae10-b115-4d79-73f6-15f4aaa42e31" testName="PagingRequestValidatorWorks(null,null,null,null,True)" computerName="wkuerzdoelbt01" duration="00:00:00.0874660" startTime="2023-11-22T15:52:45.7742417+01:00" endTime="2023-11-22T15:52:45.8617067+01:00" testType="13cdc9d9-ddb5-4fa4-a97d-d965ccfc6d4b" outcome="Passed" testListId="8c84fa94-04c1-424b-9868-57a2d4851a1d" relativeResultsDirectory="0ad05041-2d9a-4baf-bc1b-ae584daa935f" />
    <UnitTestResult executionId="15045ad0-3977-4456-842b-ec296a976d0c" testId="42fa311c-dedc-c34b-3301-3a9a92fd26e5" testName="CanResetTheIdOfAnGuidIdentifier" computerName="wkuerzdoelbt01" duration="00:00:00.0176490" startTime="2023-11-22T15:52:45.6677544+01:00" endTime="2023-11-22T15:52:45.6853234+01:00" testType="13cdc9d9-ddb5-4fa4-a97d-d965ccfc6d4b" outcome="Passed" testListId="8c84fa94-04c1-424b-9868-57a2d4851a1d" relativeResultsDirectory="15045ad0-3977-4456-842b-ec296a976d0c" />
    <UnitTestResult executionId="17f5c9fd-abf9-4fe5-96f3-a4f25ba68585" testId="942717bc-21ae-e366-f4c9-46beb2389e4e" testName="EmptyGuidIdentifierIsAnEmptyGuid" computerName="wkuerzdoelbt01" duration="00:00:00.0073440" startTime="2023-11-22T15:52:45.6910291+01:00" endTime="2023-11-22T15:52:45.6983725+01:00" testType="13cdc9d9-ddb5-4fa4-a97d-d965ccfc6d4b" outcome="Passed" testListId="8c84fa94-04c1-424b-9868-57a2d4851a1d" relativeResultsDirectory="17f5c9fd-abf9-4fe5-96f3-a4f25ba68585" />
    <UnitTestResult executionId="1c045bf7-c8f8-4b1d-bde5-f921afbf0f94" testId="9eab9bd4-9423-7845-4802-c0f45c6a86d1" testName="PagingRequestValidatorWorks(101,null,null,null,False)" computerName="wkuerzdoelbt01" duration="00:00:00.0007150" startTime="2023-11-22T15:52:46.2755596+01:00" endTime="2023-11-22T15:52:46.2762744+01:00" testType="13cdc9d9-ddb5-4fa4-a97d-d965ccfc6d4b" outcome="Passed" testListId="8c84fa94-04c1-424b-9868-57a2d4851a1d" relativeResultsDirectory="1c045bf7-c8f8-4b1d-bde5-f921afbf0f94" />
    <UnitTestResult executionId="2b6fd741-428f-4fe1-b77c-9d40953b599a" testId="2c8d4536-7d5d-9ede-e1a7-075da3c9c4b1" testName="PagingRequestValidatorWorks(null,null,null,&quot;&quot;,False)" computerName="wkuerzdoelbt01" duration="00:00:00.0001499" startTime="2023-11-22T15:52:46.2753790+01:00" endTime="2023-11-22T15:52:46.2755286+01:00" testType="13cdc9d9-ddb5-4fa4-a97d-d965ccfc6d4b" outcome="Passed" testListId="8c84fa94-04c1-424b-9868-57a2d4851a1d" relativeResultsDirectory="2b6fd741-428f-4fe1-b77c-9d40953b599a" />
    <UnitTestResult executionId="aabae57d-64d5-4c9c-88a8-4ab0bc97196b" testId="5c92d5ff-dce5-e370-6726-aa18b43d9cfc" testName="ReturnsAValidationErrorIfRequestIsInvalid" computerName="wkuerzdoelbt01" duration="00:00:00.0500820" startTime="2023-11-22T15:52:46.2148413+01:00" endTime="2023-11-22T15:52:46.2649227+01:00" testType="13cdc9d9-ddb5-4fa4-a97d-d965ccfc6d4b" outcome="Passed" testListId="8c84fa94-04c1-424b-9868-57a2d4851a1d" relativeResultsDirectory="aabae57d-64d5-4c9c-88a8-4ab0bc97196b" />
    <UnitTestResult executionId="46db5afc-5617-435c-9d46-9c728f068a83" testId="0d6a0dd2-0315-cc6f-5991-1be6f9fa123d" testName="ReturnsAValidationErrorIfRequestIsInvalid" computerName="wkuerzdoelbt01" duration="00:00:00.0514330" startTime="2023-11-22T15:52:46.2143858+01:00" endTime="2023-11-22T15:52:46.2658184+01:00" testType="13cdc9d9-ddb5-4fa4-a97d-d965ccfc6d4b" outcome="Passed" testListId="8c84fa94-04c1-424b-9868-57a2d4851a1d" relativeResultsDirectory="46db5afc-5617-435c-9d46-9c728f068a83" />
    <UnitTestResult executionId="610bca5e-354a-410c-97fd-30ea88d2e052" testId="ddeaa9ba-f112-c0c5-e5da-d84687db4c3f" testName="PagingRequestValidatorWorks(100,0,&quot;Name eq 'test'&quot;,&quot;Name asc&quot;,True)" computerName="wkuerzdoelbt01" duration="00:00:00.0001630" startTime="2023-11-22T15:52:46.2809473+01:00" endTime="2023-11-22T15:52:46.2811101+01:00" testType="13cdc9d9-ddb5-4fa4-a97d-d965ccfc6d4b" outcome="Passed" testListId="8c84fa94-04c1-424b-9868-57a2d4851a1d" relativeResultsDirectory="610bca5e-354a-410c-97fd-30ea88d2e052" />
    <UnitTestResult executionId="88ffd27b-3994-4639-ace4-eefa0534dcd7" testId="a50b4122-f1f2-9af0-ba2a-79042bd74edf" testName="DeleteWorks" computerName="wkuerzdoelbt01" duration="00:00:00.5469929" startTime="2023-11-22T15:52:45.6673469+01:00" endTime="2023-11-22T15:52:46.2143396+01:00" testType="13cdc9d9-ddb5-4fa4-a97d-d965ccfc6d4b" outcome="Passed" testListId="8c84fa94-04c1-424b-9868-57a2d4851a1d" relativeResultsDirectory="88ffd27b-3994-4639-ace4-eefa0534dcd7" />
    <UnitTestResult executionId="8e78b3cb-fecc-4da6-99f6-4d951bf02ff3" testId="bd2bab80-b14a-63b3-f295-e3c7b61a3fcb" testName="CreateWorks" computerName="wkuerzdoelbt01" duration="00:00:00.5454090" startTime="2023-11-22T15:52:45.6687521+01:00" endTime="2023-11-22T15:52:46.2141616+01:00" testType="13cdc9d9-ddb5-4fa4-a97d-d965ccfc6d4b" outcome="Passed" testListId="8c84fa94-04c1-424b-9868-57a2d4851a1d" relativeResultsDirectory="8e78b3cb-fecc-4da6-99f6-4d951bf02ff3" />
    <UnitTestResult executionId="e7a35f96-69eb-4235-9835-b1992da7e610" testId="850c3791-8719-7f5c-05b7-defdb1303e38" testName="PagingRequestValidatorWorks(-1,null,null,null,False)" computerName="wkuerzdoelbt01" duration="00:00:00.0005520" startTime="2023-11-22T15:52:46.2678243+01:00" endTime="2023-11-22T15:52:46.2683749+01:00" testType="13cdc9d9-ddb5-4fa4-a97d-d965ccfc6d4b" outcome="Passed" testListId="8c84fa94-04c1-424b-9868-57a2d4851a1d" relativeResultsDirectory="e7a35f96-69eb-4235-9835-b1992da7e610" />
    <UnitTestResult executionId="25d9e787-32ea-491e-9160-f7d08e0aefa2" testId="b35ff09d-d0bd-6f75-ae00-4d937076b918" testName="CanReturnValidationError" computerName="wkuerzdoelbt01" duration="00:00:00.5978570" startTime="2023-11-22T15:52:45.6675512+01:00" endTime="2023-11-22T15:52:46.2654079+01:00" testType="13cdc9d9-ddb5-4fa4-a97d-d965ccfc6d4b" outcome="Passed" testListId="8c84fa94-04c1-424b-9868-57a2d4851a1d" relativeResultsDirectory="25d9e787-32ea-491e-9160-f7d08e0aefa2" />
    <UnitTestResult executionId="7f927e73-e843-402d-85ce-4524caa9e751" testId="073aa412-039b-7bc8-88f8-6819f3ed8f3c" testName="GuidIdentifierParseShouldBeWorking" computerName="wkuerzdoelbt01" duration="00:00:00.0033150" startTime="2023-11-22T15:52:45.7033531+01:00" endTime="2023-11-22T15:52:45.7066677+01:00" testType="13cdc9d9-ddb5-4fa4-a97d-d965ccfc6d4b" outcome="Passed" testListId="8c84fa94-04c1-424b-9868-57a2d4851a1d" relativeResultsDirectory="7f927e73-e843-402d-85ce-4524caa9e751" />
    <UnitTestResult executionId="71e622a9-fcd4-46dd-b329-f8f7b621a46e" testId="f94f1f4a-ea86-f6d9-b980-32ad62af2bdd" testName="GetListFailsWhenFindDoesNotWork" computerName="wkuerzdoelbt01" duration="00:00:00.0075820" startTime="2023-11-22T15:52:46.4064029+01:00" endTime="2023-11-22T15:52:46.4139842+01:00" testType="13cdc9d9-ddb5-4fa4-a97d-d965ccfc6d4b" outcome="Passed" testListId="8c84fa94-04c1-424b-9868-57a2d4851a1d" relativeResultsDirectory="71e622a9-fcd4-46dd-b329-f8f7b621a46e" />
    <UnitTestResult executionId="04b344f6-8b28-471f-b978-7ea95b0b7b46" testId="a67272e7-0087-b2b9-108e-7e41e392d2d0" testName="GetWorksCanReturnNotFound" computerName="wkuerzdoelbt01" duration="00:00:00.0246900" startTime="2023-11-22T15:52:46.2071960+01:00" endTime="2023-11-22T15:52:46.2318852+01:00" testType="13cdc9d9-ddb5-4fa4-a97d-d965ccfc6d4b" outcome="Passed" testListId="8c84fa94-04c1-424b-9868-57a2d4851a1d" relativeResultsDirectory="04b344f6-8b28-471f-b978-7ea95b0b7b46" />
    <UnitTestResult executionId="d154902b-69eb-4c0f-aafc-cb32d754bf71" testId="b3bfd460-f552-403f-6f59-3686128f1369" testName="GetWorks" computerName="wkuerzdoelbt01" duration="00:00:00.5394850" startTime="2023-11-22T15:52:45.6676738+01:00" endTime="2023-11-22T15:52:46.2071580+01:00" testType="13cdc9d9-ddb5-4fa4-a97d-d965ccfc6d4b" outcome="Passed" testListId="8c84fa94-04c1-424b-9868-57a2d4851a1d" relativeResultsDirectory="d154902b-69eb-4c0f-aafc-cb32d754bf71" />
  </Results>
  <TestDefinitions>
    <UnitTest name="ThrowsWhenValidationIsInvalid" storage="/home/lukas/development/github.com/sia-digital/pibox/pibox.plugins/handlers/cqrs/test/pibox.plugins.handlers.cqrs.tests/bin/release/net8.0/pibox.plugins.handlers.cqrs.tests.dll" id="9b8cc5ee-467d-9548-8c49-4d208d00d862">
      <Execution id="8ac7227a-da0f-40ad-b98e-03e1bebb2e5e" />
      <TestMethod codeBase="/home/lukas/Development/github.com/sia-digital/pibox/PiBox.Plugins/Handlers/Cqrs/test/PiBox.Plugins.Handlers.Cqrs.Tests/bin/Release/net8.0/PiBox.Plugins.Handlers.Cqrs.Tests.dll" adapterTypeName="executor://nunit3testexecutor/" className="PiBox.Plugins.Handlers.Cqrs.Tests.SimpleResource.Validators.ValidationExtensionsTests" name="ThrowsWhenValidationIsInvalid" />
    </UnitTest>
    <UnitTest name="GuidIdentifierParseShouldBeWorking" storage="/home/lukas/development/github.com/sia-digital/pibox/pibox.plugins/handlers/cqrs/test/pibox.plugins.handlers.cqrs.tests/bin/release/net8.0/pibox.plugins.handlers.cqrs.tests.dll" id="073aa412-039b-7bc8-88f8-6819f3ed8f3c">
      <Execution id="7f927e73-e843-402d-85ce-4524caa9e751" />
      <TestMethod codeBase="/home/lukas/Development/github.com/sia-digital/pibox/PiBox.Plugins/Handlers/Cqrs/test/PiBox.Plugins.Handlers.Cqrs.Tests/bin/Release/net8.0/PiBox.Plugins.Handlers.Cqrs.Tests.dll" adapterTypeName="executor://nunit3testexecutor/" className="PiBox.Plugins.Handlers.Cqrs.Tests.GuidIdentifierTests" name="GuidIdentifierParseShouldBeWorking" />
    </UnitTest>
    <UnitTest name="SimpleResourceHandlersAreRegistered" storage="/home/lukas/development/github.com/sia-digital/pibox/pibox.plugins/handlers/cqrs/test/pibox.plugins.handlers.cqrs.tests/bin/release/net8.0/pibox.plugins.handlers.cqrs.tests.dll" id="10b100c5-2b32-b7e5-7d2f-453de2597755">
      <Execution id="c8d0678b-f480-49fe-bdbd-14e687a041ae" />
      <TestMethod codeBase="/home/lukas/Development/github.com/sia-digital/pibox/PiBox.Plugins/Handlers/Cqrs/test/PiBox.Plugins.Handlers.Cqrs.Tests/bin/Release/net8.0/PiBox.Plugins.Handlers.Cqrs.Tests.dll" adapterTypeName="executor://nunit3testexecutor/" className="PiBox.Plugins.Handlers.Cqrs.Tests.SimpleResource.CqrsSimpleResourcePluginTests" name="SimpleResourceHandlersAreRegistered" />
    </UnitTest>
    <UnitTest name="ReturnsAValidationErrorIfRequestIsInvalid" storage="/home/lukas/development/github.com/sia-digital/pibox/pibox.plugins/handlers/cqrs/test/pibox.plugins.handlers.cqrs.tests/bin/release/net8.0/pibox.plugins.handlers.cqrs.tests.dll" id="180f424c-044d-09a1-4c38-1e07096a2ccc">
      <Execution id="ed97826a-6753-435b-a561-8b7bfe1b6483" />
      <TestMethod codeBase="/home/lukas/Development/github.com/sia-digital/pibox/PiBox.Plugins/Handlers/Cqrs/test/PiBox.Plugins.Handlers.Cqrs.Tests/bin/Release/net8.0/PiBox.Plugins.Handlers.Cqrs.Tests.dll" adapterTypeName="executor://nunit3testexecutor/" className="PiBox.Plugins.Handlers.Cqrs.Tests.SimpleResource.Handlers.SimpleResourceUpdateHandlerTests" name="ReturnsAValidationErrorIfRequestIsInvalid" />
    </UnitTest>
    <UnitTest name="ReturnsTheErrorIfTheIdDoesNotExists" storage="/home/lukas/development/github.com/sia-digital/pibox/pibox.plugins/handlers/cqrs/test/pibox.plugins.handlers.cqrs.tests/bin/release/net8.0/pibox.plugins.handlers.cqrs.tests.dll" id="6d327418-875d-5be0-b8be-6eacc8149b4c">
      <Execution id="d3b66dc4-d8ab-4367-8b38-11c787ed0878" />
      <TestMethod codeBase="/home/lukas/Development/github.com/sia-digital/pibox/PiBox.Plugins/Handlers/Cqrs/test/PiBox.Plugins.Handlers.Cqrs.Tests/bin/Release/net8.0/PiBox.Plugins.Handlers.Cqrs.Tests.dll" adapterTypeName="executor://nunit3testexecutor/" className="PiBox.Plugins.Handlers.Cqrs.Tests.SimpleResource.Handlers.SimpleResourceUpdateHandlerTests" name="ReturnsTheErrorIfTheIdDoesNotExists" />
    </UnitTest>
    <UnitTest name="DoesNothingWhenEverythingIsGood" storage="/home/lukas/development/github.com/sia-digital/pibox/pibox.plugins/handlers/cqrs/test/pibox.plugins.handlers.cqrs.tests/bin/release/net8.0/pibox.plugins.handlers.cqrs.tests.dll" id="4730c50b-c998-84eb-e1f0-384ae37574ba">
      <Execution id="e8565291-0d30-4b86-af2b-af35a7c3235b" />
      <TestMethod codeBase="/home/lukas/Development/github.com/sia-digital/pibox/PiBox.Plugins/Handlers/Cqrs/test/PiBox.Plugins.Handlers.Cqrs.Tests/bin/Release/net8.0/PiBox.Plugins.Handlers.Cqrs.Tests.dll" adapterTypeName="executor://nunit3testexecutor/" className="PiBox.Plugins.Handlers.Cqrs.Tests.SimpleResource.Validators.ValidationExtensionsTests" name="DoesNothingWhenEverythingIsGood" />
    </UnitTest>
    <UnitTest name="GetListWorks" storage="/home/lukas/development/github.com/sia-digital/pibox/pibox.plugins/handlers/cqrs/test/pibox.plugins.handlers.cqrs.tests/bin/release/net8.0/pibox.plugins.handlers.cqrs.tests.dll" id="8e4c3e56-7e43-4eb4-32c2-263d2d983098">
      <Execution id="c28845e2-07d5-49e0-9b61-e5371dab80a3" />
      <TestMethod codeBase="/home/lukas/Development/github.com/sia-digital/pibox/PiBox.Plugins/Handlers/Cqrs/test/PiBox.Plugins.Handlers.Cqrs.Tests/bin/Release/net8.0/PiBox.Plugins.Handlers.Cqrs.Tests.dll" adapterTypeName="executor://nunit3testexecutor/" className="PiBox.Plugins.Handlers.Cqrs.Tests.SimpleResource.Handlers.SimpleResourceGetListHandlerTests" name="GetListWorks" />
    </UnitTest>
    <UnitTest name="CanReturnValidationError" storage="/home/lukas/development/github.com/sia-digital/pibox/pibox.plugins/handlers/cqrs/test/pibox.plugins.handlers.cqrs.tests/bin/release/net8.0/pibox.plugins.handlers.cqrs.tests.dll" id="b35ff09d-d0bd-6f75-ae00-4d937076b918">
      <Execution id="25d9e787-32ea-491e-9160-f7d08e0aefa2" />
      <TestMethod codeBase="/home/lukas/Development/github.com/sia-digital/pibox/PiBox.Plugins/Handlers/Cqrs/test/PiBox.Plugins.Handlers.Cqrs.Tests/bin/Release/net8.0/PiBox.Plugins.Handlers.Cqrs.Tests.dll" adapterTypeName="executor://nunit3testexecutor/" className="PiBox.Plugins.Handlers.Cqrs.Tests.SimpleResource.Handlers.SimpleResourceGetListHandlerTests" name="CanReturnValidationError" />
    </UnitTest>
    <UnitTest name="ReturnsErrorWhenTheRequestCanBeParsedAsQueryOptions" storage="/home/lukas/development/github.com/sia-digital/pibox/pibox.plugins/handlers/cqrs/test/pibox.plugins.handlers.cqrs.tests/bin/release/net8.0/pibox.plugins.handlers.cqrs.tests.dll" id="c362b99e-0fe0-b929-fb7e-0698c52326a7">
      <Execution id="02812589-ccc2-499b-80f7-0f415b99a103" />
      <TestMethod codeBase="/home/lukas/Development/github.com/sia-digital/pibox/PiBox.Plugins/Handlers/Cqrs/test/PiBox.Plugins.Handlers.Cqrs.Tests/bin/Release/net8.0/PiBox.Plugins.Handlers.Cqrs.Tests.dll" adapterTypeName="executor://nunit3testexecutor/" className="PiBox.Plugins.Handlers.Cqrs.Tests.SimpleResource.Handlers.SimpleResourceGetListHandlerTests" name="ReturnsErrorWhenTheRequestCanBeParsedAsQueryOptions" />
    </UnitTest>
    <UnitTest name="GetListFailsWhenCountDoesNotWork" storage="/home/lukas/development/github.com/sia-digital/pibox/pibox.plugins/handlers/cqrs/test/pibox.plugins.handlers.cqrs.tests/bin/release/net8.0/pibox.plugins.handlers.cqrs.tests.dll" id="e71e47e6-5c70-b1f3-9af8-698cf97993d4">
      <Execution id="ff9d667a-e8b8-4dcc-a608-bb146276e4b1" />
      <TestMethod codeBase="/home/lukas/Development/github.com/sia-digital/pibox/PiBox.Plugins/Handlers/Cqrs/test/PiBox.Plugins.Handlers.Cqrs.Tests/bin/Release/net8.0/PiBox.Plugins.Handlers.Cqrs.Tests.dll" adapterTypeName="executor://nunit3testexecutor/" className="PiBox.Plugins.Handlers.Cqrs.Tests.SimpleResource.Handlers.SimpleResourceGetListHandlerTests" name="GetListFailsWhenCountDoesNotWork" />
    </UnitTest>
    <UnitTest name="PagingRequestValidatorWorks(100,0,&quot;Name eq 'test'&quot;,&quot;Name asc&quot;,True)" storage="/home/lukas/development/github.com/sia-digital/pibox/pibox.plugins/handlers/cqrs/test/pibox.plugins.handlers.cqrs.tests/bin/release/net8.0/pibox.plugins.handlers.cqrs.tests.dll" id="ddeaa9ba-f112-c0c5-e5da-d84687db4c3f">
      <Execution id="610bca5e-354a-410c-97fd-30ea88d2e052" />
      <TestMethod codeBase="/home/lukas/Development/github.com/sia-digital/pibox/PiBox.Plugins/Handlers/Cqrs/test/PiBox.Plugins.Handlers.Cqrs.Tests/bin/Release/net8.0/PiBox.Plugins.Handlers.Cqrs.Tests.dll" adapterTypeName="executor://nunit3testexecutor/" className="PiBox.Plugins.Handlers.Cqrs.Tests.SimpleResource.Validators.PagingRequestValidatorTests" name="PagingRequestValidatorWorks(100,0,&quot;Name eq 'test'&quot;,&quot;Name asc&quot;,True)" />
    </UnitTest>
    <UnitTest name="PagingRequestValidatorWorks(-1,null,null,null,False)" storage="/home/lukas/development/github.com/sia-digital/pibox/pibox.plugins/handlers/cqrs/test/pibox.plugins.handlers.cqrs.tests/bin/release/net8.0/pibox.plugins.handlers.cqrs.tests.dll" id="850c3791-8719-7f5c-05b7-defdb1303e38">
      <Execution id="e7a35f96-69eb-4235-9835-b1992da7e610" />
      <TestMethod codeBase="/home/lukas/Development/github.com/sia-digital/pibox/PiBox.Plugins/Handlers/Cqrs/test/PiBox.Plugins.Handlers.Cqrs.Tests/bin/Release/net8.0/PiBox.Plugins.Handlers.Cqrs.Tests.dll" adapterTypeName="executor://nunit3testexecutor/" className="PiBox.Plugins.Handlers.Cqrs.Tests.SimpleResource.Validators.PagingRequestValidatorTests" name="PagingRequestValidatorWorks(-1,null,null,null,False)" />
    </UnitTest>
    <UnitTest name="PagingRequestValidatorWorks(null,-1,null,null,False)" storage="/home/lukas/development/github.com/sia-digital/pibox/pibox.plugins/handlers/cqrs/test/pibox.plugins.handlers.cqrs.tests/bin/release/net8.0/pibox.plugins.handlers.cqrs.tests.dll" id="c6630af9-cd86-132e-efc7-f5303c15cbf6">
      <Execution id="402a6bda-81f0-48ce-8c93-599285a92b5a" />
      <TestMethod codeBase="/home/lukas/Development/github.com/sia-digital/pibox/PiBox.Plugins/Handlers/Cqrs/test/PiBox.Plugins.Handlers.Cqrs.Tests/bin/Release/net8.0/PiBox.Plugins.Handlers.Cqrs.Tests.dll" adapterTypeName="executor://nunit3testexecutor/" className="PiBox.Plugins.Handlers.Cqrs.Tests.SimpleResource.Validators.PagingRequestValidatorTests" name="PagingRequestValidatorWorks(null,-1,null,null,False)" />
    </UnitTest>
    <UnitTest name="UpdateWorks" storage="/home/lukas/development/github.com/sia-digital/pibox/pibox.plugins/handlers/cqrs/test/pibox.plugins.handlers.cqrs.tests/bin/release/net8.0/pibox.plugins.handlers.cqrs.tests.dll" id="b78bc482-7e74-76f6-4c4e-84f2c642eece">
      <Execution id="d4597eca-ffee-405a-acfe-feabc582803b" />
      <TestMethod codeBase="/home/lukas/Development/github.com/sia-digital/pibox/PiBox.Plugins/Handlers/Cqrs/test/PiBox.Plugins.Handlers.Cqrs.Tests/bin/Release/net8.0/PiBox.Plugins.Handlers.Cqrs.Tests.dll" adapterTypeName="executor://nunit3testexecutor/" className="PiBox.Plugins.Handlers.Cqrs.Tests.SimpleResource.Handlers.SimpleResourceUpdateHandlerTests" name="UpdateWorks" />
    </UnitTest>
    <UnitTest name="HandlerCanBeOverriden" storage="/home/lukas/development/github.com/sia-digital/pibox/pibox.plugins/handlers/cqrs/test/pibox.plugins.handlers.cqrs.tests/bin/release/net8.0/pibox.plugins.handlers.cqrs.tests.dll" id="947ff04c-b52e-e27e-4d25-093b81b6be34">
      <Execution id="64898552-a1cf-4b16-93f1-7870271855a1" />
      <TestMethod codeBase="/home/lukas/Development/github.com/sia-digital/pibox/PiBox.Plugins/Handlers/Cqrs/test/PiBox.Plugins.Handlers.Cqrs.Tests/bin/Release/net8.0/PiBox.Plugins.Handlers.Cqrs.Tests.dll" adapterTypeName="executor://nunit3testexecutor/" className="PiBox.Plugins.Handlers.Cqrs.Tests.SimpleResource.CqrsSimpleResourcePluginTests" name="HandlerCanBeOverriden" />
    </UnitTest>
    <UnitTest name="CanResetTheIdOfAnGuidIdentifier" storage="/home/lukas/development/github.com/sia-digital/pibox/pibox.plugins/handlers/cqrs/test/pibox.plugins.handlers.cqrs.tests/bin/release/net8.0/pibox.plugins.handlers.cqrs.tests.dll" id="42fa311c-dedc-c34b-3301-3a9a92fd26e5">
      <Execution id="15045ad0-3977-4456-842b-ec296a976d0c" />
      <TestMethod codeBase="/home/lukas/Development/github.com/sia-digital/pibox/PiBox.Plugins/Handlers/Cqrs/test/PiBox.Plugins.Handlers.Cqrs.Tests/bin/Release/net8.0/PiBox.Plugins.Handlers.Cqrs.Tests.dll" adapterTypeName="executor://nunit3testexecutor/" className="PiBox.Plugins.Handlers.Cqrs.Tests.GuidIdentifierTests" name="CanResetTheIdOfAnGuidIdentifier" />
    </UnitTest>
    <UnitTest name="GuidIdentifierNewShouldNotBeEqualToGuidIdentifierNew" storage="/home/lukas/development/github.com/sia-digital/pibox/pibox.plugins/handlers/cqrs/test/pibox.plugins.handlers.cqrs.tests/bin/release/net8.0/pibox.plugins.handlers.cqrs.tests.dll" id="f245cee0-8b62-3f7c-1754-0e355786c3e0">
      <Execution id="2a262d33-1693-4c1d-9646-5f1fd6b7dcdc" />
      <TestMethod codeBase="/home/lukas/Development/github.com/sia-digital/pibox/PiBox.Plugins/Handlers/Cqrs/test/PiBox.Plugins.Handlers.Cqrs.Tests/bin/Release/net8.0/PiBox.Plugins.Handlers.Cqrs.Tests.dll" adapterTypeName="executor://nunit3testexecutor/" className="PiBox.Plugins.Handlers.Cqrs.Tests.GuidIdentifierTests" name="GuidIdentifierNewShouldNotBeEqualToGuidIdentifierNew" />
    </UnitTest>
    <UnitTest name="EmptyGuidIdentifierIsAnEmptyGuid" storage="/home/lukas/development/github.com/sia-digital/pibox/pibox.plugins/handlers/cqrs/test/pibox.plugins.handlers.cqrs.tests/bin/release/net8.0/pibox.plugins.handlers.cqrs.tests.dll" id="942717bc-21ae-e366-f4c9-46beb2389e4e">
      <Execution id="17f5c9fd-abf9-4fe5-96f3-a4f25ba68585" />
      <TestMethod codeBase="/home/lukas/Development/github.com/sia-digital/pibox/PiBox.Plugins/Handlers/Cqrs/test/PiBox.Plugins.Handlers.Cqrs.Tests/bin/Release/net8.0/PiBox.Plugins.Handlers.Cqrs.Tests.dll" adapterTypeName="executor://nunit3testexecutor/" className="PiBox.Plugins.Handlers.Cqrs.Tests.GuidIdentifierTests" name="EmptyGuidIdentifierIsAnEmptyGuid" />
    </UnitTest>
    <UnitTest name="PagingRequestValidatorWorks(101,null,null,null,False)" storage="/home/lukas/development/github.com/sia-digital/pibox/pibox.plugins/handlers/cqrs/test/pibox.plugins.handlers.cqrs.tests/bin/release/net8.0/pibox.plugins.handlers.cqrs.tests.dll" id="9eab9bd4-9423-7845-4802-c0f45c6a86d1">
      <Execution id="1c045bf7-c8f8-4b1d-bde5-f921afbf0f94" />
      <TestMethod codeBase="/home/lukas/Development/github.com/sia-digital/pibox/PiBox.Plugins/Handlers/Cqrs/test/PiBox.Plugins.Handlers.Cqrs.Tests/bin/Release/net8.0/PiBox.Plugins.Handlers.Cqrs.Tests.dll" adapterTypeName="executor://nunit3testexecutor/" className="PiBox.Plugins.Handlers.Cqrs.Tests.SimpleResource.Validators.PagingRequestValidatorTests" name="PagingRequestValidatorWorks(101,null,null,null,False)" />
    </UnitTest>
    <UnitTest name="PagingRequestValidatorWorks(null,null,null,&quot;&quot;,False)" storage="/home/lukas/development/github.com/sia-digital/pibox/pibox.plugins/handlers/cqrs/test/pibox.plugins.handlers.cqrs.tests/bin/release/net8.0/pibox.plugins.handlers.cqrs.tests.dll" id="2c8d4536-7d5d-9ede-e1a7-075da3c9c4b1">
      <Execution id="2b6fd741-428f-4fe1-b77c-9d40953b599a" />
      <TestMethod codeBase="/home/lukas/Development/github.com/sia-digital/pibox/PiBox.Plugins/Handlers/Cqrs/test/PiBox.Plugins.Handlers.Cqrs.Tests/bin/Release/net8.0/PiBox.Plugins.Handlers.Cqrs.Tests.dll" adapterTypeName="executor://nunit3testexecutor/" className="PiBox.Plugins.Handlers.Cqrs.Tests.SimpleResource.Validators.PagingRequestValidatorTests" name="PagingRequestValidatorWorks(null,null,null,&quot;&quot;,False)" />
    </UnitTest>
    <UnitTest name="GetWorksCanReturnNotFound" storage="/home/lukas/development/github.com/sia-digital/pibox/pibox.plugins/handlers/cqrs/test/pibox.plugins.handlers.cqrs.tests/bin/release/net8.0/pibox.plugins.handlers.cqrs.tests.dll" id="a67272e7-0087-b2b9-108e-7e41e392d2d0">
      <Execution id="04b344f6-8b28-471f-b978-7ea95b0b7b46" />
      <TestMethod codeBase="/home/lukas/Development/github.com/sia-digital/pibox/PiBox.Plugins/Handlers/Cqrs/test/PiBox.Plugins.Handlers.Cqrs.Tests/bin/Release/net8.0/PiBox.Plugins.Handlers.Cqrs.Tests.dll" adapterTypeName="executor://nunit3testexecutor/" className="PiBox.Plugins.Handlers.Cqrs.Tests.SimpleResource.Handlers.SimpleResourceGetHandlerTests" name="GetWorksCanReturnNotFound" />
    </UnitTest>
    <UnitTest name="DeleteWorks" storage="/home/lukas/development/github.com/sia-digital/pibox/pibox.plugins/handlers/cqrs/test/pibox.plugins.handlers.cqrs.tests/bin/release/net8.0/pibox.plugins.handlers.cqrs.tests.dll" id="a50b4122-f1f2-9af0-ba2a-79042bd74edf">
      <Execution id="88ffd27b-3994-4639-ace4-eefa0534dcd7" />
      <TestMethod codeBase="/home/lukas/Development/github.com/sia-digital/pibox/PiBox.Plugins/Handlers/Cqrs/test/PiBox.Plugins.Handlers.Cqrs.Tests/bin/Release/net8.0/PiBox.Plugins.Handlers.Cqrs.Tests.dll" adapterTypeName="executor://nunit3testexecutor/" className="PiBox.Plugins.Handlers.Cqrs.Tests.SimpleResource.Handlers.SimpleResourceDeleteHandlerTests" name="DeleteWorks" />
    </UnitTest>
    <UnitTest name="PagingRequestValidatorWorks(null,null,null,null,True)" storage="/home/lukas/development/github.com/sia-digital/pibox/pibox.plugins/handlers/cqrs/test/pibox.plugins.handlers.cqrs.tests/bin/release/net8.0/pibox.plugins.handlers.cqrs.tests.dll" id="8072ae10-b115-4d79-73f6-15f4aaa42e31">
      <Execution id="0ad05041-2d9a-4baf-bc1b-ae584daa935f" />
      <TestMethod codeBase="/home/lukas/Development/github.com/sia-digital/pibox/PiBox.Plugins/Handlers/Cqrs/test/PiBox.Plugins.Handlers.Cqrs.Tests/bin/Release/net8.0/PiBox.Plugins.Handlers.Cqrs.Tests.dll" adapterTypeName="executor://nunit3testexecutor/" className="PiBox.Plugins.Handlers.Cqrs.Tests.SimpleResource.Validators.PagingRequestValidatorTests" name="PagingRequestValidatorWorks(null,null,null,null,True)" />
    </UnitTest>
    <UnitTest name="ReturnsAValidationErrorIfRequestIsInvalid" storage="/home/lukas/development/github.com/sia-digital/pibox/pibox.plugins/handlers/cqrs/test/pibox.plugins.handlers.cqrs.tests/bin/release/net8.0/pibox.plugins.handlers.cqrs.tests.dll" id="0d6a0dd2-0315-cc6f-5991-1be6f9fa123d">
      <Execution id="46db5afc-5617-435c-9d46-9c728f068a83" />
      <TestMethod codeBase="/home/lukas/Development/github.com/sia-digital/pibox/PiBox.Plugins/Handlers/Cqrs/test/PiBox.Plugins.Handlers.Cqrs.Tests/bin/Release/net8.0/PiBox.Plugins.Handlers.Cqrs.Tests.dll" adapterTypeName="executor://nunit3testexecutor/" className="PiBox.Plugins.Handlers.Cqrs.Tests.SimpleResource.Handlers.SimpleResourceCreateHandlerTests" name="ReturnsAValidationErrorIfRequestIsInvalid" />
    </UnitTest>
    <UnitTest name="PagingRequestValidatorWorks(null,null,&quot;&quot;,null,False)" storage="/home/lukas/development/github.com/sia-digital/pibox/pibox.plugins/handlers/cqrs/test/pibox.plugins.handlers.cqrs.tests/bin/release/net8.0/pibox.plugins.handlers.cqrs.tests.dll" id="fad078eb-8add-e27c-68c5-c10ed2ebcfad">
      <Execution id="c5fd92c8-5ec1-4b41-bca4-428c20cdf82f" />
      <TestMethod codeBase="/home/lukas/Development/github.com/sia-digital/pibox/PiBox.Plugins/Handlers/Cqrs/test/PiBox.Plugins.Handlers.Cqrs.Tests/bin/Release/net8.0/PiBox.Plugins.Handlers.Cqrs.Tests.dll" adapterTypeName="executor://nunit3testexecutor/" className="PiBox.Plugins.Handlers.Cqrs.Tests.SimpleResource.Validators.PagingRequestValidatorTests" name="PagingRequestValidatorWorks(null,null,&quot;&quot;,null,False)" />
    </UnitTest>
    <UnitTest name="ReturnsAValidationErrorWhenTheRequestIsInvalid" storage="/home/lukas/development/github.com/sia-digital/pibox/pibox.plugins/handlers/cqrs/test/pibox.plugins.handlers.cqrs.tests/bin/release/net8.0/pibox.plugins.handlers.cqrs.tests.dll" id="16067e87-a3a5-4ccd-a93a-dae9d6fb57b1">
      <Execution id="daa913cf-ae67-42e2-be23-d931a96d8043" />
      <TestMethod codeBase="/home/lukas/Development/github.com/sia-digital/pibox/PiBox.Plugins/Handlers/Cqrs/test/PiBox.Plugins.Handlers.Cqrs.Tests/bin/Release/net8.0/PiBox.Plugins.Handlers.Cqrs.Tests.dll" adapterTypeName="executor://nunit3testexecutor/" className="PiBox.Plugins.Handlers.Cqrs.Tests.SimpleResource.Handlers.SimpleResourceGetHandlerTests" name="ReturnsAValidationErrorWhenTheRequestIsInvalid" />
    </UnitTest>
    <UnitTest name="CreateWorks" storage="/home/lukas/development/github.com/sia-digital/pibox/pibox.plugins/handlers/cqrs/test/pibox.plugins.handlers.cqrs.tests/bin/release/net8.0/pibox.plugins.handlers.cqrs.tests.dll" id="bd2bab80-b14a-63b3-f295-e3c7b61a3fcb">
      <Execution id="8e78b3cb-fecc-4da6-99f6-4d951bf02ff3" />
      <TestMethod codeBase="/home/lukas/Development/github.com/sia-digital/pibox/PiBox.Plugins/Handlers/Cqrs/test/PiBox.Plugins.Handlers.Cqrs.Tests/bin/Release/net8.0/PiBox.Plugins.Handlers.Cqrs.Tests.dll" adapterTypeName="executor://nunit3testexecutor/" className="PiBox.Plugins.Handlers.Cqrs.Tests.SimpleResource.Handlers.SimpleResourceCreateHandlerTests" name="CreateWorks" />
    </UnitTest>
    <UnitTest name="GetWorks" storage="/home/lukas/development/github.com/sia-digital/pibox/pibox.plugins/handlers/cqrs/test/pibox.plugins.handlers.cqrs.tests/bin/release/net8.0/pibox.plugins.handlers.cqrs.tests.dll" id="b3bfd460-f552-403f-6f59-3686128f1369">
      <Execution id="d154902b-69eb-4c0f-aafc-cb32d754bf71" />
      <TestMethod codeBase="/home/lukas/Development/github.com/sia-digital/pibox/PiBox.Plugins/Handlers/Cqrs/test/PiBox.Plugins.Handlers.Cqrs.Tests/bin/Release/net8.0/PiBox.Plugins.Handlers.Cqrs.Tests.dll" adapterTypeName="executor://nunit3testexecutor/" className="PiBox.Plugins.Handlers.Cqrs.Tests.SimpleResource.Handlers.SimpleResourceGetHandlerTests" name="GetWorks" />
    </UnitTest>
    <UnitTest name="GetListFailsWhenFindDoesNotWork" storage="/home/lukas/development/github.com/sia-digital/pibox/pibox.plugins/handlers/cqrs/test/pibox.plugins.handlers.cqrs.tests/bin/release/net8.0/pibox.plugins.handlers.cqrs.tests.dll" id="f94f1f4a-ea86-f6d9-b980-32ad62af2bdd">
      <Execution id="71e622a9-fcd4-46dd-b329-f8f7b621a46e" />
      <TestMethod codeBase="/home/lukas/Development/github.com/sia-digital/pibox/PiBox.Plugins/Handlers/Cqrs/test/PiBox.Plugins.Handlers.Cqrs.Tests/bin/Release/net8.0/PiBox.Plugins.Handlers.Cqrs.Tests.dll" adapterTypeName="executor://nunit3testexecutor/" className="PiBox.Plugins.Handlers.Cqrs.Tests.SimpleResource.Handlers.SimpleResourceGetListHandlerTests" name="GetListFailsWhenFindDoesNotWork" />
    </UnitTest>
    <UnitTest name="ThrowsWhenRequestIsNull" storage="/home/lukas/development/github.com/sia-digital/pibox/pibox.plugins/handlers/cqrs/test/pibox.plugins.handlers.cqrs.tests/bin/release/net8.0/pibox.plugins.handlers.cqrs.tests.dll" id="b3ffb439-d7df-e80e-5b2e-2aae6dd83954">
      <Execution id="8dc9eeb5-0ef3-497b-9ec6-124a8c2bca78" />
      <TestMethod codeBase="/home/lukas/Development/github.com/sia-digital/pibox/PiBox.Plugins/Handlers/Cqrs/test/PiBox.Plugins.Handlers.Cqrs.Tests/bin/Release/net8.0/PiBox.Plugins.Handlers.Cqrs.Tests.dll" adapterTypeName="executor://nunit3testexecutor/" className="PiBox.Plugins.Handlers.Cqrs.Tests.SimpleResource.Validators.ValidationExtensionsTests" name="ThrowsWhenRequestIsNull" />
    </UnitTest>
    <UnitTest name="ReturnsAValidationErrorIfRequestIsInvalid" storage="/home/lukas/development/github.com/sia-digital/pibox/pibox.plugins/handlers/cqrs/test/pibox.plugins.handlers.cqrs.tests/bin/release/net8.0/pibox.plugins.handlers.cqrs.tests.dll" id="5c92d5ff-dce5-e370-6726-aa18b43d9cfc">
      <Execution id="aabae57d-64d5-4c9c-88a8-4ab0bc97196b" />
      <TestMethod codeBase="/home/lukas/Development/github.com/sia-digital/pibox/PiBox.Plugins/Handlers/Cqrs/test/PiBox.Plugins.Handlers.Cqrs.Tests/bin/Release/net8.0/PiBox.Plugins.Handlers.Cqrs.Tests.dll" adapterTypeName="executor://nunit3testexecutor/" className="PiBox.Plugins.Handlers.Cqrs.Tests.SimpleResource.Handlers.SimpleResourceDeleteHandlerTests" name="ReturnsAValidationErrorIfRequestIsInvalid" />
    </UnitTest>
    <UnitTest name="PagingRequestValidatorWorks(0,null,null,null,False)" storage="/home/lukas/development/github.com/sia-digital/pibox/pibox.plugins/handlers/cqrs/test/pibox.plugins.handlers.cqrs.tests/bin/release/net8.0/pibox.plugins.handlers.cqrs.tests.dll" id="5884c84e-c04d-ef9e-1f68-6d5eb5c8f171">
      <Execution id="7c20c0ad-3ef3-4bcd-9bdc-cc7e45cd64d3" />
      <TestMethod codeBase="/home/lukas/Development/github.com/sia-digital/pibox/PiBox.Plugins/Handlers/Cqrs/test/PiBox.Plugins.Handlers.Cqrs.Tests/bin/Release/net8.0/PiBox.Plugins.Handlers.Cqrs.Tests.dll" adapterTypeName="executor://nunit3testexecutor/" className="PiBox.Plugins.Handlers.Cqrs.Tests.SimpleResource.Validators.PagingRequestValidatorTests" name="PagingRequestValidatorWorks(0,null,null,null,False)" />
    </UnitTest>
  </TestDefinitions>
  <TestEntries>
    <TestEntry testId="f245cee0-8b62-3f7c-1754-0e355786c3e0" executionId="2a262d33-1693-4c1d-9646-5f1fd6b7dcdc" testListId="8c84fa94-04c1-424b-9868-57a2d4851a1d" />
    <TestEntry testId="10b100c5-2b32-b7e5-7d2f-453de2597755" executionId="c8d0678b-f480-49fe-bdbd-14e687a041ae" testListId="8c84fa94-04c1-424b-9868-57a2d4851a1d" />
    <TestEntry testId="b78bc482-7e74-76f6-4c4e-84f2c642eece" executionId="d4597eca-ffee-405a-acfe-feabc582803b" testListId="8c84fa94-04c1-424b-9868-57a2d4851a1d" />
    <TestEntry testId="16067e87-a3a5-4ccd-a93a-dae9d6fb57b1" executionId="daa913cf-ae67-42e2-be23-d931a96d8043" testListId="8c84fa94-04c1-424b-9868-57a2d4851a1d" />
    <TestEntry testId="c362b99e-0fe0-b929-fb7e-0698c52326a7" executionId="02812589-ccc2-499b-80f7-0f415b99a103" testListId="8c84fa94-04c1-424b-9868-57a2d4851a1d" />
    <TestEntry testId="6d327418-875d-5be0-b8be-6eacc8149b4c" executionId="d3b66dc4-d8ab-4367-8b38-11c787ed0878" testListId="8c84fa94-04c1-424b-9868-57a2d4851a1d" />
    <TestEntry testId="fad078eb-8add-e27c-68c5-c10ed2ebcfad" executionId="c5fd92c8-5ec1-4b41-bca4-428c20cdf82f" testListId="8c84fa94-04c1-424b-9868-57a2d4851a1d" />
    <TestEntry testId="8e4c3e56-7e43-4eb4-32c2-263d2d983098" executionId="c28845e2-07d5-49e0-9b61-e5371dab80a3" testListId="8c84fa94-04c1-424b-9868-57a2d4851a1d" />
    <TestEntry testId="e71e47e6-5c70-b1f3-9af8-698cf97993d4" executionId="ff9d667a-e8b8-4dcc-a608-bb146276e4b1" testListId="8c84fa94-04c1-424b-9868-57a2d4851a1d" />
    <TestEntry testId="9b8cc5ee-467d-9548-8c49-4d208d00d862" executionId="8ac7227a-da0f-40ad-b98e-03e1bebb2e5e" testListId="8c84fa94-04c1-424b-9868-57a2d4851a1d" />
    <TestEntry testId="947ff04c-b52e-e27e-4d25-093b81b6be34" executionId="64898552-a1cf-4b16-93f1-7870271855a1" testListId="8c84fa94-04c1-424b-9868-57a2d4851a1d" />
    <TestEntry testId="c6630af9-cd86-132e-efc7-f5303c15cbf6" executionId="402a6bda-81f0-48ce-8c93-599285a92b5a" testListId="8c84fa94-04c1-424b-9868-57a2d4851a1d" />
    <TestEntry testId="5884c84e-c04d-ef9e-1f68-6d5eb5c8f171" executionId="7c20c0ad-3ef3-4bcd-9bdc-cc7e45cd64d3" testListId="8c84fa94-04c1-424b-9868-57a2d4851a1d" />
    <TestEntry testId="b3ffb439-d7df-e80e-5b2e-2aae6dd83954" executionId="8dc9eeb5-0ef3-497b-9ec6-124a8c2bca78" testListId="8c84fa94-04c1-424b-9868-57a2d4851a1d" />
    <TestEntry testId="180f424c-044d-09a1-4c38-1e07096a2ccc" executionId="ed97826a-6753-435b-a561-8b7bfe1b6483" testListId="8c84fa94-04c1-424b-9868-57a2d4851a1d" />
    <TestEntry testId="4730c50b-c998-84eb-e1f0-384ae37574ba" executionId="e8565291-0d30-4b86-af2b-af35a7c3235b" testListId="8c84fa94-04c1-424b-9868-57a2d4851a1d" />
    <TestEntry testId="8072ae10-b115-4d79-73f6-15f4aaa42e31" executionId="0ad05041-2d9a-4baf-bc1b-ae584daa935f" testListId="8c84fa94-04c1-424b-9868-57a2d4851a1d" />
    <TestEntry testId="42fa311c-dedc-c34b-3301-3a9a92fd26e5" executionId="15045ad0-3977-4456-842b-ec296a976d0c" testListId="8c84fa94-04c1-424b-9868-57a2d4851a1d" />
    <TestEntry testId="942717bc-21ae-e366-f4c9-46beb2389e4e" executionId="17f5c9fd-abf9-4fe5-96f3-a4f25ba68585" testListId="8c84fa94-04c1-424b-9868-57a2d4851a1d" />
    <TestEntry testId="9eab9bd4-9423-7845-4802-c0f45c6a86d1" executionId="1c045bf7-c8f8-4b1d-bde5-f921afbf0f94" testListId="8c84fa94-04c1-424b-9868-57a2d4851a1d" />
    <TestEntry testId="2c8d4536-7d5d-9ede-e1a7-075da3c9c4b1" executionId="2b6fd741-428f-4fe1-b77c-9d40953b599a" testListId="8c84fa94-04c1-424b-9868-57a2d4851a1d" />
    <TestEntry testId="5c92d5ff-dce5-e370-6726-aa18b43d9cfc" executionId="aabae57d-64d5-4c9c-88a8-4ab0bc97196b" testListId="8c84fa94-04c1-424b-9868-57a2d4851a1d" />
    <TestEntry testId="0d6a0dd2-0315-cc6f-5991-1be6f9fa123d" executionId="46db5afc-5617-435c-9d46-9c728f068a83" testListId="8c84fa94-04c1-424b-9868-57a2d4851a1d" />
    <TestEntry testId="ddeaa9ba-f112-c0c5-e5da-d84687db4c3f" executionId="610bca5e-354a-410c-97fd-30ea88d2e052" testListId="8c84fa94-04c1-424b-9868-57a2d4851a1d" />
    <TestEntry testId="a50b4122-f1f2-9af0-ba2a-79042bd74edf" executionId="88ffd27b-3994-4639-ace4-eefa0534dcd7" testListId="8c84fa94-04c1-424b-9868-57a2d4851a1d" />
    <TestEntry testId="bd2bab80-b14a-63b3-f295-e3c7b61a3fcb" executionId="8e78b3cb-fecc-4da6-99f6-4d951bf02ff3" testListId="8c84fa94-04c1-424b-9868-57a2d4851a1d" />
    <TestEntry testId="850c3791-8719-7f5c-05b7-defdb1303e38" executionId="e7a35f96-69eb-4235-9835-b1992da7e610" testListId="8c84fa94-04c1-424b-9868-57a2d4851a1d" />
    <TestEntry testId="b35ff09d-d0bd-6f75-ae00-4d937076b918" executionId="25d9e787-32ea-491e-9160-f7d08e0aefa2" testListId="8c84fa94-04c1-424b-9868-57a2d4851a1d" />
    <TestEntry testId="073aa412-039b-7bc8-88f8-6819f3ed8f3c" executionId="7f927e73-e843-402d-85ce-4524caa9e751" testListId="8c84fa94-04c1-424b-9868-57a2d4851a1d" />
    <TestEntry testId="f94f1f4a-ea86-f6d9-b980-32ad62af2bdd" executionId="71e622a9-fcd4-46dd-b329-f8f7b621a46e" testListId="8c84fa94-04c1-424b-9868-57a2d4851a1d" />
    <TestEntry testId="a67272e7-0087-b2b9-108e-7e41e392d2d0" executionId="04b344f6-8b28-471f-b978-7ea95b0b7b46" testListId="8c84fa94-04c1-424b-9868-57a2d4851a1d" />
    <TestEntry testId="b3bfd460-f552-403f-6f59-3686128f1369" executionId="d154902b-69eb-4c0f-aafc-cb32d754bf71" testListId="8c84fa94-04c1-424b-9868-57a2d4851a1d" />
  </TestEntries>
  <TestLists>
    <TestList name="Results Not in a List" id="8c84fa94-04c1-424b-9868-57a2d4851a1d" />
    <TestList name="All Loaded Results" id="19431567-8539-422a-85d7-44ee4e166bda" />
  </TestLists>
  <ResultSummary outcome="Completed">
    <Counters total="32" executed="32" passed="32" failed="0" error="0" timeout="0" aborted="0" inconclusive="0" passedButRunAborted="0" notRunnable="0" notExecuted="0" disconnected="0" warning="0" completed="0" inProgress="0" pending="0" />
    <Output>
      <StdOut>NUnit Adapter 4.5.0.0: Test execution started
Running all tests in /home/lukas/Development/github.com/sia-digital/pibox/PiBox.Plugins/Handlers/Cqrs/test/PiBox.Plugins.Handlers.Cqrs.Tests/bin/Release/net8.0/PiBox.Plugins.Handlers.Cqrs.Tests.dll
   NUnit3TestExecutor discovered 32 of 32 NUnit test cases using Current Discovery mode, Non-Explicit run
NUnit Adapter 4.5.0.0: Test execution complete
</StdOut>
    </Output>
  </ResultSummary>
</TestRun>