<?xml version="1.0" encoding="utf-8"?>
<TestRun id="b2f1f8e9-2722-472d-af16-5b204a462cac" name="@wkuerzdoelbt01 2023-11-22 15:52:46" xmlns="http://microsoft.com/schemas/VisualStudio/TeamTest/2010">
  <Times creation="2023-11-22T15:52:46.2534007+01:00" queuing="2023-11-22T15:52:46.2534009+01:00" start="2023-11-22T15:52:40.4138725+01:00" finish="2023-11-22T15:52:46.7047730+01:00" />
  <TestSettings name="default" id="b0687bb0-679c-43e2-a5e4-9aeaf5271d1a">
    <Deployment runDeploymentRoot="_wkuerzdoelbt01_2023-11-22_15_52_46" />
  </TestSettings>
  <Results>
    <UnitTestResult executionId="75a5263e-5a55-457f-b87e-72ec7899f087" testId="a6cc879f-987b-3bc8-f2ae-2742a08b4c0c" testName="FeatureWithTwoStrategiesShouldHaveRequirementTypeAll" computerName="wkuerzdoelbt01" duration="00:00:00.0028050" startTime="2023-11-22T15:52:46.0860223+01:00" endTime="2023-11-22T15:52:46.0888277+01:00" testType="13cdc9d9-ddb5-4fa4-a97d-d965ccfc6d4b" outcome="Passed" testListId="8c84fa94-04c1-424b-9868-57a2d4851a1d" relativeResultsDirectory="75a5263e-5a55-457f-b87e-72ec7899f087" />
    <UnitTestResult executionId="af6e2c0e-f7b8-4558-b64c-05631a5112cd" testId="1657844f-2aa6-3a53-81d6-443068da2feb" testName="FeatureWithOneStrategyShouldHaveRequirementTypeAll" computerName="wkuerzdoelbt01" duration="00:00:00.2302170" startTime="2023-11-22T15:52:45.8548425+01:00" endTime="2023-11-22T15:52:46.0850590+01:00" testType="13cdc9d9-ddb5-4fa4-a97d-d965ccfc6d4b" outcome="Passed" testListId="8c84fa94-04c1-424b-9868-57a2d4851a1d" relativeResultsDirectory="af6e2c0e-f7b8-4558-b64c-05631a5112cd" />
    <UnitTestResult executionId="9988ba6d-814d-463f-a315-1e4050fd1878" testId="033ed2ab-87ee-db3a-3fa7-b18f90176a1c" testName="GetAllFeatureDefinitionsAsyncShouldReturnCorrectFeatureDefinitons" computerName="wkuerzdoelbt01" duration="00:00:00.0071810" startTime="2023-11-22T15:52:46.0888872+01:00" endTime="2023-11-22T15:52:46.0960679+01:00" testType="13cdc9d9-ddb5-4fa4-a97d-d965ccfc6d4b" outcome="Passed" testListId="8c84fa94-04c1-424b-9868-57a2d4851a1d" relativeResultsDirectory="9988ba6d-814d-463f-a315-1e4050fd1878" />
    <UnitTestResult executionId="33f8200e-c9f8-41a7-879d-0250ab61206e" testId="4b9f8b6a-30d7-3973-f114-0564428f8ca0" testName="HandleErrorEventShouldLogDebugAndIncrementMetric" computerName="wkuerzdoelbt01" duration="00:00:00.4595190" startTime="2023-11-22T15:52:45.5016327+01:00" endTime="2023-11-22T15:52:45.9611521+01:00" testType="13cdc9d9-ddb5-4fa4-a97d-d965ccfc6d4b" outcome="Passed" testListId="8c84fa94-04c1-424b-9868-57a2d4851a1d" relativeResultsDirectory="33f8200e-c9f8-41a7-879d-0250ab61206e" />
    <UnitTestResult executionId="f487c458-6c81-4674-889b-08ec212e0187" testId="a504b147-415d-906f-8a0a-4effb9a79701" testName="MiddlewareWithSessionAndUserPropagatesContextCorrectly" computerName="wkuerzdoelbt01" duration="00:00:00.0141780" startTime="2023-11-22T15:52:45.9467622+01:00" endTime="2023-11-22T15:52:45.9609406+01:00" testType="13cdc9d9-ddb5-4fa4-a97d-d965ccfc6d4b" outcome="Passed" testListId="8c84fa94-04c1-424b-9868-57a2d4851a1d" relativeResultsDirectory="f487c458-6c81-4674-889b-08ec212e0187" />
    <UnitTestResult executionId="b8bc42ba-45e2-4873-8389-43f30d34b958" testId="7cd7c6fe-0c63-e756-1bbd-431eb7603265" testName="MatchingTogglenameWithAnyContextShouldReturnTrue" computerName="wkuerzdoelbt01" duration="00:00:00.1205780" startTime="2023-11-22T15:52:45.8405508+01:00" endTime="2023-11-22T15:52:45.9611284+01:00" testType="13cdc9d9-ddb5-4fa4-a97d-d965ccfc6d4b" outcome="Passed" testListId="8c84fa94-04c1-424b-9868-57a2d4851a1d" relativeResultsDirectory="b8bc42ba-45e2-4873-8389-43f30d34b958" />
    <UnitTestResult executionId="60664e9b-cb92-428e-a8fd-610259126eef" testId="4c0eefec-c67b-b83b-13be-d888195360d6" testName="HandleToggleUpdatedEventShouldLogDebugAndIncrementMetric" computerName="wkuerzdoelbt01" duration="00:00:00.0129100" startTime="2023-11-22T15:52:45.9671736+01:00" endTime="2023-11-22T15:52:45.9800834+01:00" testType="13cdc9d9-ddb5-4fa4-a97d-d965ccfc6d4b" outcome="Passed" testListId="8c84fa94-04c1-424b-9868-57a2d4851a1d" relativeResultsDirectory="60664e9b-cb92-428e-a8fd-610259126eef" />
    <UnitTestResult executionId="dfa38a6c-d999-4367-b8bd-9990225ea9a8" testId="e043d58c-5c6f-c384-bcd3-bf36eea6fb10" testName="PluginConfiguresHealthChecks" computerName="wkuerzdoelbt01" duration="00:00:00.1118100" startTime="2023-11-22T15:52:45.9882943+01:00" endTime="2023-11-22T15:52:46.1001046+01:00" testType="13cdc9d9-ddb5-4fa4-a97d-d965ccfc6d4b" outcome="Passed" testListId="8c84fa94-04c1-424b-9868-57a2d4851a1d" relativeResultsDirectory="dfa38a6c-d999-4367-b8bd-9990225ea9a8" />
    <UnitTestResult executionId="84fea633-7e1f-463c-9486-7ece582f5744" testId="210a099a-53cf-e33f-9ed9-e758005e9d11" testName="NonMatchingTogglenameWithNullContextShouldReturnFalse" computerName="wkuerzdoelbt01" duration="00:00:00.0017900" startTime="2023-11-22T15:52:45.9741609+01:00" endTime="2023-11-22T15:52:45.9759510+01:00" testType="13cdc9d9-ddb5-4fa4-a97d-d965ccfc6d4b" outcome="Passed" testListId="8c84fa94-04c1-424b-9868-57a2d4851a1d" relativeResultsDirectory="84fea633-7e1f-463c-9486-7ece582f5744" />
    <UnitTestResult executionId="78bf1f58-b9e7-437b-8210-86843eb2eb4c" testId="b7152a32-8aa1-5f26-5065-0533497fc445" testName="HandleImpressionEventShouldLogDebugAndIncrementMetric" computerName="wkuerzdoelbt01" duration="00:00:00.0033750" startTime="2023-11-22T15:52:45.9612771+01:00" endTime="2023-11-22T15:52:45.9646523+01:00" testType="13cdc9d9-ddb5-4fa4-a97d-d965ccfc6d4b" outcome="Passed" testListId="8c84fa94-04c1-424b-9868-57a2d4851a1d" relativeResultsDirectory="78bf1f58-b9e7-437b-8210-86843eb2eb4c" />
    <UnitTestResult executionId="7f9fc446-68a1-4cbe-9833-0403abd9ccff" testId="6ab97bef-c28c-4806-0595-154db02f60e0" testName="NonMatchingTogglenameWithAnyContextShouldReturnFalse" computerName="wkuerzdoelbt01" duration="00:00:00.0017160" startTime="2023-11-22T15:52:45.9712913+01:00" endTime="2023-11-22T15:52:45.9730072+01:00" testType="13cdc9d9-ddb5-4fa4-a97d-d965ccfc6d4b" outcome="Passed" testListId="8c84fa94-04c1-424b-9868-57a2d4851a1d" relativeResultsDirectory="7f9fc446-68a1-4cbe-9833-0403abd9ccff" />
    <UnitTestResult executionId="4873ad44-4a60-4577-9864-da8f83201e74" testId="cec9de51-8e0c-5dec-2860-472b38e66fdd" testName="ExceptionShouldResultInFalse" computerName="wkuerzdoelbt01" duration="00:00:00.3148800" startTime="2023-11-22T15:52:45.5004423+01:00" endTime="2023-11-22T15:52:45.8152142+01:00" testType="13cdc9d9-ddb5-4fa4-a97d-d965ccfc6d4b" outcome="Passed" testListId="8c84fa94-04c1-424b-9868-57a2d4851a1d" relativeResultsDirectory="4873ad44-4a60-4577-9864-da8f83201e74" />
    <UnitTestResult executionId="9b9164e7-3283-49c1-b788-2f8a8e8b0595" testId="83faaacc-cacf-7c5c-8ac3-03270ab88621" testName="MatchingTogglenameWithNullContextShouldReturnTrue" computerName="wkuerzdoelbt01" duration="00:00:00.0054350" startTime="2023-11-22T15:52:45.9611940+01:00" endTime="2023-11-22T15:52:45.9666282+01:00" testType="13cdc9d9-ddb5-4fa4-a97d-d965ccfc6d4b" outcome="Passed" testListId="8c84fa94-04c1-424b-9868-57a2d4851a1d" relativeResultsDirectory="9b9164e7-3283-49c1-b788-2f8a8e8b0595" />
    <UnitTestResult executionId="eabb96aa-1c1f-4dc4-b465-3841e75cfaa5" testId="12f74107-af7e-ebce-227c-6434251ce1de" testName="MiddlewareWithoutSessionAndUserPropagatesContextCorrectly" computerName="wkuerzdoelbt01" duration="00:00:00.2058060" startTime="2023-11-22T15:52:45.7379864+01:00" endTime="2023-11-22T15:52:45.9437927+01:00" testType="13cdc9d9-ddb5-4fa4-a97d-d965ccfc6d4b" outcome="Passed" testListId="8c84fa94-04c1-424b-9868-57a2d4851a1d" relativeResultsDirectory="eabb96aa-1c1f-4dc4-b465-3841e75cfaa5" />
    <UnitTestResult executionId="e3e3bc46-f5a6-43c7-aa41-26a78a8be043" testId="8f7c415a-7abc-95de-9500-dbfb7d08493c" testName="FeatureNameMisMatchReturnsNull" computerName="wkuerzdoelbt01" duration="00:00:00.3383850" startTime="2023-11-22T15:52:45.5021353+01:00" endTime="2023-11-22T15:52:45.8405193+01:00" testType="13cdc9d9-ddb5-4fa4-a97d-d965ccfc6d4b" outcome="Passed" testListId="8c84fa94-04c1-424b-9868-57a2d4851a1d" relativeResultsDirectory="e3e3bc46-f5a6-43c7-aa41-26a78a8be043" />
    <UnitTestResult executionId="d740e126-d861-4bb3-b292-2620ea21bd6f" testId="5cc208d5-2323-4c84-4cdd-79d49720c85e" testName="PluginConfiguresServices" computerName="wkuerzdoelbt01" duration="00:00:00.3132420" startTime="2023-11-22T15:52:46.1082670+01:00" endTime="2023-11-22T15:52:46.4215099+01:00" testType="13cdc9d9-ddb5-4fa4-a97d-d965ccfc6d4b" outcome="Passed" testListId="8c84fa94-04c1-424b-9868-57a2d4851a1d" relativeResultsDirectory="d740e126-d861-4bb3-b292-2620ea21bd6f" />
  </Results>
  <TestDefinitions>
    <UnitTest name="MatchingTogglenameWithNullContextShouldReturnTrue" storage="/home/lukas/development/github.com/sia-digital/pibox/pibox.plugins/management/unleash/test/pibox.plugins.management.unleash.tests/bin/release/net8.0/pibox.plugins.management.unleash.tests.dll" id="83faaacc-cacf-7c5c-8ac3-03270ab88621">
      <Execution id="9b9164e7-3283-49c1-b788-2f8a8e8b0595" />
      <TestMethod codeBase="/home/lukas/Development/github.com/sia-digital/pibox/PiBox.Plugins/Management/Unleash/test/PiBox.Plugins.Management.Unleash.Tests/bin/Release/net8.0/PiBox.Plugins.Management.Unleash.Tests.dll" adapterTypeName="executor://nunit3testexecutor/" className="PiBox.Plugins.Management.Unleash.Tests.UnleashFilterTests" name="MatchingTogglenameWithNullContextShouldReturnTrue" />
    </UnitTest>
    <UnitTest name="ExceptionShouldResultInFalse" storage="/home/lukas/development/github.com/sia-digital/pibox/pibox.plugins/management/unleash/test/pibox.plugins.management.unleash.tests/bin/release/net8.0/pibox.plugins.management.unleash.tests.dll" id="cec9de51-8e0c-5dec-2860-472b38e66fdd">
      <Execution id="4873ad44-4a60-4577-9864-da8f83201e74" />
      <TestMethod codeBase="/home/lukas/Development/github.com/sia-digital/pibox/PiBox.Plugins/Management/Unleash/test/PiBox.Plugins.Management.Unleash.Tests/bin/Release/net8.0/PiBox.Plugins.Management.Unleash.Tests.dll" adapterTypeName="executor://nunit3testexecutor/" className="PiBox.Plugins.Management.Unleash.Tests.UnleashFilterTests" name="ExceptionShouldResultInFalse" />
    </UnitTest>
    <UnitTest name="HandleImpressionEventShouldLogDebugAndIncrementMetric" storage="/home/lukas/development/github.com/sia-digital/pibox/pibox.plugins/management/unleash/test/pibox.plugins.management.unleash.tests/bin/release/net8.0/pibox.plugins.management.unleash.tests.dll" id="b7152a32-8aa1-5f26-5065-0533497fc445">
      <Execution id="78bf1f58-b9e7-437b-8210-86843eb2eb4c" />
      <TestMethod codeBase="/home/lukas/Development/github.com/sia-digital/pibox/PiBox.Plugins/Management/Unleash/test/PiBox.Plugins.Management.Unleash.Tests/bin/Release/net8.0/PiBox.Plugins.Management.Unleash.Tests.dll" adapterTypeName="executor://nunit3testexecutor/" className="PiBox.Plugins.Management.Unleash.Tests.UnleashPluginTests" name="HandleImpressionEventShouldLogDebugAndIncrementMetric" />
    </UnitTest>
    <UnitTest name="FeatureWithTwoStrategiesShouldHaveRequirementTypeAll" storage="/home/lukas/development/github.com/sia-digital/pibox/pibox.plugins/management/unleash/test/pibox.plugins.management.unleash.tests/bin/release/net8.0/pibox.plugins.management.unleash.tests.dll" id="a6cc879f-987b-3bc8-f2ae-2742a08b4c0c">
      <Execution id="75a5263e-5a55-457f-b87e-72ec7899f087" />
      <TestMethod codeBase="/home/lukas/Development/github.com/sia-digital/pibox/PiBox.Plugins/Management/Unleash/test/PiBox.Plugins.Management.Unleash.Tests/bin/Release/net8.0/PiBox.Plugins.Management.Unleash.Tests.dll" adapterTypeName="executor://nunit3testexecutor/" className="PiBox.Plugins.Management.Unleash.Tests.UnleashFeatureDefinitionProviderTests" name="FeatureWithTwoStrategiesShouldHaveRequirementTypeAll" />
    </UnitTest>
    <UnitTest name="GetAllFeatureDefinitionsAsyncShouldReturnCorrectFeatureDefinitons" storage="/home/lukas/development/github.com/sia-digital/pibox/pibox.plugins/management/unleash/test/pibox.plugins.management.unleash.tests/bin/release/net8.0/pibox.plugins.management.unleash.tests.dll" id="033ed2ab-87ee-db3a-3fa7-b18f90176a1c">
      <Execution id="9988ba6d-814d-463f-a315-1e4050fd1878" />
      <TestMethod codeBase="/home/lukas/Development/github.com/sia-digital/pibox/PiBox.Plugins/Management/Unleash/test/PiBox.Plugins.Management.Unleash.Tests/bin/Release/net8.0/PiBox.Plugins.Management.Unleash.Tests.dll" adapterTypeName="executor://nunit3testexecutor/" className="PiBox.Plugins.Management.Unleash.Tests.UnleashFeatureDefinitionProviderTests" name="GetAllFeatureDefinitionsAsyncShouldReturnCorrectFeatureDefinitons" />
    </UnitTest>
    <UnitTest name="NonMatchingTogglenameWithAnyContextShouldReturnFalse" storage="/home/lukas/development/github.com/sia-digital/pibox/pibox.plugins/management/unleash/test/pibox.plugins.management.unleash.tests/bin/release/net8.0/pibox.plugins.management.unleash.tests.dll" id="6ab97bef-c28c-4806-0595-154db02f60e0">
      <Execution id="7f9fc446-68a1-4cbe-9833-0403abd9ccff" />
      <TestMethod codeBase="/home/lukas/Development/github.com/sia-digital/pibox/PiBox.Plugins/Management/Unleash/test/PiBox.Plugins.Management.Unleash.Tests/bin/Release/net8.0/PiBox.Plugins.Management.Unleash.Tests.dll" adapterTypeName="executor://nunit3testexecutor/" className="PiBox.Plugins.Management.Unleash.Tests.UnleashFilterTests" name="NonMatchingTogglenameWithAnyContextShouldReturnFalse" />
    </UnitTest>
    <UnitTest name="NonMatchingTogglenameWithNullContextShouldReturnFalse" storage="/home/lukas/development/github.com/sia-digital/pibox/pibox.plugins/management/unleash/test/pibox.plugins.management.unleash.tests/bin/release/net8.0/pibox.plugins.management.unleash.tests.dll" id="210a099a-53cf-e33f-9ed9-e758005e9d11">
      <Execution id="84fea633-7e1f-463c-9486-7ece582f5744" />
      <TestMethod codeBase="/home/lukas/Development/github.com/sia-digital/pibox/PiBox.Plugins/Management/Unleash/test/PiBox.Plugins.Management.Unleash.Tests/bin/Release/net8.0/PiBox.Plugins.Management.Unleash.Tests.dll" adapterTypeName="executor://nunit3testexecutor/" className="PiBox.Plugins.Management.Unleash.Tests.UnleashFilterTests" name="NonMatchingTogglenameWithNullContextShouldReturnFalse" />
    </UnitTest>
    <UnitTest name="MatchingTogglenameWithAnyContextShouldReturnTrue" storage="/home/lukas/development/github.com/sia-digital/pibox/pibox.plugins/management/unleash/test/pibox.plugins.management.unleash.tests/bin/release/net8.0/pibox.plugins.management.unleash.tests.dll" id="7cd7c6fe-0c63-e756-1bbd-431eb7603265">
      <Execution id="b8bc42ba-45e2-4873-8389-43f30d34b958" />
      <TestMethod codeBase="/home/lukas/Development/github.com/sia-digital/pibox/PiBox.Plugins/Management/Unleash/test/PiBox.Plugins.Management.Unleash.Tests/bin/Release/net8.0/PiBox.Plugins.Management.Unleash.Tests.dll" adapterTypeName="executor://nunit3testexecutor/" className="PiBox.Plugins.Management.Unleash.Tests.UnleashFilterTests" name="MatchingTogglenameWithAnyContextShouldReturnTrue" />
    </UnitTest>
    <UnitTest name="HandleErrorEventShouldLogDebugAndIncrementMetric" storage="/home/lukas/development/github.com/sia-digital/pibox/pibox.plugins/management/unleash/test/pibox.plugins.management.unleash.tests/bin/release/net8.0/pibox.plugins.management.unleash.tests.dll" id="4b9f8b6a-30d7-3973-f114-0564428f8ca0">
      <Execution id="33f8200e-c9f8-41a7-879d-0250ab61206e" />
      <TestMethod codeBase="/home/lukas/Development/github.com/sia-digital/pibox/PiBox.Plugins/Management/Unleash/test/PiBox.Plugins.Management.Unleash.Tests/bin/Release/net8.0/PiBox.Plugins.Management.Unleash.Tests.dll" adapterTypeName="executor://nunit3testexecutor/" className="PiBox.Plugins.Management.Unleash.Tests.UnleashPluginTests" name="HandleErrorEventShouldLogDebugAndIncrementMetric" />
    </UnitTest>
    <UnitTest name="PluginConfiguresServices" storage="/home/lukas/development/github.com/sia-digital/pibox/pibox.plugins/management/unleash/test/pibox.plugins.management.unleash.tests/bin/release/net8.0/pibox.plugins.management.unleash.tests.dll" id="5cc208d5-2323-4c84-4cdd-79d49720c85e">
      <Execution id="d740e126-d861-4bb3-b292-2620ea21bd6f" />
      <TestMethod codeBase="/home/lukas/Development/github.com/sia-digital/pibox/PiBox.Plugins/Management/Unleash/test/PiBox.Plugins.Management.Unleash.Tests/bin/Release/net8.0/PiBox.Plugins.Management.Unleash.Tests.dll" adapterTypeName="executor://nunit3testexecutor/" className="PiBox.Plugins.Management.Unleash.Tests.UnleashPluginTests" name="PluginConfiguresServices" />
    </UnitTest>
    <UnitTest name="PluginConfiguresHealthChecks" storage="/home/lukas/development/github.com/sia-digital/pibox/pibox.plugins/management/unleash/test/pibox.plugins.management.unleash.tests/bin/release/net8.0/pibox.plugins.management.unleash.tests.dll" id="e043d58c-5c6f-c384-bcd3-bf36eea6fb10">
      <Execution id="dfa38a6c-d999-4367-b8bd-9990225ea9a8" />
      <TestMethod codeBase="/home/lukas/Development/github.com/sia-digital/pibox/PiBox.Plugins/Management/Unleash/test/PiBox.Plugins.Management.Unleash.Tests/bin/Release/net8.0/PiBox.Plugins.Management.Unleash.Tests.dll" adapterTypeName="executor://nunit3testexecutor/" className="PiBox.Plugins.Management.Unleash.Tests.UnleashPluginTests" name="PluginConfiguresHealthChecks" />
    </UnitTest>
    <UnitTest name="HandleToggleUpdatedEventShouldLogDebugAndIncrementMetric" storage="/home/lukas/development/github.com/sia-digital/pibox/pibox.plugins/management/unleash/test/pibox.plugins.management.unleash.tests/bin/release/net8.0/pibox.plugins.management.unleash.tests.dll" id="4c0eefec-c67b-b83b-13be-d888195360d6">
      <Execution id="60664e9b-cb92-428e-a8fd-610259126eef" />
      <TestMethod codeBase="/home/lukas/Development/github.com/sia-digital/pibox/PiBox.Plugins/Management/Unleash/test/PiBox.Plugins.Management.Unleash.Tests/bin/Release/net8.0/PiBox.Plugins.Management.Unleash.Tests.dll" adapterTypeName="executor://nunit3testexecutor/" className="PiBox.Plugins.Management.Unleash.Tests.UnleashPluginTests" name="HandleToggleUpdatedEventShouldLogDebugAndIncrementMetric" />
    </UnitTest>
    <UnitTest name="FeatureWithOneStrategyShouldHaveRequirementTypeAll" storage="/home/lukas/development/github.com/sia-digital/pibox/pibox.plugins/management/unleash/test/pibox.plugins.management.unleash.tests/bin/release/net8.0/pibox.plugins.management.unleash.tests.dll" id="1657844f-2aa6-3a53-81d6-443068da2feb">
      <Execution id="af6e2c0e-f7b8-4558-b64c-05631a5112cd" />
      <TestMethod codeBase="/home/lukas/Development/github.com/sia-digital/pibox/PiBox.Plugins/Management/Unleash/test/PiBox.Plugins.Management.Unleash.Tests/bin/Release/net8.0/PiBox.Plugins.Management.Unleash.Tests.dll" adapterTypeName="executor://nunit3testexecutor/" className="PiBox.Plugins.Management.Unleash.Tests.UnleashFeatureDefinitionProviderTests" name="FeatureWithOneStrategyShouldHaveRequirementTypeAll" />
    </UnitTest>
    <UnitTest name="FeatureNameMisMatchReturnsNull" storage="/home/lukas/development/github.com/sia-digital/pibox/pibox.plugins/management/unleash/test/pibox.plugins.management.unleash.tests/bin/release/net8.0/pibox.plugins.management.unleash.tests.dll" id="8f7c415a-7abc-95de-9500-dbfb7d08493c">
      <Execution id="e3e3bc46-f5a6-43c7-aa41-26a78a8be043" />
      <TestMethod codeBase="/home/lukas/Development/github.com/sia-digital/pibox/PiBox.Plugins/Management/Unleash/test/PiBox.Plugins.Management.Unleash.Tests/bin/Release/net8.0/PiBox.Plugins.Management.Unleash.Tests.dll" adapterTypeName="executor://nunit3testexecutor/" className="PiBox.Plugins.Management.Unleash.Tests.UnleashFeatureDefinitionProviderTests" name="FeatureNameMisMatchReturnsNull" />
    </UnitTest>
    <UnitTest name="MiddlewareWithSessionAndUserPropagatesContextCorrectly" storage="/home/lukas/development/github.com/sia-digital/pibox/pibox.plugins/management/unleash/test/pibox.plugins.management.unleash.tests/bin/release/net8.0/pibox.plugins.management.unleash.tests.dll" id="a504b147-415d-906f-8a0a-4effb9a79701">
      <Execution id="f487c458-6c81-4674-889b-08ec212e0187" />
      <TestMethod codeBase="/home/lukas/Development/github.com/sia-digital/pibox/PiBox.Plugins/Management/Unleash/test/PiBox.Plugins.Management.Unleash.Tests/bin/Release/net8.0/PiBox.Plugins.Management.Unleash.Tests.dll" adapterTypeName="executor://nunit3testexecutor/" className="PiBox.Plugins.Management.Unleash.Tests.UnleashMiddlewareTests" name="MiddlewareWithSessionAndUserPropagatesContextCorrectly" />
    </UnitTest>
    <UnitTest name="MiddlewareWithoutSessionAndUserPropagatesContextCorrectly" storage="/home/lukas/development/github.com/sia-digital/pibox/pibox.plugins/management/unleash/test/pibox.plugins.management.unleash.tests/bin/release/net8.0/pibox.plugins.management.unleash.tests.dll" id="12f74107-af7e-ebce-227c-6434251ce1de">
      <Execution id="eabb96aa-1c1f-4dc4-b465-3841e75cfaa5" />
      <TestMethod codeBase="/home/lukas/Development/github.com/sia-digital/pibox/PiBox.Plugins/Management/Unleash/test/PiBox.Plugins.Management.Unleash.Tests/bin/Release/net8.0/PiBox.Plugins.Management.Unleash.Tests.dll" adapterTypeName="executor://nunit3testexecutor/" className="PiBox.Plugins.Management.Unleash.Tests.UnleashMiddlewareTests" name="MiddlewareWithoutSessionAndUserPropagatesContextCorrectly" />
    </UnitTest>
  </TestDefinitions>
  <TestEntries>
    <TestEntry testId="a6cc879f-987b-3bc8-f2ae-2742a08b4c0c" executionId="75a5263e-5a55-457f-b87e-72ec7899f087" testListId="8c84fa94-04c1-424b-9868-57a2d4851a1d" />
    <TestEntry testId="1657844f-2aa6-3a53-81d6-443068da2feb" executionId="af6e2c0e-f7b8-4558-b64c-05631a5112cd" testListId="8c84fa94-04c1-424b-9868-57a2d4851a1d" />
    <TestEntry testId="033ed2ab-87ee-db3a-3fa7-b18f90176a1c" executionId="9988ba6d-814d-463f-a315-1e4050fd1878" testListId="8c84fa94-04c1-424b-9868-57a2d4851a1d" />
    <TestEntry testId="4b9f8b6a-30d7-3973-f114-0564428f8ca0" executionId="33f8200e-c9f8-41a7-879d-0250ab61206e" testListId="8c84fa94-04c1-424b-9868-57a2d4851a1d" />
    <TestEntry testId="a504b147-415d-906f-8a0a-4effb9a79701" executionId="f487c458-6c81-4674-889b-08ec212e0187" testListId="8c84fa94-04c1-424b-9868-57a2d4851a1d" />
    <TestEntry testId="7cd7c6fe-0c63-e756-1bbd-431eb7603265" executionId="b8bc42ba-45e2-4873-8389-43f30d34b958" testListId="8c84fa94-04c1-424b-9868-57a2d4851a1d" />
    <TestEntry testId="4c0eefec-c67b-b83b-13be-d888195360d6" executionId="60664e9b-cb92-428e-a8fd-610259126eef" testListId="8c84fa94-04c1-424b-9868-57a2d4851a1d" />
    <TestEntry testId="e043d58c-5c6f-c384-bcd3-bf36eea6fb10" executionId="dfa38a6c-d999-4367-b8bd-9990225ea9a8" testListId="8c84fa94-04c1-424b-9868-57a2d4851a1d" />
    <TestEntry testId="210a099a-53cf-e33f-9ed9-e758005e9d11" executionId="84fea633-7e1f-463c-9486-7ece582f5744" testListId="8c84fa94-04c1-424b-9868-57a2d4851a1d" />
    <TestEntry testId="b7152a32-8aa1-5f26-5065-0533497fc445" executionId="78bf1f58-b9e7-437b-8210-86843eb2eb4c" testListId="8c84fa94-04c1-424b-9868-57a2d4851a1d" />
    <TestEntry testId="6ab97bef-c28c-4806-0595-154db02f60e0" executionId="7f9fc446-68a1-4cbe-9833-0403abd9ccff" testListId="8c84fa94-04c1-424b-9868-57a2d4851a1d" />
    <TestEntry testId="cec9de51-8e0c-5dec-2860-472b38e66fdd" executionId="4873ad44-4a60-4577-9864-da8f83201e74" testListId="8c84fa94-04c1-424b-9868-57a2d4851a1d" />
    <TestEntry testId="83faaacc-cacf-7c5c-8ac3-03270ab88621" executionId="9b9164e7-3283-49c1-b788-2f8a8e8b0595" testListId="8c84fa94-04c1-424b-9868-57a2d4851a1d" />
    <TestEntry testId="12f74107-af7e-ebce-227c-6434251ce1de" executionId="eabb96aa-1c1f-4dc4-b465-3841e75cfaa5" testListId="8c84fa94-04c1-424b-9868-57a2d4851a1d" />
    <TestEntry testId="8f7c415a-7abc-95de-9500-dbfb7d08493c" executionId="e3e3bc46-f5a6-43c7-aa41-26a78a8be043" testListId="8c84fa94-04c1-424b-9868-57a2d4851a1d" />
    <TestEntry testId="5cc208d5-2323-4c84-4cdd-79d49720c85e" executionId="d740e126-d861-4bb3-b292-2620ea21bd6f" testListId="8c84fa94-04c1-424b-9868-57a2d4851a1d" />
  </TestEntries>
  <TestLists>
    <TestList name="Results Not in a List" id="8c84fa94-04c1-424b-9868-57a2d4851a1d" />
    <TestList name="All Loaded Results" id="19431567-8539-422a-85d7-44ee4e166bda" />
  </TestLists>
  <ResultSummary outcome="Completed">
    <Counters total="16" executed="16" passed="16" failed="0" error="0" timeout="0" aborted="0" inconclusive="0" passedButRunAborted="0" notRunnable="0" notExecuted="0" disconnected="0" warning="0" completed="0" inProgress="0" pending="0" />
    <Output>
      <StdOut>NUnit Adapter 4.5.0.0: Test execution started
Running all tests in /home/lukas/Development/github.com/sia-digital/pibox/PiBox.Plugins/Management/Unleash/test/PiBox.Plugins.Management.Unleash.Tests/bin/Release/net8.0/PiBox.Plugins.Management.Unleash.Tests.dll
   NUnit3TestExecutor discovered 16 of 16 NUnit test cases using Current Discovery mode, Non-Explicit run
NUnit Adapter 4.5.0.0: Test execution complete
</StdOut>
    </Output>
  </ResultSummary>
</TestRun>