<?xml version="1.0" encoding="utf-8"?>
<TestRun id="2c675e9e-28a2-4ee2-af3b-c78700eda529" name="@wkuerzdoelbt01 2023-11-22 15:52:46" xmlns="http://microsoft.com/schemas/VisualStudio/TeamTest/2010">
  <Times creation="2023-11-22T15:52:46.0951754+01:00" queuing="2023-11-22T15:52:46.0951757+01:00" start="2023-11-22T15:52:41.2217891+01:00" finish="2023-11-22T15:52:47.3074512+01:00" />
  <TestSettings name="default" id="8b6fd6bb-aaf9-40c0-ad99-fd7999224585">
    <Deployment runDeploymentRoot="_wkuerzdoelbt01_2023-11-22_15_52_46" />
  </TestSettings>
  <Results>
    <UnitTestResult executionId="80301ae4-3f76-40c1-a755-c9587f11e0fd" testId="ace1e608-23f4-3b42-0040-77f5de8849ac" testName="PluginWithAllPluginActivateablesShouldReturnCorrectName" computerName="wkuerzdoelbt01" duration="00:00:00.0568780" startTime="2023-11-22T15:52:45.5563174+01:00" endTime="2023-11-22T15:52:45.6122942+01:00" testType="13cdc9d9-ddb5-4fa4-a97d-d965ccfc6d4b" outcome="Passed" testListId="8c84fa94-04c1-424b-9868-57a2d4851a1d" relativeResultsDirectory="80301ae4-3f76-40c1-a755-c9587f11e0fd" />
    <UnitTestResult executionId="bbfa76ba-bcc2-4b78-a0d1-41850ef7d6cd" testId="ff1c8aad-5f2b-a81c-4b7c-9eaa83902267" testName="TestDetermineLoggingIsSettingTheLevelToErrorForTheGivenPathsStatuscode500" computerName="wkuerzdoelbt01" duration="00:00:00.0004170" startTime="2023-11-22T15:52:45.6861469+01:00" endTime="2023-11-22T15:52:45.6865641+01:00" testType="13cdc9d9-ddb5-4fa4-a97d-d965ccfc6d4b" outcome="Passed" testListId="8c84fa94-04c1-424b-9868-57a2d4851a1d" relativeResultsDirectory="bbfa76ba-bcc2-4b78-a0d1-41850ef7d6cd" />
    <UnitTestResult executionId="ec1160c4-8c4e-480b-b3d6-2b8854ed9e56" testId="5fe660f6-4af8-ea99-d41e-a974860b24e6" testName="CanGetNameForPluginActivateable" computerName="wkuerzdoelbt01" duration="00:00:00.0557200" startTime="2023-11-22T15:52:45.5585549+01:00" endTime="2023-11-22T15:52:45.6142749+01:00" testType="13cdc9d9-ddb5-4fa4-a97d-d965ccfc6d4b" outcome="Passed" testListId="8c84fa94-04c1-424b-9868-57a2d4851a1d" relativeResultsDirectory="ec1160c4-8c4e-480b-b3d6-2b8854ed9e56" />
    <UnitTestResult executionId="5ab177b7-8a26-45b8-9659-146415833399" testId="739d2fa8-3210-aeae-c0e9-39a8838bcffd" testName="CheckLogWithCustomPropertyWithAtPrefix" computerName="wkuerzdoelbt01" duration="00:00:00.0117439" startTime="2023-11-22T15:52:46.8527068+01:00" endTime="2023-11-22T15:52:46.8644501+01:00" testType="13cdc9d9-ddb5-4fa4-a97d-d965ccfc6d4b" outcome="Passed" testListId="8c84fa94-04c1-424b-9868-57a2d4851a1d" relativeResultsDirectory="5ab177b7-8a26-45b8-9659-146415833399">
      <Output>
        <StdOut>{"timestamp":"2023-11-22T14:52:46.8549218Z","short_message":"Hallo you are UnitTestPerson { FirstName: "par", LastName: "ent", Children: [UnitTestPerson { FirstName: "chi", LastName: "ld", ","full_message":"Hallo you are UnitTestPerson { FirstName: "par", LastName: "ent", Children: [UnitTestPerson { FirstName: "chi", LastName: "ld", Children: null }] }","level_name":"DEBUG","level":7,"UnitTestPerson":"UnitTestPerson { FirstName: "par", LastName: "ent", Children: [UnitTestPerson { FirstName: "chi", LastName: "ld", Children: null }] }","logger_name":""PiBox.Hosting.WebHost.Tests.Logging.StructuredLoggingTests""}</StdOut>
      </Output>
    </UnitTestResult>
    <UnitTestResult executionId="4dd82e8a-949f-43fd-9dcc-7609355e360a" testId="4e8612a1-759e-1ed0-c286-c4ff630a1538" testName="CheckDebugLog" computerName="wkuerzdoelbt01" duration="00:00:00.0935050" startTime="2023-11-22T15:52:46.7305141+01:00" endTime="2023-11-22T15:52:46.8240183+01:00" testType="13cdc9d9-ddb5-4fa4-a97d-d965ccfc6d4b" outcome="Passed" testListId="8c84fa94-04c1-424b-9868-57a2d4851a1d" relativeResultsDirectory="4dd82e8a-949f-43fd-9dcc-7609355e360a">
      <Output>
        <StdOut>{"timestamp":"2023-11-22T14:52:46.7375672Z","short_message":"Hallo "Test"","full_message":"Hallo "Test"","level_name":"DEBUG","level":7,"Name":""Test"","logger_name":""PiBox.Hosting.WebHost.Tests.Logging.StructuredLoggingTests""}</StdOut>
      </Output>
    </UnitTestResult>
    <UnitTestResult executionId="0942fa65-c1e0-4919-aff1-519286cb8c33" testId="85ab6749-02ee-bdd0-4d5b-d3842fe011c9" testName="CantDeserializeRecords" computerName="wkuerzdoelbt01" duration="00:00:00.0062270" startTime="2023-11-22T15:52:46.3062741+01:00" endTime="2023-11-22T15:52:46.3125002+01:00" testType="13cdc9d9-ddb5-4fa4-a97d-d965ccfc6d4b" outcome="Passed" testListId="8c84fa94-04c1-424b-9868-57a2d4851a1d" relativeResultsDirectory="0942fa65-c1e0-4919-aff1-519286cb8c33" />
    <UnitTestResult executionId="2879970d-79ac-4885-87f8-cf22c3c9ab75" testId="c269c896-91e4-eb95-2eed-69c0f8964230" testName="FindPluginsShouldReturnPluginsInCorrectOrder" computerName="wkuerzdoelbt01" duration="00:00:00.5727430" startTime="2023-11-22T15:52:45.6223817+01:00" endTime="2023-11-22T15:52:46.1951240+01:00" testType="13cdc9d9-ddb5-4fa4-a97d-d965ccfc6d4b" outcome="Passed" testListId="8c84fa94-04c1-424b-9868-57a2d4851a1d" relativeResultsDirectory="2879970d-79ac-4885-87f8-cf22c3c9ab75" />
    <UnitTestResult executionId="f24f4e3d-8eee-49d3-b681-8dde864ef4ed" testId="54ec4e96-6652-a803-3db1-06c30be37870" testName="ConfigureTracingShouldWorkIfHostIsConfigured" computerName="wkuerzdoelbt01" duration="00:00:00.1900790" startTime="2023-11-22T15:52:46.0970551+01:00" endTime="2023-11-22T15:52:46.2871344+01:00" testType="13cdc9d9-ddb5-4fa4-a97d-d965ccfc6d4b" outcome="Passed" testListId="8c84fa94-04c1-424b-9868-57a2d4851a1d" relativeResultsDirectory="f24f4e3d-8eee-49d3-b681-8dde864ef4ed" />
    <UnitTestResult executionId="7d694481-5896-47bc-893e-29bbfb7ce7d9" testId="3deb224d-f897-e45f-3947-d87a2445911e" testName="TestDetermineLoggingIsNotExcludingTheGivenPaths(&quot;/metrics &quot;,[&quot;&quot;],200,null)" computerName="wkuerzdoelbt01" duration="00:00:00.0005490" startTime="2023-11-22T15:52:45.6767704+01:00" endTime="2023-11-22T15:52:45.6773196+01:00" testType="13cdc9d9-ddb5-4fa4-a97d-d965ccfc6d4b" outcome="Passed" testListId="8c84fa94-04c1-424b-9868-57a2d4851a1d" relativeResultsDirectory="7d694481-5896-47bc-893e-29bbfb7ce7d9" />
    <UnitTestResult executionId="69a380bd-0f9d-47c9-9350-e26c71f6faa3" testId="ede8931c-00ab-f19b-34df-8cc1688b02bd" testName="TestDetermineLoggingIsNotExcludingTheGivenPaths(&quot;/metrics-text&quot;,[&quot;/MeTRICS&quot;, &quot;/metrics&quot;],499,null)" computerName="wkuerzdoelbt01" duration="00:00:00.0006070" startTime="2023-11-22T15:52:45.6761216+01:00" endTime="2023-11-22T15:52:45.6767284+01:00" testType="13cdc9d9-ddb5-4fa4-a97d-d965ccfc6d4b" outcome="Passed" testListId="8c84fa94-04c1-424b-9868-57a2d4851a1d" relativeResultsDirectory="69a380bd-0f9d-47c9-9350-e26c71f6faa3" />
    <UnitTestResult executionId="9d101359-9b92-4359-aa49-d35fb0132968" testId="d20398ae-a5fa-0ef7-cada-b45b4898cbca" testName="EnrichLogEntryWithTracePropertiesWhenActivityIsPresent(Hierarchical)" computerName="wkuerzdoelbt01" duration="00:00:00.1005930" startTime="2023-11-22T15:52:45.5874565+01:00" endTime="2023-11-22T15:52:45.6880488+01:00" testType="13cdc9d9-ddb5-4fa4-a97d-d965ccfc6d4b" outcome="Passed" testListId="8c84fa94-04c1-424b-9868-57a2d4851a1d" relativeResultsDirectory="9d101359-9b92-4359-aa49-d35fb0132968" />
    <UnitTestResult executionId="be2a9739-2f83-462f-841f-11f4cab31898" testId="f3b478e5-1e4b-98d1-7a58-af34f872d684" testName="SetsMetricForLogMessageWithException" computerName="wkuerzdoelbt01" duration="00:00:00.1435420" startTime="2023-11-22T15:52:45.5516775+01:00" endTime="2023-11-22T15:52:45.6952188+01:00" testType="13cdc9d9-ddb5-4fa4-a97d-d965ccfc6d4b" outcome="NotExecuted" testListId="8c84fa94-04c1-424b-9868-57a2d4851a1d" relativeResultsDirectory="be2a9739-2f83-462f-841f-11f4cab31898">
      <Output>
        <StdOut>OneTimeSetUp: wip currently</StdOut>
        <ErrorInfo>
          <Message>OneTimeSetUp: wip currently</Message>
        </ErrorInfo>
      </Output>
    </UnitTestResult>
    <UnitTestResult executionId="4765dc4b-5c72-4486-a285-fe336a537c2e" testId="81d02fdf-c33b-b842-3b09-f37bc656619a" testName="CanDeserializeClasses" computerName="wkuerzdoelbt01" duration="00:00:00.7183110" startTime="2023-11-22T15:52:45.5868849+01:00" endTime="2023-11-22T15:52:46.3051966+01:00" testType="13cdc9d9-ddb5-4fa4-a97d-d965ccfc6d4b" outcome="Passed" testListId="8c84fa94-04c1-424b-9868-57a2d4851a1d" relativeResultsDirectory="4765dc4b-5c72-4486-a285-fe336a537c2e" />
    <UnitTestResult executionId="691e7033-0b10-49bf-b3f4-cfb7b8086108" testId="f68ac1d6-60ee-fcb1-4f43-aa687ecccbfc" testName="ConfigureMiddlewaresShouldApplyMiddlwaresInCorrectOrder" computerName="wkuerzdoelbt01" duration="00:00:00.7182539" startTime="2023-11-22T15:52:45.5592571+01:00" endTime="2023-11-22T15:52:46.2775103+01:00" testType="13cdc9d9-ddb5-4fa4-a97d-d965ccfc6d4b" outcome="Passed" testListId="8c84fa94-04c1-424b-9868-57a2d4851a1d" relativeResultsDirectory="691e7033-0b10-49bf-b3f4-cfb7b8086108" />
    <UnitTestResult executionId="2dc15110-525d-4314-ac24-0660dbdd9577" testId="f038bc5f-fb72-afd5-21ca-d7454c10c2c6" testName="NoActivityPresentResultsInNoTraceProperties" computerName="wkuerzdoelbt01" duration="00:00:00.0005270" startTime="2023-11-22T15:52:45.6962595+01:00" endTime="2023-11-22T15:52:45.6967865+01:00" testType="13cdc9d9-ddb5-4fa4-a97d-d965ccfc6d4b" outcome="Passed" testListId="8c84fa94-04c1-424b-9868-57a2d4851a1d" relativeResultsDirectory="2dc15110-525d-4314-ac24-0660dbdd9577" />
    <UnitTestResult executionId="e644ebdd-a328-4237-988f-96ec1fc1a523" testId="3bba339b-810b-a912-82f5-684081ab499e" testName="EnrichLogEntryWithTracePropertiesWhenActivityIsPresent(3)" computerName="wkuerzdoelbt01" duration="00:00:00.0000820" startTime="2023-11-22T15:52:45.6961266+01:00" endTime="2023-11-22T15:52:45.6962083+01:00" testType="13cdc9d9-ddb5-4fa4-a97d-d965ccfc6d4b" outcome="Passed" testListId="8c84fa94-04c1-424b-9868-57a2d4851a1d" relativeResultsDirectory="e644ebdd-a328-4237-988f-96ec1fc1a523" />
    <UnitTestResult executionId="ca729b35-9573-42b5-9393-41889b7121ec" testId="409c33c1-ca09-0a83-1d5e-355fee7a24d3" testName="RemovePropertiesShouldWork" computerName="wkuerzdoelbt01" duration="00:00:00.1088140" startTime="2023-11-22T15:52:45.5591587+01:00" endTime="2023-11-22T15:52:45.6679726+01:00" testType="13cdc9d9-ddb5-4fa4-a97d-d965ccfc6d4b" outcome="Passed" testListId="8c84fa94-04c1-424b-9868-57a2d4851a1d" relativeResultsDirectory="ca729b35-9573-42b5-9393-41889b7121ec" />
    <UnitTestResult executionId="08719780-9fb3-424f-8dec-ca9854e43b34" testId="7e1c2e7e-38f5-952a-44f8-18058871cb35" testName="CanResolvePluginConfigurations" computerName="wkuerzdoelbt01" duration="00:00:00.0327190" startTime="2023-11-22T15:52:46.0479452+01:00" endTime="2023-11-22T15:52:46.0806637+01:00" testType="13cdc9d9-ddb5-4fa4-a97d-d965ccfc6d4b" outcome="Passed" testListId="8c84fa94-04c1-424b-9868-57a2d4851a1d" relativeResultsDirectory="08719780-9fb3-424f-8dec-ca9854e43b34" />
    <UnitTestResult executionId="14b06f4a-709e-433d-86bc-2b0613c96ca9" testId="82cedcf4-a91c-7de3-25d0-d3ab780c799b" testName="EnrichLogEntryWithTracePropertiesWhenActivityIsPresent(Unknown)" computerName="wkuerzdoelbt01" duration="00:00:00.0001430" startTime="2023-11-22T15:52:45.6959645+01:00" endTime="2023-11-22T15:52:45.6961076+01:00" testType="13cdc9d9-ddb5-4fa4-a97d-d965ccfc6d4b" outcome="Passed" testListId="8c84fa94-04c1-424b-9868-57a2d4851a1d" relativeResultsDirectory="14b06f4a-709e-433d-86bc-2b0613c96ca9" />
    <UnitTestResult executionId="3a214359-2488-4a44-bc59-240078303383" testId="279ed403-4180-3cfa-f1c3-40d21476f14a" testName="EnrichLogEntryWithTracePropertiesWhenActivityIsPresent(W3C)" computerName="wkuerzdoelbt01" duration="00:00:00.0071220" startTime="2023-11-22T15:52:45.6888142+01:00" endTime="2023-11-22T15:52:45.6959360+01:00" testType="13cdc9d9-ddb5-4fa4-a97d-d965ccfc6d4b" outcome="Passed" testListId="8c84fa94-04c1-424b-9868-57a2d4851a1d" relativeResultsDirectory="3a214359-2488-4a44-bc59-240078303383" />
    <UnitTestResult executionId="16208b3d-c768-4767-8537-aedff3a45ac6" testId="b93d086a-c752-82f8-0f52-55e658a80e53" testName="CheckInfoLog" computerName="wkuerzdoelbt01" duration="00:00:00.0076820" startTime="2023-11-22T15:52:46.8375206+01:00" endTime="2023-11-22T15:52:46.8452025+01:00" testType="13cdc9d9-ddb5-4fa4-a97d-d965ccfc6d4b" outcome="Passed" testListId="8c84fa94-04c1-424b-9868-57a2d4851a1d" relativeResultsDirectory="16208b3d-c768-4767-8537-aedff3a45ac6">
      <Output>
        <StdOut>{"timestamp":"2023-11-22T14:52:46.8413069Z","short_message":"Hallo "Test"","full_message":"Hallo "Test"","level_name":"INFO","level":6,"Name":""Test"","logger_name":""PiBox.Hosting.WebHost.Tests.Logging.StructuredLoggingTests""}</StdOut>
      </Output>
    </UnitTestResult>
    <UnitTestResult executionId="709f16c9-d4e9-489c-983f-713c2260809a" testId="d8850b84-beb6-6482-1c55-90d339ff548a" testName="CheckLogWithCustomProperty" computerName="wkuerzdoelbt01" duration="00:00:00.0074270" startTime="2023-11-22T15:52:46.8452377+01:00" endTime="2023-11-22T15:52:46.8526636+01:00" testType="13cdc9d9-ddb5-4fa4-a97d-d965ccfc6d4b" outcome="Passed" testListId="8c84fa94-04c1-424b-9868-57a2d4851a1d" relativeResultsDirectory="709f16c9-d4e9-489c-983f-713c2260809a">
      <Output>
        <StdOut>{"timestamp":"2023-11-22T14:52:46.8471164Z","short_message":"Hallo "Test", you are "good"","full_message":"Hallo "Test", you are "good"","level_name":"DEBUG","level":7,"Name":""Test"","Status":""good"","logger_name":""PiBox.Hosting.WebHost.Tests.Logging.StructuredLoggingTests""}</StdOut>
      </Output>
    </UnitTestResult>
    <UnitTestResult executionId="a04b8f0d-b951-4a56-8c96-2c3fddce271d" testId="e80827c7-09be-217e-cc0e-2c09d1d05f4a" testName="CanActivateWithEmptyCtor" computerName="wkuerzdoelbt01" duration="00:00:00.0099940" startTime="2023-11-22T15:52:46.0064874+01:00" endTime="2023-11-22T15:52:46.0164815+01:00" testType="13cdc9d9-ddb5-4fa4-a97d-d965ccfc6d4b" outcome="Passed" testListId="8c84fa94-04c1-424b-9868-57a2d4851a1d" relativeResultsDirectory="a04b8f0d-b951-4a56-8c96-2c3fddce271d" />
    <UnitTestResult executionId="f2410917-89dc-4f34-8bed-5124ea79621b" testId="aca04f7e-94b1-3e67-4017-05ab05b67be9" testName="TestDetermineLoggingIsExcludingTheGivenPaths" computerName="wkuerzdoelbt01" duration="00:00:00.1162510" startTime="2023-11-22T15:52:45.5562610+01:00" endTime="2023-11-22T15:52:45.6725132+01:00" testType="13cdc9d9-ddb5-4fa4-a97d-d965ccfc6d4b" outcome="Passed" testListId="8c84fa94-04c1-424b-9868-57a2d4851a1d" relativeResultsDirectory="f2410917-89dc-4f34-8bed-5124ea79621b" />
    <UnitTestResult executionId="439671cf-9020-4f04-8d1f-b96955d6e00e" testId="bcdb8dea-d363-b089-6a41-c6e655432643" testName="PluginWithAppConfigOnlyShouldReturnCorrectName" computerName="wkuerzdoelbt01" duration="00:00:00.0022120" startTime="2023-11-22T15:52:45.6162104+01:00" endTime="2023-11-22T15:52:45.6184222+01:00" testType="13cdc9d9-ddb5-4fa4-a97d-d965ccfc6d4b" outcome="Passed" testListId="8c84fa94-04c1-424b-9868-57a2d4851a1d" relativeResultsDirectory="439671cf-9020-4f04-8d1f-b96955d6e00e" />
    <UnitTestResult executionId="9f629906-3484-43f1-beea-d3df4212d082" testId="b6525866-1cd1-6c66-e1d4-4e706c33273e" testName="CheckFatalLog" computerName="wkuerzdoelbt01" duration="00:00:00.0067490" startTime="2023-11-22T15:52:46.8307320+01:00" endTime="2023-11-22T15:52:46.8374801+01:00" testType="13cdc9d9-ddb5-4fa4-a97d-d965ccfc6d4b" outcome="Passed" testListId="8c84fa94-04c1-424b-9868-57a2d4851a1d" relativeResultsDirectory="9f629906-3484-43f1-beea-d3df4212d082">
      <Output>
        <StdOut>{"timestamp":"2023-11-22T14:52:46.8319319Z","short_message":"Hallo "Test"","full_message":"Hallo "Test"","level_name":"FATAL","level":2,"exception":"System.Exception: custom ex","Name":""Test"","logger_name":""PiBox.Hosting.WebHost.Tests.Logging.StructuredLoggingTests""}</StdOut>
      </Output>
    </UnitTestResult>
    <UnitTestResult executionId="898c0fac-1d49-4383-9ba6-cf15a1bd12b9" testId="e2e2c381-395a-c71d-c750-121e5760e8f8" testName="ConfigurePluginsAndEndpointsShouldApplyThemInCorrectOrder" computerName="wkuerzdoelbt01" duration="00:00:00.1793240" startTime="2023-11-22T15:52:46.2776751+01:00" endTime="2023-11-22T15:52:46.4569990+01:00" testType="13cdc9d9-ddb5-4fa4-a97d-d965ccfc6d4b" outcome="Passed" testListId="8c84fa94-04c1-424b-9868-57a2d4851a1d" relativeResultsDirectory="898c0fac-1d49-4383-9ba6-cf15a1bd12b9">
      <Output>
        <StdOut>\u001b[40m\u001b[32minfo\u001b[39m\u001b[22m\u001b[49m: Microsoft.AspNetCore.Mvc.Infrastructure.DefaultActionDescriptorCollectionProvider[1]
      No action descriptors found. This may indicate an incorrectly configured application or missing application parts. To learn more, visit https://aka.ms/aspnet/mvc/app-parts</StdOut>
      </Output>
    </UnitTestResult>
    <UnitTestResult executionId="df558c98-3b67-43ab-88bf-51d055330c19" testId="897604b0-0d3c-68ed-04e3-c5edb5cff341" testName="CanGetServiceFromFactory" computerName="wkuerzdoelbt01" duration="00:00:00.0089380" startTime="2023-11-22T15:52:45.6518507+01:00" endTime="2023-11-22T15:52:45.6607875+01:00" testType="13cdc9d9-ddb5-4fa4-a97d-d965ccfc6d4b" outcome="Passed" testListId="8c84fa94-04c1-424b-9868-57a2d4851a1d" relativeResultsDirectory="df558c98-3b67-43ab-88bf-51d055330c19" />
    <UnitTestResult executionId="97d8f19b-fc05-43c2-95c5-cf56cd095cd5" testId="6b068e91-f89d-e5b0-b2c9-8e8150279ff6" testName="SetsMetricForLogMessage" computerName="wkuerzdoelbt01" duration="00:00:00.1429690" startTime="2023-11-22T15:52:45.5516775+01:00" endTime="2023-11-22T15:52:45.6946452+01:00" testType="13cdc9d9-ddb5-4fa4-a97d-d965ccfc6d4b" outcome="NotExecuted" testListId="8c84fa94-04c1-424b-9868-57a2d4851a1d" relativeResultsDirectory="97d8f19b-fc05-43c2-95c5-cf56cd095cd5">
      <Output>
        <StdOut>OneTimeSetUp: wip currently</StdOut>
        <ErrorInfo>
          <Message>OneTimeSetUp: wip currently</Message>
        </ErrorInfo>
      </Output>
    </UnitTestResult>
    <UnitTestResult executionId="3620943b-0c51-4a90-9849-a089e06b56e9" testId="cbb00be1-4b18-d2c5-f041-cb70abbd3c0a" testName="CanSerializeClasses" computerName="wkuerzdoelbt01" duration="00:00:00.7647159" startTime="2023-11-22T15:52:45.5832970+01:00" endTime="2023-11-22T15:52:46.3480149+01:00" testType="13cdc9d9-ddb5-4fa4-a97d-d965ccfc6d4b" outcome="Passed" testListId="8c84fa94-04c1-424b-9868-57a2d4851a1d" relativeResultsDirectory="3620943b-0c51-4a90-9849-a089e06b56e9" />
    <UnitTestResult executionId="cbe50fb4-8cae-4471-baf3-d54b0d26e6f7" testId="7808a1db-50c9-33db-2bab-351c18195648" testName="ModelStateErrorsGetsMappedIntoValidationErrorResponse" computerName="wkuerzdoelbt01" duration="00:00:00.1507130" startTime="2023-11-22T15:52:45.5592570+01:00" endTime="2023-11-22T15:52:45.7099695+01:00" testType="13cdc9d9-ddb5-4fa4-a97d-d965ccfc6d4b" outcome="Passed" testListId="8c84fa94-04c1-424b-9868-57a2d4851a1d" relativeResultsDirectory="cbe50fb4-8cae-4471-baf3-d54b0d26e6f7" />
    <UnitTestResult executionId="4a9f9213-d279-48f4-ad2a-a80a5e9cbe6a" testId="6d3d423f-bf1d-0775-32ea-191b3a293138" testName="CanSerializeRecords" computerName="wkuerzdoelbt01" duration="00:00:00.0053700" startTime="2023-11-22T15:52:46.3480594+01:00" endTime="2023-11-22T15:52:46.3534288+01:00" testType="13cdc9d9-ddb5-4fa4-a97d-d965ccfc6d4b" outcome="Passed" testListId="8c84fa94-04c1-424b-9868-57a2d4851a1d" relativeResultsDirectory="4a9f9213-d279-48f4-ad2a-a80a5e9cbe6a" />
    <UnitTestResult executionId="d60e71b6-4a7a-4751-ac9e-df4f5ac89ac4" testId="07f9d5f9-d27d-c73d-4dcf-958082ee8a68" testName="ShouldWork" computerName="wkuerzdoelbt01" duration="00:00:01.0158720" startTime="2023-11-22T15:52:45.7100052+01:00" endTime="2023-11-22T15:52:46.7258763+01:00" testType="13cdc9d9-ddb5-4fa4-a97d-d965ccfc6d4b" outcome="Passed" testListId="8c84fa94-04c1-424b-9868-57a2d4851a1d" relativeResultsDirectory="d60e71b6-4a7a-4751-ac9e-df4f5ac89ac4">
      <Output>
        <StdOut>[2023-11-22T15:52:46.3304740+01:00 INF] PiBox.Hosting.WebHost.PluginWebHostBuilder =&gt; Hosting urls http://+:8080 {} 
[2023-11-22T15:52:46.3526074+01:00 INF] PiBox.Hosting.WebHost.PluginWebHostBuilder =&gt; Found 0 plugins {}</StdOut>
      </Output>
    </UnitTestResult>
    <UnitTestResult executionId="eaa42099-191e-4933-a69c-386a08b01bd0" testId="372e6ca4-43c1-1c73-9ae6-c50b09908d5d" testName="CanGetNullServiceFromFactory" computerName="wkuerzdoelbt01" duration="00:00:00.0931800" startTime="2023-11-22T15:52:45.5586007+01:00" endTime="2023-11-22T15:52:45.6517800+01:00" testType="13cdc9d9-ddb5-4fa4-a97d-d965ccfc6d4b" outcome="Passed" testListId="8c84fa94-04c1-424b-9868-57a2d4851a1d" relativeResultsDirectory="eaa42099-191e-4933-a69c-386a08b01bd0" />
    <UnitTestResult executionId="98504f46-a1ef-4671-9b12-347185972417" testId="a99ce510-fa91-fb43-4166-632257a9130b" testName="CanFindASpecificType" computerName="wkuerzdoelbt01" duration="00:00:00.0286170" startTime="2023-11-22T15:52:46.0192850+01:00" endTime="2023-11-22T15:52:46.0479018+01:00" testType="13cdc9d9-ddb5-4fa4-a97d-d965ccfc6d4b" outcome="Passed" testListId="8c84fa94-04c1-424b-9868-57a2d4851a1d" relativeResultsDirectory="98504f46-a1ef-4671-9b12-347185972417" />
    <UnitTestResult executionId="15198a0f-6a73-4953-b25b-e098f495a6f3" testId="1953b935-affd-bb48-cddc-ad5097d52be3" testName="ConfigureTracingShouldNotWorkIfHostIsNotConfigured" computerName="wkuerzdoelbt01" duration="00:00:00.5361240" startTime="2023-11-22T15:52:45.5586088+01:00" endTime="2023-11-22T15:52:46.0947330+01:00" testType="13cdc9d9-ddb5-4fa4-a97d-d965ccfc6d4b" outcome="Passed" testListId="8c84fa94-04c1-424b-9868-57a2d4851a1d" relativeResultsDirectory="15198a0f-6a73-4953-b25b-e098f495a6f3" />
    <UnitTestResult executionId="a92a7d98-d438-4ead-850c-0d99566406cd" testId="e8689f74-8577-4045-812d-6360999f9c2d" testName="CheckWarnLog" computerName="wkuerzdoelbt01" duration="00:00:00.0067950" startTime="2023-11-22T15:52:46.8693570+01:00" endTime="2023-11-22T15:52:46.8761507+01:00" testType="13cdc9d9-ddb5-4fa4-a97d-d965ccfc6d4b" outcome="Passed" testListId="8c84fa94-04c1-424b-9868-57a2d4851a1d" relativeResultsDirectory="a92a7d98-d438-4ead-850c-0d99566406cd">
      <Output>
        <StdOut>{"timestamp":"2023-11-22T14:52:46.8706160Z","short_message":"Hallo "Test"","full_message":"Hallo "Test"","level_name":"WARN","level":4,"Name":""Test"","logger_name":""PiBox.Hosting.WebHost.Tests.Logging.StructuredLoggingTests""}</StdOut>
      </Output>
    </UnitTestResult>
    <UnitTestResult executionId="afc724d3-33d9-4f55-b7fd-4989e2d80981" testId="40d8f2c9-84a2-ae7d-9865-e5307f8651e0" testName="CheckVerboseLog" computerName="wkuerzdoelbt01" duration="00:00:00.0048400" startTime="2023-11-22T15:52:46.8644854+01:00" endTime="2023-11-22T15:52:46.8693255+01:00" testType="13cdc9d9-ddb5-4fa4-a97d-d965ccfc6d4b" outcome="Passed" testListId="8c84fa94-04c1-424b-9868-57a2d4851a1d" relativeResultsDirectory="afc724d3-33d9-4f55-b7fd-4989e2d80981">
      <Output>
        <StdOut>{"timestamp":"2023-11-22T14:52:46.8655965Z","short_message":"Hallo "Test"","full_message":"Hallo "Test"","level_name":"VERBOSE","level":7,"Name":""Test"","logger_name":""PiBox.Hosting.WebHost.Tests.Logging.StructuredLoggingTests""}</StdOut>
      </Output>
    </UnitTestResult>
    <UnitTestResult executionId="f7c4dbef-37a6-4fc8-9bc1-dd511bfc22fe" testId="fdf8f30b-18bf-cfd2-e0c4-1c16a414601f" testName="TestDetermineLoggingIsNotExcludingTheGivenWildcardPaths" computerName="wkuerzdoelbt01" duration="00:00:00.0033600" startTime="2023-11-22T15:52:45.6774425+01:00" endTime="2023-11-22T15:52:45.6808012+01:00" testType="13cdc9d9-ddb5-4fa4-a97d-d965ccfc6d4b" outcome="Passed" testListId="8c84fa94-04c1-424b-9868-57a2d4851a1d" relativeResultsDirectory="f7c4dbef-37a6-4fc8-9bc1-dd511bfc22fe" />
    <UnitTestResult executionId="320966c7-b811-4133-b184-b4e2a13f35c7" testId="c1528944-d70a-92b4-bcd8-b88afe1c6aa6" testName="TestDetermineLoggingIsExcludingTheGivenWildcardPaths" computerName="wkuerzdoelbt01" duration="00:00:00.0023650" startTime="2023-11-22T15:52:45.6733958+01:00" endTime="2023-11-22T15:52:45.6757603+01:00" testType="13cdc9d9-ddb5-4fa4-a97d-d965ccfc6d4b" outcome="Passed" testListId="8c84fa94-04c1-424b-9868-57a2d4851a1d" relativeResultsDirectory="320966c7-b811-4133-b184-b4e2a13f35c7" />
    <UnitTestResult executionId="a82621da-208b-4a55-9f9e-e3e315a496d5" testId="f48edd82-6303-044b-0445-7c4d4ba7f16a" testName="TestDetermineLoggingIsSettingTheLevelToErrorForTheGivenPathsException" computerName="wkuerzdoelbt01" duration="00:00:00.0039130" startTime="2023-11-22T15:52:45.6813753+01:00" endTime="2023-11-22T15:52:45.6852883+01:00" testType="13cdc9d9-ddb5-4fa4-a97d-d965ccfc6d4b" outcome="Passed" testListId="8c84fa94-04c1-424b-9868-57a2d4851a1d" relativeResultsDirectory="a82621da-208b-4a55-9f9e-e3e315a496d5" />
    <UnitTestResult executionId="68ba61cf-d396-40e3-bd51-21f2fcb1a0c0" testId="d5418e26-c22c-c712-b9c2-772e0e93fffd" testName="InstancesWillBeReused" computerName="wkuerzdoelbt01" duration="00:00:00.0049930" startTime="2023-11-22T15:52:46.0807022+01:00" endTime="2023-11-22T15:52:46.0856950+01:00" testType="13cdc9d9-ddb5-4fa4-a97d-d965ccfc6d4b" outcome="Passed" testListId="8c84fa94-04c1-424b-9868-57a2d4851a1d" relativeResultsDirectory="68ba61cf-d396-40e3-bd51-21f2fcb1a0c0" />
    <UnitTestResult executionId="92286e3b-b28c-4935-b0c0-42ce00f4a57d" testId="2db193a2-4abf-33ed-b498-a8f0230a8ae9" testName="SetSanityDefaults" computerName="wkuerzdoelbt01" duration="00:00:00.0543190" startTime="2023-11-22T15:52:45.5592768+01:00" endTime="2023-11-22T15:52:45.6131154+01:00" testType="13cdc9d9-ddb5-4fa4-a97d-d965ccfc6d4b" outcome="Passed" testListId="8c84fa94-04c1-424b-9868-57a2d4851a1d" relativeResultsDirectory="92286e3b-b28c-4935-b0c0-42ce00f4a57d" />
    <UnitTestResult executionId="0a786dbc-8972-4387-83fe-5d4790154d81" testId="452c49f9-00cc-6cf8-7f7f-9caf87630b60" testName="CheckExceptionLog" computerName="wkuerzdoelbt01" duration="00:00:00.0066400" startTime="2023-11-22T15:52:46.8240592+01:00" endTime="2023-11-22T15:52:46.8306981+01:00" testType="13cdc9d9-ddb5-4fa4-a97d-d965ccfc6d4b" outcome="Passed" testListId="8c84fa94-04c1-424b-9868-57a2d4851a1d" relativeResultsDirectory="0a786dbc-8972-4387-83fe-5d4790154d81">
      <Output>
        <StdOut>{"timestamp":"2023-11-22T14:52:46.8256564Z","short_message":"Hallo "Test"","full_message":"Hallo "Test"","level_name":"ERROR","level":3,"exception":"System.Exception: custom ex","Name":""Test"","logger_name":""PiBox.Hosting.WebHost.Tests.Logging.StructuredLoggingTests""}</StdOut>
      </Output>
    </UnitTestResult>
  </Results>
  <TestDefinitions>
    <UnitTest name="CanSerializeClasses" storage="/home/lukas/development/github.com/sia-digital/pibox/pibox.hosting/webhost/test/pibox.hosting.webhost.tests/bin/release/net8.0/pibox.hosting.webhost.tests.dll" id="cbb00be1-4b18-d2c5-f041-cb70abbd3c0a">
      <Execution id="3620943b-0c51-4a90-9849-a089e06b56e9" />
      <TestMethod codeBase="/home/lukas/Development/github.com/sia-digital/pibox/PiBox.Hosting/WebHost/test/PiBox.Hosting.WebHost.Tests/bin/Release/net8.0/PiBox.Hosting.WebHost.Tests.dll" adapterTypeName="executor://nunit3testexecutor/" className="PiBox.Hosting.WebHost.Tests.Formatters.YamlOutputFormatterTests" name="CanSerializeClasses" />
    </UnitTest>
    <UnitTest name="CanSerializeRecords" storage="/home/lukas/development/github.com/sia-digital/pibox/pibox.hosting/webhost/test/pibox.hosting.webhost.tests/bin/release/net8.0/pibox.hosting.webhost.tests.dll" id="6d3d423f-bf1d-0775-32ea-191b3a293138">
      <Execution id="4a9f9213-d279-48f4-ad2a-a80a5e9cbe6a" />
      <TestMethod codeBase="/home/lukas/Development/github.com/sia-digital/pibox/PiBox.Hosting/WebHost/test/PiBox.Hosting.WebHost.Tests/bin/Release/net8.0/PiBox.Hosting.WebHost.Tests.dll" adapterTypeName="executor://nunit3testexecutor/" className="PiBox.Hosting.WebHost.Tests.Formatters.YamlOutputFormatterTests" name="CanSerializeRecords" />
    </UnitTest>
    <UnitTest name="ConfigureTracingShouldWorkIfHostIsConfigured" storage="/home/lukas/development/github.com/sia-digital/pibox/pibox.hosting/webhost/test/pibox.hosting.webhost.tests/bin/release/net8.0/pibox.hosting.webhost.tests.dll" id="54ec4e96-6652-a803-3db1-06c30be37870">
      <Execution id="f24f4e3d-8eee-49d3-b681-8dde864ef4ed" />
      <TestMethod codeBase="/home/lukas/Development/github.com/sia-digital/pibox/PiBox.Hosting/WebHost/test/PiBox.Hosting.WebHost.Tests/bin/Release/net8.0/PiBox.Hosting.WebHost.Tests.dll" adapterTypeName="executor://nunit3testexecutor/" className="PiBox.Hosting.WebHost.Tests.ServiceConfigurationTests" name="ConfigureTracingShouldWorkIfHostIsConfigured" />
    </UnitTest>
    <UnitTest name="PluginWithAllPluginActivateablesShouldReturnCorrectName" storage="/home/lukas/development/github.com/sia-digital/pibox/pibox.hosting/webhost/test/pibox.hosting.webhost.tests/bin/release/net8.0/pibox.hosting.webhost.tests.dll" id="ace1e608-23f4-3b42-0040-77f5de8849ac">
      <Execution id="80301ae4-3f76-40c1-a755-c9587f11e0fd" />
      <TestMethod codeBase="/home/lukas/Development/github.com/sia-digital/pibox/PiBox.Hosting/WebHost/test/PiBox.Hosting.WebHost.Tests/bin/Release/net8.0/PiBox.Hosting.WebHost.Tests.dll" adapterTypeName="executor://nunit3testexecutor/" className="PiBox.Hosting.WebHost.Tests.Extensions.PluginExtensionsTests" name="PluginWithAllPluginActivateablesShouldReturnCorrectName" />
    </UnitTest>
    <UnitTest name="TestDetermineLoggingIsExcludingTheGivenPaths" storage="/home/lukas/development/github.com/sia-digital/pibox/pibox.hosting/webhost/test/pibox.hosting.webhost.tests/bin/release/net8.0/pibox.hosting.webhost.tests.dll" id="aca04f7e-94b1-3e67-4017-05ab05b67be9">
      <Execution id="f2410917-89dc-4f34-8bed-5124ea79621b" />
      <TestMethod codeBase="/home/lukas/Development/github.com/sia-digital/pibox/PiBox.Hosting/WebHost/test/PiBox.Hosting.WebHost.Tests/bin/Release/net8.0/PiBox.Hosting.WebHost.Tests.dll" adapterTypeName="executor://nunit3testexecutor/" className="PiBox.Hosting.WebHost.Tests.Logging.RequestLoggingTests" name="TestDetermineLoggingIsExcludingTheGivenPaths" />
    </UnitTest>
    <UnitTest name="CheckLogWithCustomProperty" storage="/home/lukas/development/github.com/sia-digital/pibox/pibox.hosting/webhost/test/pibox.hosting.webhost.tests/bin/release/net8.0/pibox.hosting.webhost.tests.dll" id="d8850b84-beb6-6482-1c55-90d339ff548a">
      <Execution id="709f16c9-d4e9-489c-983f-713c2260809a" />
      <TestMethod codeBase="/home/lukas/Development/github.com/sia-digital/pibox/PiBox.Hosting/WebHost/test/PiBox.Hosting.WebHost.Tests/bin/Release/net8.0/PiBox.Hosting.WebHost.Tests.dll" adapterTypeName="executor://nunit3testexecutor/" className="PiBox.Hosting.WebHost.Tests.Logging.StructuredLoggingTests" name="CheckLogWithCustomProperty" />
    </UnitTest>
    <UnitTest name="CheckDebugLog" storage="/home/lukas/development/github.com/sia-digital/pibox/pibox.hosting/webhost/test/pibox.hosting.webhost.tests/bin/release/net8.0/pibox.hosting.webhost.tests.dll" id="4e8612a1-759e-1ed0-c286-c4ff630a1538">
      <Execution id="4dd82e8a-949f-43fd-9dcc-7609355e360a" />
      <TestMethod codeBase="/home/lukas/Development/github.com/sia-digital/pibox/PiBox.Hosting/WebHost/test/PiBox.Hosting.WebHost.Tests/bin/Release/net8.0/PiBox.Hosting.WebHost.Tests.dll" adapterTypeName="executor://nunit3testexecutor/" className="PiBox.Hosting.WebHost.Tests.Logging.StructuredLoggingTests" name="CheckDebugLog" />
    </UnitTest>
    <UnitTest name="CanResolvePluginConfigurations" storage="/home/lukas/development/github.com/sia-digital/pibox/pibox.hosting/webhost/test/pibox.hosting.webhost.tests/bin/release/net8.0/pibox.hosting.webhost.tests.dll" id="7e1c2e7e-38f5-952a-44f8-18058871cb35">
      <Execution id="08719780-9fb3-424f-8dec-ca9854e43b34" />
      <TestMethod codeBase="/home/lukas/Development/github.com/sia-digital/pibox/PiBox.Hosting/WebHost/test/PiBox.Hosting.WebHost.Tests/bin/Release/net8.0/PiBox.Hosting.WebHost.Tests.dll" adapterTypeName="executor://nunit3testexecutor/" className="PiBox.Hosting.WebHost.Tests.TypeImplementationResolverTests" name="CanResolvePluginConfigurations" />
    </UnitTest>
    <UnitTest name="ConfigurePluginsAndEndpointsShouldApplyThemInCorrectOrder" storage="/home/lukas/development/github.com/sia-digital/pibox/pibox.hosting/webhost/test/pibox.hosting.webhost.tests/bin/release/net8.0/pibox.hosting.webhost.tests.dll" id="e2e2c381-395a-c71d-c750-121e5760e8f8">
      <Execution id="898c0fac-1d49-4383-9ba6-cf15a1bd12b9" />
      <TestMethod codeBase="/home/lukas/Development/github.com/sia-digital/pibox/PiBox.Hosting/WebHost/test/PiBox.Hosting.WebHost.Tests/bin/Release/net8.0/PiBox.Hosting.WebHost.Tests.dll" adapterTypeName="executor://nunit3testexecutor/" className="PiBox.Hosting.WebHost.Tests.AppConfiguratorTests" name="ConfigurePluginsAndEndpointsShouldApplyThemInCorrectOrder" />
    </UnitTest>
    <UnitTest name="CheckWarnLog" storage="/home/lukas/development/github.com/sia-digital/pibox/pibox.hosting/webhost/test/pibox.hosting.webhost.tests/bin/release/net8.0/pibox.hosting.webhost.tests.dll" id="e8689f74-8577-4045-812d-6360999f9c2d">
      <Execution id="a92a7d98-d438-4ead-850c-0d99566406cd" />
      <TestMethod codeBase="/home/lukas/Development/github.com/sia-digital/pibox/PiBox.Hosting/WebHost/test/PiBox.Hosting.WebHost.Tests/bin/Release/net8.0/PiBox.Hosting.WebHost.Tests.dll" adapterTypeName="executor://nunit3testexecutor/" className="PiBox.Hosting.WebHost.Tests.Logging.StructuredLoggingTests" name="CheckWarnLog" />
    </UnitTest>
    <UnitTest name="InstancesWillBeReused" storage="/home/lukas/development/github.com/sia-digital/pibox/pibox.hosting/webhost/test/pibox.hosting.webhost.tests/bin/release/net8.0/pibox.hosting.webhost.tests.dll" id="d5418e26-c22c-c712-b9c2-772e0e93fffd">
      <Execution id="68ba61cf-d396-40e3-bd51-21f2fcb1a0c0" />
      <TestMethod codeBase="/home/lukas/Development/github.com/sia-digital/pibox/PiBox.Hosting/WebHost/test/PiBox.Hosting.WebHost.Tests/bin/Release/net8.0/PiBox.Hosting.WebHost.Tests.dll" adapterTypeName="executor://nunit3testexecutor/" className="PiBox.Hosting.WebHost.Tests.TypeImplementationResolverTests" name="InstancesWillBeReused" />
    </UnitTest>
    <UnitTest name="CanGetNameForPluginActivateable" storage="/home/lukas/development/github.com/sia-digital/pibox/pibox.hosting/webhost/test/pibox.hosting.webhost.tests/bin/release/net8.0/pibox.hosting.webhost.tests.dll" id="5fe660f6-4af8-ea99-d41e-a974860b24e6">
      <Execution id="ec1160c4-8c4e-480b-b3d6-2b8854ed9e56" />
      <TestMethod codeBase="/home/lukas/Development/github.com/sia-digital/pibox/PiBox.Hosting/WebHost/test/PiBox.Hosting.WebHost.Tests/bin/Release/net8.0/PiBox.Hosting.WebHost.Tests.dll" adapterTypeName="executor://nunit3testexecutor/" className="PiBox.Hosting.WebHost.Tests.ImplementationResolverExtensionsTests" name="CanGetNameForPluginActivateable" />
    </UnitTest>
    <UnitTest name="ConfigureTracingShouldNotWorkIfHostIsNotConfigured" storage="/home/lukas/development/github.com/sia-digital/pibox/pibox.hosting/webhost/test/pibox.hosting.webhost.tests/bin/release/net8.0/pibox.hosting.webhost.tests.dll" id="1953b935-affd-bb48-cddc-ad5097d52be3">
      <Execution id="15198a0f-6a73-4953-b25b-e098f495a6f3" />
      <TestMethod codeBase="/home/lukas/Development/github.com/sia-digital/pibox/PiBox.Hosting/WebHost/test/PiBox.Hosting.WebHost.Tests/bin/Release/net8.0/PiBox.Hosting.WebHost.Tests.dll" adapterTypeName="executor://nunit3testexecutor/" className="PiBox.Hosting.WebHost.Tests.ServiceConfigurationTests" name="ConfigureTracingShouldNotWorkIfHostIsNotConfigured" />
    </UnitTest>
    <UnitTest name="CanActivateWithEmptyCtor" storage="/home/lukas/development/github.com/sia-digital/pibox/pibox.hosting/webhost/test/pibox.hosting.webhost.tests/bin/release/net8.0/pibox.hosting.webhost.tests.dll" id="e80827c7-09be-217e-cc0e-2c09d1d05f4a">
      <Execution id="a04b8f0d-b951-4a56-8c96-2c3fddce271d" />
      <TestMethod codeBase="/home/lukas/Development/github.com/sia-digital/pibox/PiBox.Hosting/WebHost/test/PiBox.Hosting.WebHost.Tests/bin/Release/net8.0/PiBox.Hosting.WebHost.Tests.dll" adapterTypeName="executor://nunit3testexecutor/" className="PiBox.Hosting.WebHost.Tests.TypeImplementationResolverTests" name="CanActivateWithEmptyCtor" />
    </UnitTest>
    <UnitTest name="EnrichLogEntryWithTracePropertiesWhenActivityIsPresent(Hierarchical)" storage="/home/lukas/development/github.com/sia-digital/pibox/pibox.hosting/webhost/test/pibox.hosting.webhost.tests/bin/release/net8.0/pibox.hosting.webhost.tests.dll" id="d20398ae-a5fa-0ef7-cada-b45b4898cbca">
      <Execution id="9d101359-9b92-4359-aa49-d35fb0132968" />
      <TestMethod codeBase="/home/lukas/Development/github.com/sia-digital/pibox/PiBox.Hosting/WebHost/test/PiBox.Hosting.WebHost.Tests/bin/Release/net8.0/PiBox.Hosting.WebHost.Tests.dll" adapterTypeName="executor://nunit3testexecutor/" className="PiBox.Hosting.WebHost.Tests.OpentelemetryTraceEnricherTests" name="EnrichLogEntryWithTracePropertiesWhenActivityIsPresent(Hierarchical)" />
    </UnitTest>
    <UnitTest name="CheckFatalLog" storage="/home/lukas/development/github.com/sia-digital/pibox/pibox.hosting/webhost/test/pibox.hosting.webhost.tests/bin/release/net8.0/pibox.hosting.webhost.tests.dll" id="b6525866-1cd1-6c66-e1d4-4e706c33273e">
      <Execution id="9f629906-3484-43f1-beea-d3df4212d082" />
      <TestMethod codeBase="/home/lukas/Development/github.com/sia-digital/pibox/PiBox.Hosting/WebHost/test/PiBox.Hosting.WebHost.Tests/bin/Release/net8.0/PiBox.Hosting.WebHost.Tests.dll" adapterTypeName="executor://nunit3testexecutor/" className="PiBox.Hosting.WebHost.Tests.Logging.StructuredLoggingTests" name="CheckFatalLog" />
    </UnitTest>
    <UnitTest name="EnrichLogEntryWithTracePropertiesWhenActivityIsPresent(Unknown)" storage="/home/lukas/development/github.com/sia-digital/pibox/pibox.hosting/webhost/test/pibox.hosting.webhost.tests/bin/release/net8.0/pibox.hosting.webhost.tests.dll" id="82cedcf4-a91c-7de3-25d0-d3ab780c799b">
      <Execution id="14b06f4a-709e-433d-86bc-2b0613c96ca9" />
      <TestMethod codeBase="/home/lukas/Development/github.com/sia-digital/pibox/PiBox.Hosting/WebHost/test/PiBox.Hosting.WebHost.Tests/bin/Release/net8.0/PiBox.Hosting.WebHost.Tests.dll" adapterTypeName="executor://nunit3testexecutor/" className="PiBox.Hosting.WebHost.Tests.OpentelemetryTraceEnricherTests" name="EnrichLogEntryWithTracePropertiesWhenActivityIsPresent(Unknown)" />
    </UnitTest>
    <UnitTest name="SetSanityDefaults" storage="/home/lukas/development/github.com/sia-digital/pibox/pibox.hosting/webhost/test/pibox.hosting.webhost.tests/bin/release/net8.0/pibox.hosting.webhost.tests.dll" id="2db193a2-4abf-33ed-b498-a8f0230a8ae9">
      <Execution id="92286e3b-b28c-4935-b0c0-42ce00f4a57d" />
      <TestMethod codeBase="/home/lukas/Development/github.com/sia-digital/pibox/PiBox.Hosting/WebHost/test/PiBox.Hosting.WebHost.Tests/bin/Release/net8.0/PiBox.Hosting.WebHost.Tests.dll" adapterTypeName="executor://nunit3testexecutor/" className="PiBox.Hosting.WebHost.Tests.CorsPolicyExtensionTests" name="SetSanityDefaults" />
    </UnitTest>
    <UnitTest name="ConfigureMiddlewaresShouldApplyMiddlwaresInCorrectOrder" storage="/home/lukas/development/github.com/sia-digital/pibox/pibox.hosting/webhost/test/pibox.hosting.webhost.tests/bin/release/net8.0/pibox.hosting.webhost.tests.dll" id="f68ac1d6-60ee-fcb1-4f43-aa687ecccbfc">
      <Execution id="691e7033-0b10-49bf-b3f4-cfb7b8086108" />
      <TestMethod codeBase="/home/lukas/Development/github.com/sia-digital/pibox/PiBox.Hosting/WebHost/test/PiBox.Hosting.WebHost.Tests/bin/Release/net8.0/PiBox.Hosting.WebHost.Tests.dll" adapterTypeName="executor://nunit3testexecutor/" className="PiBox.Hosting.WebHost.Tests.AppConfiguratorTests" name="ConfigureMiddlewaresShouldApplyMiddlwaresInCorrectOrder" />
    </UnitTest>
    <UnitTest name="SetsMetricForLogMessage" storage="/home/lukas/development/github.com/sia-digital/pibox/pibox.hosting/webhost/test/pibox.hosting.webhost.tests/bin/release/net8.0/pibox.hosting.webhost.tests.dll" id="6b068e91-f89d-e5b0-b2c9-8e8150279ff6">
      <Execution id="97d8f19b-fc05-43c2-95c5-cf56cd095cd5" />
      <TestMethod codeBase="/home/lukas/Development/github.com/sia-digital/pibox/PiBox.Hosting/WebHost/test/PiBox.Hosting.WebHost.Tests/bin/Release/net8.0/PiBox.Hosting.WebHost.Tests.dll" adapterTypeName="executor://nunit3testexecutor/" className="PiBox.Hosting.WebHost.Tests.LoggingAppMetricSinkTests" name="SetsMetricForLogMessage" />
    </UnitTest>
    <UnitTest name="CanGetServiceFromFactory" storage="/home/lukas/development/github.com/sia-digital/pibox/pibox.hosting/webhost/test/pibox.hosting.webhost.tests/bin/release/net8.0/pibox.hosting.webhost.tests.dll" id="897604b0-0d3c-68ed-04e3-c5edb5cff341">
      <Execution id="df558c98-3b67-43ab-88bf-51d055330c19" />
      <TestMethod codeBase="/home/lukas/Development/github.com/sia-digital/pibox/PiBox.Hosting/WebHost/test/PiBox.Hosting.WebHost.Tests/bin/Release/net8.0/PiBox.Hosting.WebHost.Tests.dll" adapterTypeName="executor://nunit3testexecutor/" className="PiBox.Hosting.WebHost.Tests.DependencyInjectionTests.FactoryTests" name="CanGetServiceFromFactory" />
    </UnitTest>
    <UnitTest name="RemovePropertiesShouldWork" storage="/home/lukas/development/github.com/sia-digital/pibox/pibox.hosting/webhost/test/pibox.hosting.webhost.tests/bin/release/net8.0/pibox.hosting.webhost.tests.dll" id="409c33c1-ca09-0a83-1d5e-355fee7a24d3">
      <Execution id="ca729b35-9573-42b5-9393-41889b7121ec" />
      <TestMethod codeBase="/home/lukas/Development/github.com/sia-digital/pibox/PiBox.Hosting/WebHost/test/PiBox.Hosting.WebHost.Tests/bin/Release/net8.0/PiBox.Hosting.WebHost.Tests.dll" adapterTypeName="executor://nunit3testexecutor/" className="PiBox.Hosting.WebHost.Tests.Logging.RemovePropertiesEnricherTests" name="RemovePropertiesShouldWork" />
    </UnitTest>
    <UnitTest name="TestDetermineLoggingIsSettingTheLevelToErrorForTheGivenPathsException" storage="/home/lukas/development/github.com/sia-digital/pibox/pibox.hosting/webhost/test/pibox.hosting.webhost.tests/bin/release/net8.0/pibox.hosting.webhost.tests.dll" id="f48edd82-6303-044b-0445-7c4d4ba7f16a">
      <Execution id="a82621da-208b-4a55-9f9e-e3e315a496d5" />
      <TestMethod codeBase="/home/lukas/Development/github.com/sia-digital/pibox/PiBox.Hosting/WebHost/test/PiBox.Hosting.WebHost.Tests/bin/Release/net8.0/PiBox.Hosting.WebHost.Tests.dll" adapterTypeName="executor://nunit3testexecutor/" className="PiBox.Hosting.WebHost.Tests.Logging.RequestLoggingTests" name="TestDetermineLoggingIsSettingTheLevelToErrorForTheGivenPathsException" />
    </UnitTest>
    <UnitTest name="SetsMetricForLogMessageWithException" storage="/home/lukas/development/github.com/sia-digital/pibox/pibox.hosting/webhost/test/pibox.hosting.webhost.tests/bin/release/net8.0/pibox.hosting.webhost.tests.dll" id="f3b478e5-1e4b-98d1-7a58-af34f872d684">
      <Execution id="be2a9739-2f83-462f-841f-11f4cab31898" />
      <TestMethod codeBase="/home/lukas/Development/github.com/sia-digital/pibox/PiBox.Hosting/WebHost/test/PiBox.Hosting.WebHost.Tests/bin/Release/net8.0/PiBox.Hosting.WebHost.Tests.dll" adapterTypeName="executor://nunit3testexecutor/" className="PiBox.Hosting.WebHost.Tests.LoggingAppMetricSinkTests" name="SetsMetricForLogMessageWithException" />
    </UnitTest>
    <UnitTest name="TestDetermineLoggingIsNotExcludingTheGivenPaths(&quot;/metrics-text&quot;,[&quot;/MeTRICS&quot;, &quot;/metrics&quot;],499,null)" storage="/home/lukas/development/github.com/sia-digital/pibox/pibox.hosting/webhost/test/pibox.hosting.webhost.tests/bin/release/net8.0/pibox.hosting.webhost.tests.dll" id="ede8931c-00ab-f19b-34df-8cc1688b02bd">
      <Execution id="69a380bd-0f9d-47c9-9350-e26c71f6faa3" />
      <TestMethod codeBase="/home/lukas/Development/github.com/sia-digital/pibox/PiBox.Hosting/WebHost/test/PiBox.Hosting.WebHost.Tests/bin/Release/net8.0/PiBox.Hosting.WebHost.Tests.dll" adapterTypeName="executor://nunit3testexecutor/" className="PiBox.Hosting.WebHost.Tests.Logging.RequestLoggingTests" name="TestDetermineLoggingIsNotExcludingTheGivenPaths(&quot;/metrics-text&quot;,[&quot;/MeTRICS&quot;, &quot;/metrics&quot;],499,null)" />
    </UnitTest>
    <UnitTest name="TestDetermineLoggingIsSettingTheLevelToErrorForTheGivenPathsStatuscode500" storage="/home/lukas/development/github.com/sia-digital/pibox/pibox.hosting/webhost/test/pibox.hosting.webhost.tests/bin/release/net8.0/pibox.hosting.webhost.tests.dll" id="ff1c8aad-5f2b-a81c-4b7c-9eaa83902267">
      <Execution id="bbfa76ba-bcc2-4b78-a0d1-41850ef7d6cd" />
      <TestMethod codeBase="/home/lukas/Development/github.com/sia-digital/pibox/PiBox.Hosting/WebHost/test/PiBox.Hosting.WebHost.Tests/bin/Release/net8.0/PiBox.Hosting.WebHost.Tests.dll" adapterTypeName="executor://nunit3testexecutor/" className="PiBox.Hosting.WebHost.Tests.Logging.RequestLoggingTests" name="TestDetermineLoggingIsSettingTheLevelToErrorForTheGivenPathsStatuscode500" />
    </UnitTest>
    <UnitTest name="CanGetNullServiceFromFactory" storage="/home/lukas/development/github.com/sia-digital/pibox/pibox.hosting/webhost/test/pibox.hosting.webhost.tests/bin/release/net8.0/pibox.hosting.webhost.tests.dll" id="372e6ca4-43c1-1c73-9ae6-c50b09908d5d">
      <Execution id="eaa42099-191e-4933-a69c-386a08b01bd0" />
      <TestMethod codeBase="/home/lukas/Development/github.com/sia-digital/pibox/PiBox.Hosting/WebHost/test/PiBox.Hosting.WebHost.Tests/bin/Release/net8.0/PiBox.Hosting.WebHost.Tests.dll" adapterTypeName="executor://nunit3testexecutor/" className="PiBox.Hosting.WebHost.Tests.DependencyInjectionTests.FactoryTests" name="CanGetNullServiceFromFactory" />
    </UnitTest>
    <UnitTest name="EnrichLogEntryWithTracePropertiesWhenActivityIsPresent(W3C)" storage="/home/lukas/development/github.com/sia-digital/pibox/pibox.hosting/webhost/test/pibox.hosting.webhost.tests/bin/release/net8.0/pibox.hosting.webhost.tests.dll" id="279ed403-4180-3cfa-f1c3-40d21476f14a">
      <Execution id="3a214359-2488-4a44-bc59-240078303383" />
      <TestMethod codeBase="/home/lukas/Development/github.com/sia-digital/pibox/PiBox.Hosting/WebHost/test/PiBox.Hosting.WebHost.Tests/bin/Release/net8.0/PiBox.Hosting.WebHost.Tests.dll" adapterTypeName="executor://nunit3testexecutor/" className="PiBox.Hosting.WebHost.Tests.OpentelemetryTraceEnricherTests" name="EnrichLogEntryWithTracePropertiesWhenActivityIsPresent(W3C)" />
    </UnitTest>
    <UnitTest name="ModelStateErrorsGetsMappedIntoValidationErrorResponse" storage="/home/lukas/development/github.com/sia-digital/pibox/pibox.hosting/webhost/test/pibox.hosting.webhost.tests/bin/release/net8.0/pibox.hosting.webhost.tests.dll" id="7808a1db-50c9-33db-2bab-351c18195648">
      <Execution id="cbe50fb4-8cae-4471-baf3-d54b0d26e6f7" />
      <TestMethod codeBase="/home/lukas/Development/github.com/sia-digital/pibox/PiBox.Hosting/WebHost/test/PiBox.Hosting.WebHost.Tests/bin/Release/net8.0/PiBox.Hosting.WebHost.Tests.dll" adapterTypeName="executor://nunit3testexecutor/" className="PiBox.Hosting.WebHost.Tests.PluginWebHostBuilderTests" name="ModelStateErrorsGetsMappedIntoValidationErrorResponse" />
    </UnitTest>
    <UnitTest name="TestDetermineLoggingIsExcludingTheGivenWildcardPaths" storage="/home/lukas/development/github.com/sia-digital/pibox/pibox.hosting/webhost/test/pibox.hosting.webhost.tests/bin/release/net8.0/pibox.hosting.webhost.tests.dll" id="c1528944-d70a-92b4-bcd8-b88afe1c6aa6">
      <Execution id="320966c7-b811-4133-b184-b4e2a13f35c7" />
      <TestMethod codeBase="/home/lukas/Development/github.com/sia-digital/pibox/PiBox.Hosting/WebHost/test/PiBox.Hosting.WebHost.Tests/bin/Release/net8.0/PiBox.Hosting.WebHost.Tests.dll" adapterTypeName="executor://nunit3testexecutor/" className="PiBox.Hosting.WebHost.Tests.Logging.RequestLoggingTests" name="TestDetermineLoggingIsExcludingTheGivenWildcardPaths" />
    </UnitTest>
    <UnitTest name="EnrichLogEntryWithTracePropertiesWhenActivityIsPresent(3)" storage="/home/lukas/development/github.com/sia-digital/pibox/pibox.hosting/webhost/test/pibox.hosting.webhost.tests/bin/release/net8.0/pibox.hosting.webhost.tests.dll" id="3bba339b-810b-a912-82f5-684081ab499e">
      <Execution id="e644ebdd-a328-4237-988f-96ec1fc1a523" />
      <TestMethod codeBase="/home/lukas/Development/github.com/sia-digital/pibox/PiBox.Hosting/WebHost/test/PiBox.Hosting.WebHost.Tests/bin/Release/net8.0/PiBox.Hosting.WebHost.Tests.dll" adapterTypeName="executor://nunit3testexecutor/" className="PiBox.Hosting.WebHost.Tests.OpentelemetryTraceEnricherTests" name="EnrichLogEntryWithTracePropertiesWhenActivityIsPresent(3)" />
    </UnitTest>
    <UnitTest name="FindPluginsShouldReturnPluginsInCorrectOrder" storage="/home/lukas/development/github.com/sia-digital/pibox/pibox.hosting/webhost/test/pibox.hosting.webhost.tests/bin/release/net8.0/pibox.hosting.webhost.tests.dll" id="c269c896-91e4-eb95-2eed-69c0f8964230">
      <Execution id="2879970d-79ac-4885-87f8-cf22c3c9ab75" />
      <TestMethod codeBase="/home/lukas/Development/github.com/sia-digital/pibox/PiBox.Hosting/WebHost/test/PiBox.Hosting.WebHost.Tests/bin/Release/net8.0/PiBox.Hosting.WebHost.Tests.dll" adapterTypeName="executor://nunit3testexecutor/" className="PiBox.Hosting.WebHost.Tests.ImplementationResolverExtensionsTests" name="FindPluginsShouldReturnPluginsInCorrectOrder" />
    </UnitTest>
    <UnitTest name="CheckVerboseLog" storage="/home/lukas/development/github.com/sia-digital/pibox/pibox.hosting/webhost/test/pibox.hosting.webhost.tests/bin/release/net8.0/pibox.hosting.webhost.tests.dll" id="40d8f2c9-84a2-ae7d-9865-e5307f8651e0">
      <Execution id="afc724d3-33d9-4f55-b7fd-4989e2d80981" />
      <TestMethod codeBase="/home/lukas/Development/github.com/sia-digital/pibox/PiBox.Hosting/WebHost/test/PiBox.Hosting.WebHost.Tests/bin/Release/net8.0/PiBox.Hosting.WebHost.Tests.dll" adapterTypeName="executor://nunit3testexecutor/" className="PiBox.Hosting.WebHost.Tests.Logging.StructuredLoggingTests" name="CheckVerboseLog" />
    </UnitTest>
    <UnitTest name="NoActivityPresentResultsInNoTraceProperties" storage="/home/lukas/development/github.com/sia-digital/pibox/pibox.hosting/webhost/test/pibox.hosting.webhost.tests/bin/release/net8.0/pibox.hosting.webhost.tests.dll" id="f038bc5f-fb72-afd5-21ca-d7454c10c2c6">
      <Execution id="2dc15110-525d-4314-ac24-0660dbdd9577" />
      <TestMethod codeBase="/home/lukas/Development/github.com/sia-digital/pibox/PiBox.Hosting/WebHost/test/PiBox.Hosting.WebHost.Tests/bin/Release/net8.0/PiBox.Hosting.WebHost.Tests.dll" adapterTypeName="executor://nunit3testexecutor/" className="PiBox.Hosting.WebHost.Tests.OpentelemetryTraceEnricherTests" name="NoActivityPresentResultsInNoTraceProperties" />
    </UnitTest>
    <UnitTest name="CheckLogWithCustomPropertyWithAtPrefix" storage="/home/lukas/development/github.com/sia-digital/pibox/pibox.hosting/webhost/test/pibox.hosting.webhost.tests/bin/release/net8.0/pibox.hosting.webhost.tests.dll" id="739d2fa8-3210-aeae-c0e9-39a8838bcffd">
      <Execution id="5ab177b7-8a26-45b8-9659-146415833399" />
      <TestMethod codeBase="/home/lukas/Development/github.com/sia-digital/pibox/PiBox.Hosting/WebHost/test/PiBox.Hosting.WebHost.Tests/bin/Release/net8.0/PiBox.Hosting.WebHost.Tests.dll" adapterTypeName="executor://nunit3testexecutor/" className="PiBox.Hosting.WebHost.Tests.Logging.StructuredLoggingTests" name="CheckLogWithCustomPropertyWithAtPrefix" />
    </UnitTest>
    <UnitTest name="CantDeserializeRecords" storage="/home/lukas/development/github.com/sia-digital/pibox/pibox.hosting/webhost/test/pibox.hosting.webhost.tests/bin/release/net8.0/pibox.hosting.webhost.tests.dll" id="85ab6749-02ee-bdd0-4d5b-d3842fe011c9">
      <Execution id="0942fa65-c1e0-4919-aff1-519286cb8c33" />
      <TestMethod codeBase="/home/lukas/Development/github.com/sia-digital/pibox/PiBox.Hosting/WebHost/test/PiBox.Hosting.WebHost.Tests/bin/Release/net8.0/PiBox.Hosting.WebHost.Tests.dll" adapterTypeName="executor://nunit3testexecutor/" className="PiBox.Hosting.WebHost.Tests.Formatters.YamlInputFormatterTests" name="CantDeserializeRecords" />
    </UnitTest>
    <UnitTest name="ShouldWork" storage="/home/lukas/development/github.com/sia-digital/pibox/pibox.hosting/webhost/test/pibox.hosting.webhost.tests/bin/release/net8.0/pibox.hosting.webhost.tests.dll" id="07f9d5f9-d27d-c73d-4dcf-958082ee8a68">
      <Execution id="d60e71b6-4a7a-4751-ac9e-df4f5ac89ac4" />
      <TestMethod codeBase="/home/lukas/Development/github.com/sia-digital/pibox/PiBox.Hosting/WebHost/test/PiBox.Hosting.WebHost.Tests/bin/Release/net8.0/PiBox.Hosting.WebHost.Tests.dll" adapterTypeName="executor://nunit3testexecutor/" className="PiBox.Hosting.WebHost.Tests.PluginWebHostBuilderTests" name="ShouldWork" />
    </UnitTest>
    <UnitTest name="PluginWithAppConfigOnlyShouldReturnCorrectName" storage="/home/lukas/development/github.com/sia-digital/pibox/pibox.hosting/webhost/test/pibox.hosting.webhost.tests/bin/release/net8.0/pibox.hosting.webhost.tests.dll" id="bcdb8dea-d363-b089-6a41-c6e655432643">
      <Execution id="439671cf-9020-4f04-8d1f-b96955d6e00e" />
      <TestMethod codeBase="/home/lukas/Development/github.com/sia-digital/pibox/PiBox.Hosting/WebHost/test/PiBox.Hosting.WebHost.Tests/bin/Release/net8.0/PiBox.Hosting.WebHost.Tests.dll" adapterTypeName="executor://nunit3testexecutor/" className="PiBox.Hosting.WebHost.Tests.Extensions.PluginExtensionsTests" name="PluginWithAppConfigOnlyShouldReturnCorrectName" />
    </UnitTest>
    <UnitTest name="CanDeserializeClasses" storage="/home/lukas/development/github.com/sia-digital/pibox/pibox.hosting/webhost/test/pibox.hosting.webhost.tests/bin/release/net8.0/pibox.hosting.webhost.tests.dll" id="81d02fdf-c33b-b842-3b09-f37bc656619a">
      <Execution id="4765dc4b-5c72-4486-a285-fe336a537c2e" />
      <TestMethod codeBase="/home/lukas/Development/github.com/sia-digital/pibox/PiBox.Hosting/WebHost/test/PiBox.Hosting.WebHost.Tests/bin/Release/net8.0/PiBox.Hosting.WebHost.Tests.dll" adapterTypeName="executor://nunit3testexecutor/" className="PiBox.Hosting.WebHost.Tests.Formatters.YamlInputFormatterTests" name="CanDeserializeClasses" />
    </UnitTest>
    <UnitTest name="CanFindASpecificType" storage="/home/lukas/development/github.com/sia-digital/pibox/pibox.hosting/webhost/test/pibox.hosting.webhost.tests/bin/release/net8.0/pibox.hosting.webhost.tests.dll" id="a99ce510-fa91-fb43-4166-632257a9130b">
      <Execution id="98504f46-a1ef-4671-9b12-347185972417" />
      <TestMethod codeBase="/home/lukas/Development/github.com/sia-digital/pibox/PiBox.Hosting/WebHost/test/PiBox.Hosting.WebHost.Tests/bin/Release/net8.0/PiBox.Hosting.WebHost.Tests.dll" adapterTypeName="executor://nunit3testexecutor/" className="PiBox.Hosting.WebHost.Tests.TypeImplementationResolverTests" name="CanFindASpecificType" />
    </UnitTest>
    <UnitTest name="TestDetermineLoggingIsNotExcludingTheGivenWildcardPaths" storage="/home/lukas/development/github.com/sia-digital/pibox/pibox.hosting/webhost/test/pibox.hosting.webhost.tests/bin/release/net8.0/pibox.hosting.webhost.tests.dll" id="fdf8f30b-18bf-cfd2-e0c4-1c16a414601f">
      <Execution id="f7c4dbef-37a6-4fc8-9bc1-dd511bfc22fe" />
      <TestMethod codeBase="/home/lukas/Development/github.com/sia-digital/pibox/PiBox.Hosting/WebHost/test/PiBox.Hosting.WebHost.Tests/bin/Release/net8.0/PiBox.Hosting.WebHost.Tests.dll" adapterTypeName="executor://nunit3testexecutor/" className="PiBox.Hosting.WebHost.Tests.Logging.RequestLoggingTests" name="TestDetermineLoggingIsNotExcludingTheGivenWildcardPaths" />
    </UnitTest>
    <UnitTest name="TestDetermineLoggingIsNotExcludingTheGivenPaths(&quot;/metrics &quot;,[&quot;&quot;],200,null)" storage="/home/lukas/development/github.com/sia-digital/pibox/pibox.hosting/webhost/test/pibox.hosting.webhost.tests/bin/release/net8.0/pibox.hosting.webhost.tests.dll" id="3deb224d-f897-e45f-3947-d87a2445911e">
      <Execution id="7d694481-5896-47bc-893e-29bbfb7ce7d9" />
      <TestMethod codeBase="/home/lukas/Development/github.com/sia-digital/pibox/PiBox.Hosting/WebHost/test/PiBox.Hosting.WebHost.Tests/bin/Release/net8.0/PiBox.Hosting.WebHost.Tests.dll" adapterTypeName="executor://nunit3testexecutor/" className="PiBox.Hosting.WebHost.Tests.Logging.RequestLoggingTests" name="TestDetermineLoggingIsNotExcludingTheGivenPaths(&quot;/metrics &quot;,[&quot;&quot;],200,null)" />
    </UnitTest>
    <UnitTest name="CheckExceptionLog" storage="/home/lukas/development/github.com/sia-digital/pibox/pibox.hosting/webhost/test/pibox.hosting.webhost.tests/bin/release/net8.0/pibox.hosting.webhost.tests.dll" id="452c49f9-00cc-6cf8-7f7f-9caf87630b60">
      <Execution id="0a786dbc-8972-4387-83fe-5d4790154d81" />
      <TestMethod codeBase="/home/lukas/Development/github.com/sia-digital/pibox/PiBox.Hosting/WebHost/test/PiBox.Hosting.WebHost.Tests/bin/Release/net8.0/PiBox.Hosting.WebHost.Tests.dll" adapterTypeName="executor://nunit3testexecutor/" className="PiBox.Hosting.WebHost.Tests.Logging.StructuredLoggingTests" name="CheckExceptionLog" />
    </UnitTest>
    <UnitTest name="CheckInfoLog" storage="/home/lukas/development/github.com/sia-digital/pibox/pibox.hosting/webhost/test/pibox.hosting.webhost.tests/bin/release/net8.0/pibox.hosting.webhost.tests.dll" id="b93d086a-c752-82f8-0f52-55e658a80e53">
      <Execution id="16208b3d-c768-4767-8537-aedff3a45ac6" />
      <TestMethod codeBase="/home/lukas/Development/github.com/sia-digital/pibox/PiBox.Hosting/WebHost/test/PiBox.Hosting.WebHost.Tests/bin/Release/net8.0/PiBox.Hosting.WebHost.Tests.dll" adapterTypeName="executor://nunit3testexecutor/" className="PiBox.Hosting.WebHost.Tests.Logging.StructuredLoggingTests" name="CheckInfoLog" />
    </UnitTest>
  </TestDefinitions>
  <TestEntries>
    <TestEntry testId="ace1e608-23f4-3b42-0040-77f5de8849ac" executionId="80301ae4-3f76-40c1-a755-c9587f11e0fd" testListId="8c84fa94-04c1-424b-9868-57a2d4851a1d" />
    <TestEntry testId="ff1c8aad-5f2b-a81c-4b7c-9eaa83902267" executionId="bbfa76ba-bcc2-4b78-a0d1-41850ef7d6cd" testListId="8c84fa94-04c1-424b-9868-57a2d4851a1d" />
    <TestEntry testId="5fe660f6-4af8-ea99-d41e-a974860b24e6" executionId="ec1160c4-8c4e-480b-b3d6-2b8854ed9e56" testListId="8c84fa94-04c1-424b-9868-57a2d4851a1d" />
    <TestEntry testId="739d2fa8-3210-aeae-c0e9-39a8838bcffd" executionId="5ab177b7-8a26-45b8-9659-146415833399" testListId="8c84fa94-04c1-424b-9868-57a2d4851a1d" />
    <TestEntry testId="4e8612a1-759e-1ed0-c286-c4ff630a1538" executionId="4dd82e8a-949f-43fd-9dcc-7609355e360a" testListId="8c84fa94-04c1-424b-9868-57a2d4851a1d" />
    <TestEntry testId="85ab6749-02ee-bdd0-4d5b-d3842fe011c9" executionId="0942fa65-c1e0-4919-aff1-519286cb8c33" testListId="8c84fa94-04c1-424b-9868-57a2d4851a1d" />
    <TestEntry testId="c269c896-91e4-eb95-2eed-69c0f8964230" executionId="2879970d-79ac-4885-87f8-cf22c3c9ab75" testListId="8c84fa94-04c1-424b-9868-57a2d4851a1d" />
    <TestEntry testId="54ec4e96-6652-a803-3db1-06c30be37870" executionId="f24f4e3d-8eee-49d3-b681-8dde864ef4ed" testListId="8c84fa94-04c1-424b-9868-57a2d4851a1d" />
    <TestEntry testId="3deb224d-f897-e45f-3947-d87a2445911e" executionId="7d694481-5896-47bc-893e-29bbfb7ce7d9" testListId="8c84fa94-04c1-424b-9868-57a2d4851a1d" />
    <TestEntry testId="ede8931c-00ab-f19b-34df-8cc1688b02bd" executionId="69a380bd-0f9d-47c9-9350-e26c71f6faa3" testListId="8c84fa94-04c1-424b-9868-57a2d4851a1d" />
    <TestEntry testId="d20398ae-a5fa-0ef7-cada-b45b4898cbca" executionId="9d101359-9b92-4359-aa49-d35fb0132968" testListId="8c84fa94-04c1-424b-9868-57a2d4851a1d" />
    <TestEntry testId="f3b478e5-1e4b-98d1-7a58-af34f872d684" executionId="be2a9739-2f83-462f-841f-11f4cab31898" testListId="8c84fa94-04c1-424b-9868-57a2d4851a1d" />
    <TestEntry testId="81d02fdf-c33b-b842-3b09-f37bc656619a" executionId="4765dc4b-5c72-4486-a285-fe336a537c2e" testListId="8c84fa94-04c1-424b-9868-57a2d4851a1d" />
    <TestEntry testId="f68ac1d6-60ee-fcb1-4f43-aa687ecccbfc" executionId="691e7033-0b10-49bf-b3f4-cfb7b8086108" testListId="8c84fa94-04c1-424b-9868-57a2d4851a1d" />
    <TestEntry testId="f038bc5f-fb72-afd5-21ca-d7454c10c2c6" executionId="2dc15110-525d-4314-ac24-0660dbdd9577" testListId="8c84fa94-04c1-424b-9868-57a2d4851a1d" />
    <TestEntry testId="3bba339b-810b-a912-82f5-684081ab499e" executionId="e644ebdd-a328-4237-988f-96ec1fc1a523" testListId="8c84fa94-04c1-424b-9868-57a2d4851a1d" />
    <TestEntry testId="409c33c1-ca09-0a83-1d5e-355fee7a24d3" executionId="ca729b35-9573-42b5-9393-41889b7121ec" testListId="8c84fa94-04c1-424b-9868-57a2d4851a1d" />
    <TestEntry testId="7e1c2e7e-38f5-952a-44f8-18058871cb35" executionId="08719780-9fb3-424f-8dec-ca9854e43b34" testListId="8c84fa94-04c1-424b-9868-57a2d4851a1d" />
    <TestEntry testId="82cedcf4-a91c-7de3-25d0-d3ab780c799b" executionId="14b06f4a-709e-433d-86bc-2b0613c96ca9" testListId="8c84fa94-04c1-424b-9868-57a2d4851a1d" />
    <TestEntry testId="279ed403-4180-3cfa-f1c3-40d21476f14a" executionId="3a214359-2488-4a44-bc59-240078303383" testListId="8c84fa94-04c1-424b-9868-57a2d4851a1d" />
    <TestEntry testId="b93d086a-c752-82f8-0f52-55e658a80e53" executionId="16208b3d-c768-4767-8537-aedff3a45ac6" testListId="8c84fa94-04c1-424b-9868-57a2d4851a1d" />
    <TestEntry testId="d8850b84-beb6-6482-1c55-90d339ff548a" executionId="709f16c9-d4e9-489c-983f-713c2260809a" testListId="8c84fa94-04c1-424b-9868-57a2d4851a1d" />
    <TestEntry testId="e80827c7-09be-217e-cc0e-2c09d1d05f4a" executionId="a04b8f0d-b951-4a56-8c96-2c3fddce271d" testListId="8c84fa94-04c1-424b-9868-57a2d4851a1d" />
    <TestEntry testId="aca04f7e-94b1-3e67-4017-05ab05b67be9" executionId="f2410917-89dc-4f34-8bed-5124ea79621b" testListId="8c84fa94-04c1-424b-9868-57a2d4851a1d" />
    <TestEntry testId="bcdb8dea-d363-b089-6a41-c6e655432643" executionId="439671cf-9020-4f04-8d1f-b96955d6e00e" testListId="8c84fa94-04c1-424b-9868-57a2d4851a1d" />
    <TestEntry testId="b6525866-1cd1-6c66-e1d4-4e706c33273e" executionId="9f629906-3484-43f1-beea-d3df4212d082" testListId="8c84fa94-04c1-424b-9868-57a2d4851a1d" />
    <TestEntry testId="e2e2c381-395a-c71d-c750-121e5760e8f8" executionId="898c0fac-1d49-4383-9ba6-cf15a1bd12b9" testListId="8c84fa94-04c1-424b-9868-57a2d4851a1d" />
    <TestEntry testId="897604b0-0d3c-68ed-04e3-c5edb5cff341" executionId="df558c98-3b67-43ab-88bf-51d055330c19" testListId="8c84fa94-04c1-424b-9868-57a2d4851a1d" />
    <TestEntry testId="6b068e91-f89d-e5b0-b2c9-8e8150279ff6" executionId="97d8f19b-fc05-43c2-95c5-cf56cd095cd5" testListId="8c84fa94-04c1-424b-9868-57a2d4851a1d" />
    <TestEntry testId="cbb00be1-4b18-d2c5-f041-cb70abbd3c0a" executionId="3620943b-0c51-4a90-9849-a089e06b56e9" testListId="8c84fa94-04c1-424b-9868-57a2d4851a1d" />
    <TestEntry testId="7808a1db-50c9-33db-2bab-351c18195648" executionId="cbe50fb4-8cae-4471-baf3-d54b0d26e6f7" testListId="8c84fa94-04c1-424b-9868-57a2d4851a1d" />
    <TestEntry testId="6d3d423f-bf1d-0775-32ea-191b3a293138" executionId="4a9f9213-d279-48f4-ad2a-a80a5e9cbe6a" testListId="8c84fa94-04c1-424b-9868-57a2d4851a1d" />
    <TestEntry testId="07f9d5f9-d27d-c73d-4dcf-958082ee8a68" executionId="d60e71b6-4a7a-4751-ac9e-df4f5ac89ac4" testListId="8c84fa94-04c1-424b-9868-57a2d4851a1d" />
    <TestEntry testId="372e6ca4-43c1-1c73-9ae6-c50b09908d5d" executionId="eaa42099-191e-4933-a69c-386a08b01bd0" testListId="8c84fa94-04c1-424b-9868-57a2d4851a1d" />
    <TestEntry testId="a99ce510-fa91-fb43-4166-632257a9130b" executionId="98504f46-a1ef-4671-9b12-347185972417" testListId="8c84fa94-04c1-424b-9868-57a2d4851a1d" />
    <TestEntry testId="1953b935-affd-bb48-cddc-ad5097d52be3" executionId="15198a0f-6a73-4953-b25b-e098f495a6f3" testListId="8c84fa94-04c1-424b-9868-57a2d4851a1d" />
    <TestEntry testId="e8689f74-8577-4045-812d-6360999f9c2d" executionId="a92a7d98-d438-4ead-850c-0d99566406cd" testListId="8c84fa94-04c1-424b-9868-57a2d4851a1d" />
    <TestEntry testId="40d8f2c9-84a2-ae7d-9865-e5307f8651e0" executionId="afc724d3-33d9-4f55-b7fd-4989e2d80981" testListId="8c84fa94-04c1-424b-9868-57a2d4851a1d" />
    <TestEntry testId="fdf8f30b-18bf-cfd2-e0c4-1c16a414601f" executionId="f7c4dbef-37a6-4fc8-9bc1-dd511bfc22fe" testListId="8c84fa94-04c1-424b-9868-57a2d4851a1d" />
    <TestEntry testId="c1528944-d70a-92b4-bcd8-b88afe1c6aa6" executionId="320966c7-b811-4133-b184-b4e2a13f35c7" testListId="8c84fa94-04c1-424b-9868-57a2d4851a1d" />
    <TestEntry testId="f48edd82-6303-044b-0445-7c4d4ba7f16a" executionId="a82621da-208b-4a55-9f9e-e3e315a496d5" testListId="8c84fa94-04c1-424b-9868-57a2d4851a1d" />
    <TestEntry testId="d5418e26-c22c-c712-b9c2-772e0e93fffd" executionId="68ba61cf-d396-40e3-bd51-21f2fcb1a0c0" testListId="8c84fa94-04c1-424b-9868-57a2d4851a1d" />
    <TestEntry testId="2db193a2-4abf-33ed-b498-a8f0230a8ae9" executionId="92286e3b-b28c-4935-b0c0-42ce00f4a57d" testListId="8c84fa94-04c1-424b-9868-57a2d4851a1d" />
    <TestEntry testId="452c49f9-00cc-6cf8-7f7f-9caf87630b60" executionId="0a786dbc-8972-4387-83fe-5d4790154d81" testListId="8c84fa94-04c1-424b-9868-57a2d4851a1d" />
  </TestEntries>
  <TestLists>
    <TestList name="Results Not in a List" id="8c84fa94-04c1-424b-9868-57a2d4851a1d" />
    <TestList name="All Loaded Results" id="19431567-8539-422a-85d7-44ee4e166bda" />
  </TestLists>
  <ResultSummary outcome="Completed">
    <Counters total="44" executed="42" passed="42" failed="0" error="0" timeout="0" aborted="0" inconclusive="0" passedButRunAborted="0" notRunnable="0" notExecuted="0" disconnected="0" warning="0" completed="0" inProgress="0" pending="0" />
    <Output>
      <StdOut>NUnit Adapter 4.5.0.0: Test execution started
Running all tests in /home/lukas/Development/github.com/sia-digital/pibox/PiBox.Hosting/WebHost/test/PiBox.Hosting.WebHost.Tests/bin/Release/net8.0/PiBox.Hosting.WebHost.Tests.dll
   NUnit3TestExecutor discovered 42 of 44 NUnit test cases using Current Discovery mode, Non-Explicit run
SetsMetricForLogMessage: OneTimeSetUp: wip currently
SetsMetricForLogMessageWithException: OneTimeSetUp: wip currently
NUnit Adapter 4.5.0.0: Test execution complete
</StdOut>
    </Output>
    <RunInfos>
      <RunInfo computerName="wkuerzdoelbt01" outcome="Warning" timestamp="2023-11-22T15:52:46.4612428+01:00">
        <Text>\u001b[40m\u001b[32minfo\u001b[39m\u001b[22m\u001b[49m: Microsoft.AspNetCore.Mvc.Infrastructure.DefaultActionDescriptorCollectionProvider[1]
      No action descriptors found. This may indicate an incorrectly configured application or missing application parts. To learn more, visit https://aka.ms/aspnet/mvc/app-parts
</Text>
      </RunInfo>
      <RunInfo computerName="wkuerzdoelbt01" outcome="Warning" timestamp="2023-11-22T15:52:46.7268685+01:00">
        <Text>[2023-11-22T15:52:46.3304740+01:00 INF] PiBox.Hosting.WebHost.PluginWebHostBuilder =&gt; Hosting urls http://+:8080 {} 
[2023-11-22T15:52:46.3526074+01:00 INF] PiBox.Hosting.WebHost.PluginWebHostBuilder =&gt; Found 0 plugins {} 
</Text>
      </RunInfo>
      <RunInfo computerName="wkuerzdoelbt01" outcome="Warning" timestamp="2023-11-22T15:52:46.8251072+01:00">
        <Text>{"timestamp":"2023-11-22T14:52:46.7375672Z","short_message":"Hallo "Test"","full_message":"Hallo "Test"","level_name":"DEBUG","level":7,"Name":""Test"","logger_name":""PiBox.Hosting.WebHost.Tests.Logging.StructuredLoggingTests""}

</Text>
      </RunInfo>
      <RunInfo computerName="wkuerzdoelbt01" outcome="Warning" timestamp="2023-11-22T15:52:46.8319692+01:00">
        <Text>{"timestamp":"2023-11-22T14:52:46.8256564Z","short_message":"Hallo "Test"","full_message":"Hallo "Test"","level_name":"ERROR","level":3,"exception":"System.Exception: custom ex","Name":""Test"","logger_name":""PiBox.Hosting.WebHost.Tests.Logging.StructuredLoggingTests""}

</Text>
      </RunInfo>
      <RunInfo computerName="wkuerzdoelbt01" outcome="Warning" timestamp="2023-11-22T15:52:46.8406018+01:00">
        <Text>{"timestamp":"2023-11-22T14:52:46.8319319Z","short_message":"Hallo "Test"","full_message":"Hallo "Test"","level_name":"FATAL","level":2,"exception":"System.Exception: custom ex","Name":""Test"","logger_name":""PiBox.Hosting.WebHost.Tests.Logging.StructuredLoggingTests""}

</Text>
      </RunInfo>
      <RunInfo computerName="wkuerzdoelbt01" outcome="Warning" timestamp="2023-11-22T15:52:46.8462099+01:00">
        <Text>{"timestamp":"2023-11-22T14:52:46.8413069Z","short_message":"Hallo "Test"","full_message":"Hallo "Test"","level_name":"INFO","level":6,"Name":""Test"","logger_name":""PiBox.Hosting.WebHost.Tests.Logging.StructuredLoggingTests""}

</Text>
      </RunInfo>
      <RunInfo computerName="wkuerzdoelbt01" outcome="Warning" timestamp="2023-11-22T15:52:46.8536472+01:00">
        <Text>{"timestamp":"2023-11-22T14:52:46.8471164Z","short_message":"Hallo "Test", you are "good"","full_message":"Hallo "Test", you are "good"","level_name":"DEBUG","level":7,"Name":""Test"","Status":""good"","logger_name":""PiBox.Hosting.WebHost.Tests.Logging.StructuredLoggingTests""}

</Text>
      </RunInfo>
      <RunInfo computerName="wkuerzdoelbt01" outcome="Warning" timestamp="2023-11-22T15:52:46.8656472+01:00">
        <Text>{"timestamp":"2023-11-22T14:52:46.8549218Z","short_message":"Hallo you are UnitTestPerson { FirstName: "par", LastName: "ent", Children: [UnitTestPerson { FirstName: "chi", LastName: "ld", ","full_message":"Hallo you are UnitTestPerson { FirstName: "par", LastName: "ent", Children: [UnitTestPerson { FirstName: "chi", LastName: "ld", Children: null }] }","level_name":"DEBUG","level":7,"UnitTestPerson":"UnitTestPerson { FirstName: "par", LastName: "ent", Children: [UnitTestPerson { FirstName: "chi", LastName: "ld", Children: null }] }","logger_name":""PiBox.Hosting.WebHost.Tests.Logging.StructuredLoggingTests""}

</Text>
      </RunInfo>
      <RunInfo computerName="wkuerzdoelbt01" outcome="Warning" timestamp="2023-11-22T15:52:46.8706146+01:00">
        <Text>{"timestamp":"2023-11-22T14:52:46.8655965Z","short_message":"Hallo "Test"","full_message":"Hallo "Test"","level_name":"VERBOSE","level":7,"Name":""Test"","logger_name":""PiBox.Hosting.WebHost.Tests.Logging.StructuredLoggingTests""}

</Text>
      </RunInfo>
      <RunInfo computerName="wkuerzdoelbt01" outcome="Warning" timestamp="2023-11-22T15:52:46.8770819+01:00">
        <Text>{"timestamp":"2023-11-22T14:52:46.8706160Z","short_message":"Hallo "Test"","full_message":"Hallo "Test"","level_name":"WARN","level":4,"Name":""Test"","logger_name":""PiBox.Hosting.WebHost.Tests.Logging.StructuredLoggingTests""}

</Text>
      </RunInfo>
    </RunInfos>
  </ResultSummary>
</TestRun>