<?xml version="1.0" encoding="utf-8"?>
<TestRun id="e4af50a3-bfce-4215-b348-d1ce706b17b0" name="@wkuerzdoelbt01 2023-11-22 15:52:46" xmlns="http://microsoft.com/schemas/VisualStudio/TeamTest/2010">
  <Times creation="2023-11-22T15:52:46.1907215+01:00" queuing="2023-11-22T15:52:46.1907218+01:00" start="2023-11-22T15:52:40.6566105+01:00" finish="2023-11-22T15:52:46.4758055+01:00" />
  <TestSettings name="default" id="3b269f75-64e8-4a80-9d2f-1e30799b34b8">
    <Deployment runDeploymentRoot="_wkuerzdoelbt01_2023-11-22_15_52_46" />
  </TestSettings>
  <Results>
    <UnitTestResult executionId="2fca1e2c-3ef9-4422-99f8-effa71b88335" testId="0d4aaa9c-c139-8a07-f10a-b988a1ca353a" testName="UpdateShouldWork" computerName="wkuerzdoelbt01" duration="00:00:00.0036560" startTime="2023-11-22T15:52:46.0553763+01:00" endTime="2023-11-22T15:52:46.0590331+01:00" testType="13cdc9d9-ddb5-4fa4-a97d-d965ccfc6d4b" outcome="Passed" testListId="8c84fa94-04c1-424b-9868-57a2d4851a1d" relativeResultsDirectory="2fca1e2c-3ef9-4422-99f8-effa71b88335" />
    <UnitTestResult executionId="97730317-49a3-4fcf-af7d-03f87996bca9" testId="2086eb45-1d01-4f47-2364-41a736a4f440" testName="UpdateWontWorkIfTheEntityDoesNotExist" computerName="wkuerzdoelbt01" duration="00:00:00.0066790" startTime="2023-11-22T15:52:46.0616902+01:00" endTime="2023-11-22T15:52:46.0683691+01:00" testType="13cdc9d9-ddb5-4fa4-a97d-d965ccfc6d4b" outcome="Passed" testListId="8c84fa94-04c1-424b-9868-57a2d4851a1d" relativeResultsDirectory="97730317-49a3-4fcf-af7d-03f87996bca9" />
    <UnitTestResult executionId="d5cb7506-6d29-426a-b864-08d126d5e399" testId="aca5e921-9132-46ae-6b8a-d0c9686278f4" testName="FindAsyncCanFilterEntries" computerName="wkuerzdoelbt01" duration="00:00:00.0047400" startTime="2023-11-22T15:52:45.9650950+01:00" endTime="2023-11-22T15:52:45.9698339+01:00" testType="13cdc9d9-ddb5-4fa4-a97d-d965ccfc6d4b" outcome="Passed" testListId="8c84fa94-04c1-424b-9868-57a2d4851a1d" relativeResultsDirectory="d5cb7506-6d29-426a-b864-08d126d5e399" />
    <UnitTestResult executionId="acf6dc8c-0148-4226-8cb2-e571f503721e" testId="8b18c471-c0e2-8dfb-fa27-fe8e0013a0f5" testName="RemoveWontWorkIfTheEntityDoesNotExist" computerName="wkuerzdoelbt01" duration="00:00:00.0127750" startTime="2023-11-22T15:52:46.0314373+01:00" endTime="2023-11-22T15:52:46.0442121+01:00" testType="13cdc9d9-ddb5-4fa4-a97d-d965ccfc6d4b" outcome="Passed" testListId="8c84fa94-04c1-424b-9868-57a2d4851a1d" relativeResultsDirectory="acf6dc8c-0148-4226-8cb2-e571f503721e" />
    <UnitTestResult executionId="9549613e-6585-435d-8339-5d9c3eb0e67b" testId="f15169cc-004f-535d-467f-6277c0e5eb0d" testName="CountAsyncCanFilterEntries" computerName="wkuerzdoelbt01" duration="00:00:00.1366050" startTime="2023-11-22T15:52:45.8244585+01:00" endTime="2023-11-22T15:52:45.9610634+01:00" testType="13cdc9d9-ddb5-4fa4-a97d-d965ccfc6d4b" outcome="Passed" testListId="8c84fa94-04c1-424b-9868-57a2d4851a1d" relativeResultsDirectory="9549613e-6585-435d-8339-5d9c3eb0e67b" />
    <UnitTestResult executionId="e53104ec-f088-4f3a-ae32-4ef4e3bdc3a5" testId="655f9095-2bf6-3d1b-eee1-e3a66e501a12" testName="CanRegisterGenericRepository" computerName="wkuerzdoelbt01" duration="00:00:00.2322190" startTime="2023-11-22T15:52:45.5708696+01:00" endTime="2023-11-22T15:52:45.8029774+01:00" testType="13cdc9d9-ddb5-4fa4-a97d-d965ccfc6d4b" outcome="Passed" testListId="8c84fa94-04c1-424b-9868-57a2d4851a1d" relativeResultsDirectory="e53104ec-f088-4f3a-ae32-4ef4e3bdc3a5" />
    <UnitTestResult executionId="480cdc83-5e90-4ec3-aa2e-4f2206d720b2" testId="553e375e-072f-bbee-7b99-587e9d500ee9" testName="RemoveShouldWork" computerName="wkuerzdoelbt01" duration="00:00:00.0031670" startTime="2023-11-22T15:52:46.0278800+01:00" endTime="2023-11-22T15:52:46.0310472+01:00" testType="13cdc9d9-ddb5-4fa4-a97d-d965ccfc6d4b" outcome="Passed" testListId="8c84fa94-04c1-424b-9868-57a2d4851a1d" relativeResultsDirectory="480cdc83-5e90-4ec3-aa2e-4f2206d720b2" />
    <UnitTestResult executionId="c41f0ffd-ac3f-48cf-b3d3-e04f601e4395" testId="590c8d18-3063-c9b6-4b16-c983c54145dd" testName="FindByIdAsyncWontWorkIfTheIdDoesNotExist" computerName="wkuerzdoelbt01" duration="00:00:00.0169400" startTime="2023-11-22T15:52:45.9747765+01:00" endTime="2023-11-22T15:52:45.9917162+01:00" testType="13cdc9d9-ddb5-4fa4-a97d-d965ccfc6d4b" outcome="Passed" testListId="8c84fa94-04c1-424b-9868-57a2d4851a1d" relativeResultsDirectory="c41f0ffd-ac3f-48cf-b3d3-e04f601e4395" />
    <UnitTestResult executionId="a18a3221-1b80-4179-9314-c07d9f25a63f" testId="300c372c-edca-e40e-8c69-55a85ac6868f" testName="AddShouldWork" computerName="wkuerzdoelbt01" duration="00:00:00.2565870" startTime="2023-11-22T15:52:45.5672004+01:00" endTime="2023-11-22T15:52:45.8237884+01:00" testType="13cdc9d9-ddb5-4fa4-a97d-d965ccfc6d4b" outcome="Passed" testListId="8c84fa94-04c1-424b-9868-57a2d4851a1d" relativeResultsDirectory="a18a3221-1b80-4179-9314-c07d9f25a63f" />
    <UnitTestResult executionId="1c39aab8-cc2e-4f25-b7d9-c722b4db12c8" testId="b878c2fd-eaf0-593c-ca90-5c01cd4c5004" testName="FindByIdAsyncShouldWork" computerName="wkuerzdoelbt01" duration="00:00:00.0027080" startTime="2023-11-22T15:52:45.9709323+01:00" endTime="2023-11-22T15:52:45.9736396+01:00" testType="13cdc9d9-ddb5-4fa4-a97d-d965ccfc6d4b" outcome="Passed" testListId="8c84fa94-04c1-424b-9868-57a2d4851a1d" relativeResultsDirectory="1c39aab8-cc2e-4f25-b7d9-c722b4db12c8" />
    <UnitTestResult executionId="05159314-4fa4-433b-b5be-e44885d8a253" testId="7a42ec69-5ad6-d493-5b6a-53e86f702681" testName="CountAsyncWorks" computerName="wkuerzdoelbt01" duration="00:00:00.0018640" startTime="2023-11-22T15:52:45.9622140+01:00" endTime="2023-11-22T15:52:45.9640779+01:00" testType="13cdc9d9-ddb5-4fa4-a97d-d965ccfc6d4b" outcome="Passed" testListId="8c84fa94-04c1-424b-9868-57a2d4851a1d" relativeResultsDirectory="05159314-4fa4-433b-b5be-e44885d8a253" />
    <UnitTestResult executionId="dd4ac62e-e1d7-4eec-8543-f8dc46be6c17" testId="76ca33b0-6067-449c-bb78-0b2732eb9c14" testName="ReadAndWriteRepositoryAreTheSameData" computerName="wkuerzdoelbt01" duration="00:00:00.0735210" startTime="2023-11-22T15:52:45.8068396+01:00" endTime="2023-11-22T15:52:45.8803600+01:00" testType="13cdc9d9-ddb5-4fa4-a97d-d965ccfc6d4b" outcome="Passed" testListId="8c84fa94-04c1-424b-9868-57a2d4851a1d" relativeResultsDirectory="dd4ac62e-e1d7-4eec-8543-f8dc46be6c17" />
    <UnitTestResult executionId="5897ed4f-b405-493a-ad9d-1cc54d905345" testId="95ef5d14-4796-f6eb-3cd1-62eddf254150" testName="QueryByIdFilterWorks" computerName="wkuerzdoelbt01" duration="00:00:00.0251020" startTime="2023-11-22T15:52:45.9928286+01:00" endTime="2023-11-22T15:52:46.0179285+01:00" testType="13cdc9d9-ddb5-4fa4-a97d-d965ccfc6d4b" outcome="Passed" testListId="8c84fa94-04c1-424b-9868-57a2d4851a1d" relativeResultsDirectory="5897ed4f-b405-493a-ad9d-1cc54d905345" />
  </Results>
  <TestDefinitions>
    <UnitTest name="UpdateShouldWork" storage="/home/lukas/development/github.com/sia-digital/pibox/pibox.plugins/persistence/inmemory/tests/pibox.plugins.persistence.inmemory.tests/bin/release/net8.0/pibox.plugins.persistence.inmemory.tests.dll" id="0d4aaa9c-c139-8a07-f10a-b988a1ca353a">
      <Execution id="2fca1e2c-3ef9-4422-99f8-effa71b88335" />
      <TestMethod codeBase="/home/lukas/Development/github.com/sia-digital/pibox/PiBox.Plugins/Persistence/InMemory/tests/PiBox.Plugins.Persistence.InMemory.Tests/bin/Release/net8.0/PiBox.Plugins.Persistence.InMemory.Tests.dll" adapterTypeName="executor://nunit3testexecutor/" className="PiBox.Plugins.Persistence.InMemory.Tests.InMemoryRepositoryTests" name="UpdateShouldWork" />
    </UnitTest>
    <UnitTest name="CanRegisterGenericRepository" storage="/home/lukas/development/github.com/sia-digital/pibox/pibox.plugins/persistence/inmemory/tests/pibox.plugins.persistence.inmemory.tests/bin/release/net8.0/pibox.plugins.persistence.inmemory.tests.dll" id="655f9095-2bf6-3d1b-eee1-e3a66e501a12">
      <Execution id="e53104ec-f088-4f3a-ae32-4ef4e3bdc3a5" />
      <TestMethod codeBase="/home/lukas/Development/github.com/sia-digital/pibox/PiBox.Plugins/Persistence/InMemory/tests/PiBox.Plugins.Persistence.InMemory.Tests/bin/Release/net8.0/PiBox.Plugins.Persistence.InMemory.Tests.dll" adapterTypeName="executor://nunit3testexecutor/" className="PiBox.Plugins.Persistence.InMemory.Tests.InMemoryPluginTest" name="CanRegisterGenericRepository" />
    </UnitTest>
    <UnitTest name="CountAsyncCanFilterEntries" storage="/home/lukas/development/github.com/sia-digital/pibox/pibox.plugins/persistence/inmemory/tests/pibox.plugins.persistence.inmemory.tests/bin/release/net8.0/pibox.plugins.persistence.inmemory.tests.dll" id="f15169cc-004f-535d-467f-6277c0e5eb0d">
      <Execution id="9549613e-6585-435d-8339-5d9c3eb0e67b" />
      <TestMethod codeBase="/home/lukas/Development/github.com/sia-digital/pibox/PiBox.Plugins/Persistence/InMemory/tests/PiBox.Plugins.Persistence.InMemory.Tests/bin/Release/net8.0/PiBox.Plugins.Persistence.InMemory.Tests.dll" adapterTypeName="executor://nunit3testexecutor/" className="PiBox.Plugins.Persistence.InMemory.Tests.InMemoryRepositoryTests" name="CountAsyncCanFilterEntries" />
    </UnitTest>
    <UnitTest name="RemoveShouldWork" storage="/home/lukas/development/github.com/sia-digital/pibox/pibox.plugins/persistence/inmemory/tests/pibox.plugins.persistence.inmemory.tests/bin/release/net8.0/pibox.plugins.persistence.inmemory.tests.dll" id="553e375e-072f-bbee-7b99-587e9d500ee9">
      <Execution id="480cdc83-5e90-4ec3-aa2e-4f2206d720b2" />
      <TestMethod codeBase="/home/lukas/Development/github.com/sia-digital/pibox/PiBox.Plugins/Persistence/InMemory/tests/PiBox.Plugins.Persistence.InMemory.Tests/bin/Release/net8.0/PiBox.Plugins.Persistence.InMemory.Tests.dll" adapterTypeName="executor://nunit3testexecutor/" className="PiBox.Plugins.Persistence.InMemory.Tests.InMemoryRepositoryTests" name="RemoveShouldWork" />
    </UnitTest>
    <UnitTest name="ReadAndWriteRepositoryAreTheSameData" storage="/home/lukas/development/github.com/sia-digital/pibox/pibox.plugins/persistence/inmemory/tests/pibox.plugins.persistence.inmemory.tests/bin/release/net8.0/pibox.plugins.persistence.inmemory.tests.dll" id="76ca33b0-6067-449c-bb78-0b2732eb9c14">
      <Execution id="dd4ac62e-e1d7-4eec-8543-f8dc46be6c17" />
      <TestMethod codeBase="/home/lukas/Development/github.com/sia-digital/pibox/PiBox.Plugins/Persistence/InMemory/tests/PiBox.Plugins.Persistence.InMemory.Tests/bin/Release/net8.0/PiBox.Plugins.Persistence.InMemory.Tests.dll" adapterTypeName="executor://nunit3testexecutor/" className="PiBox.Plugins.Persistence.InMemory.Tests.InMemoryPluginTest" name="ReadAndWriteRepositoryAreTheSameData" />
    </UnitTest>
    <UnitTest name="AddShouldWork" storage="/home/lukas/development/github.com/sia-digital/pibox/pibox.plugins/persistence/inmemory/tests/pibox.plugins.persistence.inmemory.tests/bin/release/net8.0/pibox.plugins.persistence.inmemory.tests.dll" id="300c372c-edca-e40e-8c69-55a85ac6868f">
      <Execution id="a18a3221-1b80-4179-9314-c07d9f25a63f" />
      <TestMethod codeBase="/home/lukas/Development/github.com/sia-digital/pibox/PiBox.Plugins/Persistence/InMemory/tests/PiBox.Plugins.Persistence.InMemory.Tests/bin/Release/net8.0/PiBox.Plugins.Persistence.InMemory.Tests.dll" adapterTypeName="executor://nunit3testexecutor/" className="PiBox.Plugins.Persistence.InMemory.Tests.InMemoryRepositoryTests" name="AddShouldWork" />
    </UnitTest>
    <UnitTest name="FindByIdAsyncWontWorkIfTheIdDoesNotExist" storage="/home/lukas/development/github.com/sia-digital/pibox/pibox.plugins/persistence/inmemory/tests/pibox.plugins.persistence.inmemory.tests/bin/release/net8.0/pibox.plugins.persistence.inmemory.tests.dll" id="590c8d18-3063-c9b6-4b16-c983c54145dd">
      <Execution id="c41f0ffd-ac3f-48cf-b3d3-e04f601e4395" />
      <TestMethod codeBase="/home/lukas/Development/github.com/sia-digital/pibox/PiBox.Plugins/Persistence/InMemory/tests/PiBox.Plugins.Persistence.InMemory.Tests/bin/Release/net8.0/PiBox.Plugins.Persistence.InMemory.Tests.dll" adapterTypeName="executor://nunit3testexecutor/" className="PiBox.Plugins.Persistence.InMemory.Tests.InMemoryRepositoryTests" name="FindByIdAsyncWontWorkIfTheIdDoesNotExist" />
    </UnitTest>
    <UnitTest name="CountAsyncWorks" storage="/home/lukas/development/github.com/sia-digital/pibox/pibox.plugins/persistence/inmemory/tests/pibox.plugins.persistence.inmemory.tests/bin/release/net8.0/pibox.plugins.persistence.inmemory.tests.dll" id="7a42ec69-5ad6-d493-5b6a-53e86f702681">
      <Execution id="05159314-4fa4-433b-b5be-e44885d8a253" />
      <TestMethod codeBase="/home/lukas/Development/github.com/sia-digital/pibox/PiBox.Plugins/Persistence/InMemory/tests/PiBox.Plugins.Persistence.InMemory.Tests/bin/Release/net8.0/PiBox.Plugins.Persistence.InMemory.Tests.dll" adapterTypeName="executor://nunit3testexecutor/" className="PiBox.Plugins.Persistence.InMemory.Tests.InMemoryRepositoryTests" name="CountAsyncWorks" />
    </UnitTest>
    <UnitTest name="FindAsyncCanFilterEntries" storage="/home/lukas/development/github.com/sia-digital/pibox/pibox.plugins/persistence/inmemory/tests/pibox.plugins.persistence.inmemory.tests/bin/release/net8.0/pibox.plugins.persistence.inmemory.tests.dll" id="aca5e921-9132-46ae-6b8a-d0c9686278f4">
      <Execution id="d5cb7506-6d29-426a-b864-08d126d5e399" />
      <TestMethod codeBase="/home/lukas/Development/github.com/sia-digital/pibox/PiBox.Plugins/Persistence/InMemory/tests/PiBox.Plugins.Persistence.InMemory.Tests/bin/Release/net8.0/PiBox.Plugins.Persistence.InMemory.Tests.dll" adapterTypeName="executor://nunit3testexecutor/" className="PiBox.Plugins.Persistence.InMemory.Tests.InMemoryRepositoryTests" name="FindAsyncCanFilterEntries" />
    </UnitTest>
    <UnitTest name="FindByIdAsyncShouldWork" storage="/home/lukas/development/github.com/sia-digital/pibox/pibox.plugins/persistence/inmemory/tests/pibox.plugins.persistence.inmemory.tests/bin/release/net8.0/pibox.plugins.persistence.inmemory.tests.dll" id="b878c2fd-eaf0-593c-ca90-5c01cd4c5004">
      <Execution id="1c39aab8-cc2e-4f25-b7d9-c722b4db12c8" />
      <TestMethod codeBase="/home/lukas/Development/github.com/sia-digital/pibox/PiBox.Plugins/Persistence/InMemory/tests/PiBox.Plugins.Persistence.InMemory.Tests/bin/Release/net8.0/PiBox.Plugins.Persistence.InMemory.Tests.dll" adapterTypeName="executor://nunit3testexecutor/" className="PiBox.Plugins.Persistence.InMemory.Tests.InMemoryRepositoryTests" name="FindByIdAsyncShouldWork" />
    </UnitTest>
    <UnitTest name="RemoveWontWorkIfTheEntityDoesNotExist" storage="/home/lukas/development/github.com/sia-digital/pibox/pibox.plugins/persistence/inmemory/tests/pibox.plugins.persistence.inmemory.tests/bin/release/net8.0/pibox.plugins.persistence.inmemory.tests.dll" id="8b18c471-c0e2-8dfb-fa27-fe8e0013a0f5">
      <Execution id="acf6dc8c-0148-4226-8cb2-e571f503721e" />
      <TestMethod codeBase="/home/lukas/Development/github.com/sia-digital/pibox/PiBox.Plugins/Persistence/InMemory/tests/PiBox.Plugins.Persistence.InMemory.Tests/bin/Release/net8.0/PiBox.Plugins.Persistence.InMemory.Tests.dll" adapterTypeName="executor://nunit3testexecutor/" className="PiBox.Plugins.Persistence.InMemory.Tests.InMemoryRepositoryTests" name="RemoveWontWorkIfTheEntityDoesNotExist" />
    </UnitTest>
    <UnitTest name="UpdateWontWorkIfTheEntityDoesNotExist" storage="/home/lukas/development/github.com/sia-digital/pibox/pibox.plugins/persistence/inmemory/tests/pibox.plugins.persistence.inmemory.tests/bin/release/net8.0/pibox.plugins.persistence.inmemory.tests.dll" id="2086eb45-1d01-4f47-2364-41a736a4f440">
      <Execution id="97730317-49a3-4fcf-af7d-03f87996bca9" />
      <TestMethod codeBase="/home/lukas/Development/github.com/sia-digital/pibox/PiBox.Plugins/Persistence/InMemory/tests/PiBox.Plugins.Persistence.InMemory.Tests/bin/Release/net8.0/PiBox.Plugins.Persistence.InMemory.Tests.dll" adapterTypeName="executor://nunit3testexecutor/" className="PiBox.Plugins.Persistence.InMemory.Tests.InMemoryRepositoryTests" name="UpdateWontWorkIfTheEntityDoesNotExist" />
    </UnitTest>
    <UnitTest name="QueryByIdFilterWorks" storage="/home/lukas/development/github.com/sia-digital/pibox/pibox.plugins/persistence/inmemory/tests/pibox.plugins.persistence.inmemory.tests/bin/release/net8.0/pibox.plugins.persistence.inmemory.tests.dll" id="95ef5d14-4796-f6eb-3cd1-62eddf254150">
      <Execution id="5897ed4f-b405-493a-ad9d-1cc54d905345" />
      <TestMethod codeBase="/home/lukas/Development/github.com/sia-digital/pibox/PiBox.Plugins/Persistence/InMemory/tests/PiBox.Plugins.Persistence.InMemory.Tests/bin/Release/net8.0/PiBox.Plugins.Persistence.InMemory.Tests.dll" adapterTypeName="executor://nunit3testexecutor/" className="PiBox.Plugins.Persistence.InMemory.Tests.InMemoryRepositoryTests" name="QueryByIdFilterWorks" />
    </UnitTest>
  </TestDefinitions>
  <TestEntries>
    <TestEntry testId="0d4aaa9c-c139-8a07-f10a-b988a1ca353a" executionId="2fca1e2c-3ef9-4422-99f8-effa71b88335" testListId="8c84fa94-04c1-424b-9868-57a2d4851a1d" />
    <TestEntry testId="2086eb45-1d01-4f47-2364-41a736a4f440" executionId="97730317-49a3-4fcf-af7d-03f87996bca9" testListId="8c84fa94-04c1-424b-9868-57a2d4851a1d" />
    <TestEntry testId="aca5e921-9132-46ae-6b8a-d0c9686278f4" executionId="d5cb7506-6d29-426a-b864-08d126d5e399" testListId="8c84fa94-04c1-424b-9868-57a2d4851a1d" />
    <TestEntry testId="8b18c471-c0e2-8dfb-fa27-fe8e0013a0f5" executionId="acf6dc8c-0148-4226-8cb2-e571f503721e" testListId="8c84fa94-04c1-424b-9868-57a2d4851a1d" />
    <TestEntry testId="f15169cc-004f-535d-467f-6277c0e5eb0d" executionId="9549613e-6585-435d-8339-5d9c3eb0e67b" testListId="8c84fa94-04c1-424b-9868-57a2d4851a1d" />
    <TestEntry testId="655f9095-2bf6-3d1b-eee1-e3a66e501a12" executionId="e53104ec-f088-4f3a-ae32-4ef4e3bdc3a5" testListId="8c84fa94-04c1-424b-9868-57a2d4851a1d" />
    <TestEntry testId="553e375e-072f-bbee-7b99-587e9d500ee9" executionId="480cdc83-5e90-4ec3-aa2e-4f2206d720b2" testListId="8c84fa94-04c1-424b-9868-57a2d4851a1d" />
    <TestEntry testId="590c8d18-3063-c9b6-4b16-c983c54145dd" executionId="c41f0ffd-ac3f-48cf-b3d3-e04f601e4395" testListId="8c84fa94-04c1-424b-9868-57a2d4851a1d" />
    <TestEntry testId="300c372c-edca-e40e-8c69-55a85ac6868f" executionId="a18a3221-1b80-4179-9314-c07d9f25a63f" testListId="8c84fa94-04c1-424b-9868-57a2d4851a1d" />
    <TestEntry testId="b878c2fd-eaf0-593c-ca90-5c01cd4c5004" executionId="1c39aab8-cc2e-4f25-b7d9-c722b4db12c8" testListId="8c84fa94-04c1-424b-9868-57a2d4851a1d" />
    <TestEntry testId="7a42ec69-5ad6-d493-5b6a-53e86f702681" executionId="05159314-4fa4-433b-b5be-e44885d8a253" testListId="8c84fa94-04c1-424b-9868-57a2d4851a1d" />
    <TestEntry testId="76ca33b0-6067-449c-bb78-0b2732eb9c14" executionId="dd4ac62e-e1d7-4eec-8543-f8dc46be6c17" testListId="8c84fa94-04c1-424b-9868-57a2d4851a1d" />
    <TestEntry testId="95ef5d14-4796-f6eb-3cd1-62eddf254150" executionId="5897ed4f-b405-493a-ad9d-1cc54d905345" testListId="8c84fa94-04c1-424b-9868-57a2d4851a1d" />
  </TestEntries>
  <TestLists>
    <TestList name="Results Not in a List" id="8c84fa94-04c1-424b-9868-57a2d4851a1d" />
    <TestList name="All Loaded Results" id="19431567-8539-422a-85d7-44ee4e166bda" />
  </TestLists>
  <ResultSummary outcome="Completed">
    <Counters total="13" executed="13" passed="13" failed="0" error="0" timeout="0" aborted="0" inconclusive="0" passedButRunAborted="0" notRunnable="0" notExecuted="0" disconnected="0" warning="0" completed="0" inProgress="0" pending="0" />
    <Output>
      <StdOut>NUnit Adapter 4.5.0.0: Test execution started
Running all tests in /home/lukas/Development/github.com/sia-digital/pibox/PiBox.Plugins/Persistence/InMemory/tests/PiBox.Plugins.Persistence.InMemory.Tests/bin/Release/net8.0/PiBox.Plugins.Persistence.InMemory.Tests.dll
   NUnit3TestExecutor discovered 13 of 13 NUnit test cases using Current Discovery mode, Non-Explicit run
NUnit Adapter 4.5.0.0: Test execution complete
</StdOut>
    </Output>
  </ResultSummary>
</TestRun>