<?xml version="1.0" encoding="utf-8"?>
<TestRun id="d49bd55f-8a28-4b08-8dc0-08675f33cf40" name="@wkuerzdoelbt01 2023-11-22 15:52:45" xmlns="http://microsoft.com/schemas/VisualStudio/TeamTest/2010">
  <Times creation="2023-11-22T15:52:45.9362224+01:00" queuing="2023-11-22T15:52:45.9362226+01:00" start="2023-11-22T15:52:39.9279773+01:00" finish="2023-11-22T15:52:45.9797754+01:00" />
  <TestSettings name="default" id="869eede8-8ace-4eba-8987-8c018806d66c">
    <Deployment runDeploymentRoot="_wkuerzdoelbt01_2023-11-22_15_52_45" />
  </TestSettings>
  <Results>
    <UnitTestResult executionId="53e0f697-5fd7-45a9-be80-6e0efc6e1e89" testId="59dd2f8c-5af2-ac41-ec32-ab2139025a65" testName="CanInit" computerName="wkuerzdoelbt01" duration="00:00:00.0137100" startTime="2023-11-22T15:52:45.3294276+01:00" endTime="2023-11-22T15:52:45.3430626+01:00" testType="13cdc9d9-ddb5-4fa4-a97d-d965ccfc6d4b" outcome="Passed" testListId="8c84fa94-04c1-424b-9868-57a2d4851a1d" relativeResultsDirectory="53e0f697-5fd7-45a9-be80-6e0efc6e1e89" />
  </Results>
  <TestDefinitions>
    <UnitTest name="CanInit" storage="/home/lukas/development/github.com/sia-digital/pibox/pibox.plugins/endpoints/abstractions/test/pibox.plugins.endpoints.abstractions.tests/bin/release/net8.0/pibox.plugins.endpoints.abstractions.tests.dll" id="59dd2f8c-5af2-ac41-ec32-ab2139025a65">
      <Execution id="53e0f697-5fd7-45a9-be80-6e0efc6e1e89" />
      <TestMethod codeBase="/home/lukas/Development/github.com/sia-digital/pibox/PiBox.Plugins/Endpoints/Abstractions/test/PiBox.Plugins.Endpoints.Abstractions.Tests/bin/Release/net8.0/PiBox.Plugins.Endpoints.Abstractions.Tests.dll" adapterTypeName="executor://nunit3testexecutor/" className="PiBox.Plugins.Endpoints.Abstractions.Tests.ResourceIdentifierAttributeTests" name="CanInit" />
    </UnitTest>
  </TestDefinitions>
  <TestEntries>
    <TestEntry testId="59dd2f8c-5af2-ac41-ec32-ab2139025a65" executionId="53e0f697-5fd7-45a9-be80-6e0efc6e1e89" testListId="8c84fa94-04c1-424b-9868-57a2d4851a1d" />
  </TestEntries>
  <TestLists>
    <TestList name="Results Not in a List" id="8c84fa94-04c1-424b-9868-57a2d4851a1d" />
    <TestList name="All Loaded Results" id="19431567-8539-422a-85d7-44ee4e166bda" />
  </TestLists>
  <ResultSummary outcome="Completed">
    <Counters total="1" executed="1" passed="1" failed="0" error="0" timeout="0" aborted="0" inconclusive="0" passedButRunAborted="0" notRunnable="0" notExecuted="0" disconnected="0" warning="0" completed="0" inProgress="0" pending="0" />
    <Output>
      <StdOut>NUnit Adapter 4.5.0.0: Test execution started
Running all tests in /home/lukas/Development/github.com/sia-digital/pibox/PiBox.Plugins/Endpoints/Abstractions/test/PiBox.Plugins.Endpoints.Abstractions.Tests/bin/Release/net8.0/PiBox.Plugins.Endpoints.Abstractions.Tests.dll
   NUnit3TestExecutor discovered 1 of 1 NUnit test cases using Current Discovery mode, Non-Explicit run
NUnit Adapter 4.5.0.0: Test execution complete
</StdOut>
    </Output>
  </ResultSummary>
</TestRun>