<?xml version="1.0" encoding="utf-8"?>
<TestRun id="df933621-189f-4b73-81e9-6df4e265af8c" name="@wkuerzdoelbt01 2023-11-22 15:52:45" xmlns="http://microsoft.com/schemas/VisualStudio/TeamTest/2010">
  <Times creation="2023-11-22T15:52:46.1141107+01:00" queuing="2023-11-22T15:52:46.1141109+01:00" start="2023-11-22T15:52:40.3631125+01:00" finish="2023-11-22T15:52:46.2902094+01:00" />
  <TestSettings name="default" id="e6dd07b1-c493-4c7e-8e3b-389fa4743093">
    <Deployment runDeploymentRoot="_wkuerzdoelbt01_2023-11-22_15_52_45" />
  </TestSettings>
  <Results>
    <UnitTestResult executionId="d800cdcc-7259-4291-84df-e9c4cb1dc696" testId="9f0c9d73-0614-3f08-06f2-8507642a3494" testName="DeleteObjectAsyncSuccessShouldNotWork" computerName="wkuerzdoelbt01" duration="00:00:00.0211270" startTime="2023-11-22T15:52:45.7248127+01:00" endTime="2023-11-22T15:52:45.7459397+01:00" testType="13cdc9d9-ddb5-4fa4-a97d-d965ccfc6d4b" outcome="Passed" testListId="8c84fa94-04c1-424b-9868-57a2d4851a1d" relativeResultsDirectory="d800cdcc-7259-4291-84df-e9c4cb1dc696" />
    <UnitTestResult executionId="da8db7b9-8f9c-4417-bd76-6eafa64b2bfb" testId="a10f7a9e-0c53-2fa5-c878-7184d80d6524" testName="PluginConfiguresHealthChecks" computerName="wkuerzdoelbt01" duration="00:00:00.3094080" startTime="2023-11-22T15:52:45.4284218+01:00" endTime="2023-11-22T15:52:45.7378303+01:00" testType="13cdc9d9-ddb5-4fa4-a97d-d965ccfc6d4b" outcome="Passed" testListId="8c84fa94-04c1-424b-9868-57a2d4851a1d" relativeResultsDirectory="da8db7b9-8f9c-4417-bd76-6eafa64b2bfb" />
    <UnitTestResult executionId="417238e3-6703-4c60-a77c-43ea3e9cd380" testId="429d6b75-dfdd-dbb3-499f-b6e0b574299d" testName="PutObjectAsync" computerName="wkuerzdoelbt01" duration="00:00:00.0964810" startTime="2023-11-22T15:52:45.3991269+01:00" endTime="2023-11-22T15:52:45.4956079+01:00" testType="13cdc9d9-ddb5-4fa4-a97d-d965ccfc6d4b" outcome="NotExecuted" testListId="8c84fa94-04c1-424b-9868-57a2d4851a1d" relativeResultsDirectory="417238e3-6703-4c60-a77c-43ea3e9cd380">
      <Output>
        <StdOut>OneTimeSetUp: Needs a real s3 connection</StdOut>
        <ErrorInfo>
          <Message>OneTimeSetUp: Needs a real s3 connection</Message>
        </ErrorInfo>
      </Output>
    </UnitTestResult>
    <UnitTestResult executionId="82c0db8f-aaf6-4d52-9834-eff9c276822e" testId="0accfa18-e867-a0b8-411b-e28e69c68d6b" testName="PutObjectAsyncShouldWork" computerName="wkuerzdoelbt01" duration="00:00:00.0416230" startTime="2023-11-22T15:52:45.7807318+01:00" endTime="2023-11-22T15:52:45.8223550+01:00" testType="13cdc9d9-ddb5-4fa4-a97d-d965ccfc6d4b" outcome="Passed" testListId="8c84fa94-04c1-424b-9868-57a2d4851a1d" relativeResultsDirectory="82c0db8f-aaf6-4d52-9834-eff9c276822e" />
    <UnitTestResult executionId="4d6e39a7-b2fc-44e2-9ac5-35ba6e5ef69c" testId="ff46989b-1da4-be1e-4ca3-4606cdfae598" testName="GetObjectAsyncSuccessShouldWork" computerName="wkuerzdoelbt01" duration="00:00:00.0151110" startTime="2023-11-22T15:52:45.7569869+01:00" endTime="2023-11-22T15:52:45.7720978+01:00" testType="13cdc9d9-ddb5-4fa4-a97d-d965ccfc6d4b" outcome="Passed" testListId="8c84fa94-04c1-424b-9868-57a2d4851a1d" relativeResultsDirectory="4d6e39a7-b2fc-44e2-9ac5-35ba6e5ef69c" />
    <UnitTestResult executionId="227af440-e6d4-42d1-abd1-d11f07b72e09" testId="9c8ee815-efcd-d6b5-6200-f4413fef522c" testName="PutObjectAsyncSuccessShouldNotWork" computerName="wkuerzdoelbt01" duration="00:00:00.0032940" startTime="2023-11-22T15:52:45.8244610+01:00" endTime="2023-11-22T15:52:45.8277549+01:00" testType="13cdc9d9-ddb5-4fa4-a97d-d965ccfc6d4b" outcome="Passed" testListId="8c84fa94-04c1-424b-9868-57a2d4851a1d" relativeResultsDirectory="227af440-e6d4-42d1-abd1-d11f07b72e09" />
    <UnitTestResult executionId="236f01e0-d8f1-459d-8388-6056a3964ee2" testId="3fd1f6dd-1db6-d1aa-7931-a2347aa577c6" testName="GetObjectAsync" computerName="wkuerzdoelbt01" duration="00:00:00.0964610" startTime="2023-11-22T15:52:45.3991269+01:00" endTime="2023-11-22T15:52:45.4955875+01:00" testType="13cdc9d9-ddb5-4fa4-a97d-d965ccfc6d4b" outcome="NotExecuted" testListId="8c84fa94-04c1-424b-9868-57a2d4851a1d" relativeResultsDirectory="236f01e0-d8f1-459d-8388-6056a3964ee2">
      <Output>
        <StdOut>OneTimeSetUp: Needs a real s3 connection</StdOut>
        <ErrorInfo>
          <Message>OneTimeSetUp: Needs a real s3 connection</Message>
        </ErrorInfo>
      </Output>
    </UnitTestResult>
    <UnitTestResult executionId="34e2c0fa-188c-48d4-a4e3-2c52f06bd76a" testId="f08e944d-ff59-70de-837b-7c3cfe22310a" testName="DeleteObjectAsync" computerName="wkuerzdoelbt01" duration="00:00:00.0950950" startTime="2023-11-22T15:52:45.3991269+01:00" endTime="2023-11-22T15:52:45.4941525+01:00" testType="13cdc9d9-ddb5-4fa4-a97d-d965ccfc6d4b" outcome="NotExecuted" testListId="8c84fa94-04c1-424b-9868-57a2d4851a1d" relativeResultsDirectory="34e2c0fa-188c-48d4-a4e3-2c52f06bd76a">
      <Output>
        <StdOut>OneTimeSetUp: Needs a real s3 connection</StdOut>
        <ErrorInfo>
          <Message>OneTimeSetUp: Needs a real s3 connection</Message>
        </ErrorInfo>
      </Output>
    </UnitTestResult>
    <UnitTestResult executionId="7bf3f729-6952-41f2-be3f-666166321207" testId="306a926f-b2c6-8dc6-ab94-f9c52f67dfbc" testName="PluginConfiguresServices" computerName="wkuerzdoelbt01" duration="00:00:00.1716470" startTime="2023-11-22T15:52:45.7381967+01:00" endTime="2023-11-22T15:52:45.9098437+01:00" testType="13cdc9d9-ddb5-4fa4-a97d-d965ccfc6d4b" outcome="Passed" testListId="8c84fa94-04c1-424b-9868-57a2d4851a1d" relativeResultsDirectory="7bf3f729-6952-41f2-be3f-666166321207" />
    <UnitTestResult executionId="3c765b91-022d-4141-bae4-02e3572497c1" testId="0e3f651c-a691-19e2-e3ab-3ce8d852da11" testName="GetObjectAsyncSuccessShouldNotWork" computerName="wkuerzdoelbt01" duration="00:00:00.0104040" startTime="2023-11-22T15:52:45.7459914+01:00" endTime="2023-11-22T15:52:45.7563945+01:00" testType="13cdc9d9-ddb5-4fa4-a97d-d965ccfc6d4b" outcome="Passed" testListId="8c84fa94-04c1-424b-9868-57a2d4851a1d" relativeResultsDirectory="3c765b91-022d-4141-bae4-02e3572497c1" />
    <UnitTestResult executionId="4c5e9a51-44c6-4d69-8bbf-1921f9fd326c" testId="a4fc2173-9823-efec-782a-2091406fac50" testName="DeleteObjectAsyncShouldWork" computerName="wkuerzdoelbt01" duration="00:00:00.3212500" startTime="2023-11-22T15:52:45.4026353+01:00" endTime="2023-11-22T15:52:45.7238855+01:00" testType="13cdc9d9-ddb5-4fa4-a97d-d965ccfc6d4b" outcome="Passed" testListId="8c84fa94-04c1-424b-9868-57a2d4851a1d" relativeResultsDirectory="4c5e9a51-44c6-4d69-8bbf-1921f9fd326c" />
  </Results>
  <TestDefinitions>
    <UnitTest name="DeleteObjectAsync" storage="/home/lukas/development/github.com/sia-digital/pibox/pibox.plugins/persistence/s3/test/pibox.plugins.persistence.s3.tests/bin/release/net8.0/pibox.plugins.persistence.s3.tests.dll" id="f08e944d-ff59-70de-837b-7c3cfe22310a">
      <Execution id="34e2c0fa-188c-48d4-a4e3-2c52f06bd76a" />
      <TestMethod codeBase="/home/lukas/Development/github.com/sia-digital/pibox/PiBox.Plugins/Persistence/S3/test/PiBox.Plugins.Persistence.S3.Tests/bin/Release/net8.0/PiBox.Plugins.Persistence.S3.Tests.dll" adapterTypeName="executor://nunit3testexecutor/" className="PiBox.Plugins.Persistence.S3.Tests.DeveloperLocalIntegrationTests" name="DeleteObjectAsync" />
    </UnitTest>
    <UnitTest name="PutObjectAsync" storage="/home/lukas/development/github.com/sia-digital/pibox/pibox.plugins/persistence/s3/test/pibox.plugins.persistence.s3.tests/bin/release/net8.0/pibox.plugins.persistence.s3.tests.dll" id="429d6b75-dfdd-dbb3-499f-b6e0b574299d">
      <Execution id="417238e3-6703-4c60-a77c-43ea3e9cd380" />
      <TestMethod codeBase="/home/lukas/Development/github.com/sia-digital/pibox/PiBox.Plugins/Persistence/S3/test/PiBox.Plugins.Persistence.S3.Tests/bin/Release/net8.0/PiBox.Plugins.Persistence.S3.Tests.dll" adapterTypeName="executor://nunit3testexecutor/" className="PiBox.Plugins.Persistence.S3.Tests.DeveloperLocalIntegrationTests" name="PutObjectAsync" />
    </UnitTest>
    <UnitTest name="PluginConfiguresHealthChecks" storage="/home/lukas/development/github.com/sia-digital/pibox/pibox.plugins/persistence/s3/test/pibox.plugins.persistence.s3.tests/bin/release/net8.0/pibox.plugins.persistence.s3.tests.dll" id="a10f7a9e-0c53-2fa5-c878-7184d80d6524">
      <Execution id="da8db7b9-8f9c-4417-bd76-6eafa64b2bfb" />
      <TestMethod codeBase="/home/lukas/Development/github.com/sia-digital/pibox/PiBox.Plugins/Persistence/S3/test/PiBox.Plugins.Persistence.S3.Tests/bin/Release/net8.0/PiBox.Plugins.Persistence.S3.Tests.dll" adapterTypeName="executor://nunit3testexecutor/" className="PiBox.Plugins.Persistence.S3.Tests.S3PluginTests" name="PluginConfiguresHealthChecks" />
    </UnitTest>
    <UnitTest name="GetObjectAsync" storage="/home/lukas/development/github.com/sia-digital/pibox/pibox.plugins/persistence/s3/test/pibox.plugins.persistence.s3.tests/bin/release/net8.0/pibox.plugins.persistence.s3.tests.dll" id="3fd1f6dd-1db6-d1aa-7931-a2347aa577c6">
      <Execution id="236f01e0-d8f1-459d-8388-6056a3964ee2" />
      <TestMethod codeBase="/home/lukas/Development/github.com/sia-digital/pibox/PiBox.Plugins/Persistence/S3/test/PiBox.Plugins.Persistence.S3.Tests/bin/Release/net8.0/PiBox.Plugins.Persistence.S3.Tests.dll" adapterTypeName="executor://nunit3testexecutor/" className="PiBox.Plugins.Persistence.S3.Tests.DeveloperLocalIntegrationTests" name="GetObjectAsync" />
    </UnitTest>
    <UnitTest name="PutObjectAsyncShouldWork" storage="/home/lukas/development/github.com/sia-digital/pibox/pibox.plugins/persistence/s3/test/pibox.plugins.persistence.s3.tests/bin/release/net8.0/pibox.plugins.persistence.s3.tests.dll" id="0accfa18-e867-a0b8-411b-e28e69c68d6b">
      <Execution id="82c0db8f-aaf6-4d52-9834-eff9c276822e" />
      <TestMethod codeBase="/home/lukas/Development/github.com/sia-digital/pibox/PiBox.Plugins/Persistence/S3/test/PiBox.Plugins.Persistence.S3.Tests/bin/Release/net8.0/PiBox.Plugins.Persistence.S3.Tests.dll" adapterTypeName="executor://nunit3testexecutor/" className="PiBox.Plugins.Persistence.S3.Tests.S3BlobStorageTests" name="PutObjectAsyncShouldWork" />
    </UnitTest>
    <UnitTest name="PutObjectAsyncSuccessShouldNotWork" storage="/home/lukas/development/github.com/sia-digital/pibox/pibox.plugins/persistence/s3/test/pibox.plugins.persistence.s3.tests/bin/release/net8.0/pibox.plugins.persistence.s3.tests.dll" id="9c8ee815-efcd-d6b5-6200-f4413fef522c">
      <Execution id="227af440-e6d4-42d1-abd1-d11f07b72e09" />
      <TestMethod codeBase="/home/lukas/Development/github.com/sia-digital/pibox/PiBox.Plugins/Persistence/S3/test/PiBox.Plugins.Persistence.S3.Tests/bin/Release/net8.0/PiBox.Plugins.Persistence.S3.Tests.dll" adapterTypeName="executor://nunit3testexecutor/" className="PiBox.Plugins.Persistence.S3.Tests.S3BlobStorageTests" name="PutObjectAsyncSuccessShouldNotWork" />
    </UnitTest>
    <UnitTest name="DeleteObjectAsyncSuccessShouldNotWork" storage="/home/lukas/development/github.com/sia-digital/pibox/pibox.plugins/persistence/s3/test/pibox.plugins.persistence.s3.tests/bin/release/net8.0/pibox.plugins.persistence.s3.tests.dll" id="9f0c9d73-0614-3f08-06f2-8507642a3494">
      <Execution id="d800cdcc-7259-4291-84df-e9c4cb1dc696" />
      <TestMethod codeBase="/home/lukas/Development/github.com/sia-digital/pibox/PiBox.Plugins/Persistence/S3/test/PiBox.Plugins.Persistence.S3.Tests/bin/Release/net8.0/PiBox.Plugins.Persistence.S3.Tests.dll" adapterTypeName="executor://nunit3testexecutor/" className="PiBox.Plugins.Persistence.S3.Tests.S3BlobStorageTests" name="DeleteObjectAsyncSuccessShouldNotWork" />
    </UnitTest>
    <UnitTest name="GetObjectAsyncSuccessShouldWork" storage="/home/lukas/development/github.com/sia-digital/pibox/pibox.plugins/persistence/s3/test/pibox.plugins.persistence.s3.tests/bin/release/net8.0/pibox.plugins.persistence.s3.tests.dll" id="ff46989b-1da4-be1e-4ca3-4606cdfae598">
      <Execution id="4d6e39a7-b2fc-44e2-9ac5-35ba6e5ef69c" />
      <TestMethod codeBase="/home/lukas/Development/github.com/sia-digital/pibox/PiBox.Plugins/Persistence/S3/test/PiBox.Plugins.Persistence.S3.Tests/bin/Release/net8.0/PiBox.Plugins.Persistence.S3.Tests.dll" adapterTypeName="executor://nunit3testexecutor/" className="PiBox.Plugins.Persistence.S3.Tests.S3BlobStorageTests" name="GetObjectAsyncSuccessShouldWork" />
    </UnitTest>
    <UnitTest name="DeleteObjectAsyncShouldWork" storage="/home/lukas/development/github.com/sia-digital/pibox/pibox.plugins/persistence/s3/test/pibox.plugins.persistence.s3.tests/bin/release/net8.0/pibox.plugins.persistence.s3.tests.dll" id="a4fc2173-9823-efec-782a-2091406fac50">
      <Execution id="4c5e9a51-44c6-4d69-8bbf-1921f9fd326c" />
      <TestMethod codeBase="/home/lukas/Development/github.com/sia-digital/pibox/PiBox.Plugins/Persistence/S3/test/PiBox.Plugins.Persistence.S3.Tests/bin/Release/net8.0/PiBox.Plugins.Persistence.S3.Tests.dll" adapterTypeName="executor://nunit3testexecutor/" className="PiBox.Plugins.Persistence.S3.Tests.S3BlobStorageTests" name="DeleteObjectAsyncShouldWork" />
    </UnitTest>
    <UnitTest name="PluginConfiguresServices" storage="/home/lukas/development/github.com/sia-digital/pibox/pibox.plugins/persistence/s3/test/pibox.plugins.persistence.s3.tests/bin/release/net8.0/pibox.plugins.persistence.s3.tests.dll" id="306a926f-b2c6-8dc6-ab94-f9c52f67dfbc">
      <Execution id="7bf3f729-6952-41f2-be3f-666166321207" />
      <TestMethod codeBase="/home/lukas/Development/github.com/sia-digital/pibox/PiBox.Plugins/Persistence/S3/test/PiBox.Plugins.Persistence.S3.Tests/bin/Release/net8.0/PiBox.Plugins.Persistence.S3.Tests.dll" adapterTypeName="executor://nunit3testexecutor/" className="PiBox.Plugins.Persistence.S3.Tests.S3PluginTests" name="PluginConfiguresServices" />
    </UnitTest>
    <UnitTest name="GetObjectAsyncSuccessShouldNotWork" storage="/home/lukas/development/github.com/sia-digital/pibox/pibox.plugins/persistence/s3/test/pibox.plugins.persistence.s3.tests/bin/release/net8.0/pibox.plugins.persistence.s3.tests.dll" id="0e3f651c-a691-19e2-e3ab-3ce8d852da11">
      <Execution id="3c765b91-022d-4141-bae4-02e3572497c1" />
      <TestMethod codeBase="/home/lukas/Development/github.com/sia-digital/pibox/PiBox.Plugins/Persistence/S3/test/PiBox.Plugins.Persistence.S3.Tests/bin/Release/net8.0/PiBox.Plugins.Persistence.S3.Tests.dll" adapterTypeName="executor://nunit3testexecutor/" className="PiBox.Plugins.Persistence.S3.Tests.S3BlobStorageTests" name="GetObjectAsyncSuccessShouldNotWork" />
    </UnitTest>
  </TestDefinitions>
  <TestEntries>
    <TestEntry testId="9f0c9d73-0614-3f08-06f2-8507642a3494" executionId="d800cdcc-7259-4291-84df-e9c4cb1dc696" testListId="8c84fa94-04c1-424b-9868-57a2d4851a1d" />
    <TestEntry testId="a10f7a9e-0c53-2fa5-c878-7184d80d6524" executionId="da8db7b9-8f9c-4417-bd76-6eafa64b2bfb" testListId="8c84fa94-04c1-424b-9868-57a2d4851a1d" />
    <TestEntry testId="429d6b75-dfdd-dbb3-499f-b6e0b574299d" executionId="417238e3-6703-4c60-a77c-43ea3e9cd380" testListId="8c84fa94-04c1-424b-9868-57a2d4851a1d" />
    <TestEntry testId="0accfa18-e867-a0b8-411b-e28e69c68d6b" executionId="82c0db8f-aaf6-4d52-9834-eff9c276822e" testListId="8c84fa94-04c1-424b-9868-57a2d4851a1d" />
    <TestEntry testId="ff46989b-1da4-be1e-4ca3-4606cdfae598" executionId="4d6e39a7-b2fc-44e2-9ac5-35ba6e5ef69c" testListId="8c84fa94-04c1-424b-9868-57a2d4851a1d" />
    <TestEntry testId="9c8ee815-efcd-d6b5-6200-f4413fef522c" executionId="227af440-e6d4-42d1-abd1-d11f07b72e09" testListId="8c84fa94-04c1-424b-9868-57a2d4851a1d" />
    <TestEntry testId="3fd1f6dd-1db6-d1aa-7931-a2347aa577c6" executionId="236f01e0-d8f1-459d-8388-6056a3964ee2" testListId="8c84fa94-04c1-424b-9868-57a2d4851a1d" />
    <TestEntry testId="f08e944d-ff59-70de-837b-7c3cfe22310a" executionId="34e2c0fa-188c-48d4-a4e3-2c52f06bd76a" testListId="8c84fa94-04c1-424b-9868-57a2d4851a1d" />
    <TestEntry testId="306a926f-b2c6-8dc6-ab94-f9c52f67dfbc" executionId="7bf3f729-6952-41f2-be3f-666166321207" testListId="8c84fa94-04c1-424b-9868-57a2d4851a1d" />
    <TestEntry testId="0e3f651c-a691-19e2-e3ab-3ce8d852da11" executionId="3c765b91-022d-4141-bae4-02e3572497c1" testListId="8c84fa94-04c1-424b-9868-57a2d4851a1d" />
    <TestEntry testId="a4fc2173-9823-efec-782a-2091406fac50" executionId="4c5e9a51-44c6-4d69-8bbf-1921f9fd326c" testListId="8c84fa94-04c1-424b-9868-57a2d4851a1d" />
  </TestEntries>
  <TestLists>
    <TestList name="Results Not in a List" id="8c84fa94-04c1-424b-9868-57a2d4851a1d" />
    <TestList name="All Loaded Results" id="19431567-8539-422a-85d7-44ee4e166bda" />
  </TestLists>
  <ResultSummary outcome="Completed">
    <Counters total="11" executed="8" passed="8" failed="0" error="0" timeout="0" aborted="0" inconclusive="0" passedButRunAborted="0" notRunnable="0" notExecuted="0" disconnected="0" warning="0" completed="0" inProgress="0" pending="0" />
    <Output>
      <StdOut>NUnit Adapter 4.5.0.0: Test execution started
Running all tests in /home/lukas/Development/github.com/sia-digital/pibox/PiBox.Plugins/Persistence/S3/test/PiBox.Plugins.Persistence.S3.Tests/bin/Release/net8.0/PiBox.Plugins.Persistence.S3.Tests.dll
   NUnit3TestExecutor discovered 8 of 11 NUnit test cases using Current Discovery mode, Non-Explicit run
DeleteObjectAsync: OneTimeSetUp: Needs a real s3 connection
GetObjectAsync: OneTimeSetUp: Needs a real s3 connection
PutObjectAsync: OneTimeSetUp: Needs a real s3 connection
NUnit Adapter 4.5.0.0: Test execution complete
</StdOut>
    </Output>
  </ResultSummary>
</TestRun>