<?xml version="1.0" encoding="utf-8"?>
<TestRun id="39935567-5020-4ce8-b142-61caf08af018" name="@wkuerzdoelbt01 2023-11-22 15:52:52" xmlns="http://microsoft.com/schemas/VisualStudio/TeamTest/2010">
  <Times creation="2023-11-22T15:52:52.3703858+01:00" queuing="2023-11-22T15:52:52.3703859+01:00" start="2023-11-22T15:52:49.2391501+01:00" finish="2023-11-22T15:52:53.7909678+01:00" />
  <TestSettings name="default" id="14f7ad71-e15b-4f33-901e-388daaf0de02">
    <Deployment runDeploymentRoot="_wkuerzdoelbt01_2023-11-22_15_52_52" />
  </TestSettings>
  <Results>
    <UnitTestResult executionId="f0b5bbf6-399c-4585-95d7-6fc4b7247e45" testId="9d920b76-bec2-e14c-92c7-47dca55fd82c" testName="WillSucceedWithAValidToken" computerName="wkuerzdoelbt01" duration="00:00:00.0347700" startTime="2023-11-22T15:52:52.9654918+01:00" endTime="2023-11-22T15:52:53.0002617+01:00" testType="13cdc9d9-ddb5-4fa4-a97d-d965ccfc6d4b" outcome="Passed" testListId="8c84fa94-04c1-424b-9868-57a2d4851a1d" relativeResultsDirectory="f0b5bbf6-399c-4585-95d7-6fc4b7247e45" />
    <UnitTestResult executionId="93df3cbc-7b60-475e-84f0-ef82edb30449" testId="6337883a-6a12-85c4-4317-2ffd70e6fc58" testName="WillNotSucceedWhenIssuerDoesNotMatch" computerName="wkuerzdoelbt01" duration="00:00:00.0337290" startTime="2023-11-22T15:52:52.8666922+01:00" endTime="2023-11-22T15:52:52.9004209+01:00" testType="13cdc9d9-ddb5-4fa4-a97d-d965ccfc6d4b" outcome="Passed" testListId="8c84fa94-04c1-424b-9868-57a2d4851a1d" relativeResultsDirectory="93df3cbc-7b60-475e-84f0-ef82edb30449" />
    <UnitTestResult executionId="0692318e-1176-44c3-a49f-b5e6a57ee7b3" testId="1ac1cf24-bd01-3f56-cb68-e5dbc288643e" testName="CanGetEmptyRolesWhenTheRolesNodesAreMissing" computerName="wkuerzdoelbt01" duration="00:00:00.0057149" startTime="2023-11-22T15:52:52.1103984+01:00" endTime="2023-11-22T15:52:52.1161126+01:00" testType="13cdc9d9-ddb5-4fa4-a97d-d965ccfc6d4b" outcome="Passed" testListId="8c84fa94-04c1-424b-9868-57a2d4851a1d" relativeResultsDirectory="0692318e-1176-44c3-a49f-b5e6a57ee7b3" />
    <UnitTestResult executionId="631946b5-8d85-44dd-bcd5-55bde26e38db" testId="0a902916-8a4b-ca0f-5405-c0508b7a1cf6" testName="RolesWillBeAddedToThePrincipal" computerName="wkuerzdoelbt01" duration="00:00:00.0329189" startTime="2023-11-22T15:52:52.8208657+01:00" endTime="2023-11-22T15:52:52.8537846+01:00" testType="13cdc9d9-ddb5-4fa4-a97d-d965ccfc6d4b" outcome="Passed" testListId="8c84fa94-04c1-424b-9868-57a2d4851a1d" relativeResultsDirectory="631946b5-8d85-44dd-bcd5-55bde26e38db" />
    <UnitTestResult executionId="e32f0229-a8e9-48c4-a72e-a6e32f01e2ba" testId="71ccf799-04f0-4d3a-bb11-4a056c5dbfc8" testName="ClientRolesAndRolesWillBeAddedToThePrincipal" computerName="wkuerzdoelbt01" duration="00:00:00.5121150" startTime="2023-11-22T15:52:52.2450476+01:00" endTime="2023-11-22T15:52:52.7571625+01:00" testType="13cdc9d9-ddb5-4fa4-a97d-d965ccfc6d4b" outcome="Passed" testListId="8c84fa94-04c1-424b-9868-57a2d4851a1d" relativeResultsDirectory="e32f0229-a8e9-48c4-a72e-a6e32f01e2ba" />
    <UnitTestResult executionId="355d7218-356a-41c5-a137-c4b60a7378f2" testId="e901636d-d939-101b-44d3-baacfcac4719" testName="RsaSecurityKeyCanBeGetFromIssuer" computerName="wkuerzdoelbt01" duration="00:00:00.2144470" startTime="2023-11-22T15:52:52.3085635+01:00" endTime="2023-11-22T15:52:52.5230105+01:00" testType="13cdc9d9-ddb5-4fa4-a97d-d965ccfc6d4b" outcome="Passed" testListId="8c84fa94-04c1-424b-9868-57a2d4851a1d" relativeResultsDirectory="355d7218-356a-41c5-a137-c4b60a7378f2" />
    <UnitTestResult executionId="0f89bb22-94a3-46e4-8953-baeda0c2674e" testId="c3b0bf9c-623f-01e5-c44c-3896955db002" testName="ReturnsNullAsKeyWhenSomethingBadHappens" computerName="wkuerzdoelbt01" duration="00:00:00.0572720" startTime="2023-11-22T15:52:52.2512515+01:00" endTime="2023-11-22T15:52:52.3085234+01:00" testType="13cdc9d9-ddb5-4fa4-a97d-d965ccfc6d4b" outcome="Passed" testListId="8c84fa94-04c1-424b-9868-57a2d4851a1d" relativeResultsDirectory="0f89bb22-94a3-46e4-8953-baeda0c2674e" />
    <UnitTestResult executionId="d4e5d10c-d83c-4068-9e86-e3d28db8ffe1" testId="38187e46-b7ac-9e35-b53c-235a9aa2483b" testName="ClientRolesWillOnlyBeAddedIfTheClientMatches" computerName="wkuerzdoelbt01" duration="00:00:00.0315850" startTime="2023-11-22T15:52:52.7892545+01:00" endTime="2023-11-22T15:52:52.8208388+01:00" testType="13cdc9d9-ddb5-4fa4-a97d-d965ccfc6d4b" outcome="Passed" testListId="8c84fa94-04c1-424b-9868-57a2d4851a1d" relativeResultsDirectory="d4e5d10c-d83c-4068-9e86-e3d28db8ffe1" />
    <UnitTestResult executionId="ebcfa2e3-9b8d-499f-a491-17d86d56666e" testId="230f0050-efb8-4d86-1b2b-93a9047d8a2f" testName="AuthenticationCanBeSetup" computerName="wkuerzdoelbt01" duration="00:00:00.0248520" startTime="2023-11-22T15:52:52.1767717+01:00" endTime="2023-11-22T15:52:52.2016236+01:00" testType="13cdc9d9-ddb5-4fa4-a97d-d965ccfc6d4b" outcome="Passed" testListId="8c84fa94-04c1-424b-9868-57a2d4851a1d" relativeResultsDirectory="ebcfa2e3-9b8d-499f-a491-17d86d56666e" />
    <UnitTestResult executionId="8e22ad6d-521b-4aff-831a-45c9bdeaff6f" testId="c07799a2-8cda-0af8-7b67-e9e8085e2a9e" testName="ConfigureApplicationWorks" computerName="wkuerzdoelbt01" duration="00:00:00.0530740" startTime="2023-11-22T15:52:52.2016574+01:00" endTime="2023-11-22T15:52:52.2547310+01:00" testType="13cdc9d9-ddb5-4fa4-a97d-d965ccfc6d4b" outcome="Passed" testListId="8c84fa94-04c1-424b-9868-57a2d4851a1d" relativeResultsDirectory="8e22ad6d-521b-4aff-831a-45c9bdeaff6f" />
    <UnitTestResult executionId="3b1ca2ae-04aa-4263-805e-b7255f875dc2" testId="d190701c-6b1d-65d0-d74b-f8ae78cc3d3f" testName="RsaSecurityKeyCanBeServedFromCache" computerName="wkuerzdoelbt01" duration="00:00:00.0036660" startTime="2023-11-22T15:52:52.5230460+01:00" endTime="2023-11-22T15:52:52.5267116+01:00" testType="13cdc9d9-ddb5-4fa4-a97d-d965ccfc6d4b" outcome="Passed" testListId="8c84fa94-04c1-424b-9868-57a2d4851a1d" relativeResultsDirectory="3b1ca2ae-04aa-4263-805e-b7255f875dc2" />
    <UnitTestResult executionId="3cc32985-9a44-4c48-b22e-efde90d349e2" testId="c195986f-fb4b-dafa-74a9-a8628b8406b1" testName="WillNotSucceedWhenTokenLifetimeIsTooOld" computerName="wkuerzdoelbt01" duration="00:00:00.0338160" startTime="2023-11-22T15:52:52.9316424+01:00" endTime="2023-11-22T15:52:52.9654580+01:00" testType="13cdc9d9-ddb5-4fa4-a97d-d965ccfc6d4b" outcome="Passed" testListId="8c84fa94-04c1-424b-9868-57a2d4851a1d" relativeResultsDirectory="3cc32985-9a44-4c48-b22e-efde90d349e2" />
    <UnitTestResult executionId="1480679c-89f8-4528-8b79-fdcf531d6628" testId="6a1f7536-9c7e-4d65-4a5b-a7238ba61f5b" testName="WillNotSucceedWhenTheIssuerHasNoRealmPart" computerName="wkuerzdoelbt01" duration="00:00:00.0311610" startTime="2023-11-22T15:52:52.9004503+01:00" endTime="2023-11-22T15:52:52.9316112+01:00" testType="13cdc9d9-ddb5-4fa4-a97d-d965ccfc6d4b" outcome="Passed" testListId="8c84fa94-04c1-424b-9868-57a2d4851a1d" relativeResultsDirectory="1480679c-89f8-4528-8b79-fdcf531d6628" />
    <UnitTestResult executionId="7087c4bd-db89-4f23-b746-794ed0331d57" testId="c527586b-9ea9-66c2-5286-2c49eaf4d7e4" testName="CanGetRoles" computerName="wkuerzdoelbt01" duration="00:00:00.0063440" startTime="2023-11-22T15:52:52.1161396+01:00" endTime="2023-11-22T15:52:52.1224829+01:00" testType="13cdc9d9-ddb5-4fa4-a97d-d965ccfc6d4b" outcome="Passed" testListId="8c84fa94-04c1-424b-9868-57a2d4851a1d" relativeResultsDirectory="7087c4bd-db89-4f23-b746-794ed0331d57" />
    <UnitTestResult executionId="9de3d788-21e0-48b3-b438-2f859b21f614" testId="f8d40210-3f7e-b5cb-4e9d-49c59c539c59" testName="ThrowsArgumentExceptionWhenHostIsEmpty" computerName="wkuerzdoelbt01" duration="00:00:00.0480600" startTime="2023-11-22T15:52:52.2736237+01:00" endTime="2023-11-22T15:52:52.3216839+01:00" testType="13cdc9d9-ddb5-4fa4-a97d-d965ccfc6d4b" outcome="Passed" testListId="8c84fa94-04c1-424b-9868-57a2d4851a1d" relativeResultsDirectory="9de3d788-21e0-48b3-b438-2f859b21f614" />
    <UnitTestResult executionId="edc16c1f-33e6-4cc0-a700-88584ca68524" testId="0877429d-b3b0-b98b-2539-97626c15b97b" testName="ClientRolesWillBeAddedToThePrincipal" computerName="wkuerzdoelbt01" duration="00:00:00.0320330" startTime="2023-11-22T15:52:52.7571922+01:00" endTime="2023-11-22T15:52:52.7892250+01:00" testType="13cdc9d9-ddb5-4fa4-a97d-d965ccfc6d4b" outcome="Passed" testListId="8c84fa94-04c1-424b-9868-57a2d4851a1d" relativeResultsDirectory="edc16c1f-33e6-4cc0-a700-88584ca68524" />
    <UnitTestResult executionId="c7237771-085d-42fc-8625-aac8e24b89c3" testId="08ae07a6-cdc8-5869-c976-f1dad9af9677" testName="ConfigureHealthChecksWorks" computerName="wkuerzdoelbt01" duration="00:00:00.0179160" startTime="2023-11-22T15:52:52.2547523+01:00" endTime="2023-11-22T15:52:52.2726675+01:00" testType="13cdc9d9-ddb5-4fa4-a97d-d965ccfc6d4b" outcome="Passed" testListId="8c84fa94-04c1-424b-9868-57a2d4851a1d" relativeResultsDirectory="c7237771-085d-42fc-8625-aac8e24b89c3" />
    <UnitTestResult executionId="3e4fc83a-fe7a-4864-a374-dbe08babd560" testId="37a01a5a-3c2d-09ec-f6aa-dfe7669fa624" testName="HttpClientWillBeDisposed" computerName="wkuerzdoelbt01" duration="00:00:00.0260890" startTime="2023-11-22T15:52:52.2251337+01:00" endTime="2023-11-22T15:52:52.2512228+01:00" testType="13cdc9d9-ddb5-4fa4-a97d-d965ccfc6d4b" outcome="Passed" testListId="8c84fa94-04c1-424b-9868-57a2d4851a1d" relativeResultsDirectory="3e4fc83a-fe7a-4864-a374-dbe08babd560" />
    <UnitTestResult executionId="1c2f3bb4-2e31-42c7-b9dd-9644476f6e12" testId="b081fc83-1b1b-48b1-05c7-a3167dd9d591" testName="TestRedirectUriHttpToHttpsReplace(&quot;http://localhost:5300/signin-oidc&quot;,&quot;http://localhost:5300/signin-oidc&quot;)" computerName="wkuerzdoelbt01" duration="00:00:00.0008180" startTime="2023-11-22T15:52:52.2727270+01:00" endTime="2023-11-22T15:52:52.2735448+01:00" testType="13cdc9d9-ddb5-4fa4-a97d-d965ccfc6d4b" outcome="Passed" testListId="8c84fa94-04c1-424b-9868-57a2d4851a1d" relativeResultsDirectory="1c2f3bb4-2e31-42c7-b9dd-9644476f6e12" />
    <UnitTestResult executionId="fbf26bf2-add1-4785-985a-802127adae67" testId="5cad80a6-e5e8-0967-97de-bdcb6af93960" testName="WillHandleNoTokenProvided" computerName="wkuerzdoelbt01" duration="00:00:00.0128460" startTime="2023-11-22T15:52:52.8538144+01:00" endTime="2023-11-22T15:52:52.8666606+01:00" testType="13cdc9d9-ddb5-4fa4-a97d-d965ccfc6d4b" outcome="Passed" testListId="8c84fa94-04c1-424b-9868-57a2d4851a1d" relativeResultsDirectory="fbf26bf2-add1-4785-985a-802127adae67" />
    <UnitTestResult executionId="67f9d817-2dcc-440f-8b3e-0d6b14c8ede2" testId="6f3df023-1110-228a-7af8-b6c4db9f490a" testName="CanGetEmptyRolesFromPrincipal" computerName="wkuerzdoelbt01" duration="00:00:00.0025590" startTime="2023-11-22T15:52:52.1078083+01:00" endTime="2023-11-22T15:52:52.1103658+01:00" testType="13cdc9d9-ddb5-4fa4-a97d-d965ccfc6d4b" outcome="Passed" testListId="8c84fa94-04c1-424b-9868-57a2d4851a1d" relativeResultsDirectory="67f9d817-2dcc-440f-8b3e-0d6b14c8ede2" />
    <UnitTestResult executionId="304d6b9f-daf0-4984-9587-d06a957fb7a5" testId="cc8f036d-5051-7c6c-563b-608c7f2b6097" testName="AuthenticationCanBeDisabled" computerName="wkuerzdoelbt01" duration="00:00:00.0809510" startTime="2023-11-22T15:52:52.0957884+01:00" endTime="2023-11-22T15:52:52.1767388+01:00" testType="13cdc9d9-ddb5-4fa4-a97d-d965ccfc6d4b" outcome="Passed" testListId="8c84fa94-04c1-424b-9868-57a2d4851a1d" relativeResultsDirectory="304d6b9f-daf0-4984-9587-d06a957fb7a5" />
    <UnitTestResult executionId="b93bc927-04a2-47c3-a597-46c0e400f9d9" testId="d6bc374b-a2b5-7fb7-a238-64656fd1af14" testName="CanGetASpecificClaim" computerName="wkuerzdoelbt01" duration="00:00:00.0109060" startTime="2023-11-22T15:52:52.0957881+01:00" endTime="2023-11-22T15:52:52.1066515+01:00" testType="13cdc9d9-ddb5-4fa4-a97d-d965ccfc6d4b" outcome="Passed" testListId="8c84fa94-04c1-424b-9868-57a2d4851a1d" relativeResultsDirectory="b93bc927-04a2-47c3-a597-46c0e400f9d9" />
  </Results>
  <TestDefinitions>
    <UnitTest name="WillNotSucceedWhenTheIssuerHasNoRealmPart" storage="/home/lukas/development/github.com/sia-digital/pibox/pibox.plugins/authorization/keycloak/test/pibox.plugins.authorization.keycloak.tests/bin/release/net8.0/pibox.plugins.authorization.keycloak.tests.dll" id="6a1f7536-9c7e-4d65-4a5b-a7238ba61f5b">
      <Execution id="1480679c-89f8-4528-8b79-fdcf531d6628" />
      <TestMethod codeBase="/home/lukas/Development/github.com/sia-digital/pibox/PiBox.Plugins/Authorization/Keycloak/test/PiBox.Plugins.Authorization.Keycloak.Tests/bin/Release/net8.0/PiBox.Plugins.Authorization.Keycloak.Tests.dll" adapterTypeName="executor://nunit3testexecutor/" className="PiBox.Plugins.Authorization.Keycloak.Tests.Scheme.KeycloakAuthenticationHandlerTests" name="WillNotSucceedWhenTheIssuerHasNoRealmPart" />
    </UnitTest>
    <UnitTest name="ThrowsArgumentExceptionWhenHostIsEmpty" storage="/home/lukas/development/github.com/sia-digital/pibox/pibox.plugins/authorization/keycloak/test/pibox.plugins.authorization.keycloak.tests/bin/release/net8.0/pibox.plugins.authorization.keycloak.tests.dll" id="f8d40210-3f7e-b5cb-4e9d-49c59c539c59">
      <Execution id="9de3d788-21e0-48b3-b438-2f859b21f614" />
      <TestMethod codeBase="/home/lukas/Development/github.com/sia-digital/pibox/PiBox.Plugins/Authorization/Keycloak/test/PiBox.Plugins.Authorization.Keycloak.Tests/bin/Release/net8.0/PiBox.Plugins.Authorization.Keycloak.Tests.dll" adapterTypeName="executor://nunit3testexecutor/" className="PiBox.Plugins.Authorization.Keycloak.Tests.KeycloakPluginTests" name="ThrowsArgumentExceptionWhenHostIsEmpty" />
    </UnitTest>
    <UnitTest name="AuthenticationCanBeSetup" storage="/home/lukas/development/github.com/sia-digital/pibox/pibox.plugins/authorization/keycloak/test/pibox.plugins.authorization.keycloak.tests/bin/release/net8.0/pibox.plugins.authorization.keycloak.tests.dll" id="230f0050-efb8-4d86-1b2b-93a9047d8a2f">
      <Execution id="ebcfa2e3-9b8d-499f-a491-17d86d56666e" />
      <TestMethod codeBase="/home/lukas/Development/github.com/sia-digital/pibox/PiBox.Plugins/Authorization/Keycloak/test/PiBox.Plugins.Authorization.Keycloak.Tests/bin/Release/net8.0/PiBox.Plugins.Authorization.Keycloak.Tests.dll" adapterTypeName="executor://nunit3testexecutor/" className="PiBox.Plugins.Authorization.Keycloak.Tests.KeycloakPluginTests" name="AuthenticationCanBeSetup" />
    </UnitTest>
    <UnitTest name="RsaSecurityKeyCanBeServedFromCache" storage="/home/lukas/development/github.com/sia-digital/pibox/pibox.plugins/authorization/keycloak/test/pibox.plugins.authorization.keycloak.tests/bin/release/net8.0/pibox.plugins.authorization.keycloak.tests.dll" id="d190701c-6b1d-65d0-d74b-f8ae78cc3d3f">
      <Execution id="3b1ca2ae-04aa-4263-805e-b7255f875dc2" />
      <TestMethod codeBase="/home/lukas/Development/github.com/sia-digital/pibox/PiBox.Plugins/Authorization/Keycloak/test/PiBox.Plugins.Authorization.Keycloak.Tests/bin/Release/net8.0/PiBox.Plugins.Authorization.Keycloak.Tests.dll" adapterTypeName="executor://nunit3testexecutor/" className="PiBox.Plugins.Authorization.Keycloak.Tests.Scheme.PublicKeyServiceTests" name="RsaSecurityKeyCanBeServedFromCache" />
    </UnitTest>
    <UnitTest name="WillNotSucceedWhenTokenLifetimeIsTooOld" storage="/home/lukas/development/github.com/sia-digital/pibox/pibox.plugins/authorization/keycloak/test/pibox.plugins.authorization.keycloak.tests/bin/release/net8.0/pibox.plugins.authorization.keycloak.tests.dll" id="c195986f-fb4b-dafa-74a9-a8628b8406b1">
      <Execution id="3cc32985-9a44-4c48-b22e-efde90d349e2" />
      <TestMethod codeBase="/home/lukas/Development/github.com/sia-digital/pibox/PiBox.Plugins/Authorization/Keycloak/test/PiBox.Plugins.Authorization.Keycloak.Tests/bin/Release/net8.0/PiBox.Plugins.Authorization.Keycloak.Tests.dll" adapterTypeName="executor://nunit3testexecutor/" className="PiBox.Plugins.Authorization.Keycloak.Tests.Scheme.KeycloakAuthenticationHandlerTests" name="WillNotSucceedWhenTokenLifetimeIsTooOld" />
    </UnitTest>
    <UnitTest name="AuthenticationCanBeDisabled" storage="/home/lukas/development/github.com/sia-digital/pibox/pibox.plugins/authorization/keycloak/test/pibox.plugins.authorization.keycloak.tests/bin/release/net8.0/pibox.plugins.authorization.keycloak.tests.dll" id="cc8f036d-5051-7c6c-563b-608c7f2b6097">
      <Execution id="304d6b9f-daf0-4984-9587-d06a957fb7a5" />
      <TestMethod codeBase="/home/lukas/Development/github.com/sia-digital/pibox/PiBox.Plugins/Authorization/Keycloak/test/PiBox.Plugins.Authorization.Keycloak.Tests/bin/Release/net8.0/PiBox.Plugins.Authorization.Keycloak.Tests.dll" adapterTypeName="executor://nunit3testexecutor/" className="PiBox.Plugins.Authorization.Keycloak.Tests.KeycloakPluginTests" name="AuthenticationCanBeDisabled" />
    </UnitTest>
    <UnitTest name="WillHandleNoTokenProvided" storage="/home/lukas/development/github.com/sia-digital/pibox/pibox.plugins/authorization/keycloak/test/pibox.plugins.authorization.keycloak.tests/bin/release/net8.0/pibox.plugins.authorization.keycloak.tests.dll" id="5cad80a6-e5e8-0967-97de-bdcb6af93960">
      <Execution id="fbf26bf2-add1-4785-985a-802127adae67" />
      <TestMethod codeBase="/home/lukas/Development/github.com/sia-digital/pibox/PiBox.Plugins/Authorization/Keycloak/test/PiBox.Plugins.Authorization.Keycloak.Tests/bin/Release/net8.0/PiBox.Plugins.Authorization.Keycloak.Tests.dll" adapterTypeName="executor://nunit3testexecutor/" className="PiBox.Plugins.Authorization.Keycloak.Tests.Scheme.KeycloakAuthenticationHandlerTests" name="WillHandleNoTokenProvided" />
    </UnitTest>
    <UnitTest name="ClientRolesAndRolesWillBeAddedToThePrincipal" storage="/home/lukas/development/github.com/sia-digital/pibox/pibox.plugins/authorization/keycloak/test/pibox.plugins.authorization.keycloak.tests/bin/release/net8.0/pibox.plugins.authorization.keycloak.tests.dll" id="71ccf799-04f0-4d3a-bb11-4a056c5dbfc8">
      <Execution id="e32f0229-a8e9-48c4-a72e-a6e32f01e2ba" />
      <TestMethod codeBase="/home/lukas/Development/github.com/sia-digital/pibox/PiBox.Plugins/Authorization/Keycloak/test/PiBox.Plugins.Authorization.Keycloak.Tests/bin/Release/net8.0/PiBox.Plugins.Authorization.Keycloak.Tests.dll" adapterTypeName="executor://nunit3testexecutor/" className="PiBox.Plugins.Authorization.Keycloak.Tests.Scheme.KeycloakAuthenticationHandlerTests" name="ClientRolesAndRolesWillBeAddedToThePrincipal" />
    </UnitTest>
    <UnitTest name="ConfigureApplicationWorks" storage="/home/lukas/development/github.com/sia-digital/pibox/pibox.plugins/authorization/keycloak/test/pibox.plugins.authorization.keycloak.tests/bin/release/net8.0/pibox.plugins.authorization.keycloak.tests.dll" id="c07799a2-8cda-0af8-7b67-e9e8085e2a9e">
      <Execution id="8e22ad6d-521b-4aff-831a-45c9bdeaff6f" />
      <TestMethod codeBase="/home/lukas/Development/github.com/sia-digital/pibox/PiBox.Plugins/Authorization/Keycloak/test/PiBox.Plugins.Authorization.Keycloak.Tests/bin/Release/net8.0/PiBox.Plugins.Authorization.Keycloak.Tests.dll" adapterTypeName="executor://nunit3testexecutor/" className="PiBox.Plugins.Authorization.Keycloak.Tests.KeycloakPluginTests" name="ConfigureApplicationWorks" />
    </UnitTest>
    <UnitTest name="WillNotSucceedWhenIssuerDoesNotMatch" storage="/home/lukas/development/github.com/sia-digital/pibox/pibox.plugins/authorization/keycloak/test/pibox.plugins.authorization.keycloak.tests/bin/release/net8.0/pibox.plugins.authorization.keycloak.tests.dll" id="6337883a-6a12-85c4-4317-2ffd70e6fc58">
      <Execution id="93df3cbc-7b60-475e-84f0-ef82edb30449" />
      <TestMethod codeBase="/home/lukas/Development/github.com/sia-digital/pibox/PiBox.Plugins/Authorization/Keycloak/test/PiBox.Plugins.Authorization.Keycloak.Tests/bin/Release/net8.0/PiBox.Plugins.Authorization.Keycloak.Tests.dll" adapterTypeName="executor://nunit3testexecutor/" className="PiBox.Plugins.Authorization.Keycloak.Tests.Scheme.KeycloakAuthenticationHandlerTests" name="WillNotSucceedWhenIssuerDoesNotMatch" />
    </UnitTest>
    <UnitTest name="CanGetRoles" storage="/home/lukas/development/github.com/sia-digital/pibox/pibox.plugins/authorization/keycloak/test/pibox.plugins.authorization.keycloak.tests/bin/release/net8.0/pibox.plugins.authorization.keycloak.tests.dll" id="c527586b-9ea9-66c2-5286-2c49eaf4d7e4">
      <Execution id="7087c4bd-db89-4f23-b746-794ed0331d57" />
      <TestMethod codeBase="/home/lukas/Development/github.com/sia-digital/pibox/PiBox.Plugins/Authorization/Keycloak/test/PiBox.Plugins.Authorization.Keycloak.Tests/bin/Release/net8.0/PiBox.Plugins.Authorization.Keycloak.Tests.dll" adapterTypeName="executor://nunit3testexecutor/" className="PiBox.Plugins.Authorization.Keycloak.Tests.Scheme.ClaimsPrincipalExtensionsTests" name="CanGetRoles" />
    </UnitTest>
    <UnitTest name="WillSucceedWithAValidToken" storage="/home/lukas/development/github.com/sia-digital/pibox/pibox.plugins/authorization/keycloak/test/pibox.plugins.authorization.keycloak.tests/bin/release/net8.0/pibox.plugins.authorization.keycloak.tests.dll" id="9d920b76-bec2-e14c-92c7-47dca55fd82c">
      <Execution id="f0b5bbf6-399c-4585-95d7-6fc4b7247e45" />
      <TestMethod codeBase="/home/lukas/Development/github.com/sia-digital/pibox/PiBox.Plugins/Authorization/Keycloak/test/PiBox.Plugins.Authorization.Keycloak.Tests/bin/Release/net8.0/PiBox.Plugins.Authorization.Keycloak.Tests.dll" adapterTypeName="executor://nunit3testexecutor/" className="PiBox.Plugins.Authorization.Keycloak.Tests.Scheme.KeycloakAuthenticationHandlerTests" name="WillSucceedWithAValidToken" />
    </UnitTest>
    <UnitTest name="ClientRolesWillOnlyBeAddedIfTheClientMatches" storage="/home/lukas/development/github.com/sia-digital/pibox/pibox.plugins/authorization/keycloak/test/pibox.plugins.authorization.keycloak.tests/bin/release/net8.0/pibox.plugins.authorization.keycloak.tests.dll" id="38187e46-b7ac-9e35-b53c-235a9aa2483b">
      <Execution id="d4e5d10c-d83c-4068-9e86-e3d28db8ffe1" />
      <TestMethod codeBase="/home/lukas/Development/github.com/sia-digital/pibox/PiBox.Plugins/Authorization/Keycloak/test/PiBox.Plugins.Authorization.Keycloak.Tests/bin/Release/net8.0/PiBox.Plugins.Authorization.Keycloak.Tests.dll" adapterTypeName="executor://nunit3testexecutor/" className="PiBox.Plugins.Authorization.Keycloak.Tests.Scheme.KeycloakAuthenticationHandlerTests" name="ClientRolesWillOnlyBeAddedIfTheClientMatches" />
    </UnitTest>
    <UnitTest name="TestRedirectUriHttpToHttpsReplace(&quot;http://localhost:5300/signin-oidc&quot;,&quot;http://localhost:5300/signin-oidc&quot;)" storage="/home/lukas/development/github.com/sia-digital/pibox/pibox.plugins/authorization/keycloak/test/pibox.plugins.authorization.keycloak.tests/bin/release/net8.0/pibox.plugins.authorization.keycloak.tests.dll" id="b081fc83-1b1b-48b1-05c7-a3167dd9d591">
      <Execution id="1c2f3bb4-2e31-42c7-b9dd-9644476f6e12" />
      <TestMethod codeBase="/home/lukas/Development/github.com/sia-digital/pibox/PiBox.Plugins/Authorization/Keycloak/test/PiBox.Plugins.Authorization.Keycloak.Tests/bin/Release/net8.0/PiBox.Plugins.Authorization.Keycloak.Tests.dll" adapterTypeName="executor://nunit3testexecutor/" className="PiBox.Plugins.Authorization.Keycloak.Tests.KeycloakPluginTests" name="TestRedirectUriHttpToHttpsReplace(&quot;http://localhost:5300/signin-oidc&quot;,&quot;http://localhost:5300/signin-oidc&quot;)" />
    </UnitTest>
    <UnitTest name="HttpClientWillBeDisposed" storage="/home/lukas/development/github.com/sia-digital/pibox/pibox.plugins/authorization/keycloak/test/pibox.plugins.authorization.keycloak.tests/bin/release/net8.0/pibox.plugins.authorization.keycloak.tests.dll" id="37a01a5a-3c2d-09ec-f6aa-dfe7669fa624">
      <Execution id="3e4fc83a-fe7a-4864-a374-dbe08babd560" />
      <TestMethod codeBase="/home/lukas/Development/github.com/sia-digital/pibox/PiBox.Plugins/Authorization/Keycloak/test/PiBox.Plugins.Authorization.Keycloak.Tests/bin/Release/net8.0/PiBox.Plugins.Authorization.Keycloak.Tests.dll" adapterTypeName="executor://nunit3testexecutor/" className="PiBox.Plugins.Authorization.Keycloak.Tests.Scheme.PublicKeyServiceTests" name="HttpClientWillBeDisposed" />
    </UnitTest>
    <UnitTest name="RsaSecurityKeyCanBeGetFromIssuer" storage="/home/lukas/development/github.com/sia-digital/pibox/pibox.plugins/authorization/keycloak/test/pibox.plugins.authorization.keycloak.tests/bin/release/net8.0/pibox.plugins.authorization.keycloak.tests.dll" id="e901636d-d939-101b-44d3-baacfcac4719">
      <Execution id="355d7218-356a-41c5-a137-c4b60a7378f2" />
      <TestMethod codeBase="/home/lukas/Development/github.com/sia-digital/pibox/PiBox.Plugins/Authorization/Keycloak/test/PiBox.Plugins.Authorization.Keycloak.Tests/bin/Release/net8.0/PiBox.Plugins.Authorization.Keycloak.Tests.dll" adapterTypeName="executor://nunit3testexecutor/" className="PiBox.Plugins.Authorization.Keycloak.Tests.Scheme.PublicKeyServiceTests" name="RsaSecurityKeyCanBeGetFromIssuer" />
    </UnitTest>
    <UnitTest name="ReturnsNullAsKeyWhenSomethingBadHappens" storage="/home/lukas/development/github.com/sia-digital/pibox/pibox.plugins/authorization/keycloak/test/pibox.plugins.authorization.keycloak.tests/bin/release/net8.0/pibox.plugins.authorization.keycloak.tests.dll" id="c3b0bf9c-623f-01e5-c44c-3896955db002">
      <Execution id="0f89bb22-94a3-46e4-8953-baeda0c2674e" />
      <TestMethod codeBase="/home/lukas/Development/github.com/sia-digital/pibox/PiBox.Plugins/Authorization/Keycloak/test/PiBox.Plugins.Authorization.Keycloak.Tests/bin/Release/net8.0/PiBox.Plugins.Authorization.Keycloak.Tests.dll" adapterTypeName="executor://nunit3testexecutor/" className="PiBox.Plugins.Authorization.Keycloak.Tests.Scheme.PublicKeyServiceTests" name="ReturnsNullAsKeyWhenSomethingBadHappens" />
    </UnitTest>
    <UnitTest name="CanGetEmptyRolesFromPrincipal" storage="/home/lukas/development/github.com/sia-digital/pibox/pibox.plugins/authorization/keycloak/test/pibox.plugins.authorization.keycloak.tests/bin/release/net8.0/pibox.plugins.authorization.keycloak.tests.dll" id="6f3df023-1110-228a-7af8-b6c4db9f490a">
      <Execution id="67f9d817-2dcc-440f-8b3e-0d6b14c8ede2" />
      <TestMethod codeBase="/home/lukas/Development/github.com/sia-digital/pibox/PiBox.Plugins/Authorization/Keycloak/test/PiBox.Plugins.Authorization.Keycloak.Tests/bin/Release/net8.0/PiBox.Plugins.Authorization.Keycloak.Tests.dll" adapterTypeName="executor://nunit3testexecutor/" className="PiBox.Plugins.Authorization.Keycloak.Tests.Scheme.ClaimsPrincipalExtensionsTests" name="CanGetEmptyRolesFromPrincipal" />
    </UnitTest>
    <UnitTest name="ClientRolesWillBeAddedToThePrincipal" storage="/home/lukas/development/github.com/sia-digital/pibox/pibox.plugins/authorization/keycloak/test/pibox.plugins.authorization.keycloak.tests/bin/release/net8.0/pibox.plugins.authorization.keycloak.tests.dll" id="0877429d-b3b0-b98b-2539-97626c15b97b">
      <Execution id="edc16c1f-33e6-4cc0-a700-88584ca68524" />
      <TestMethod codeBase="/home/lukas/Development/github.com/sia-digital/pibox/PiBox.Plugins/Authorization/Keycloak/test/PiBox.Plugins.Authorization.Keycloak.Tests/bin/Release/net8.0/PiBox.Plugins.Authorization.Keycloak.Tests.dll" adapterTypeName="executor://nunit3testexecutor/" className="PiBox.Plugins.Authorization.Keycloak.Tests.Scheme.KeycloakAuthenticationHandlerTests" name="ClientRolesWillBeAddedToThePrincipal" />
    </UnitTest>
    <UnitTest name="RolesWillBeAddedToThePrincipal" storage="/home/lukas/development/github.com/sia-digital/pibox/pibox.plugins/authorization/keycloak/test/pibox.plugins.authorization.keycloak.tests/bin/release/net8.0/pibox.plugins.authorization.keycloak.tests.dll" id="0a902916-8a4b-ca0f-5405-c0508b7a1cf6">
      <Execution id="631946b5-8d85-44dd-bcd5-55bde26e38db" />
      <TestMethod codeBase="/home/lukas/Development/github.com/sia-digital/pibox/PiBox.Plugins/Authorization/Keycloak/test/PiBox.Plugins.Authorization.Keycloak.Tests/bin/Release/net8.0/PiBox.Plugins.Authorization.Keycloak.Tests.dll" adapterTypeName="executor://nunit3testexecutor/" className="PiBox.Plugins.Authorization.Keycloak.Tests.Scheme.KeycloakAuthenticationHandlerTests" name="RolesWillBeAddedToThePrincipal" />
    </UnitTest>
    <UnitTest name="ConfigureHealthChecksWorks" storage="/home/lukas/development/github.com/sia-digital/pibox/pibox.plugins/authorization/keycloak/test/pibox.plugins.authorization.keycloak.tests/bin/release/net8.0/pibox.plugins.authorization.keycloak.tests.dll" id="08ae07a6-cdc8-5869-c976-f1dad9af9677">
      <Execution id="c7237771-085d-42fc-8625-aac8e24b89c3" />
      <TestMethod codeBase="/home/lukas/Development/github.com/sia-digital/pibox/PiBox.Plugins/Authorization/Keycloak/test/PiBox.Plugins.Authorization.Keycloak.Tests/bin/Release/net8.0/PiBox.Plugins.Authorization.Keycloak.Tests.dll" adapterTypeName="executor://nunit3testexecutor/" className="PiBox.Plugins.Authorization.Keycloak.Tests.KeycloakPluginTests" name="ConfigureHealthChecksWorks" />
    </UnitTest>
    <UnitTest name="CanGetEmptyRolesWhenTheRolesNodesAreMissing" storage="/home/lukas/development/github.com/sia-digital/pibox/pibox.plugins/authorization/keycloak/test/pibox.plugins.authorization.keycloak.tests/bin/release/net8.0/pibox.plugins.authorization.keycloak.tests.dll" id="1ac1cf24-bd01-3f56-cb68-e5dbc288643e">
      <Execution id="0692318e-1176-44c3-a49f-b5e6a57ee7b3" />
      <TestMethod codeBase="/home/lukas/Development/github.com/sia-digital/pibox/PiBox.Plugins/Authorization/Keycloak/test/PiBox.Plugins.Authorization.Keycloak.Tests/bin/Release/net8.0/PiBox.Plugins.Authorization.Keycloak.Tests.dll" adapterTypeName="executor://nunit3testexecutor/" className="PiBox.Plugins.Authorization.Keycloak.Tests.Scheme.ClaimsPrincipalExtensionsTests" name="CanGetEmptyRolesWhenTheRolesNodesAreMissing" />
    </UnitTest>
    <UnitTest name="CanGetASpecificClaim" storage="/home/lukas/development/github.com/sia-digital/pibox/pibox.plugins/authorization/keycloak/test/pibox.plugins.authorization.keycloak.tests/bin/release/net8.0/pibox.plugins.authorization.keycloak.tests.dll" id="d6bc374b-a2b5-7fb7-a238-64656fd1af14">
      <Execution id="b93bc927-04a2-47c3-a597-46c0e400f9d9" />
      <TestMethod codeBase="/home/lukas/Development/github.com/sia-digital/pibox/PiBox.Plugins/Authorization/Keycloak/test/PiBox.Plugins.Authorization.Keycloak.Tests/bin/Release/net8.0/PiBox.Plugins.Authorization.Keycloak.Tests.dll" adapterTypeName="executor://nunit3testexecutor/" className="PiBox.Plugins.Authorization.Keycloak.Tests.Scheme.ClaimsPrincipalExtensionsTests" name="CanGetASpecificClaim" />
    </UnitTest>
  </TestDefinitions>
  <TestEntries>
    <TestEntry testId="9d920b76-bec2-e14c-92c7-47dca55fd82c" executionId="f0b5bbf6-399c-4585-95d7-6fc4b7247e45" testListId="8c84fa94-04c1-424b-9868-57a2d4851a1d" />
    <TestEntry testId="6337883a-6a12-85c4-4317-2ffd70e6fc58" executionId="93df3cbc-7b60-475e-84f0-ef82edb30449" testListId="8c84fa94-04c1-424b-9868-57a2d4851a1d" />
    <TestEntry testId="1ac1cf24-bd01-3f56-cb68-e5dbc288643e" executionId="0692318e-1176-44c3-a49f-b5e6a57ee7b3" testListId="8c84fa94-04c1-424b-9868-57a2d4851a1d" />
    <TestEntry testId="0a902916-8a4b-ca0f-5405-c0508b7a1cf6" executionId="631946b5-8d85-44dd-bcd5-55bde26e38db" testListId="8c84fa94-04c1-424b-9868-57a2d4851a1d" />
    <TestEntry testId="71ccf799-04f0-4d3a-bb11-4a056c5dbfc8" executionId="e32f0229-a8e9-48c4-a72e-a6e32f01e2ba" testListId="8c84fa94-04c1-424b-9868-57a2d4851a1d" />
    <TestEntry testId="e901636d-d939-101b-44d3-baacfcac4719" executionId="355d7218-356a-41c5-a137-c4b60a7378f2" testListId="8c84fa94-04c1-424b-9868-57a2d4851a1d" />
    <TestEntry testId="c3b0bf9c-623f-01e5-c44c-3896955db002" executionId="0f89bb22-94a3-46e4-8953-baeda0c2674e" testListId="8c84fa94-04c1-424b-9868-57a2d4851a1d" />
    <TestEntry testId="38187e46-b7ac-9e35-b53c-235a9aa2483b" executionId="d4e5d10c-d83c-4068-9e86-e3d28db8ffe1" testListId="8c84fa94-04c1-424b-9868-57a2d4851a1d" />
    <TestEntry testId="230f0050-efb8-4d86-1b2b-93a9047d8a2f" executionId="ebcfa2e3-9b8d-499f-a491-17d86d56666e" testListId="8c84fa94-04c1-424b-9868-57a2d4851a1d" />
    <TestEntry testId="c07799a2-8cda-0af8-7b67-e9e8085e2a9e" executionId="8e22ad6d-521b-4aff-831a-45c9bdeaff6f" testListId="8c84fa94-04c1-424b-9868-57a2d4851a1d" />
    <TestEntry testId="d190701c-6b1d-65d0-d74b-f8ae78cc3d3f" executionId="3b1ca2ae-04aa-4263-805e-b7255f875dc2" testListId="8c84fa94-04c1-424b-9868-57a2d4851a1d" />
    <TestEntry testId="c195986f-fb4b-dafa-74a9-a8628b8406b1" executionId="3cc32985-9a44-4c48-b22e-efde90d349e2" testListId="8c84fa94-04c1-424b-9868-57a2d4851a1d" />
    <TestEntry testId="6a1f7536-9c7e-4d65-4a5b-a7238ba61f5b" executionId="1480679c-89f8-4528-8b79-fdcf531d6628" testListId="8c84fa94-04c1-424b-9868-57a2d4851a1d" />
    <TestEntry testId="c527586b-9ea9-66c2-5286-2c49eaf4d7e4" executionId="7087c4bd-db89-4f23-b746-794ed0331d57" testListId="8c84fa94-04c1-424b-9868-57a2d4851a1d" />
    <TestEntry testId="f8d40210-3f7e-b5cb-4e9d-49c59c539c59" executionId="9de3d788-21e0-48b3-b438-2f859b21f614" testListId="8c84fa94-04c1-424b-9868-57a2d4851a1d" />
    <TestEntry testId="0877429d-b3b0-b98b-2539-97626c15b97b" executionId="edc16c1f-33e6-4cc0-a700-88584ca68524" testListId="8c84fa94-04c1-424b-9868-57a2d4851a1d" />
    <TestEntry testId="08ae07a6-cdc8-5869-c976-f1dad9af9677" executionId="c7237771-085d-42fc-8625-aac8e24b89c3" testListId="8c84fa94-04c1-424b-9868-57a2d4851a1d" />
    <TestEntry testId="37a01a5a-3c2d-09ec-f6aa-dfe7669fa624" executionId="3e4fc83a-fe7a-4864-a374-dbe08babd560" testListId="8c84fa94-04c1-424b-9868-57a2d4851a1d" />
    <TestEntry testId="b081fc83-1b1b-48b1-05c7-a3167dd9d591" executionId="1c2f3bb4-2e31-42c7-b9dd-9644476f6e12" testListId="8c84fa94-04c1-424b-9868-57a2d4851a1d" />
    <TestEntry testId="5cad80a6-e5e8-0967-97de-bdcb6af93960" executionId="fbf26bf2-add1-4785-985a-802127adae67" testListId="8c84fa94-04c1-424b-9868-57a2d4851a1d" />
    <TestEntry testId="6f3df023-1110-228a-7af8-b6c4db9f490a" executionId="67f9d817-2dcc-440f-8b3e-0d6b14c8ede2" testListId="8c84fa94-04c1-424b-9868-57a2d4851a1d" />
    <TestEntry testId="cc8f036d-5051-7c6c-563b-608c7f2b6097" executionId="304d6b9f-daf0-4984-9587-d06a957fb7a5" testListId="8c84fa94-04c1-424b-9868-57a2d4851a1d" />
    <TestEntry testId="d6bc374b-a2b5-7fb7-a238-64656fd1af14" executionId="b93bc927-04a2-47c3-a597-46c0e400f9d9" testListId="8c84fa94-04c1-424b-9868-57a2d4851a1d" />
  </TestEntries>
  <TestLists>
    <TestList name="Results Not in a List" id="8c84fa94-04c1-424b-9868-57a2d4851a1d" />
    <TestList name="All Loaded Results" id="19431567-8539-422a-85d7-44ee4e166bda" />
  </TestLists>
  <ResultSummary outcome="Completed">
    <Counters total="23" executed="23" passed="23" failed="0" error="0" timeout="0" aborted="0" inconclusive="0" passedButRunAborted="0" notRunnable="0" notExecuted="0" disconnected="0" warning="0" completed="0" inProgress="0" pending="0" />
    <Output>
      <StdOut>NUnit Adapter 4.5.0.0: Test execution started
Running all tests in /home/lukas/Development/github.com/sia-digital/pibox/PiBox.Plugins/Authorization/Keycloak/test/PiBox.Plugins.Authorization.Keycloak.Tests/bin/Release/net8.0/PiBox.Plugins.Authorization.Keycloak.Tests.dll
   NUnit3TestExecutor discovered 23 of 23 NUnit test cases using Current Discovery mode, Non-Explicit run
NUnit Adapter 4.5.0.0: Test execution complete
</StdOut>
    </Output>
  </ResultSummary>
</TestRun>