<?xml version="1.0" encoding="utf-8"?>
<TestRun id="ca4f5db9-503c-4512-b3bd-0e30b66179f9" name="@wkuerzdoelbt01 2023-11-22 15:52:52" xmlns="http://microsoft.com/schemas/VisualStudio/TeamTest/2010">
  <Times creation="2023-11-22T15:52:52.3025441+01:00" queuing="2023-11-22T15:52:52.3025442+01:00" start="2023-11-22T15:52:48.8975075+01:00" finish="2023-11-22T15:52:52.4350407+01:00" />
  <TestSettings name="default" id="c8f0529e-984f-483a-8fab-4103e6f3f372">
    <Deployment runDeploymentRoot="_wkuerzdoelbt01_2023-11-22_15_52_52" />
  </TestSettings>
  <Results>
    <UnitTestResult executionId="628f2302-a238-4129-98f5-74b967e62232" testId="b01d4e41-f7d5-330f-64a3-e7cd9e4bce79" testName="CanCallMethodsWithNullValues" computerName="wkuerzdoelbt01" duration="00:00:00.0235810" startTime="2023-11-22T15:52:52.0831899+01:00" endTime="2023-11-22T15:52:52.1066754+01:00" testType="13cdc9d9-ddb5-4fa4-a97d-d965ccfc6d4b" outcome="Passed" testListId="8c84fa94-04c1-424b-9868-57a2d4851a1d" relativeResultsDirectory="628f2302-a238-4129-98f5-74b967e62232" />
    <UnitTestResult executionId="a6907f7b-7d39-46ae-9f2c-cf317449e67b" testId="54ec008e-0252-08c3-46a8-ef073ccae74a" testName="CanHandleOrderByStatement" computerName="wkuerzdoelbt01" duration="00:00:00.0123450" startTime="2023-11-22T15:52:52.1590178+01:00" endTime="2023-11-22T15:52:52.1713627+01:00" testType="13cdc9d9-ddb5-4fa4-a97d-d965ccfc6d4b" outcome="Passed" testListId="8c84fa94-04c1-424b-9868-57a2d4851a1d" relativeResultsDirectory="a6907f7b-7d39-46ae-9f2c-cf317449e67b" />
    <UnitTestResult executionId="44052bdc-d21b-4025-a345-c0087b4c62db" testId="9a3ca99d-ddda-502b-eb1b-c3652e35760c" testName="CanFilterAQueryableWithQueryOptions" computerName="wkuerzdoelbt01" duration="00:00:00.0943170" startTime="2023-11-22T15:52:52.0831898+01:00" endTime="2023-11-22T15:52:52.1775072+01:00" testType="13cdc9d9-ddb5-4fa4-a97d-d965ccfc6d4b" outcome="Passed" testListId="8c84fa94-04c1-424b-9868-57a2d4851a1d" relativeResultsDirectory="44052bdc-d21b-4025-a345-c0087b4c62db" />
    <UnitTestResult executionId="e4b34352-3808-4d13-a1fa-dae4a88b1b69" testId="2e724d70-087e-b63d-cc4c-5493b5a8fab5" testName="QueryOptionsParseCanReturnAnError" computerName="wkuerzdoelbt01" duration="00:00:00.0152960" startTime="2023-11-22T15:52:52.1754303+01:00" endTime="2023-11-22T15:52:52.1907265+01:00" testType="13cdc9d9-ddb5-4fa4-a97d-d965ccfc6d4b" outcome="Passed" testListId="8c84fa94-04c1-424b-9868-57a2d4851a1d" relativeResultsDirectory="e4b34352-3808-4d13-a1fa-dae4a88b1b69" />
    <UnitTestResult executionId="ece2238b-5fb8-4280-b5fa-b10ed6e7b72f" testId="38729ba3-29ff-dc23-9a7d-cff6cb949d49" testName="CanHandlePagingStatement" computerName="wkuerzdoelbt01" duration="00:00:00.0023200" startTime="2023-11-22T15:52:52.1713937+01:00" endTime="2023-11-22T15:52:52.1737130+01:00" testType="13cdc9d9-ddb5-4fa4-a97d-d965ccfc6d4b" outcome="Passed" testListId="8c84fa94-04c1-424b-9868-57a2d4851a1d" relativeResultsDirectory="ece2238b-5fb8-4280-b5fa-b10ed6e7b72f" />
    <UnitTestResult executionId="93ff13c3-9a9a-427f-bf16-3d5ea4e2d8e4" testId="8c5a80d9-6964-db5e-08bd-02342c71469f" testName="CanSortEntries" computerName="wkuerzdoelbt01" duration="00:00:00.0070240" startTime="2023-11-22T15:52:52.1807432+01:00" endTime="2023-11-22T15:52:52.1877664+01:00" testType="13cdc9d9-ddb5-4fa4-a97d-d965ccfc6d4b" outcome="Passed" testListId="8c84fa94-04c1-424b-9868-57a2d4851a1d" relativeResultsDirectory="93ff13c3-9a9a-427f-bf16-3d5ea4e2d8e4" />
    <UnitTestResult executionId="9fbe1933-abe0-4240-8789-8c94c1678ba5" testId="bb8c6d21-9190-cac1-1e60-7fce45bbd69a" testName="CanHandleFilterStatement" computerName="wkuerzdoelbt01" duration="00:00:00.0500560" startTime="2023-11-22T15:52:52.1089026+01:00" endTime="2023-11-22T15:52:52.1589594+01:00" testType="13cdc9d9-ddb5-4fa4-a97d-d965ccfc6d4b" outcome="Passed" testListId="8c84fa94-04c1-424b-9868-57a2d4851a1d" relativeResultsDirectory="9fbe1933-abe0-4240-8789-8c94c1678ba5" />
    <UnitTestResult executionId="8199945a-c8a1-4aff-800f-8c40ac060e5e" testId="98701cf4-a12b-357d-878f-af7f35f18477" testName="CanFilterDeepMembers" computerName="wkuerzdoelbt01" duration="00:00:00.0031920" startTime="2023-11-22T15:52:52.1775316+01:00" endTime="2023-11-22T15:52:52.1807232+01:00" testType="13cdc9d9-ddb5-4fa4-a97d-d965ccfc6d4b" outcome="Passed" testListId="8c84fa94-04c1-424b-9868-57a2d4851a1d" relativeResultsDirectory="8199945a-c8a1-4aff-800f-8c40ac060e5e" />
    <UnitTestResult executionId="cbf57af3-17d8-45e9-adf5-fcc65392eb7d" testId="5db20e65-d8b4-e99e-a25f-f8401dd63a3f" testName="CanInitializeWithDefaultValues" computerName="wkuerzdoelbt01" duration="00:00:00.0002420" startTime="2023-11-22T15:52:52.1737372+01:00" endTime="2023-11-22T15:52:52.1739789+01:00" testType="13cdc9d9-ddb5-4fa4-a97d-d965ccfc6d4b" outcome="Passed" testListId="8c84fa94-04c1-424b-9868-57a2d4851a1d" relativeResultsDirectory="cbf57af3-17d8-45e9-adf5-fcc65392eb7d" />
    <UnitTestResult executionId="b20f0148-70e8-4505-a34b-67ca1342cb0a" testId="c9e776ac-affc-e1ed-59f6-4f8bf2143c29" testName="QueryOptionsCanBeParsedSuccessfully" computerName="wkuerzdoelbt01" duration="00:00:00.0011920" startTime="2023-11-22T15:52:52.1742212+01:00" endTime="2023-11-22T15:52:52.1754134+01:00" testType="13cdc9d9-ddb5-4fa4-a97d-d965ccfc6d4b" outcome="Passed" testListId="8c84fa94-04c1-424b-9868-57a2d4851a1d" relativeResultsDirectory="b20f0148-70e8-4505-a34b-67ca1342cb0a" />
    <UnitTestResult executionId="4a806045-e053-4208-83fe-9a83f492e2c7" testId="8f369eb4-1a26-3579-3128-fd1e2e66c88e" testName="ThrowsQueryOptionsExceptionOnInvalidExpressions" computerName="wkuerzdoelbt01" duration="00:00:00.0089780" startTime="2023-11-22T15:52:52.1907478+01:00" endTime="2023-11-22T15:52:52.1997255+01:00" testType="13cdc9d9-ddb5-4fa4-a97d-d965ccfc6d4b" outcome="Passed" testListId="8c84fa94-04c1-424b-9868-57a2d4851a1d" relativeResultsDirectory="4a806045-e053-4208-83fe-9a83f492e2c7" />
    <UnitTestResult executionId="41c8da6d-59a2-41f3-ac33-7db5cdfe7d39" testId="7fdd9354-6d53-004c-0177-f4865d728e21" testName="ToStringIsNiceToRead" computerName="wkuerzdoelbt01" duration="00:00:00.0025940" startTime="2023-11-22T15:52:52.1997501+01:00" endTime="2023-11-22T15:52:52.2023436+01:00" testType="13cdc9d9-ddb5-4fa4-a97d-d965ccfc6d4b" outcome="Passed" testListId="8c84fa94-04c1-424b-9868-57a2d4851a1d" relativeResultsDirectory="41c8da6d-59a2-41f3-ac33-7db5cdfe7d39" />
    <UnitTestResult executionId="2a664ea8-b142-4318-befc-15e024147339" testId="bdc2ebfa-bfb2-dae0-c938-a48571d97acb" testName="EmptyIsDefaultAndOnlyAllocatedOnce" computerName="wkuerzdoelbt01" duration="00:00:00.0002160" startTime="2023-11-22T15:52:52.1739942+01:00" endTime="2023-11-22T15:52:52.1742103+01:00" testType="13cdc9d9-ddb5-4fa4-a97d-d965ccfc6d4b" outcome="Passed" testListId="8c84fa94-04c1-424b-9868-57a2d4851a1d" relativeResultsDirectory="2a664ea8-b142-4318-befc-15e024147339" />
  </Results>
  <TestDefinitions>
    <UnitTest name="CanInitializeWithDefaultValues" storage="/home/lukas/development/github.com/sia-digital/pibox/pibox.plugins/persistence/abstractions/test/pibox.plugins.persistence.abstractions.tests/bin/release/net8.0/pibox.plugins.persistence.abstractions.tests.dll" id="5db20e65-d8b4-e99e-a25f-f8401dd63a3f">
      <Execution id="cbf57af3-17d8-45e9-adf5-fcc65392eb7d" />
      <TestMethod codeBase="/home/lukas/Development/github.com/sia-digital/pibox/PiBox.Plugins/Persistence/Abstractions/test/PiBox.Plugins.Persistence.Abstractions.Tests/bin/Release/net8.0/PiBox.Plugins.Persistence.Abstractions.Tests.dll" adapterTypeName="executor://nunit3testexecutor/" className="PiBox.Plugins.Persistence.Abstractions.Tests.QueryOptionsTest" name="CanInitializeWithDefaultValues" />
    </UnitTest>
    <UnitTest name="EmptyIsDefaultAndOnlyAllocatedOnce" storage="/home/lukas/development/github.com/sia-digital/pibox/pibox.plugins/persistence/abstractions/test/pibox.plugins.persistence.abstractions.tests/bin/release/net8.0/pibox.plugins.persistence.abstractions.tests.dll" id="bdc2ebfa-bfb2-dae0-c938-a48571d97acb">
      <Execution id="2a664ea8-b142-4318-befc-15e024147339" />
      <TestMethod codeBase="/home/lukas/Development/github.com/sia-digital/pibox/PiBox.Plugins/Persistence/Abstractions/test/PiBox.Plugins.Persistence.Abstractions.Tests/bin/Release/net8.0/PiBox.Plugins.Persistence.Abstractions.Tests.dll" adapterTypeName="executor://nunit3testexecutor/" className="PiBox.Plugins.Persistence.Abstractions.Tests.QueryOptionsTest" name="EmptyIsDefaultAndOnlyAllocatedOnce" />
    </UnitTest>
    <UnitTest name="QueryOptionsParseCanReturnAnError" storage="/home/lukas/development/github.com/sia-digital/pibox/pibox.plugins/persistence/abstractions/test/pibox.plugins.persistence.abstractions.tests/bin/release/net8.0/pibox.plugins.persistence.abstractions.tests.dll" id="2e724d70-087e-b63d-cc4c-5493b5a8fab5">
      <Execution id="e4b34352-3808-4d13-a1fa-dae4a88b1b69" />
      <TestMethod codeBase="/home/lukas/Development/github.com/sia-digital/pibox/PiBox.Plugins/Persistence/Abstractions/test/PiBox.Plugins.Persistence.Abstractions.Tests/bin/Release/net8.0/PiBox.Plugins.Persistence.Abstractions.Tests.dll" adapterTypeName="executor://nunit3testexecutor/" className="PiBox.Plugins.Persistence.Abstractions.Tests.QueryOptionsTest" name="QueryOptionsParseCanReturnAnError" />
    </UnitTest>
    <UnitTest name="CanHandlePagingStatement" storage="/home/lukas/development/github.com/sia-digital/pibox/pibox.plugins/persistence/abstractions/test/pibox.plugins.persistence.abstractions.tests/bin/release/net8.0/pibox.plugins.persistence.abstractions.tests.dll" id="38729ba3-29ff-dc23-9a7d-cff6cb949d49">
      <Execution id="ece2238b-5fb8-4280-b5fa-b10ed6e7b72f" />
      <TestMethod codeBase="/home/lukas/Development/github.com/sia-digital/pibox/PiBox.Plugins/Persistence/Abstractions/test/PiBox.Plugins.Persistence.Abstractions.Tests/bin/Release/net8.0/PiBox.Plugins.Persistence.Abstractions.Tests.dll" adapterTypeName="executor://nunit3testexecutor/" className="PiBox.Plugins.Persistence.Abstractions.Tests.QueryOptionsTest" name="CanHandlePagingStatement" />
    </UnitTest>
    <UnitTest name="ThrowsQueryOptionsExceptionOnInvalidExpressions" storage="/home/lukas/development/github.com/sia-digital/pibox/pibox.plugins/persistence/abstractions/test/pibox.plugins.persistence.abstractions.tests/bin/release/net8.0/pibox.plugins.persistence.abstractions.tests.dll" id="8f369eb4-1a26-3579-3128-fd1e2e66c88e">
      <Execution id="4a806045-e053-4208-83fe-9a83f492e2c7" />
      <TestMethod codeBase="/home/lukas/Development/github.com/sia-digital/pibox/PiBox.Plugins/Persistence/Abstractions/test/PiBox.Plugins.Persistence.Abstractions.Tests/bin/Release/net8.0/PiBox.Plugins.Persistence.Abstractions.Tests.dll" adapterTypeName="executor://nunit3testexecutor/" className="PiBox.Plugins.Persistence.Abstractions.Tests.QueryOptionsTest" name="ThrowsQueryOptionsExceptionOnInvalidExpressions" />
    </UnitTest>
    <UnitTest name="CanHandleFilterStatement" storage="/home/lukas/development/github.com/sia-digital/pibox/pibox.plugins/persistence/abstractions/test/pibox.plugins.persistence.abstractions.tests/bin/release/net8.0/pibox.plugins.persistence.abstractions.tests.dll" id="bb8c6d21-9190-cac1-1e60-7fce45bbd69a">
      <Execution id="9fbe1933-abe0-4240-8789-8c94c1678ba5" />
      <TestMethod codeBase="/home/lukas/Development/github.com/sia-digital/pibox/PiBox.Plugins/Persistence/Abstractions/test/PiBox.Plugins.Persistence.Abstractions.Tests/bin/Release/net8.0/PiBox.Plugins.Persistence.Abstractions.Tests.dll" adapterTypeName="executor://nunit3testexecutor/" className="PiBox.Plugins.Persistence.Abstractions.Tests.QueryOptionsTest" name="CanHandleFilterStatement" />
    </UnitTest>
    <UnitTest name="CanCallMethodsWithNullValues" storage="/home/lukas/development/github.com/sia-digital/pibox/pibox.plugins/persistence/abstractions/test/pibox.plugins.persistence.abstractions.tests/bin/release/net8.0/pibox.plugins.persistence.abstractions.tests.dll" id="b01d4e41-f7d5-330f-64a3-e7cd9e4bce79">
      <Execution id="628f2302-a238-4129-98f5-74b967e62232" />
      <TestMethod codeBase="/home/lukas/Development/github.com/sia-digital/pibox/PiBox.Plugins/Persistence/Abstractions/test/PiBox.Plugins.Persistence.Abstractions.Tests/bin/Release/net8.0/PiBox.Plugins.Persistence.Abstractions.Tests.dll" adapterTypeName="executor://nunit3testexecutor/" className="PiBox.Plugins.Persistence.Abstractions.Tests.QueryOptionsTest" name="CanCallMethodsWithNullValues" />
    </UnitTest>
    <UnitTest name="ToStringIsNiceToRead" storage="/home/lukas/development/github.com/sia-digital/pibox/pibox.plugins/persistence/abstractions/test/pibox.plugins.persistence.abstractions.tests/bin/release/net8.0/pibox.plugins.persistence.abstractions.tests.dll" id="7fdd9354-6d53-004c-0177-f4865d728e21">
      <Execution id="41c8da6d-59a2-41f3-ac33-7db5cdfe7d39" />
      <TestMethod codeBase="/home/lukas/Development/github.com/sia-digital/pibox/PiBox.Plugins/Persistence/Abstractions/test/PiBox.Plugins.Persistence.Abstractions.Tests/bin/Release/net8.0/PiBox.Plugins.Persistence.Abstractions.Tests.dll" adapterTypeName="executor://nunit3testexecutor/" className="PiBox.Plugins.Persistence.Abstractions.Tests.QueryOptionsTest" name="ToStringIsNiceToRead" />
    </UnitTest>
    <UnitTest name="CanFilterAQueryableWithQueryOptions" storage="/home/lukas/development/github.com/sia-digital/pibox/pibox.plugins/persistence/abstractions/test/pibox.plugins.persistence.abstractions.tests/bin/release/net8.0/pibox.plugins.persistence.abstractions.tests.dll" id="9a3ca99d-ddda-502b-eb1b-c3652e35760c">
      <Execution id="44052bdc-d21b-4025-a345-c0087b4c62db" />
      <TestMethod codeBase="/home/lukas/Development/github.com/sia-digital/pibox/PiBox.Plugins/Persistence/Abstractions/test/PiBox.Plugins.Persistence.Abstractions.Tests/bin/Release/net8.0/PiBox.Plugins.Persistence.Abstractions.Tests.dll" adapterTypeName="executor://nunit3testexecutor/" className="PiBox.Plugins.Persistence.Abstractions.Tests.QueryableExtensionsTests" name="CanFilterAQueryableWithQueryOptions" />
    </UnitTest>
    <UnitTest name="QueryOptionsCanBeParsedSuccessfully" storage="/home/lukas/development/github.com/sia-digital/pibox/pibox.plugins/persistence/abstractions/test/pibox.plugins.persistence.abstractions.tests/bin/release/net8.0/pibox.plugins.persistence.abstractions.tests.dll" id="c9e776ac-affc-e1ed-59f6-4f8bf2143c29">
      <Execution id="b20f0148-70e8-4505-a34b-67ca1342cb0a" />
      <TestMethod codeBase="/home/lukas/Development/github.com/sia-digital/pibox/PiBox.Plugins/Persistence/Abstractions/test/PiBox.Plugins.Persistence.Abstractions.Tests/bin/Release/net8.0/PiBox.Plugins.Persistence.Abstractions.Tests.dll" adapterTypeName="executor://nunit3testexecutor/" className="PiBox.Plugins.Persistence.Abstractions.Tests.QueryOptionsTest" name="QueryOptionsCanBeParsedSuccessfully" />
    </UnitTest>
    <UnitTest name="CanHandleOrderByStatement" storage="/home/lukas/development/github.com/sia-digital/pibox/pibox.plugins/persistence/abstractions/test/pibox.plugins.persistence.abstractions.tests/bin/release/net8.0/pibox.plugins.persistence.abstractions.tests.dll" id="54ec008e-0252-08c3-46a8-ef073ccae74a">
      <Execution id="a6907f7b-7d39-46ae-9f2c-cf317449e67b" />
      <TestMethod codeBase="/home/lukas/Development/github.com/sia-digital/pibox/PiBox.Plugins/Persistence/Abstractions/test/PiBox.Plugins.Persistence.Abstractions.Tests/bin/Release/net8.0/PiBox.Plugins.Persistence.Abstractions.Tests.dll" adapterTypeName="executor://nunit3testexecutor/" className="PiBox.Plugins.Persistence.Abstractions.Tests.QueryOptionsTest" name="CanHandleOrderByStatement" />
    </UnitTest>
    <UnitTest name="CanSortEntries" storage="/home/lukas/development/github.com/sia-digital/pibox/pibox.plugins/persistence/abstractions/test/pibox.plugins.persistence.abstractions.tests/bin/release/net8.0/pibox.plugins.persistence.abstractions.tests.dll" id="8c5a80d9-6964-db5e-08bd-02342c71469f">
      <Execution id="93ff13c3-9a9a-427f-bf16-3d5ea4e2d8e4" />
      <TestMethod codeBase="/home/lukas/Development/github.com/sia-digital/pibox/PiBox.Plugins/Persistence/Abstractions/test/PiBox.Plugins.Persistence.Abstractions.Tests/bin/Release/net8.0/PiBox.Plugins.Persistence.Abstractions.Tests.dll" adapterTypeName="executor://nunit3testexecutor/" className="PiBox.Plugins.Persistence.Abstractions.Tests.QueryableExtensionsTests" name="CanSortEntries" />
    </UnitTest>
    <UnitTest name="CanFilterDeepMembers" storage="/home/lukas/development/github.com/sia-digital/pibox/pibox.plugins/persistence/abstractions/test/pibox.plugins.persistence.abstractions.tests/bin/release/net8.0/pibox.plugins.persistence.abstractions.tests.dll" id="98701cf4-a12b-357d-878f-af7f35f18477">
      <Execution id="8199945a-c8a1-4aff-800f-8c40ac060e5e" />
      <TestMethod codeBase="/home/lukas/Development/github.com/sia-digital/pibox/PiBox.Plugins/Persistence/Abstractions/test/PiBox.Plugins.Persistence.Abstractions.Tests/bin/Release/net8.0/PiBox.Plugins.Persistence.Abstractions.Tests.dll" adapterTypeName="executor://nunit3testexecutor/" className="PiBox.Plugins.Persistence.Abstractions.Tests.QueryableExtensionsTests" name="CanFilterDeepMembers" />
    </UnitTest>
  </TestDefinitions>
  <TestEntries>
    <TestEntry testId="b01d4e41-f7d5-330f-64a3-e7cd9e4bce79" executionId="628f2302-a238-4129-98f5-74b967e62232" testListId="8c84fa94-04c1-424b-9868-57a2d4851a1d" />
    <TestEntry testId="54ec008e-0252-08c3-46a8-ef073ccae74a" executionId="a6907f7b-7d39-46ae-9f2c-cf317449e67b" testListId="8c84fa94-04c1-424b-9868-57a2d4851a1d" />
    <TestEntry testId="9a3ca99d-ddda-502b-eb1b-c3652e35760c" executionId="44052bdc-d21b-4025-a345-c0087b4c62db" testListId="8c84fa94-04c1-424b-9868-57a2d4851a1d" />
    <TestEntry testId="2e724d70-087e-b63d-cc4c-5493b5a8fab5" executionId="e4b34352-3808-4d13-a1fa-dae4a88b1b69" testListId="8c84fa94-04c1-424b-9868-57a2d4851a1d" />
    <TestEntry testId="38729ba3-29ff-dc23-9a7d-cff6cb949d49" executionId="ece2238b-5fb8-4280-b5fa-b10ed6e7b72f" testListId="8c84fa94-04c1-424b-9868-57a2d4851a1d" />
    <TestEntry testId="8c5a80d9-6964-db5e-08bd-02342c71469f" executionId="93ff13c3-9a9a-427f-bf16-3d5ea4e2d8e4" testListId="8c84fa94-04c1-424b-9868-57a2d4851a1d" />
    <TestEntry testId="bb8c6d21-9190-cac1-1e60-7fce45bbd69a" executionId="9fbe1933-abe0-4240-8789-8c94c1678ba5" testListId="8c84fa94-04c1-424b-9868-57a2d4851a1d" />
    <TestEntry testId="98701cf4-a12b-357d-878f-af7f35f18477" executionId="8199945a-c8a1-4aff-800f-8c40ac060e5e" testListId="8c84fa94-04c1-424b-9868-57a2d4851a1d" />
    <TestEntry testId="5db20e65-d8b4-e99e-a25f-f8401dd63a3f" executionId="cbf57af3-17d8-45e9-adf5-fcc65392eb7d" testListId="8c84fa94-04c1-424b-9868-57a2d4851a1d" />
    <TestEntry testId="c9e776ac-affc-e1ed-59f6-4f8bf2143c29" executionId="b20f0148-70e8-4505-a34b-67ca1342cb0a" testListId="8c84fa94-04c1-424b-9868-57a2d4851a1d" />
    <TestEntry testId="8f369eb4-1a26-3579-3128-fd1e2e66c88e" executionId="4a806045-e053-4208-83fe-9a83f492e2c7" testListId="8c84fa94-04c1-424b-9868-57a2d4851a1d" />
    <TestEntry testId="7fdd9354-6d53-004c-0177-f4865d728e21" executionId="41c8da6d-59a2-41f3-ac33-7db5cdfe7d39" testListId="8c84fa94-04c1-424b-9868-57a2d4851a1d" />
    <TestEntry testId="bdc2ebfa-bfb2-dae0-c938-a48571d97acb" executionId="2a664ea8-b142-4318-befc-15e024147339" testListId="8c84fa94-04c1-424b-9868-57a2d4851a1d" />
  </TestEntries>
  <TestLists>
    <TestList name="Results Not in a List" id="8c84fa94-04c1-424b-9868-57a2d4851a1d" />
    <TestList name="All Loaded Results" id="19431567-8539-422a-85d7-44ee4e166bda" />
  </TestLists>
  <ResultSummary outcome="Completed">
    <Counters total="13" executed="13" passed="13" failed="0" error="0" timeout="0" aborted="0" inconclusive="0" passedButRunAborted="0" notRunnable="0" notExecuted="0" disconnected="0" warning="0" completed="0" inProgress="0" pending="0" />
    <Output>
      <StdOut>NUnit Adapter 4.5.0.0: Test execution started
Running all tests in /home/lukas/Development/github.com/sia-digital/pibox/PiBox.Plugins/Persistence/Abstractions/test/PiBox.Plugins.Persistence.Abstractions.Tests/bin/Release/net8.0/PiBox.Plugins.Persistence.Abstractions.Tests.dll
   NUnit3TestExecutor discovered 13 of 13 NUnit test cases using Current Discovery mode, Non-Explicit run
NUnit Adapter 4.5.0.0: Test execution complete
</StdOut>
    </Output>
  </ResultSummary>
</TestRun>