<?xml version="1.0" encoding="utf-8"?>
<TestRun id="439e372f-ad11-4500-bc3b-fa4ad44a1e20" name="@wkuerzdoelbt01 2023-11-22 15:52:46" xmlns="http://microsoft.com/schemas/VisualStudio/TeamTest/2010">
  <Times creation="2023-11-22T15:52:46.3095180+01:00" queuing="2023-11-22T15:52:46.3095182+01:00" start="2023-11-22T15:52:41.5334789+01:00" finish="2023-11-22T15:52:47.5950351+01:00" />
  <TestSettings name="default" id="676e8fa6-fe45-47f5-88d6-72b246d3d140">
    <Deployment runDeploymentRoot="_wkuerzdoelbt01_2023-11-22_15_52_46" />
  </TestSettings>
  <Results>
    <UnitTestResult executionId="647510ad-443b-4925-8e36-4b53c08318ab" testId="1d4d063b-a02a-6270-dd0b-f49d6611bb9c" testName="IncrementMetricWorks(&quot;Microsoft.EntityFrameworkCore.Infrastructure.ContextInitialized&quot;,&quot;efcore_dbcontext_created_total&quot;)" computerName="wkuerzdoelbt01" duration="00:00:00.0002650" startTime="2023-11-22T15:52:45.9354768+01:00" endTime="2023-11-22T15:52:45.9357413+01:00" testType="13cdc9d9-ddb5-4fa4-a97d-d965ccfc6d4b" outcome="Passed" testListId="8c84fa94-04c1-424b-9868-57a2d4851a1d" relativeResultsDirectory="647510ad-443b-4925-8e36-4b53c08318ab" />
    <UnitTestResult executionId="0a7d1182-5b00-419a-819a-9fd4be751d05" testId="c2ae55cd-9c34-bdee-8ae0-8f771b8116b1" testName="UpdateHistogramWorks" computerName="wkuerzdoelbt01" duration="00:00:00.0020010" startTime="2023-11-22T15:52:45.9393271+01:00" endTime="2023-11-22T15:52:45.9413286+01:00" testType="13cdc9d9-ddb5-4fa4-a97d-d965ccfc6d4b" outcome="Passed" testListId="8c84fa94-04c1-424b-9868-57a2d4851a1d" relativeResultsDirectory="0a7d1182-5b00-419a-819a-9fd4be751d05" />
    <UnitTestResult executionId="4eb6a984-697e-4784-93df-295d2eb07b19" testId="f2e6a931-0196-9f9c-78a0-59d5aa03beb8" testName="EnrichEfCoreWithActivitySetsOptions" computerName="wkuerzdoelbt01" duration="00:00:00.0599160" startTime="2023-11-22T15:52:46.2185063+01:00" endTime="2023-11-22T15:52:46.2784225+01:00" testType="13cdc9d9-ddb5-4fa4-a97d-d965ccfc6d4b" outcome="Passed" testListId="8c84fa94-04c1-424b-9868-57a2d4851a1d" relativeResultsDirectory="4eb6a984-697e-4784-93df-295d2eb07b19" />
    <UnitTestResult executionId="63b3ddcb-8215-4fb2-a6a7-af3e5ff3f279" testId="476bac83-759f-2f80-e628-c6b14e5eb9c3" testName="MigratesRelationalDatabases" computerName="wkuerzdoelbt01" duration="00:00:00.3357720" startTime="2023-11-22T15:52:46.5821603+01:00" endTime="2023-11-22T15:52:46.9179319+01:00" testType="13cdc9d9-ddb5-4fa4-a97d-d965ccfc6d4b" outcome="Passed" testListId="8c84fa94-04c1-424b-9868-57a2d4851a1d" relativeResultsDirectory="63b3ddcb-8215-4fb2-a6a7-af3e5ff3f279" />
    <UnitTestResult executionId="0a19c0e0-f610-413e-a068-a736c39fd016" testId="e7b65d23-3190-bc8c-10db-6e121b4a2d50" testName="UpdateAsyncWorks" computerName="wkuerzdoelbt01" duration="00:00:00.0071220" startTime="2023-11-22T15:52:46.9606619+01:00" endTime="2023-11-22T15:52:46.9677829+01:00" testType="13cdc9d9-ddb5-4fa4-a97d-d965ccfc6d4b" outcome="Passed" testListId="8c84fa94-04c1-424b-9868-57a2d4851a1d" relativeResultsDirectory="0a19c0e0-f610-413e-a068-a736c39fd016" />
    <UnitTestResult executionId="42d6b508-d225-4e71-9214-a82a07a8b674" testId="02a83d9d-00b5-b09c-a158-4a6f68b4de70" testName="IncrementMetricWithLabelTagWorks(&quot;Microsoft.EntityFrameworkCore.Query.BoolWithDefaultWarning&quot;,&quot;efcore_query_warnings_total&quot;,&quot;BoolWithDefaultWarning&quot;)" computerName="wkuerzdoelbt01" duration="00:00:00.0000300" startTime="2023-11-22T15:52:45.9347564+01:00" endTime="2023-11-22T15:52:45.9347869+01:00" testType="13cdc9d9-ddb5-4fa4-a97d-d965ccfc6d4b" outcome="Passed" testListId="8c84fa94-04c1-424b-9868-57a2d4851a1d" relativeResultsDirectory="42d6b508-d225-4e71-9214-a82a07a8b674" />
    <UnitTestResult executionId="e28072ae-e09d-4dd2-9c47-3a4fa130eddb" testId="4c3cec86-cb78-4238-a6bf-406ec4cea951" testName="CountAsyncWorks" computerName="wkuerzdoelbt01" duration="00:00:00.0058589" startTime="2023-11-22T15:52:46.8746743+01:00" endTime="2023-11-22T15:52:46.8805329+01:00" testType="13cdc9d9-ddb5-4fa4-a97d-d965ccfc6d4b" outcome="Passed" testListId="8c84fa94-04c1-424b-9868-57a2d4851a1d" relativeResultsDirectory="e28072ae-e09d-4dd2-9c47-3a4fa130eddb" />
    <UnitTestResult executionId="dc0db9e5-47de-4279-98c7-abf44bb75cc4" testId="aa8cb7cd-876d-f212-b4df-4c9a52ca8fc0" testName="CanRegisterDbContextAndMapItsEntities" computerName="wkuerzdoelbt01" duration="00:00:00.1476520" startTime="2023-11-22T15:52:46.0683850+01:00" endTime="2023-11-22T15:52:46.2160373+01:00" testType="13cdc9d9-ddb5-4fa4-a97d-d965ccfc6d4b" outcome="Passed" testListId="8c84fa94-04c1-424b-9868-57a2d4851a1d" relativeResultsDirectory="dc0db9e5-47de-4279-98c7-abf44bb75cc4" />
    <UnitTestResult executionId="0a90875c-51cf-4591-9817-748ffd7f56c5" testId="a92ad59d-5eca-4095-2677-af5e2f4f765e" testName="CanAddDbContextHealthCheck" computerName="wkuerzdoelbt01" duration="00:00:00.4240120" startTime="2023-11-22T15:52:45.5931670+01:00" endTime="2023-11-22T15:52:46.0171784+01:00" testType="13cdc9d9-ddb5-4fa4-a97d-d965ccfc6d4b" outcome="Passed" testListId="8c84fa94-04c1-424b-9868-57a2d4851a1d" relativeResultsDirectory="0a90875c-51cf-4591-9817-748ffd7f56c5" />
    <UnitTestResult executionId="98358bb4-7aa0-4a93-b63d-cc504e31ed6c" testId="2f7015e0-5255-2479-9bcb-1c6c9d9b4919" testName="UpdateAsyncCanReturnNotFound" computerName="wkuerzdoelbt01" duration="00:00:00.0077590" startTime="2023-11-22T15:52:46.9528710+01:00" endTime="2023-11-22T15:52:46.9606290+01:00" testType="13cdc9d9-ddb5-4fa4-a97d-d965ccfc6d4b" outcome="Passed" testListId="8c84fa94-04c1-424b-9868-57a2d4851a1d" relativeResultsDirectory="98358bb4-7aa0-4a93-b63d-cc504e31ed6c" />
    <UnitTestResult executionId="f6a9816a-e479-4fc0-9784-0c783587353b" testId="17ec6696-e2b6-01cd-39c2-a3fdbafe6ed3" testName="FindAsyncWorksWithFilter" computerName="wkuerzdoelbt01" duration="00:00:00.0363480" startTime="2023-11-22T15:52:46.8805737+01:00" endTime="2023-11-22T15:52:46.9169214+01:00" testType="13cdc9d9-ddb5-4fa4-a97d-d965ccfc6d4b" outcome="Passed" testListId="8c84fa94-04c1-424b-9868-57a2d4851a1d" relativeResultsDirectory="f6a9816a-e479-4fc0-9784-0c783587353b" />
    <UnitTestResult executionId="454c5471-b816-4ec5-a2fc-903ae7c6eb47" testId="8bd8d779-0bf0-37d5-3e1b-552324f400ae" testName="ConfigureApplicationWorks" computerName="wkuerzdoelbt01" duration="00:00:00.2980010" startTime="2023-11-22T15:52:45.5982854+01:00" endTime="2023-11-22T15:52:45.8961687+01:00" testType="13cdc9d9-ddb5-4fa4-a97d-d965ccfc6d4b" outcome="Passed" testListId="8c84fa94-04c1-424b-9868-57a2d4851a1d" relativeResultsDirectory="454c5471-b816-4ec5-a2fc-903ae7c6eb47" />
    <UnitTestResult executionId="efb8fa32-663f-4801-a5a6-3705daffa0be" testId="87363cf7-f0b5-b075-54b6-b36c6b028d54" testName="DoesNotThrowExceptionWhenDbIsNotRelational" computerName="wkuerzdoelbt01" duration="00:00:00.3660460" startTime="2023-11-22T15:52:46.2160739+01:00" endTime="2023-11-22T15:52:46.5821192+01:00" testType="13cdc9d9-ddb5-4fa4-a97d-d965ccfc6d4b" outcome="Passed" testListId="8c84fa94-04c1-424b-9868-57a2d4851a1d" relativeResultsDirectory="efb8fa32-663f-4801-a5a6-3705daffa0be" />
    <UnitTestResult executionId="bed22593-cae3-4756-9f1e-6882a74d7a05" testId="0ad99baf-1a57-4488-0cd3-17d1fd43bd3b" testName="IncrementMetricWithLabelTagWorks(&quot;Microsoft.EntityFrameworkCore.Database.Command.CommandError&quot;,&quot;efcore_command_errors_total&quot;,&quot;command&quot;)" computerName="wkuerzdoelbt01" duration="00:00:00.0006280" startTime="2023-11-22T15:52:45.9334360+01:00" endTime="2023-11-22T15:52:45.9340630+01:00" testType="13cdc9d9-ddb5-4fa4-a97d-d965ccfc6d4b" outcome="Passed" testListId="8c84fa94-04c1-424b-9868-57a2d4851a1d" relativeResultsDirectory="bed22593-cae3-4756-9f1e-6882a74d7a05" />
    <UnitTestResult executionId="ad3d6220-d778-494c-bb13-e765e3e5f9d9" testId="9ff94d4b-99b2-8100-f234-7a41ecebfd8f" testName="RemoveAsyncWorks" computerName="wkuerzdoelbt01" duration="00:00:00.0079390" startTime="2023-11-22T15:52:46.9448980+01:00" endTime="2023-11-22T15:52:46.9528369+01:00" testType="13cdc9d9-ddb5-4fa4-a97d-d965ccfc6d4b" outcome="Passed" testListId="8c84fa94-04c1-424b-9868-57a2d4851a1d" relativeResultsDirectory="ad3d6220-d778-494c-bb13-e765e3e5f9d9" />
    <UnitTestResult executionId="b4479e2b-2c94-4711-a1ce-2058a31a535f" testId="8f1ea140-6179-5378-faab-1ec8fdb5e651" testName="IncrementMetricWorks(&quot;Microsoft.EntityFrameworkCore.Database.Connection.ConnectionOpened&quot;,&quot;efcore_connection_opened_total&quot;)" computerName="wkuerzdoelbt01" duration="00:00:00.0000349" startTime="2023-11-22T15:52:45.9358291+01:00" endTime="2023-11-22T15:52:45.9358646+01:00" testType="13cdc9d9-ddb5-4fa4-a97d-d965ccfc6d4b" outcome="Passed" testListId="8c84fa94-04c1-424b-9868-57a2d4851a1d" relativeResultsDirectory="b4479e2b-2c94-4711-a1ce-2058a31a535f" />
    <UnitTestResult executionId="60021aac-0f02-43c9-a1da-5f8d0d285a76" testId="4e673b02-e3e3-1553-f312-a58aa3c8ef12" testName="IncrementMetricWithLabelTagWorks(&quot;Microsoft.EntityFrameworkCore.Query.QueryPossibleUnintendedUseOfEqualsWarning&quot;,&quot;efcore_query_warnings_total&quot;,&quot;QueryPossibleUnintendedUseOfEqualsWarning&quot;)" computerName="wkuerzdoelbt01" duration="00:00:00.0004800" startTime="2023-11-22T15:52:45.9341077+01:00" endTime="2023-11-22T15:52:45.9345874+01:00" testType="13cdc9d9-ddb5-4fa4-a97d-d965ccfc6d4b" outcome="Passed" testListId="8c84fa94-04c1-424b-9868-57a2d4851a1d" relativeResultsDirectory="60021aac-0f02-43c9-a1da-5f8d0d285a76" />
    <UnitTestResult executionId="b6de6366-9255-4e6e-bf17-49af46fe270e" testId="b12daa87-dd01-a2a1-f350-78aa7a17177a" testName="IncrementMetricWorks(&quot;Microsoft.EntityFrameworkCore.Database.Connection.ConnectionClosed&quot;,&quot;efcore_connection_closed_total&quot;)" computerName="wkuerzdoelbt01" duration="00:00:00.0000400" startTime="2023-11-22T15:52:45.9358739+01:00" endTime="2023-11-22T15:52:45.9359135+01:00" testType="13cdc9d9-ddb5-4fa4-a97d-d965ccfc6d4b" outcome="Passed" testListId="8c84fa94-04c1-424b-9868-57a2d4851a1d" relativeResultsDirectory="b6de6366-9255-4e6e-bf17-49af46fe270e" />
    <UnitTestResult executionId="2e1a0e30-1280-43a6-a395-56dce9c760a8" testId="ff511d72-4559-db7a-4d71-ccf5105ff4b7" testName="IncrementMetricWithLabelTagWorks(&quot;Microsoft.EntityFrameworkCore.Query.QueryPossibleExceptionWithAggregateOperatorWarning&quot;,&quot;efcore_query_warnings_total&quot;,&quot;QueryPossibleExceptionWithAggregateOperatorWarning&quot;)" computerName="wkuerzdoelbt01" duration="00:00:00.0000780" startTime="2023-11-22T15:52:45.9346183+01:00" endTime="2023-11-22T15:52:45.9346960+01:00" testType="13cdc9d9-ddb5-4fa4-a97d-d965ccfc6d4b" outcome="Passed" testListId="8c84fa94-04c1-424b-9868-57a2d4851a1d" relativeResultsDirectory="2e1a0e30-1280-43a6-a395-56dce9c760a8" />
    <UnitTestResult executionId="b9e5360b-4411-4ec5-82b4-2f1176d71006" testId="42f4c90a-9405-9159-04e9-559eef5a9e07" testName="CanMigrateAllContexts" computerName="wkuerzdoelbt01" duration="00:00:00.0362860" startTime="2023-11-22T15:52:46.0190707+01:00" endTime="2023-11-22T15:52:46.0553566+01:00" testType="13cdc9d9-ddb5-4fa4-a97d-d965ccfc6d4b" outcome="Passed" testListId="8c84fa94-04c1-424b-9868-57a2d4851a1d" relativeResultsDirectory="b9e5360b-4411-4ec5-82b4-2f1176d71006" />
    <UnitTestResult executionId="af94cef9-7f0a-448f-842a-9252e24ea5b7" testId="49b7275e-bc21-df2d-58af-74ef22313b08" testName="IncrementMetricWorks(&quot;Microsoft.EntityFrameworkCore.Infrastructure.ContextDisposed&quot;,&quot;efcore_dbcontext_disposed_total&quot;)" computerName="wkuerzdoelbt01" duration="00:00:00.0000560" startTime="2023-11-22T15:52:45.9357626+01:00" endTime="2023-11-22T15:52:45.9358184+01:00" testType="13cdc9d9-ddb5-4fa4-a97d-d965ccfc6d4b" outcome="Passed" testListId="8c84fa94-04c1-424b-9868-57a2d4851a1d" relativeResultsDirectory="af94cef9-7f0a-448f-842a-9252e24ea5b7" />
    <UnitTestResult executionId="6b6214ec-8e3b-4980-86a9-97bb9dec7210" testId="c548ab13-63e2-b71f-e3ad-8b8fcda466a0" testName="IncrementMetricWithLabelTagWorks(&quot;Microsoft.EntityFrameworkCore.Query.ModelValidationKeyDefaultValueWarning&quot;,&quot;efcore_query_warnings_total&quot;,&quot;ModelValidationKeyDefaultValueWarning&quot;)" computerName="wkuerzdoelbt01" duration="00:00:00.0000390" startTime="2023-11-22T15:52:45.9347069+01:00" endTime="2023-11-22T15:52:45.9347461+01:00" testType="13cdc9d9-ddb5-4fa4-a97d-d965ccfc6d4b" outcome="Passed" testListId="8c84fa94-04c1-424b-9868-57a2d4851a1d" relativeResultsDirectory="6b6214ec-8e3b-4980-86a9-97bb9dec7210" />
    <UnitTestResult executionId="05a72b48-013f-4f95-968c-905105589a03" testId="1d4d063b-a02a-6270-dd0b-f49d6611bb9c" testName="IncrementMetricWorks(&quot;Microsoft.EntityFrameworkCore.Infrastructure.ContextInitialized&quot;,&quot;efcore_dbcontext_created_total&quot;)" computerName="wkuerzdoelbt01" duration="00:00:00.0005670" startTime="2023-11-22T15:52:45.9348859+01:00" endTime="2023-11-22T15:52:45.9354527+01:00" testType="13cdc9d9-ddb5-4fa4-a97d-d965ccfc6d4b" outcome="Passed" testListId="8c84fa94-04c1-424b-9868-57a2d4851a1d" relativeResultsDirectory="05a72b48-013f-4f95-968c-905105589a03" />
    <UnitTestResult executionId="aa7e54b2-bac4-4ab8-8af1-04c92712a258" testId="8ce0b702-f650-24ee-17bf-b1456a63ea15" testName="FindByIdAsyncCanReturnNotFound" computerName="wkuerzdoelbt01" duration="00:00:00.0146730" startTime="2023-11-22T15:52:46.9225500+01:00" endTime="2023-11-22T15:52:46.9372224+01:00" testType="13cdc9d9-ddb5-4fa4-a97d-d965ccfc6d4b" outcome="Passed" testListId="8c84fa94-04c1-424b-9868-57a2d4851a1d" relativeResultsDirectory="aa7e54b2-bac4-4ab8-8af1-04c92712a258" />
    <UnitTestResult executionId="784f6d93-e55d-4b57-892d-d3383e465318" testId="48e17cc8-13fe-774c-87fd-871f37010807" testName="ConfigureServicesWorks" computerName="wkuerzdoelbt01" duration="00:00:00.3039819" startTime="2023-11-22T15:52:45.9132290+01:00" endTime="2023-11-22T15:52:46.2172113+01:00" testType="13cdc9d9-ddb5-4fa4-a97d-d965ccfc6d4b" outcome="Passed" testListId="8c84fa94-04c1-424b-9868-57a2d4851a1d" relativeResultsDirectory="784f6d93-e55d-4b57-892d-d3383e465318" />
    <UnitTestResult executionId="c8714a6f-d637-488f-98a2-f7304f407786" testId="e7f058fe-914d-1ad0-9ae7-87c90dbd2c70" testName="RemoveAsyncCanReturnNotFound" computerName="wkuerzdoelbt01" duration="00:00:00.0042600" startTime="2023-11-22T15:52:46.9406063+01:00" endTime="2023-11-22T15:52:46.9448655+01:00" testType="13cdc9d9-ddb5-4fa4-a97d-d965ccfc6d4b" outcome="Passed" testListId="8c84fa94-04c1-424b-9868-57a2d4851a1d" relativeResultsDirectory="c8714a6f-d637-488f-98a2-f7304f407786" />
    <UnitTestResult executionId="c5c1fc3f-2701-44ab-b9f6-e54062ce902d" testId="0f5e763e-8625-23ea-8266-dbf6d0b62256" testName="AddAsyncWorks" computerName="wkuerzdoelbt01" duration="00:00:00.8026950" startTime="2023-11-22T15:52:45.8940078+01:00" endTime="2023-11-22T15:52:46.6967035+01:00" testType="13cdc9d9-ddb5-4fa4-a97d-d965ccfc6d4b" outcome="Passed" testListId="8c84fa94-04c1-424b-9868-57a2d4851a1d" relativeResultsDirectory="c5c1fc3f-2701-44ab-b9f6-e54062ce902d" />
    <UnitTestResult executionId="76b48b06-9a06-4f7d-b2fc-b769177fc619" testId="9f1b4091-1cfe-380e-fb01-5dab544da6a7" testName="IncrementMetricWithCustomEventTypeWorks(&quot;Microsoft.EntityFrameworkCore.Database.Transaction.TransactionCommitted&quot;,&quot;efcore_transaction_committed_total&quot;)" computerName="wkuerzdoelbt01" duration="00:00:00.0024840" startTime="2023-11-22T15:52:45.9304364+01:00" endTime="2023-11-22T15:52:45.9329195+01:00" testType="13cdc9d9-ddb5-4fa4-a97d-d965ccfc6d4b" outcome="Passed" testListId="8c84fa94-04c1-424b-9868-57a2d4851a1d" relativeResultsDirectory="76b48b06-9a06-4f7d-b2fc-b769177fc619" />
    <UnitTestResult executionId="5009df32-df3b-4597-a98c-95731971c5ef" testId="d1c5e059-f7f9-fbd5-b818-d1222009a633" testName="FindAsyncWorksWithoutFilter" computerName="wkuerzdoelbt01" duration="00:00:00.0055620" startTime="2023-11-22T15:52:46.9169542+01:00" endTime="2023-11-22T15:52:46.9225155+01:00" testType="13cdc9d9-ddb5-4fa4-a97d-d965ccfc6d4b" outcome="Passed" testListId="8c84fa94-04c1-424b-9868-57a2d4851a1d" relativeResultsDirectory="5009df32-df3b-4597-a98c-95731971c5ef" />
    <UnitTestResult executionId="b3d0e003-d77b-4418-82b3-03ed99b6c951" testId="c848415b-7c45-20ad-d78b-1b8477ed2741" testName="CountAsyncWithFilterWorks" computerName="wkuerzdoelbt01" duration="00:00:00.1778760" startTime="2023-11-22T15:52:46.6967473+01:00" endTime="2023-11-22T15:52:46.8746231+01:00" testType="13cdc9d9-ddb5-4fa4-a97d-d965ccfc6d4b" outcome="Passed" testListId="8c84fa94-04c1-424b-9868-57a2d4851a1d" relativeResultsDirectory="b3d0e003-d77b-4418-82b3-03ed99b6c951" />
    <UnitTestResult executionId="149c231f-1059-4f8d-aa36-6f12435a4743" testId="71164a9c-9583-5e05-b9e7-0ec4200c2e20" testName="IncrementMetricWithCustomEventTypeAndLabelTagWorks(&quot;Microsoft.EntityFrameworkCore.Database.Transaction.TransactionError&quot;,&quot;efcore_command_errors_total&quot;,&quot;transaction&quot;)" computerName="wkuerzdoelbt01" duration="00:00:00.3168340" startTime="2023-11-22T15:52:45.5933602+01:00" endTime="2023-11-22T15:52:45.9101934+01:00" testType="13cdc9d9-ddb5-4fa4-a97d-d965ccfc6d4b" outcome="Passed" testListId="8c84fa94-04c1-424b-9868-57a2d4851a1d" relativeResultsDirectory="149c231f-1059-4f8d-aa36-6f12435a4743" />
    <UnitTestResult executionId="c54bde47-d289-4726-994e-4706cd6fddd5" testId="7e58aa3d-e186-151a-c9ec-676d88d5078e" testName="IncrementMetricWithCustomEventTypeWorks(&quot;Microsoft.EntityFrameworkCore.Database.Transaction.TransactionRolledBack&quot;,&quot;efcore_transaction_rollback_total&quot;)" computerName="wkuerzdoelbt01" duration="00:00:00.0003610" startTime="2023-11-22T15:52:45.9329542+01:00" endTime="2023-11-22T15:52:45.9333150+01:00" testType="13cdc9d9-ddb5-4fa4-a97d-d965ccfc6d4b" outcome="Passed" testListId="8c84fa94-04c1-424b-9868-57a2d4851a1d" relativeResultsDirectory="c54bde47-d289-4726-994e-4706cd6fddd5" />
    <UnitTestResult executionId="74c87e5f-f77b-4f5b-9710-8892f6ee3d94" testId="b5d598ed-beee-7d7b-9500-24df042d6eae" testName="MetricsAreOnlyCreatedOnce" computerName="wkuerzdoelbt01" duration="00:00:00.0014220" startTime="2023-11-22T15:52:45.9363379+01:00" endTime="2023-11-22T15:52:45.9377595+01:00" testType="13cdc9d9-ddb5-4fa4-a97d-d965ccfc6d4b" outcome="Passed" testListId="8c84fa94-04c1-424b-9868-57a2d4851a1d" relativeResultsDirectory="74c87e5f-f77b-4f5b-9710-8892f6ee3d94" />
    <UnitTestResult executionId="06e376c7-31a2-484e-a217-429f038fbf37" testId="20338472-0c9c-e369-99e6-0499cc12608f" testName="IncrementMetricWorks(&quot;Microsoft.EntityFrameworkCore.Database.Connection.ConnectionError&quot;,&quot;efcore_connection_errors_total&quot;)" computerName="wkuerzdoelbt01" duration="00:00:00.0000749" startTime="2023-11-22T15:52:45.9362156+01:00" endTime="2023-11-22T15:52:45.9362904+01:00" testType="13cdc9d9-ddb5-4fa4-a97d-d965ccfc6d4b" outcome="Passed" testListId="8c84fa94-04c1-424b-9868-57a2d4851a1d" relativeResultsDirectory="06e376c7-31a2-484e-a217-429f038fbf37" />
    <UnitTestResult executionId="93309f95-2ee6-4ba0-9ecc-ec82bd4c4019" testId="c204d79d-42f2-0ce2-aa6a-a66472ce8647" testName="FindByIdAsyncWorks" computerName="wkuerzdoelbt01" duration="00:00:00.0033130" startTime="2023-11-22T15:52:46.9372613+01:00" endTime="2023-11-22T15:52:46.9405738+01:00" testType="13cdc9d9-ddb5-4fa4-a97d-d965ccfc6d4b" outcome="Passed" testListId="8c84fa94-04c1-424b-9868-57a2d4851a1d" relativeResultsDirectory="93309f95-2ee6-4ba0-9ecc-ec82bd4c4019" />
  </Results>
  <TestDefinitions>
    <UnitTest name="IncrementMetricWithLabelTagWorks(&quot;Microsoft.EntityFrameworkCore.Query.QueryPossibleExceptionWithAggregateOperatorWarning&quot;,&quot;efcore_query_warnings_total&quot;,&quot;QueryPossibleExceptionWithAggregateOperatorWarning&quot;)" storage="/home/lukas/development/github.com/sia-digital/pibox/pibox.plugins/persistence/entityframework/test/pibox.plugins.persistence.entityframework.tests/bin/release/net8.0/pibox.plugins.persistence.entityframework.tests.dll" id="ff511d72-4559-db7a-4d71-ccf5105ff4b7">
      <Execution id="2e1a0e30-1280-43a6-a395-56dce9c760a8" />
      <TestMethod codeBase="/home/lukas/Development/github.com/sia-digital/pibox/PiBox.Plugins/Persistence/EntityFramework/test/PiBox.Plugins.Persistence.EntityFramework.Tests/bin/Release/net8.0/PiBox.Plugins.Persistence.EntityFramework.Tests.dll" adapterTypeName="executor://nunit3testexecutor/" className="PiBox.Plugins.Persistence.EntityFramework.Tests.ObserverTests" name="IncrementMetricWithLabelTagWorks(&quot;Microsoft.EntityFrameworkCore.Query.QueryPossibleExceptionWithAggregateOperatorWarning&quot;,&quot;efcore_query_warnings_total&quot;,&quot;QueryPossibleExceptionWithAggregateOperatorWarning&quot;)" />
    </UnitTest>
    <UnitTest name="EnrichEfCoreWithActivitySetsOptions" storage="/home/lukas/development/github.com/sia-digital/pibox/pibox.plugins/persistence/entityframework/test/pibox.plugins.persistence.entityframework.tests/bin/release/net8.0/pibox.plugins.persistence.entityframework.tests.dll" id="f2e6a931-0196-9f9c-78a0-59d5aa03beb8">
      <Execution id="4eb6a984-697e-4784-93df-295d2eb07b19" />
      <TestMethod codeBase="/home/lukas/Development/github.com/sia-digital/pibox/PiBox.Plugins/Persistence/EntityFramework/test/PiBox.Plugins.Persistence.EntityFramework.Tests/bin/Release/net8.0/PiBox.Plugins.Persistence.EntityFramework.Tests.dll" adapterTypeName="executor://nunit3testexecutor/" className="PiBox.Plugins.Persistence.EntityFramework.Tests.EntityFrameworkPluginTests" name="EnrichEfCoreWithActivitySetsOptions" />
    </UnitTest>
    <UnitTest name="ConfigureApplicationWorks" storage="/home/lukas/development/github.com/sia-digital/pibox/pibox.plugins/persistence/entityframework/test/pibox.plugins.persistence.entityframework.tests/bin/release/net8.0/pibox.plugins.persistence.entityframework.tests.dll" id="8bd8d779-0bf0-37d5-3e1b-552324f400ae">
      <Execution id="454c5471-b816-4ec5-a2fc-903ae7c6eb47" />
      <TestMethod codeBase="/home/lukas/Development/github.com/sia-digital/pibox/PiBox.Plugins/Persistence/EntityFramework/test/PiBox.Plugins.Persistence.EntityFramework.Tests/bin/Release/net8.0/PiBox.Plugins.Persistence.EntityFramework.Tests.dll" adapterTypeName="executor://nunit3testexecutor/" className="PiBox.Plugins.Persistence.EntityFramework.Tests.EntityFrameworkPluginTests" name="ConfigureApplicationWorks" />
    </UnitTest>
    <UnitTest name="UpdateAsyncWorks" storage="/home/lukas/development/github.com/sia-digital/pibox/pibox.plugins/persistence/entityframework/test/pibox.plugins.persistence.entityframework.tests/bin/release/net8.0/pibox.plugins.persistence.entityframework.tests.dll" id="e7b65d23-3190-bc8c-10db-6e121b4a2d50">
      <Execution id="0a19c0e0-f610-413e-a068-a736c39fd016" />
      <TestMethod codeBase="/home/lukas/Development/github.com/sia-digital/pibox/PiBox.Plugins/Persistence/EntityFramework/test/PiBox.Plugins.Persistence.EntityFramework.Tests/bin/Release/net8.0/PiBox.Plugins.Persistence.EntityFramework.Tests.dll" adapterTypeName="executor://nunit3testexecutor/" className="PiBox.Plugins.Persistence.EntityFramework.Tests.EntityFrameworkRepositoryTests" name="UpdateAsyncWorks" />
    </UnitTest>
    <UnitTest name="IncrementMetricWithLabelTagWorks(&quot;Microsoft.EntityFrameworkCore.Query.ModelValidationKeyDefaultValueWarning&quot;,&quot;efcore_query_warnings_total&quot;,&quot;ModelValidationKeyDefaultValueWarning&quot;)" storage="/home/lukas/development/github.com/sia-digital/pibox/pibox.plugins/persistence/entityframework/test/pibox.plugins.persistence.entityframework.tests/bin/release/net8.0/pibox.plugins.persistence.entityframework.tests.dll" id="c548ab13-63e2-b71f-e3ad-8b8fcda466a0">
      <Execution id="6b6214ec-8e3b-4980-86a9-97bb9dec7210" />
      <TestMethod codeBase="/home/lukas/Development/github.com/sia-digital/pibox/PiBox.Plugins/Persistence/EntityFramework/test/PiBox.Plugins.Persistence.EntityFramework.Tests/bin/Release/net8.0/PiBox.Plugins.Persistence.EntityFramework.Tests.dll" adapterTypeName="executor://nunit3testexecutor/" className="PiBox.Plugins.Persistence.EntityFramework.Tests.ObserverTests" name="IncrementMetricWithLabelTagWorks(&quot;Microsoft.EntityFrameworkCore.Query.ModelValidationKeyDefaultValueWarning&quot;,&quot;efcore_query_warnings_total&quot;,&quot;ModelValidationKeyDefaultValueWarning&quot;)" />
    </UnitTest>
    <UnitTest name="IncrementMetricWithLabelTagWorks(&quot;Microsoft.EntityFrameworkCore.Query.BoolWithDefaultWarning&quot;,&quot;efcore_query_warnings_total&quot;,&quot;BoolWithDefaultWarning&quot;)" storage="/home/lukas/development/github.com/sia-digital/pibox/pibox.plugins/persistence/entityframework/test/pibox.plugins.persistence.entityframework.tests/bin/release/net8.0/pibox.plugins.persistence.entityframework.tests.dll" id="02a83d9d-00b5-b09c-a158-4a6f68b4de70">
      <Execution id="42d6b508-d225-4e71-9214-a82a07a8b674" />
      <TestMethod codeBase="/home/lukas/Development/github.com/sia-digital/pibox/PiBox.Plugins/Persistence/EntityFramework/test/PiBox.Plugins.Persistence.EntityFramework.Tests/bin/Release/net8.0/PiBox.Plugins.Persistence.EntityFramework.Tests.dll" adapterTypeName="executor://nunit3testexecutor/" className="PiBox.Plugins.Persistence.EntityFramework.Tests.ObserverTests" name="IncrementMetricWithLabelTagWorks(&quot;Microsoft.EntityFrameworkCore.Query.BoolWithDefaultWarning&quot;,&quot;efcore_query_warnings_total&quot;,&quot;BoolWithDefaultWarning&quot;)" />
    </UnitTest>
    <UnitTest name="IncrementMetricWorks(&quot;Microsoft.EntityFrameworkCore.Database.Connection.ConnectionError&quot;,&quot;efcore_connection_errors_total&quot;)" storage="/home/lukas/development/github.com/sia-digital/pibox/pibox.plugins/persistence/entityframework/test/pibox.plugins.persistence.entityframework.tests/bin/release/net8.0/pibox.plugins.persistence.entityframework.tests.dll" id="20338472-0c9c-e369-99e6-0499cc12608f">
      <Execution id="06e376c7-31a2-484e-a217-429f038fbf37" />
      <TestMethod codeBase="/home/lukas/Development/github.com/sia-digital/pibox/PiBox.Plugins/Persistence/EntityFramework/test/PiBox.Plugins.Persistence.EntityFramework.Tests/bin/Release/net8.0/PiBox.Plugins.Persistence.EntityFramework.Tests.dll" adapterTypeName="executor://nunit3testexecutor/" className="PiBox.Plugins.Persistence.EntityFramework.Tests.ObserverTests" name="IncrementMetricWorks(&quot;Microsoft.EntityFrameworkCore.Database.Connection.ConnectionError&quot;,&quot;efcore_connection_errors_total&quot;)" />
    </UnitTest>
    <UnitTest name="AddAsyncWorks" storage="/home/lukas/development/github.com/sia-digital/pibox/pibox.plugins/persistence/entityframework/test/pibox.plugins.persistence.entityframework.tests/bin/release/net8.0/pibox.plugins.persistence.entityframework.tests.dll" id="0f5e763e-8625-23ea-8266-dbf6d0b62256">
      <Execution id="c5c1fc3f-2701-44ab-b9f6-e54062ce902d" />
      <TestMethod codeBase="/home/lukas/Development/github.com/sia-digital/pibox/PiBox.Plugins/Persistence/EntityFramework/test/PiBox.Plugins.Persistence.EntityFramework.Tests/bin/Release/net8.0/PiBox.Plugins.Persistence.EntityFramework.Tests.dll" adapterTypeName="executor://nunit3testexecutor/" className="PiBox.Plugins.Persistence.EntityFramework.Tests.EntityFrameworkRepositoryTests" name="AddAsyncWorks" />
    </UnitTest>
    <UnitTest name="CanMigrateAllContexts" storage="/home/lukas/development/github.com/sia-digital/pibox/pibox.plugins/persistence/entityframework/test/pibox.plugins.persistence.entityframework.tests/bin/release/net8.0/pibox.plugins.persistence.entityframework.tests.dll" id="42f4c90a-9405-9159-04e9-559eef5a9e07">
      <Execution id="b9e5360b-4411-4ec5-82b4-2f1176d71006" />
      <TestMethod codeBase="/home/lukas/Development/github.com/sia-digital/pibox/PiBox.Plugins/Persistence/EntityFramework/test/PiBox.Plugins.Persistence.EntityFramework.Tests/bin/Release/net8.0/PiBox.Plugins.Persistence.EntityFramework.Tests.dll" adapterTypeName="executor://nunit3testexecutor/" className="PiBox.Plugins.Persistence.EntityFramework.Tests.DependencyInjectionExtensionsTests" name="CanMigrateAllContexts" />
    </UnitTest>
    <UnitTest name="ConfigureServicesWorks" storage="/home/lukas/development/github.com/sia-digital/pibox/pibox.plugins/persistence/entityframework/test/pibox.plugins.persistence.entityframework.tests/bin/release/net8.0/pibox.plugins.persistence.entityframework.tests.dll" id="48e17cc8-13fe-774c-87fd-871f37010807">
      <Execution id="784f6d93-e55d-4b57-892d-d3383e465318" />
      <TestMethod codeBase="/home/lukas/Development/github.com/sia-digital/pibox/PiBox.Plugins/Persistence/EntityFramework/test/PiBox.Plugins.Persistence.EntityFramework.Tests/bin/Release/net8.0/PiBox.Plugins.Persistence.EntityFramework.Tests.dll" adapterTypeName="executor://nunit3testexecutor/" className="PiBox.Plugins.Persistence.EntityFramework.Tests.EntityFrameworkPluginTests" name="ConfigureServicesWorks" />
    </UnitTest>
    <UnitTest name="DoesNotThrowExceptionWhenDbIsNotRelational" storage="/home/lukas/development/github.com/sia-digital/pibox/pibox.plugins/persistence/entityframework/test/pibox.plugins.persistence.entityframework.tests/bin/release/net8.0/pibox.plugins.persistence.entityframework.tests.dll" id="87363cf7-f0b5-b075-54b6-b36c6b028d54">
      <Execution id="efb8fa32-663f-4801-a5a6-3705daffa0be" />
      <TestMethod codeBase="/home/lukas/Development/github.com/sia-digital/pibox/PiBox.Plugins/Persistence/EntityFramework/test/PiBox.Plugins.Persistence.EntityFramework.Tests/bin/Release/net8.0/PiBox.Plugins.Persistence.EntityFramework.Tests.dll" adapterTypeName="executor://nunit3testexecutor/" className="PiBox.Plugins.Persistence.EntityFramework.Tests.DependencyInjectionExtensionsTests" name="DoesNotThrowExceptionWhenDbIsNotRelational" />
    </UnitTest>
    <UnitTest name="MigratesRelationalDatabases" storage="/home/lukas/development/github.com/sia-digital/pibox/pibox.plugins/persistence/entityframework/test/pibox.plugins.persistence.entityframework.tests/bin/release/net8.0/pibox.plugins.persistence.entityframework.tests.dll" id="476bac83-759f-2f80-e628-c6b14e5eb9c3">
      <Execution id="63b3ddcb-8215-4fb2-a6a7-af3e5ff3f279" />
      <TestMethod codeBase="/home/lukas/Development/github.com/sia-digital/pibox/PiBox.Plugins/Persistence/EntityFramework/test/PiBox.Plugins.Persistence.EntityFramework.Tests/bin/Release/net8.0/PiBox.Plugins.Persistence.EntityFramework.Tests.dll" adapterTypeName="executor://nunit3testexecutor/" className="PiBox.Plugins.Persistence.EntityFramework.Tests.DependencyInjectionExtensionsTests" name="MigratesRelationalDatabases" />
    </UnitTest>
    <UnitTest name="IncrementMetricWithCustomEventTypeWorks(&quot;Microsoft.EntityFrameworkCore.Database.Transaction.TransactionCommitted&quot;,&quot;efcore_transaction_committed_total&quot;)" storage="/home/lukas/development/github.com/sia-digital/pibox/pibox.plugins/persistence/entityframework/test/pibox.plugins.persistence.entityframework.tests/bin/release/net8.0/pibox.plugins.persistence.entityframework.tests.dll" id="9f1b4091-1cfe-380e-fb01-5dab544da6a7">
      <Execution id="76b48b06-9a06-4f7d-b2fc-b769177fc619" />
      <TestMethod codeBase="/home/lukas/Development/github.com/sia-digital/pibox/PiBox.Plugins/Persistence/EntityFramework/test/PiBox.Plugins.Persistence.EntityFramework.Tests/bin/Release/net8.0/PiBox.Plugins.Persistence.EntityFramework.Tests.dll" adapterTypeName="executor://nunit3testexecutor/" className="PiBox.Plugins.Persistence.EntityFramework.Tests.ObserverTests" name="IncrementMetricWithCustomEventTypeWorks(&quot;Microsoft.EntityFrameworkCore.Database.Transaction.TransactionCommitted&quot;,&quot;efcore_transaction_committed_total&quot;)" />
    </UnitTest>
    <UnitTest name="FindByIdAsyncCanReturnNotFound" storage="/home/lukas/development/github.com/sia-digital/pibox/pibox.plugins/persistence/entityframework/test/pibox.plugins.persistence.entityframework.tests/bin/release/net8.0/pibox.plugins.persistence.entityframework.tests.dll" id="8ce0b702-f650-24ee-17bf-b1456a63ea15">
      <Execution id="aa7e54b2-bac4-4ab8-8af1-04c92712a258" />
      <TestMethod codeBase="/home/lukas/Development/github.com/sia-digital/pibox/PiBox.Plugins/Persistence/EntityFramework/test/PiBox.Plugins.Persistence.EntityFramework.Tests/bin/Release/net8.0/PiBox.Plugins.Persistence.EntityFramework.Tests.dll" adapterTypeName="executor://nunit3testexecutor/" className="PiBox.Plugins.Persistence.EntityFramework.Tests.EntityFrameworkRepositoryTests" name="FindByIdAsyncCanReturnNotFound" />
    </UnitTest>
    <UnitTest name="MetricsAreOnlyCreatedOnce" storage="/home/lukas/development/github.com/sia-digital/pibox/pibox.plugins/persistence/entityframework/test/pibox.plugins.persistence.entityframework.tests/bin/release/net8.0/pibox.plugins.persistence.entityframework.tests.dll" id="b5d598ed-beee-7d7b-9500-24df042d6eae">
      <Execution id="74c87e5f-f77b-4f5b-9710-8892f6ee3d94" />
      <TestMethod codeBase="/home/lukas/Development/github.com/sia-digital/pibox/PiBox.Plugins/Persistence/EntityFramework/test/PiBox.Plugins.Persistence.EntityFramework.Tests/bin/Release/net8.0/PiBox.Plugins.Persistence.EntityFramework.Tests.dll" adapterTypeName="executor://nunit3testexecutor/" className="PiBox.Plugins.Persistence.EntityFramework.Tests.ObserverTests" name="MetricsAreOnlyCreatedOnce" />
    </UnitTest>
    <UnitTest name="IncrementMetricWorks(&quot;Microsoft.EntityFrameworkCore.Database.Connection.ConnectionOpened&quot;,&quot;efcore_connection_opened_total&quot;)" storage="/home/lukas/development/github.com/sia-digital/pibox/pibox.plugins/persistence/entityframework/test/pibox.plugins.persistence.entityframework.tests/bin/release/net8.0/pibox.plugins.persistence.entityframework.tests.dll" id="8f1ea140-6179-5378-faab-1ec8fdb5e651">
      <Execution id="b4479e2b-2c94-4711-a1ce-2058a31a535f" />
      <TestMethod codeBase="/home/lukas/Development/github.com/sia-digital/pibox/PiBox.Plugins/Persistence/EntityFramework/test/PiBox.Plugins.Persistence.EntityFramework.Tests/bin/Release/net8.0/PiBox.Plugins.Persistence.EntityFramework.Tests.dll" adapterTypeName="executor://nunit3testexecutor/" className="PiBox.Plugins.Persistence.EntityFramework.Tests.ObserverTests" name="IncrementMetricWorks(&quot;Microsoft.EntityFrameworkCore.Database.Connection.ConnectionOpened&quot;,&quot;efcore_connection_opened_total&quot;)" />
    </UnitTest>
    <UnitTest name="CountAsyncWorks" storage="/home/lukas/development/github.com/sia-digital/pibox/pibox.plugins/persistence/entityframework/test/pibox.plugins.persistence.entityframework.tests/bin/release/net8.0/pibox.plugins.persistence.entityframework.tests.dll" id="4c3cec86-cb78-4238-a6bf-406ec4cea951">
      <Execution id="e28072ae-e09d-4dd2-9c47-3a4fa130eddb" />
      <TestMethod codeBase="/home/lukas/Development/github.com/sia-digital/pibox/PiBox.Plugins/Persistence/EntityFramework/test/PiBox.Plugins.Persistence.EntityFramework.Tests/bin/Release/net8.0/PiBox.Plugins.Persistence.EntityFramework.Tests.dll" adapterTypeName="executor://nunit3testexecutor/" className="PiBox.Plugins.Persistence.EntityFramework.Tests.EntityFrameworkRepositoryTests" name="CountAsyncWorks" />
    </UnitTest>
    <UnitTest name="IncrementMetricWorks(&quot;Microsoft.EntityFrameworkCore.Infrastructure.ContextDisposed&quot;,&quot;efcore_dbcontext_disposed_total&quot;)" storage="/home/lukas/development/github.com/sia-digital/pibox/pibox.plugins/persistence/entityframework/test/pibox.plugins.persistence.entityframework.tests/bin/release/net8.0/pibox.plugins.persistence.entityframework.tests.dll" id="49b7275e-bc21-df2d-58af-74ef22313b08">
      <Execution id="af94cef9-7f0a-448f-842a-9252e24ea5b7" />
      <TestMethod codeBase="/home/lukas/Development/github.com/sia-digital/pibox/PiBox.Plugins/Persistence/EntityFramework/test/PiBox.Plugins.Persistence.EntityFramework.Tests/bin/Release/net8.0/PiBox.Plugins.Persistence.EntityFramework.Tests.dll" adapterTypeName="executor://nunit3testexecutor/" className="PiBox.Plugins.Persistence.EntityFramework.Tests.ObserverTests" name="IncrementMetricWorks(&quot;Microsoft.EntityFrameworkCore.Infrastructure.ContextDisposed&quot;,&quot;efcore_dbcontext_disposed_total&quot;)" />
    </UnitTest>
    <UnitTest name="IncrementMetricWorks(&quot;Microsoft.EntityFrameworkCore.Database.Connection.ConnectionClosed&quot;,&quot;efcore_connection_closed_total&quot;)" storage="/home/lukas/development/github.com/sia-digital/pibox/pibox.plugins/persistence/entityframework/test/pibox.plugins.persistence.entityframework.tests/bin/release/net8.0/pibox.plugins.persistence.entityframework.tests.dll" id="b12daa87-dd01-a2a1-f350-78aa7a17177a">
      <Execution id="b6de6366-9255-4e6e-bf17-49af46fe270e" />
      <TestMethod codeBase="/home/lukas/Development/github.com/sia-digital/pibox/PiBox.Plugins/Persistence/EntityFramework/test/PiBox.Plugins.Persistence.EntityFramework.Tests/bin/Release/net8.0/PiBox.Plugins.Persistence.EntityFramework.Tests.dll" adapterTypeName="executor://nunit3testexecutor/" className="PiBox.Plugins.Persistence.EntityFramework.Tests.ObserverTests" name="IncrementMetricWorks(&quot;Microsoft.EntityFrameworkCore.Database.Connection.ConnectionClosed&quot;,&quot;efcore_connection_closed_total&quot;)" />
    </UnitTest>
    <UnitTest name="FindAsyncWorksWithoutFilter" storage="/home/lukas/development/github.com/sia-digital/pibox/pibox.plugins/persistence/entityframework/test/pibox.plugins.persistence.entityframework.tests/bin/release/net8.0/pibox.plugins.persistence.entityframework.tests.dll" id="d1c5e059-f7f9-fbd5-b818-d1222009a633">
      <Execution id="5009df32-df3b-4597-a98c-95731971c5ef" />
      <TestMethod codeBase="/home/lukas/Development/github.com/sia-digital/pibox/PiBox.Plugins/Persistence/EntityFramework/test/PiBox.Plugins.Persistence.EntityFramework.Tests/bin/Release/net8.0/PiBox.Plugins.Persistence.EntityFramework.Tests.dll" adapterTypeName="executor://nunit3testexecutor/" className="PiBox.Plugins.Persistence.EntityFramework.Tests.EntityFrameworkRepositoryTests" name="FindAsyncWorksWithoutFilter" />
    </UnitTest>
    <UnitTest name="RemoveAsyncCanReturnNotFound" storage="/home/lukas/development/github.com/sia-digital/pibox/pibox.plugins/persistence/entityframework/test/pibox.plugins.persistence.entityframework.tests/bin/release/net8.0/pibox.plugins.persistence.entityframework.tests.dll" id="e7f058fe-914d-1ad0-9ae7-87c90dbd2c70">
      <Execution id="c8714a6f-d637-488f-98a2-f7304f407786" />
      <TestMethod codeBase="/home/lukas/Development/github.com/sia-digital/pibox/PiBox.Plugins/Persistence/EntityFramework/test/PiBox.Plugins.Persistence.EntityFramework.Tests/bin/Release/net8.0/PiBox.Plugins.Persistence.EntityFramework.Tests.dll" adapterTypeName="executor://nunit3testexecutor/" className="PiBox.Plugins.Persistence.EntityFramework.Tests.EntityFrameworkRepositoryTests" name="RemoveAsyncCanReturnNotFound" />
    </UnitTest>
    <UnitTest name="FindByIdAsyncWorks" storage="/home/lukas/development/github.com/sia-digital/pibox/pibox.plugins/persistence/entityframework/test/pibox.plugins.persistence.entityframework.tests/bin/release/net8.0/pibox.plugins.persistence.entityframework.tests.dll" id="c204d79d-42f2-0ce2-aa6a-a66472ce8647">
      <Execution id="93309f95-2ee6-4ba0-9ecc-ec82bd4c4019" />
      <TestMethod codeBase="/home/lukas/Development/github.com/sia-digital/pibox/PiBox.Plugins/Persistence/EntityFramework/test/PiBox.Plugins.Persistence.EntityFramework.Tests/bin/Release/net8.0/PiBox.Plugins.Persistence.EntityFramework.Tests.dll" adapterTypeName="executor://nunit3testexecutor/" className="PiBox.Plugins.Persistence.EntityFramework.Tests.EntityFrameworkRepositoryTests" name="FindByIdAsyncWorks" />
    </UnitTest>
    <UnitTest name="UpdateAsyncCanReturnNotFound" storage="/home/lukas/development/github.com/sia-digital/pibox/pibox.plugins/persistence/entityframework/test/pibox.plugins.persistence.entityframework.tests/bin/release/net8.0/pibox.plugins.persistence.entityframework.tests.dll" id="2f7015e0-5255-2479-9bcb-1c6c9d9b4919">
      <Execution id="98358bb4-7aa0-4a93-b63d-cc504e31ed6c" />
      <TestMethod codeBase="/home/lukas/Development/github.com/sia-digital/pibox/PiBox.Plugins/Persistence/EntityFramework/test/PiBox.Plugins.Persistence.EntityFramework.Tests/bin/Release/net8.0/PiBox.Plugins.Persistence.EntityFramework.Tests.dll" adapterTypeName="executor://nunit3testexecutor/" className="PiBox.Plugins.Persistence.EntityFramework.Tests.EntityFrameworkRepositoryTests" name="UpdateAsyncCanReturnNotFound" />
    </UnitTest>
    <UnitTest name="CountAsyncWithFilterWorks" storage="/home/lukas/development/github.com/sia-digital/pibox/pibox.plugins/persistence/entityframework/test/pibox.plugins.persistence.entityframework.tests/bin/release/net8.0/pibox.plugins.persistence.entityframework.tests.dll" id="c848415b-7c45-20ad-d78b-1b8477ed2741">
      <Execution id="b3d0e003-d77b-4418-82b3-03ed99b6c951" />
      <TestMethod codeBase="/home/lukas/Development/github.com/sia-digital/pibox/PiBox.Plugins/Persistence/EntityFramework/test/PiBox.Plugins.Persistence.EntityFramework.Tests/bin/Release/net8.0/PiBox.Plugins.Persistence.EntityFramework.Tests.dll" adapterTypeName="executor://nunit3testexecutor/" className="PiBox.Plugins.Persistence.EntityFramework.Tests.EntityFrameworkRepositoryTests" name="CountAsyncWithFilterWorks" />
    </UnitTest>
    <UnitTest name="CanAddDbContextHealthCheck" storage="/home/lukas/development/github.com/sia-digital/pibox/pibox.plugins/persistence/entityframework/test/pibox.plugins.persistence.entityframework.tests/bin/release/net8.0/pibox.plugins.persistence.entityframework.tests.dll" id="a92ad59d-5eca-4095-2677-af5e2f4f765e">
      <Execution id="0a90875c-51cf-4591-9817-748ffd7f56c5" />
      <TestMethod codeBase="/home/lukas/Development/github.com/sia-digital/pibox/PiBox.Plugins/Persistence/EntityFramework/test/PiBox.Plugins.Persistence.EntityFramework.Tests/bin/Release/net8.0/PiBox.Plugins.Persistence.EntityFramework.Tests.dll" adapterTypeName="executor://nunit3testexecutor/" className="PiBox.Plugins.Persistence.EntityFramework.Tests.DependencyInjectionExtensionsTests" name="CanAddDbContextHealthCheck" />
    </UnitTest>
    <UnitTest name="IncrementMetricWithCustomEventTypeAndLabelTagWorks(&quot;Microsoft.EntityFrameworkCore.Database.Transaction.TransactionError&quot;,&quot;efcore_command_errors_total&quot;,&quot;transaction&quot;)" storage="/home/lukas/development/github.com/sia-digital/pibox/pibox.plugins/persistence/entityframework/test/pibox.plugins.persistence.entityframework.tests/bin/release/net8.0/pibox.plugins.persistence.entityframework.tests.dll" id="71164a9c-9583-5e05-b9e7-0ec4200c2e20">
      <Execution id="149c231f-1059-4f8d-aa36-6f12435a4743" />
      <TestMethod codeBase="/home/lukas/Development/github.com/sia-digital/pibox/PiBox.Plugins/Persistence/EntityFramework/test/PiBox.Plugins.Persistence.EntityFramework.Tests/bin/Release/net8.0/PiBox.Plugins.Persistence.EntityFramework.Tests.dll" adapterTypeName="executor://nunit3testexecutor/" className="PiBox.Plugins.Persistence.EntityFramework.Tests.ObserverTests" name="IncrementMetricWithCustomEventTypeAndLabelTagWorks(&quot;Microsoft.EntityFrameworkCore.Database.Transaction.TransactionError&quot;,&quot;efcore_command_errors_total&quot;,&quot;transaction&quot;)" />
    </UnitTest>
    <UnitTest name="IncrementMetricWithCustomEventTypeWorks(&quot;Microsoft.EntityFrameworkCore.Database.Transaction.TransactionRolledBack&quot;,&quot;efcore_transaction_rollback_total&quot;)" storage="/home/lukas/development/github.com/sia-digital/pibox/pibox.plugins/persistence/entityframework/test/pibox.plugins.persistence.entityframework.tests/bin/release/net8.0/pibox.plugins.persistence.entityframework.tests.dll" id="7e58aa3d-e186-151a-c9ec-676d88d5078e">
      <Execution id="c54bde47-d289-4726-994e-4706cd6fddd5" />
      <TestMethod codeBase="/home/lukas/Development/github.com/sia-digital/pibox/PiBox.Plugins/Persistence/EntityFramework/test/PiBox.Plugins.Persistence.EntityFramework.Tests/bin/Release/net8.0/PiBox.Plugins.Persistence.EntityFramework.Tests.dll" adapterTypeName="executor://nunit3testexecutor/" className="PiBox.Plugins.Persistence.EntityFramework.Tests.ObserverTests" name="IncrementMetricWithCustomEventTypeWorks(&quot;Microsoft.EntityFrameworkCore.Database.Transaction.TransactionRolledBack&quot;,&quot;efcore_transaction_rollback_total&quot;)" />
    </UnitTest>
    <UnitTest name="IncrementMetricWorks(&quot;Microsoft.EntityFrameworkCore.Infrastructure.ContextInitialized&quot;,&quot;efcore_dbcontext_created_total&quot;)" storage="/home/lukas/development/github.com/sia-digital/pibox/pibox.plugins/persistence/entityframework/test/pibox.plugins.persistence.entityframework.tests/bin/release/net8.0/pibox.plugins.persistence.entityframework.tests.dll" id="1d4d063b-a02a-6270-dd0b-f49d6611bb9c">
      <Execution id="05a72b48-013f-4f95-968c-905105589a03" />
      <TestMethod codeBase="/home/lukas/Development/github.com/sia-digital/pibox/PiBox.Plugins/Persistence/EntityFramework/test/PiBox.Plugins.Persistence.EntityFramework.Tests/bin/Release/net8.0/PiBox.Plugins.Persistence.EntityFramework.Tests.dll" adapterTypeName="executor://nunit3testexecutor/" className="PiBox.Plugins.Persistence.EntityFramework.Tests.ObserverTests" name="IncrementMetricWorks(&quot;Microsoft.EntityFrameworkCore.Infrastructure.ContextInitialized&quot;,&quot;efcore_dbcontext_created_total&quot;)" />
    </UnitTest>
    <UnitTest name="IncrementMetricWithLabelTagWorks(&quot;Microsoft.EntityFrameworkCore.Database.Command.CommandError&quot;,&quot;efcore_command_errors_total&quot;,&quot;command&quot;)" storage="/home/lukas/development/github.com/sia-digital/pibox/pibox.plugins/persistence/entityframework/test/pibox.plugins.persistence.entityframework.tests/bin/release/net8.0/pibox.plugins.persistence.entityframework.tests.dll" id="0ad99baf-1a57-4488-0cd3-17d1fd43bd3b">
      <Execution id="bed22593-cae3-4756-9f1e-6882a74d7a05" />
      <TestMethod codeBase="/home/lukas/Development/github.com/sia-digital/pibox/PiBox.Plugins/Persistence/EntityFramework/test/PiBox.Plugins.Persistence.EntityFramework.Tests/bin/Release/net8.0/PiBox.Plugins.Persistence.EntityFramework.Tests.dll" adapterTypeName="executor://nunit3testexecutor/" className="PiBox.Plugins.Persistence.EntityFramework.Tests.ObserverTests" name="IncrementMetricWithLabelTagWorks(&quot;Microsoft.EntityFrameworkCore.Database.Command.CommandError&quot;,&quot;efcore_command_errors_total&quot;,&quot;command&quot;)" />
    </UnitTest>
    <UnitTest name="RemoveAsyncWorks" storage="/home/lukas/development/github.com/sia-digital/pibox/pibox.plugins/persistence/entityframework/test/pibox.plugins.persistence.entityframework.tests/bin/release/net8.0/pibox.plugins.persistence.entityframework.tests.dll" id="9ff94d4b-99b2-8100-f234-7a41ecebfd8f">
      <Execution id="ad3d6220-d778-494c-bb13-e765e3e5f9d9" />
      <TestMethod codeBase="/home/lukas/Development/github.com/sia-digital/pibox/PiBox.Plugins/Persistence/EntityFramework/test/PiBox.Plugins.Persistence.EntityFramework.Tests/bin/Release/net8.0/PiBox.Plugins.Persistence.EntityFramework.Tests.dll" adapterTypeName="executor://nunit3testexecutor/" className="PiBox.Plugins.Persistence.EntityFramework.Tests.EntityFrameworkRepositoryTests" name="RemoveAsyncWorks" />
    </UnitTest>
    <UnitTest name="CanRegisterDbContextAndMapItsEntities" storage="/home/lukas/development/github.com/sia-digital/pibox/pibox.plugins/persistence/entityframework/test/pibox.plugins.persistence.entityframework.tests/bin/release/net8.0/pibox.plugins.persistence.entityframework.tests.dll" id="aa8cb7cd-876d-f212-b4df-4c9a52ca8fc0">
      <Execution id="dc0db9e5-47de-4279-98c7-abf44bb75cc4" />
      <TestMethod codeBase="/home/lukas/Development/github.com/sia-digital/pibox/PiBox.Plugins/Persistence/EntityFramework/test/PiBox.Plugins.Persistence.EntityFramework.Tests/bin/Release/net8.0/PiBox.Plugins.Persistence.EntityFramework.Tests.dll" adapterTypeName="executor://nunit3testexecutor/" className="PiBox.Plugins.Persistence.EntityFramework.Tests.DependencyInjectionExtensionsTests" name="CanRegisterDbContextAndMapItsEntities" />
    </UnitTest>
    <UnitTest name="UpdateHistogramWorks" storage="/home/lukas/development/github.com/sia-digital/pibox/pibox.plugins/persistence/entityframework/test/pibox.plugins.persistence.entityframework.tests/bin/release/net8.0/pibox.plugins.persistence.entityframework.tests.dll" id="c2ae55cd-9c34-bdee-8ae0-8f771b8116b1">
      <Execution id="0a7d1182-5b00-419a-819a-9fd4be751d05" />
      <TestMethod codeBase="/home/lukas/Development/github.com/sia-digital/pibox/PiBox.Plugins/Persistence/EntityFramework/test/PiBox.Plugins.Persistence.EntityFramework.Tests/bin/Release/net8.0/PiBox.Plugins.Persistence.EntityFramework.Tests.dll" adapterTypeName="executor://nunit3testexecutor/" className="PiBox.Plugins.Persistence.EntityFramework.Tests.ObserverTests" name="UpdateHistogramWorks" />
    </UnitTest>
    <UnitTest name="IncrementMetricWithLabelTagWorks(&quot;Microsoft.EntityFrameworkCore.Query.QueryPossibleUnintendedUseOfEqualsWarning&quot;,&quot;efcore_query_warnings_total&quot;,&quot;QueryPossibleUnintendedUseOfEqualsWarning&quot;)" storage="/home/lukas/development/github.com/sia-digital/pibox/pibox.plugins/persistence/entityframework/test/pibox.plugins.persistence.entityframework.tests/bin/release/net8.0/pibox.plugins.persistence.entityframework.tests.dll" id="4e673b02-e3e3-1553-f312-a58aa3c8ef12">
      <Execution id="60021aac-0f02-43c9-a1da-5f8d0d285a76" />
      <TestMethod codeBase="/home/lukas/Development/github.com/sia-digital/pibox/PiBox.Plugins/Persistence/EntityFramework/test/PiBox.Plugins.Persistence.EntityFramework.Tests/bin/Release/net8.0/PiBox.Plugins.Persistence.EntityFramework.Tests.dll" adapterTypeName="executor://nunit3testexecutor/" className="PiBox.Plugins.Persistence.EntityFramework.Tests.ObserverTests" name="IncrementMetricWithLabelTagWorks(&quot;Microsoft.EntityFrameworkCore.Query.QueryPossibleUnintendedUseOfEqualsWarning&quot;,&quot;efcore_query_warnings_total&quot;,&quot;QueryPossibleUnintendedUseOfEqualsWarning&quot;)" />
    </UnitTest>
    <UnitTest name="FindAsyncWorksWithFilter" storage="/home/lukas/development/github.com/sia-digital/pibox/pibox.plugins/persistence/entityframework/test/pibox.plugins.persistence.entityframework.tests/bin/release/net8.0/pibox.plugins.persistence.entityframework.tests.dll" id="17ec6696-e2b6-01cd-39c2-a3fdbafe6ed3">
      <Execution id="f6a9816a-e479-4fc0-9784-0c783587353b" />
      <TestMethod codeBase="/home/lukas/Development/github.com/sia-digital/pibox/PiBox.Plugins/Persistence/EntityFramework/test/PiBox.Plugins.Persistence.EntityFramework.Tests/bin/Release/net8.0/PiBox.Plugins.Persistence.EntityFramework.Tests.dll" adapterTypeName="executor://nunit3testexecutor/" className="PiBox.Plugins.Persistence.EntityFramework.Tests.EntityFrameworkRepositoryTests" name="FindAsyncWorksWithFilter" />
    </UnitTest>
  </TestDefinitions>
  <TestEntries>
    <TestEntry testId="1d4d063b-a02a-6270-dd0b-f49d6611bb9c" executionId="647510ad-443b-4925-8e36-4b53c08318ab" testListId="8c84fa94-04c1-424b-9868-57a2d4851a1d" />
    <TestEntry testId="c2ae55cd-9c34-bdee-8ae0-8f771b8116b1" executionId="0a7d1182-5b00-419a-819a-9fd4be751d05" testListId="8c84fa94-04c1-424b-9868-57a2d4851a1d" />
    <TestEntry testId="f2e6a931-0196-9f9c-78a0-59d5aa03beb8" executionId="4eb6a984-697e-4784-93df-295d2eb07b19" testListId="8c84fa94-04c1-424b-9868-57a2d4851a1d" />
    <TestEntry testId="476bac83-759f-2f80-e628-c6b14e5eb9c3" executionId="63b3ddcb-8215-4fb2-a6a7-af3e5ff3f279" testListId="8c84fa94-04c1-424b-9868-57a2d4851a1d" />
    <TestEntry testId="e7b65d23-3190-bc8c-10db-6e121b4a2d50" executionId="0a19c0e0-f610-413e-a068-a736c39fd016" testListId="8c84fa94-04c1-424b-9868-57a2d4851a1d" />
    <TestEntry testId="02a83d9d-00b5-b09c-a158-4a6f68b4de70" executionId="42d6b508-d225-4e71-9214-a82a07a8b674" testListId="8c84fa94-04c1-424b-9868-57a2d4851a1d" />
    <TestEntry testId="4c3cec86-cb78-4238-a6bf-406ec4cea951" executionId="e28072ae-e09d-4dd2-9c47-3a4fa130eddb" testListId="8c84fa94-04c1-424b-9868-57a2d4851a1d" />
    <TestEntry testId="aa8cb7cd-876d-f212-b4df-4c9a52ca8fc0" executionId="dc0db9e5-47de-4279-98c7-abf44bb75cc4" testListId="8c84fa94-04c1-424b-9868-57a2d4851a1d" />
    <TestEntry testId="a92ad59d-5eca-4095-2677-af5e2f4f765e" executionId="0a90875c-51cf-4591-9817-748ffd7f56c5" testListId="8c84fa94-04c1-424b-9868-57a2d4851a1d" />
    <TestEntry testId="2f7015e0-5255-2479-9bcb-1c6c9d9b4919" executionId="98358bb4-7aa0-4a93-b63d-cc504e31ed6c" testListId="8c84fa94-04c1-424b-9868-57a2d4851a1d" />
    <TestEntry testId="17ec6696-e2b6-01cd-39c2-a3fdbafe6ed3" executionId="f6a9816a-e479-4fc0-9784-0c783587353b" testListId="8c84fa94-04c1-424b-9868-57a2d4851a1d" />
    <TestEntry testId="8bd8d779-0bf0-37d5-3e1b-552324f400ae" executionId="454c5471-b816-4ec5-a2fc-903ae7c6eb47" testListId="8c84fa94-04c1-424b-9868-57a2d4851a1d" />
    <TestEntry testId="87363cf7-f0b5-b075-54b6-b36c6b028d54" executionId="efb8fa32-663f-4801-a5a6-3705daffa0be" testListId="8c84fa94-04c1-424b-9868-57a2d4851a1d" />
    <TestEntry testId="0ad99baf-1a57-4488-0cd3-17d1fd43bd3b" executionId="bed22593-cae3-4756-9f1e-6882a74d7a05" testListId="8c84fa94-04c1-424b-9868-57a2d4851a1d" />
    <TestEntry testId="9ff94d4b-99b2-8100-f234-7a41ecebfd8f" executionId="ad3d6220-d778-494c-bb13-e765e3e5f9d9" testListId="8c84fa94-04c1-424b-9868-57a2d4851a1d" />
    <TestEntry testId="8f1ea140-6179-5378-faab-1ec8fdb5e651" executionId="b4479e2b-2c94-4711-a1ce-2058a31a535f" testListId="8c84fa94-04c1-424b-9868-57a2d4851a1d" />
    <TestEntry testId="4e673b02-e3e3-1553-f312-a58aa3c8ef12" executionId="60021aac-0f02-43c9-a1da-5f8d0d285a76" testListId="8c84fa94-04c1-424b-9868-57a2d4851a1d" />
    <TestEntry testId="b12daa87-dd01-a2a1-f350-78aa7a17177a" executionId="b6de6366-9255-4e6e-bf17-49af46fe270e" testListId="8c84fa94-04c1-424b-9868-57a2d4851a1d" />
    <TestEntry testId="ff511d72-4559-db7a-4d71-ccf5105ff4b7" executionId="2e1a0e30-1280-43a6-a395-56dce9c760a8" testListId="8c84fa94-04c1-424b-9868-57a2d4851a1d" />
    <TestEntry testId="42f4c90a-9405-9159-04e9-559eef5a9e07" executionId="b9e5360b-4411-4ec5-82b4-2f1176d71006" testListId="8c84fa94-04c1-424b-9868-57a2d4851a1d" />
    <TestEntry testId="49b7275e-bc21-df2d-58af-74ef22313b08" executionId="af94cef9-7f0a-448f-842a-9252e24ea5b7" testListId="8c84fa94-04c1-424b-9868-57a2d4851a1d" />
    <TestEntry testId="c548ab13-63e2-b71f-e3ad-8b8fcda466a0" executionId="6b6214ec-8e3b-4980-86a9-97bb9dec7210" testListId="8c84fa94-04c1-424b-9868-57a2d4851a1d" />
    <TestEntry testId="1d4d063b-a02a-6270-dd0b-f49d6611bb9c" executionId="05a72b48-013f-4f95-968c-905105589a03" testListId="8c84fa94-04c1-424b-9868-57a2d4851a1d" />
    <TestEntry testId="8ce0b702-f650-24ee-17bf-b1456a63ea15" executionId="aa7e54b2-bac4-4ab8-8af1-04c92712a258" testListId="8c84fa94-04c1-424b-9868-57a2d4851a1d" />
    <TestEntry testId="48e17cc8-13fe-774c-87fd-871f37010807" executionId="784f6d93-e55d-4b57-892d-d3383e465318" testListId="8c84fa94-04c1-424b-9868-57a2d4851a1d" />
    <TestEntry testId="e7f058fe-914d-1ad0-9ae7-87c90dbd2c70" executionId="c8714a6f-d637-488f-98a2-f7304f407786" testListId="8c84fa94-04c1-424b-9868-57a2d4851a1d" />
    <TestEntry testId="0f5e763e-8625-23ea-8266-dbf6d0b62256" executionId="c5c1fc3f-2701-44ab-b9f6-e54062ce902d" testListId="8c84fa94-04c1-424b-9868-57a2d4851a1d" />
    <TestEntry testId="9f1b4091-1cfe-380e-fb01-5dab544da6a7" executionId="76b48b06-9a06-4f7d-b2fc-b769177fc619" testListId="8c84fa94-04c1-424b-9868-57a2d4851a1d" />
    <TestEntry testId="d1c5e059-f7f9-fbd5-b818-d1222009a633" executionId="5009df32-df3b-4597-a98c-95731971c5ef" testListId="8c84fa94-04c1-424b-9868-57a2d4851a1d" />
    <TestEntry testId="c848415b-7c45-20ad-d78b-1b8477ed2741" executionId="b3d0e003-d77b-4418-82b3-03ed99b6c951" testListId="8c84fa94-04c1-424b-9868-57a2d4851a1d" />
    <TestEntry testId="71164a9c-9583-5e05-b9e7-0ec4200c2e20" executionId="149c231f-1059-4f8d-aa36-6f12435a4743" testListId="8c84fa94-04c1-424b-9868-57a2d4851a1d" />
    <TestEntry testId="7e58aa3d-e186-151a-c9ec-676d88d5078e" executionId="c54bde47-d289-4726-994e-4706cd6fddd5" testListId="8c84fa94-04c1-424b-9868-57a2d4851a1d" />
    <TestEntry testId="b5d598ed-beee-7d7b-9500-24df042d6eae" executionId="74c87e5f-f77b-4f5b-9710-8892f6ee3d94" testListId="8c84fa94-04c1-424b-9868-57a2d4851a1d" />
    <TestEntry testId="20338472-0c9c-e369-99e6-0499cc12608f" executionId="06e376c7-31a2-484e-a217-429f038fbf37" testListId="8c84fa94-04c1-424b-9868-57a2d4851a1d" />
    <TestEntry testId="c204d79d-42f2-0ce2-aa6a-a66472ce8647" executionId="93309f95-2ee6-4ba0-9ecc-ec82bd4c4019" testListId="8c84fa94-04c1-424b-9868-57a2d4851a1d" />
  </TestEntries>
  <TestLists>
    <TestList name="Results Not in a List" id="8c84fa94-04c1-424b-9868-57a2d4851a1d" />
    <TestList name="All Loaded Results" id="19431567-8539-422a-85d7-44ee4e166bda" />
  </TestLists>
  <ResultSummary outcome="Completed">
    <Counters total="35" executed="35" passed="35" failed="0" error="0" timeout="0" aborted="0" inconclusive="0" passedButRunAborted="0" notRunnable="0" notExecuted="0" disconnected="0" warning="0" completed="0" inProgress="0" pending="0" />
    <Output>
      <StdOut>NUnit Adapter 4.5.0.0: Test execution started
Running all tests in /home/lukas/Development/github.com/sia-digital/pibox/PiBox.Plugins/Persistence/EntityFramework/test/PiBox.Plugins.Persistence.EntityFramework.Tests/bin/Release/net8.0/PiBox.Plugins.Persistence.EntityFramework.Tests.dll
   NUnit3TestExecutor discovered 35 of 35 NUnit test cases using Current Discovery mode, Non-Explicit run
NUnit Adapter 4.5.0.0: Test execution complete
</StdOut>
    </Output>
  </ResultSummary>
</TestRun>